2016-02-14T03:38:28.990 +0000 INFO  - FeatureCollection added = FeatureCollectionConfig name ='SABGOM Model Run Collection Tracer out1' collectionName='SABGOM_Model_Run_Collection_Tracer_out1' type='FMRC'
  spec='/raid0/zxue/SABGOM_NF/2012_2013/out1/sabgom_bio_his_0#DDD#\.nc$'
  olderThan =10 min
  timePartition =directory
  updateConfig =UpdateConfig{userDefined=true, recheckAfter='null', rescan='0 5 3 * * ? *', triggerOk=true, updateType=test}
  tdmConfig =UpdateConfig{userDefined=false, recheckAfter='null', rescan='null', triggerOk=true, updateType=test}
  ProtoConfig{choice=Penultimate, change='null', param='null', outerNcml='[Element: <netcdf [Namespace: http://www.unidata.ucar.edu/namespaces/netcdf/ncml-2.2]/>]', cacheAll=true}
  hasInnerNcml =true
  fmrcConfig =FmrcConfig: regularize=false datasetTypes=[Best]

2016-02-14T03:38:28.991 +0000 WARN  - MFileCollectionManager parse error =  Directory /raid0/zxue/SABGOM_NF/2012_2013/out1 does not exist 
 
2016-02-14T03:38:28.991 +0000 INFO  - scheduleJob startup scan force=test for 'SABGOM_Model_Run_Collection_Tracer_out1' at 2016-02-14T03:38:31.991+0000
2016-02-14T03:38:28.992 +0000 INFO  - scheduleJob recurring scan for 'SABGOM_Model_Run_Collection_Tracer_out1' cronExpr=0 5 3 * * ? *
2016-02-14T03:38:31.992 +0000 ERROR - SABGOM_Model_Run_Collection_Tracer_out1: Invalid collection= MCollection{name='/raid0/zxue/SABGOM_NF/2012_2013/out1', dirName='/raid0/zxue/SABGOM_NF/2012_2013/out1', wantSubdirs=false, filter=WildcardMatchOnPath{wildcard=null regexp=sabgom_bio_his_0...\.nc$}}
2016-02-14T03:38:31.993 +0000 WARN  - MFileCollectionManager: No files found for SABGOM_Model_Run_Collection_Tracer_out1
2016-02-14T03:40:41.624 +0000 INFO  - FeatureCollection added = FeatureCollectionConfig name ='SABGOM Model Run Collection Tracer out1' collectionName='SABGOM_Model_Run_Collection_Tracer_out1' type='FMRC'
  spec='/raid0/zxue/SABGOM_NF/2012_2013/out1/sabgom_bio_his_0#DDD#\.nc$'
  olderThan =10 min
  timePartition =directory
  updateConfig =UpdateConfig{userDefined=true, recheckAfter='null', rescan='0 5 3 * * ? *', triggerOk=true, updateType=test}
  tdmConfig =UpdateConfig{userDefined=false, recheckAfter='null', rescan='null', triggerOk=true, updateType=test}
  ProtoConfig{choice=Penultimate, change='null', param='null', outerNcml='[Element: <netcdf [Namespace: http://www.unidata.ucar.edu/namespaces/netcdf/ncml-2.2]/>]', cacheAll=true}
  hasInnerNcml =true
  fmrcConfig =FmrcConfig: regularize=false datasetTypes=[Best]

2016-02-14T03:40:41.625 +0000 WARN  - MFileCollectionManager parse error =  Directory /raid0/zxue/SABGOM_NF/2012_2013/out1 does not exist 
 
2016-02-14T03:40:41.625 +0000 INFO  - scheduleJob startup scan force=test for 'SABGOM_Model_Run_Collection_Tracer_out1' at 2016-02-14T03:40:44.625+0000
2016-02-14T03:40:41.626 +0000 INFO  - scheduleJob recurring scan for 'SABGOM_Model_Run_Collection_Tracer_out1' cronExpr=0 5 3 * * ? *
2016-02-14T03:40:44.627 +0000 ERROR - SABGOM_Model_Run_Collection_Tracer_out1: Invalid collection= MCollection{name='/raid0/zxue/SABGOM_NF/2012_2013/out1', dirName='/raid0/zxue/SABGOM_NF/2012_2013/out1', wantSubdirs=false, filter=WildcardMatchOnPath{wildcard=null regexp=sabgom_bio_his_0...\.nc$}}
2016-02-14T03:40:44.629 +0000 WARN  - MFileCollectionManager: No files found for SABGOM_Model_Run_Collection_Tracer_out1
2016-02-14T22:27:57.708 +0000 INFO  - FeatureCollection added = FeatureCollectionConfig name ='SABGOM Model Run Collection Tracer out1' collectionName='SABGOM_Model_Run_Collection_Tracer_out1' type='FMRC'
  spec='/raid0/zxue/SABGOM_NF/2012_2013/out1/sabgom_bio_his_0#DDD#\.nc$'
  olderThan =10 min
  timePartition =directory
  updateConfig =UpdateConfig{userDefined=true, recheckAfter='null', rescan='0 5 3 * * ? *', triggerOk=true, updateType=test}
  tdmConfig =UpdateConfig{userDefined=false, recheckAfter='null', rescan='null', triggerOk=true, updateType=test}
  ProtoConfig{choice=Penultimate, change='null', param='null', outerNcml='[Element: <netcdf [Namespace: http://www.unidata.ucar.edu/namespaces/netcdf/ncml-2.2]/>]', cacheAll=true}
  hasInnerNcml =true
  fmrcConfig =FmrcConfig: regularize=false datasetTypes=[Best]

2016-02-14T22:27:57.708 +0000 WARN  - MFileCollectionManager parse error =  Directory /raid0/zxue/SABGOM_NF/2012_2013/out1 does not exist 
 
2016-02-14T22:27:57.709 +0000 INFO  - scheduleJob startup scan force=test for 'SABGOM_Model_Run_Collection_Tracer_out1' at 2016-02-14T22:28:00.709+0000
2016-02-14T22:27:57.709 +0000 INFO  - scheduleJob recurring scan for 'SABGOM_Model_Run_Collection_Tracer_out1' cronExpr=0 5 3 * * ? *
2016-02-14T22:28:00.710 +0000 ERROR - SABGOM_Model_Run_Collection_Tracer_out1: Invalid collection= MCollection{name='/raid0/zxue/SABGOM_NF/2012_2013/out1', dirName='/raid0/zxue/SABGOM_NF/2012_2013/out1', wantSubdirs=false, filter=WildcardMatchOnPath{wildcard=null regexp=sabgom_bio_his_0...\.nc$}}
2016-02-14T22:28:00.711 +0000 WARN  - MFileCollectionManager: No files found for SABGOM_Model_Run_Collection_Tracer_out1
2016-02-14T22:28:44.514 +0000 INFO  - FeatureCollection added = FeatureCollectionConfig name ='SABGOM Model Run Collection Tracer out1' collectionName='SABGOM_Model_Run_Collection_Tracer_out1' type='FMRC'
  spec='/raid0/zxue/SABGOM_NF/2012_2013/out1/sabgom_bio_his_0#DDD#\.nc$'
  olderThan =10 min
  timePartition =directory
  updateConfig =UpdateConfig{userDefined=true, recheckAfter='null', rescan='0 5 3 * * ? *', triggerOk=true, updateType=test}
  tdmConfig =UpdateConfig{userDefined=false, recheckAfter='null', rescan='null', triggerOk=true, updateType=test}
  ProtoConfig{choice=Penultimate, change='null', param='null', outerNcml='[Element: <netcdf [Namespace: http://www.unidata.ucar.edu/namespaces/netcdf/ncml-2.2]/>]', cacheAll=true}
  hasInnerNcml =true
  fmrcConfig =FmrcConfig: regularize=false datasetTypes=[Best]

2016-02-14T22:28:44.514 +0000 WARN  - MFileCollectionManager parse error =  Directory /raid0/zxue/SABGOM_NF/2012_2013/out1 does not exist 
 
2016-02-14T22:28:44.514 +0000 INFO  - scheduleJob startup scan force=test for 'SABGOM_Model_Run_Collection_Tracer_out1' at 2016-02-14T22:28:47.514+0000
2016-02-14T22:28:44.515 +0000 INFO  - scheduleJob recurring scan for 'SABGOM_Model_Run_Collection_Tracer_out1' cronExpr=0 5 3 * * ? *
2016-02-14T22:28:47.515 +0000 ERROR - SABGOM_Model_Run_Collection_Tracer_out1: Invalid collection= MCollection{name='/raid0/zxue/SABGOM_NF/2012_2013/out1', dirName='/raid0/zxue/SABGOM_NF/2012_2013/out1', wantSubdirs=false, filter=WildcardMatchOnPath{wildcard=null regexp=sabgom_bio_his_0...\.nc$}}
2016-02-14T22:28:47.516 +0000 WARN  - MFileCollectionManager: No files found for SABGOM_Model_Run_Collection_Tracer_out1
2016-02-14T22:31:13.127 +0000 INFO  - FeatureCollection added = FeatureCollectionConfig name ='SABGOM Model Run Collection Tracer out1' collectionName='SABGOM_Model_Run_Collection_Tracer_out1' type='FMRC'
  spec='/raid0/zxue/SABGOM_NF/2012_2013/out1/sabgom_bio_his_0#DDD#\.nc$'
  olderThan =10 min
  timePartition =directory
  updateConfig =UpdateConfig{userDefined=true, recheckAfter='null', rescan='0 5 3 * * ? *', triggerOk=true, updateType=test}
  tdmConfig =UpdateConfig{userDefined=false, recheckAfter='null', rescan='null', triggerOk=true, updateType=test}
  ProtoConfig{choice=Penultimate, change='null', param='null', outerNcml='[Element: <netcdf [Namespace: http://www.unidata.ucar.edu/namespaces/netcdf/ncml-2.2]/>]', cacheAll=true}
  hasInnerNcml =true
  fmrcConfig =FmrcConfig: regularize=false datasetTypes=[Best]

2016-02-14T22:31:13.127 +0000 WARN  - MFileCollectionManager parse error =  Directory /raid0/zxue/SABGOM_NF/2012_2013/out1 does not exist 
 
2016-02-14T22:31:13.127 +0000 INFO  - scheduleJob startup scan force=test for 'SABGOM_Model_Run_Collection_Tracer_out1' at 2016-02-14T22:31:16.127+0000
2016-02-14T22:31:13.128 +0000 INFO  - scheduleJob recurring scan for 'SABGOM_Model_Run_Collection_Tracer_out1' cronExpr=0 5 3 * * ? *
2016-02-14T22:31:13.176 +0000 INFO  - FeatureCollection added = FeatureCollectionConfig name ='SABGOM Model Run Collection Tracer out1' collectionName='SABGOM_Model_Run_Collection_Tracer_out1' type='FMRC'
  spec='/raid0/zxue/SABGOM_NF/2012_2013/out1/sabgom_bio_his_0#DDD#\.nc$'
  olderThan =10 min
  timePartition =directory
  updateConfig =UpdateConfig{userDefined=true, recheckAfter='null', rescan='0 5 3 * * ? *', triggerOk=true, updateType=test}
  tdmConfig =UpdateConfig{userDefined=false, recheckAfter='null', rescan='null', triggerOk=true, updateType=test}
  ProtoConfig{choice=Penultimate, change='null', param='null', outerNcml='[Element: <netcdf [Namespace: http://www.unidata.ucar.edu/namespaces/netcdf/ncml-2.2]/>]', cacheAll=true}
  hasInnerNcml =true
  fmrcConfig =FmrcConfig: regularize=false datasetTypes=[Best]

2016-02-14T22:31:13.176 +0000 WARN  - MFileCollectionManager parse error =  Directory /raid0/zxue/SABGOM_NF/2012_2013/out1 does not exist 
 
2016-02-14T22:31:13.177 +0000 WARN  - scheduler failed to add updateJob for UpdateCollection.SABGOM_Model_Run_Collection_Tracer_out1. Another Job exists with that identification.
2016-02-14T22:31:13.177 +0000 ERROR - scheduleJob failed to schedule startup Job for FeatureCollectionConfig name ='SABGOM Model Run Collection Tracer out1' collectionName='SABGOM_Model_Run_Collection_Tracer_out1' type='FMRC'
  spec='/raid0/zxue/SABGOM_NF/2012_2013/out1/sabgom_bio_his_0#DDD#\.nc$'
  olderThan =10 min
  timePartition =directory
  updateConfig =UpdateConfig{userDefined=true, recheckAfter='null', rescan='0 5 3 * * ? *', triggerOk=true, updateType=test}
  tdmConfig =UpdateConfig{userDefined=false, recheckAfter='null', rescan='null', triggerOk=true, updateType=test}
  ProtoConfig{choice=Penultimate, change='null', param='null', outerNcml='[Element: <netcdf [Namespace: http://www.unidata.ucar.edu/namespaces/netcdf/ncml-2.2]/>]', cacheAll=true}
  hasInnerNcml =true
  fmrcConfig =FmrcConfig: regularize=false datasetTypes=[Best]

org.quartz.ObjectAlreadyExistsException: Unable to store Trigger with name: 'SABGOM_Model_Run_Collection_Tracer_out1' and group: 'startup', because one already exists with this identification.
	at org.quartz.simpl.RAMJobStore.storeTrigger(RAMJobStore.java:415) ~[quartz-2.2.0.jar:?]
	at org.quartz.core.QuartzScheduler.scheduleJob(QuartzScheduler.java:962) ~[quartz-2.2.0.jar:?]
	at org.quartz.impl.StdScheduler.scheduleJob(StdScheduler.java:258) ~[quartz-2.2.0.jar:?]
	at thredds.inventory.CollectionUpdater.scheduleTasks(CollectionUpdater.java:141) [cdm-4.6.4.jar:4.6.4]
	at thredds.catalog.InvDatasetFeatureCollection.finishConstruction(InvDatasetFeatureCollection.java:217) [tdcommon-4.6.4.jar:4.6.4]
	at thredds.catalog.InvDatasetFeatureCollection.factory(InvDatasetFeatureCollection.java:135) [tdcommon-4.6.4.jar:4.6.4]
	at sun.reflect.NativeMethodAccessorImpl.invoke0(Native Method) ~[?:1.8.0_73]
	at sun.reflect.NativeMethodAccessorImpl.invoke(NativeMethodAccessorImpl.java:62) ~[?:1.8.0_73]
	at sun.reflect.DelegatingMethodAccessorImpl.invoke(DelegatingMethodAccessorImpl.java:43) ~[?:1.8.0_73]
	at java.lang.reflect.Method.invoke(Method.java:497) ~[?:1.8.0_73]
	at thredds.catalog.parser.jdom.InvCatalogFactory10.readFeatureCollection(InvCatalogFactory10.java:346) [cdm-4.6.4.jar:4.6.4]
	at thredds.catalog.parser.jdom.InvCatalogFactory10.readDatasetInfo(InvCatalogFactory10.java:330) [cdm-4.6.4.jar:4.6.4]
	at thredds.catalog.parser.jdom.InvCatalogFactory10.readDataset(InvCatalogFactory10.java:242) [cdm-4.6.4.jar:4.6.4]
	at thredds.catalog.parser.jdom.InvCatalogFactory10.readCatalog(InvCatalogFactory10.java:191) [cdm-4.6.4.jar:4.6.4]
	at thredds.catalog.parser.jdom.InvCatalogFactory10.parseXML(InvCatalogFactory10.java:124) [cdm-4.6.4.jar:4.6.4]
	at thredds.catalog.InvCatalogFactory.readXML(InvCatalogFactory.java:471) [cdm-4.6.4.jar:4.6.4]
	at thredds.catalog.InvCatalogFactory.readXML(InvCatalogFactory.java:441) [cdm-4.6.4.jar:4.6.4]
	at thredds.servlet.DataRootHandler.readCatalog(DataRootHandler.java:463) [classes/:4.6.4]
	at thredds.servlet.DataRootHandler.initCatalog(DataRootHandler.java:339) [classes/:4.6.4]
	at thredds.servlet.DataRootHandler.initFollowCatrefs(DataRootHandler.java:580) [classes/:4.6.4]
	at thredds.servlet.DataRootHandler.initFollowCatrefs(DataRootHandler.java:585) [classes/:4.6.4]
	at thredds.servlet.DataRootHandler.initFollowCatrefs(DataRootHandler.java:585) [classes/:4.6.4]
	at thredds.servlet.DataRootHandler.initCatalog(DataRootHandler.java:381) [classes/:4.6.4]
	at thredds.servlet.DataRootHandler.initCatalogs(DataRootHandler.java:299) [classes/:4.6.4]
	at thredds.servlet.DataRootHandler.initCatalogs(DataRootHandler.java:279) [classes/:4.6.4]
	at thredds.servlet.DataRootHandler.afterPropertiesSet(DataRootHandler.java:191) [classes/:4.6.4]
	at org.springframework.beans.factory.support.AbstractAutowireCapableBeanFactory.invokeInitMethods(AbstractAutowireCapableBeanFactory.java:1633) [spring-beans-4.1.6.RELEASE.jar:4.1.6.RELEASE]
	at org.springframework.beans.factory.support.AbstractAutowireCapableBeanFactory.initializeBean(AbstractAutowireCapableBeanFactory.java:1570) [spring-beans-4.1.6.RELEASE.jar:4.1.6.RELEASE]
	at org.springframework.beans.factory.support.AbstractAutowireCapableBeanFactory.doCreateBean(AbstractAutowireCapableBeanFactory.java:539) [spring-beans-4.1.6.RELEASE.jar:4.1.6.RELEASE]
	at org.springframework.beans.factory.support.AbstractAutowireCapableBeanFactory.createBean(AbstractAutowireCapableBeanFactory.java:476) [spring-beans-4.1.6.RELEASE.jar:4.1.6.RELEASE]
	at org.springframework.beans.factory.support.AbstractBeanFactory$1.getObject(AbstractBeanFactory.java:303) [spring-beans-4.1.6.RELEASE.jar:4.1.6.RELEASE]
	at org.springframework.beans.factory.support.DefaultSingletonBeanRegistry.getSingleton(DefaultSingletonBeanRegistry.java:230) [spring-beans-4.1.6.RELEASE.jar:4.1.6.RELEASE]
	at org.springframework.beans.factory.support.AbstractBeanFactory.doGetBean(AbstractBeanFactory.java:299) [spring-beans-4.1.6.RELEASE.jar:4.1.6.RELEASE]
	at org.springframework.beans.factory.support.AbstractBeanFactory.getBean(AbstractBeanFactory.java:194) [spring-beans-4.1.6.RELEASE.jar:4.1.6.RELEASE]
	at org.springframework.beans.factory.support.DefaultListableBeanFactory.preInstantiateSingletons(DefaultListableBeanFactory.java:755) [spring-beans-4.1.6.RELEASE.jar:4.1.6.RELEASE]
	at org.springframework.context.support.AbstractApplicationContext.finishBeanFactoryInitialization(AbstractApplicationContext.java:757) [spring-context-4.1.6.RELEASE.jar:4.1.6.RELEASE]
	at org.springframework.context.support.AbstractApplicationContext.refresh(AbstractApplicationContext.java:480) [spring-context-4.1.6.RELEASE.jar:4.1.6.RELEASE]
	at org.springframework.web.context.ContextLoader.configureAndRefreshWebApplicationContext(ContextLoader.java:403) [spring-web-4.1.6.RELEASE.jar:4.1.6.RELEASE]
	at org.springframework.web.context.ContextLoader.initWebApplicationContext(ContextLoader.java:306) [spring-web-4.1.6.RELEASE.jar:4.1.6.RELEASE]
	at org.springframework.web.context.ContextLoaderListener.contextInitialized(ContextLoaderListener.java:106) [spring-web-4.1.6.RELEASE.jar:4.1.6.RELEASE]
	at org.apache.catalina.core.StandardContext.listenerStart(StandardContext.java:4812) [catalina.jar:8.0.32]
	at org.apache.catalina.core.StandardContext.startInternal(StandardContext.java:5255) [catalina.jar:8.0.32]
	at org.apache.catalina.util.LifecycleBase.start(LifecycleBase.java:147) [catalina.jar:8.0.32]
	at org.apache.catalina.core.ContainerBase.addChildInternal(ContainerBase.java:725) [catalina.jar:8.0.32]
	at org.apache.catalina.core.ContainerBase.addChild(ContainerBase.java:701) [catalina.jar:8.0.32]
	at org.apache.catalina.core.StandardHost.addChild(StandardHost.java:717) [catalina.jar:8.0.32]
	at org.apache.catalina.startup.HostConfig.deployWAR(HostConfig.java:939) [catalina.jar:8.0.32]
	at org.apache.catalina.startup.HostConfig$DeployWar.run(HostConfig.java:1812) [catalina.jar:8.0.32]
	at java.util.concurrent.Executors$RunnableAdapter.call(Executors.java:511) [?:1.8.0_73]
	at java.util.concurrent.FutureTask.run(FutureTask.java:266) [?:1.8.0_73]
	at java.util.concurrent.ThreadPoolExecutor.runWorker(ThreadPoolExecutor.java:1142) [?:1.8.0_73]
	at java.util.concurrent.ThreadPoolExecutor$Worker.run(ThreadPoolExecutor.java:617) [?:1.8.0_73]
	at java.lang.Thread.run(Thread.java:745) [?:1.8.0_73]
2016-02-14T22:31:16.128 +0000 ERROR - SABGOM_Model_Run_Collection_Tracer_out1: Invalid collection= MCollection{name='/raid0/zxue/SABGOM_NF/2012_2013/out1', dirName='/raid0/zxue/SABGOM_NF/2012_2013/out1', wantSubdirs=false, filter=WildcardMatchOnPath{wildcard=null regexp=sabgom_bio_his_0...\.nc$}}
2016-02-14T22:31:16.128 +0000 WARN  - MFileCollectionManager: No files found for SABGOM_Model_Run_Collection_Tracer_out1
2016-02-14T22:32:21.829 +0000 INFO  - FeatureCollection added = FeatureCollectionConfig name ='SABGOM Model Run Collection Tracer out1' collectionName='SABGOM_Model_Run_Collection_Tracer_out1' type='FMRC'
  spec='/raid0/zxue/SABGOM_NF/2012_2013/out1/sabgom_bio_his_0#DDD#\.nc$'
  olderThan =10 min
  timePartition =directory
  updateConfig =UpdateConfig{userDefined=true, recheckAfter='null', rescan='0 5 3 * * ? *', triggerOk=true, updateType=test}
  tdmConfig =UpdateConfig{userDefined=false, recheckAfter='null', rescan='null', triggerOk=true, updateType=test}
  ProtoConfig{choice=Penultimate, change='null', param='null', outerNcml='[Element: <netcdf [Namespace: http://www.unidata.ucar.edu/namespaces/netcdf/ncml-2.2]/>]', cacheAll=true}
  hasInnerNcml =true
  fmrcConfig =FmrcConfig: regularize=false datasetTypes=[Best]

2016-02-14T22:32:21.830 +0000 WARN  - MFileCollectionManager parse error =  Directory /raid0/zxue/SABGOM_NF/2012_2013/out1 does not exist 
 
2016-02-14T22:32:21.830 +0000 INFO  - scheduleJob startup scan force=test for 'SABGOM_Model_Run_Collection_Tracer_out1' at 2016-02-14T22:32:24.830+0000
2016-02-14T22:32:21.830 +0000 INFO  - scheduleJob recurring scan for 'SABGOM_Model_Run_Collection_Tracer_out1' cronExpr=0 5 3 * * ? *
2016-02-14T22:32:21.871 +0000 INFO  - FeatureCollection added = FeatureCollectionConfig name ='SABGOM Model Run Collection Tracer out1' collectionName='SABGOM_Model_Run_Collection_Tracer_out1' type='FMRC'
  spec='/raid0/zxue/SABGOM_NF/2012_2013/out1/sabgom_bio_his_0#DDD#\.nc$'
  olderThan =10 min
  timePartition =directory
  updateConfig =UpdateConfig{userDefined=true, recheckAfter='null', rescan='0 5 3 * * ? *', triggerOk=true, updateType=test}
  tdmConfig =UpdateConfig{userDefined=false, recheckAfter='null', rescan='null', triggerOk=true, updateType=test}
  ProtoConfig{choice=Penultimate, change='null', param='null', outerNcml='[Element: <netcdf [Namespace: http://www.unidata.ucar.edu/namespaces/netcdf/ncml-2.2]/>]', cacheAll=true}
  hasInnerNcml =true
  fmrcConfig =FmrcConfig: regularize=false datasetTypes=[Best]

2016-02-14T22:32:21.871 +0000 WARN  - MFileCollectionManager parse error =  Directory /raid0/zxue/SABGOM_NF/2012_2013/out1 does not exist 
 
2016-02-14T22:32:21.871 +0000 WARN  - scheduler failed to add updateJob for UpdateCollection.SABGOM_Model_Run_Collection_Tracer_out1. Another Job exists with that identification.
2016-02-14T22:32:21.871 +0000 ERROR - scheduleJob failed to schedule startup Job for FeatureCollectionConfig name ='SABGOM Model Run Collection Tracer out1' collectionName='SABGOM_Model_Run_Collection_Tracer_out1' type='FMRC'
  spec='/raid0/zxue/SABGOM_NF/2012_2013/out1/sabgom_bio_his_0#DDD#\.nc$'
  olderThan =10 min
  timePartition =directory
  updateConfig =UpdateConfig{userDefined=true, recheckAfter='null', rescan='0 5 3 * * ? *', triggerOk=true, updateType=test}
  tdmConfig =UpdateConfig{userDefined=false, recheckAfter='null', rescan='null', triggerOk=true, updateType=test}
  ProtoConfig{choice=Penultimate, change='null', param='null', outerNcml='[Element: <netcdf [Namespace: http://www.unidata.ucar.edu/namespaces/netcdf/ncml-2.2]/>]', cacheAll=true}
  hasInnerNcml =true
  fmrcConfig =FmrcConfig: regularize=false datasetTypes=[Best]

org.quartz.ObjectAlreadyExistsException: Unable to store Trigger with name: 'SABGOM_Model_Run_Collection_Tracer_out1' and group: 'startup', because one already exists with this identification.
	at org.quartz.simpl.RAMJobStore.storeTrigger(RAMJobStore.java:415) ~[quartz-2.2.0.jar:?]
	at org.quartz.core.QuartzScheduler.scheduleJob(QuartzScheduler.java:962) ~[quartz-2.2.0.jar:?]
	at org.quartz.impl.StdScheduler.scheduleJob(StdScheduler.java:258) ~[quartz-2.2.0.jar:?]
	at thredds.inventory.CollectionUpdater.scheduleTasks(CollectionUpdater.java:141) [cdm-4.6.4.jar:4.6.4]
	at thredds.catalog.InvDatasetFeatureCollection.finishConstruction(InvDatasetFeatureCollection.java:217) [tdcommon-4.6.4.jar:4.6.4]
	at thredds.catalog.InvDatasetFeatureCollection.factory(InvDatasetFeatureCollection.java:135) [tdcommon-4.6.4.jar:4.6.4]
	at sun.reflect.NativeMethodAccessorImpl.invoke0(Native Method) ~[?:1.8.0_73]
	at sun.reflect.NativeMethodAccessorImpl.invoke(NativeMethodAccessorImpl.java:62) ~[?:1.8.0_73]
	at sun.reflect.DelegatingMethodAccessorImpl.invoke(DelegatingMethodAccessorImpl.java:43) ~[?:1.8.0_73]
	at java.lang.reflect.Method.invoke(Method.java:497) ~[?:1.8.0_73]
	at thredds.catalog.parser.jdom.InvCatalogFactory10.readFeatureCollection(InvCatalogFactory10.java:346) [cdm-4.6.4.jar:4.6.4]
	at thredds.catalog.parser.jdom.InvCatalogFactory10.readDatasetInfo(InvCatalogFactory10.java:330) [cdm-4.6.4.jar:4.6.4]
	at thredds.catalog.parser.jdom.InvCatalogFactory10.readDataset(InvCatalogFactory10.java:242) [cdm-4.6.4.jar:4.6.4]
	at thredds.catalog.parser.jdom.InvCatalogFactory10.readCatalog(InvCatalogFactory10.java:191) [cdm-4.6.4.jar:4.6.4]
	at thredds.catalog.parser.jdom.InvCatalogFactory10.parseXML(InvCatalogFactory10.java:124) [cdm-4.6.4.jar:4.6.4]
	at thredds.catalog.InvCatalogFactory.readXML(InvCatalogFactory.java:471) [cdm-4.6.4.jar:4.6.4]
	at thredds.catalog.InvCatalogFactory.readXML(InvCatalogFactory.java:441) [cdm-4.6.4.jar:4.6.4]
	at thredds.servlet.DataRootHandler.readCatalog(DataRootHandler.java:463) [classes/:4.6.4]
	at thredds.servlet.DataRootHandler.initCatalog(DataRootHandler.java:339) [classes/:4.6.4]
	at thredds.servlet.DataRootHandler.initFollowCatrefs(DataRootHandler.java:580) [classes/:4.6.4]
	at thredds.servlet.DataRootHandler.initFollowCatrefs(DataRootHandler.java:585) [classes/:4.6.4]
	at thredds.servlet.DataRootHandler.initFollowCatrefs(DataRootHandler.java:585) [classes/:4.6.4]
	at thredds.servlet.DataRootHandler.initCatalog(DataRootHandler.java:381) [classes/:4.6.4]
	at thredds.servlet.DataRootHandler.initCatalogs(DataRootHandler.java:299) [classes/:4.6.4]
	at thredds.servlet.DataRootHandler.initCatalogs(DataRootHandler.java:279) [classes/:4.6.4]
	at thredds.servlet.DataRootHandler.afterPropertiesSet(DataRootHandler.java:191) [classes/:4.6.4]
	at org.springframework.beans.factory.support.AbstractAutowireCapableBeanFactory.invokeInitMethods(AbstractAutowireCapableBeanFactory.java:1633) [spring-beans-4.1.6.RELEASE.jar:4.1.6.RELEASE]
	at org.springframework.beans.factory.support.AbstractAutowireCapableBeanFactory.initializeBean(AbstractAutowireCapableBeanFactory.java:1570) [spring-beans-4.1.6.RELEASE.jar:4.1.6.RELEASE]
	at org.springframework.beans.factory.support.AbstractAutowireCapableBeanFactory.doCreateBean(AbstractAutowireCapableBeanFactory.java:539) [spring-beans-4.1.6.RELEASE.jar:4.1.6.RELEASE]
	at org.springframework.beans.factory.support.AbstractAutowireCapableBeanFactory.createBean(AbstractAutowireCapableBeanFactory.java:476) [spring-beans-4.1.6.RELEASE.jar:4.1.6.RELEASE]
	at org.springframework.beans.factory.support.AbstractBeanFactory$1.getObject(AbstractBeanFactory.java:303) [spring-beans-4.1.6.RELEASE.jar:4.1.6.RELEASE]
	at org.springframework.beans.factory.support.DefaultSingletonBeanRegistry.getSingleton(DefaultSingletonBeanRegistry.java:230) [spring-beans-4.1.6.RELEASE.jar:4.1.6.RELEASE]
	at org.springframework.beans.factory.support.AbstractBeanFactory.doGetBean(AbstractBeanFactory.java:299) [spring-beans-4.1.6.RELEASE.jar:4.1.6.RELEASE]
	at org.springframework.beans.factory.support.AbstractBeanFactory.getBean(AbstractBeanFactory.java:194) [spring-beans-4.1.6.RELEASE.jar:4.1.6.RELEASE]
	at org.springframework.beans.factory.support.DefaultListableBeanFactory.preInstantiateSingletons(DefaultListableBeanFactory.java:755) [spring-beans-4.1.6.RELEASE.jar:4.1.6.RELEASE]
	at org.springframework.context.support.AbstractApplicationContext.finishBeanFactoryInitialization(AbstractApplicationContext.java:757) [spring-context-4.1.6.RELEASE.jar:4.1.6.RELEASE]
	at org.springframework.context.support.AbstractApplicationContext.refresh(AbstractApplicationContext.java:480) [spring-context-4.1.6.RELEASE.jar:4.1.6.RELEASE]
	at org.springframework.web.context.ContextLoader.configureAndRefreshWebApplicationContext(ContextLoader.java:403) [spring-web-4.1.6.RELEASE.jar:4.1.6.RELEASE]
	at org.springframework.web.context.ContextLoader.initWebApplicationContext(ContextLoader.java:306) [spring-web-4.1.6.RELEASE.jar:4.1.6.RELEASE]
	at org.springframework.web.context.ContextLoaderListener.contextInitialized(ContextLoaderListener.java:106) [spring-web-4.1.6.RELEASE.jar:4.1.6.RELEASE]
	at org.apache.catalina.core.StandardContext.listenerStart(StandardContext.java:4812) [catalina.jar:8.0.32]
	at org.apache.catalina.core.StandardContext.startInternal(StandardContext.java:5255) [catalina.jar:8.0.32]
	at org.apache.catalina.util.LifecycleBase.start(LifecycleBase.java:147) [catalina.jar:8.0.32]
	at org.apache.catalina.core.ContainerBase.addChildInternal(ContainerBase.java:725) [catalina.jar:8.0.32]
	at org.apache.catalina.core.ContainerBase.addChild(ContainerBase.java:701) [catalina.jar:8.0.32]
	at org.apache.catalina.core.StandardHost.addChild(StandardHost.java:717) [catalina.jar:8.0.32]
	at org.apache.catalina.startup.HostConfig.deployWAR(HostConfig.java:939) [catalina.jar:8.0.32]
	at org.apache.catalina.startup.HostConfig$DeployWar.run(HostConfig.java:1812) [catalina.jar:8.0.32]
	at java.util.concurrent.Executors$RunnableAdapter.call(Executors.java:511) [?:1.8.0_73]
	at java.util.concurrent.FutureTask.run(FutureTask.java:266) [?:1.8.0_73]
	at java.util.concurrent.ThreadPoolExecutor.runWorker(ThreadPoolExecutor.java:1142) [?:1.8.0_73]
	at java.util.concurrent.ThreadPoolExecutor$Worker.run(ThreadPoolExecutor.java:617) [?:1.8.0_73]
	at java.lang.Thread.run(Thread.java:745) [?:1.8.0_73]
2016-02-14T22:32:24.832 +0000 ERROR - SABGOM_Model_Run_Collection_Tracer_out1: Invalid collection= MCollection{name='/raid0/zxue/SABGOM_NF/2012_2013/out1', dirName='/raid0/zxue/SABGOM_NF/2012_2013/out1', wantSubdirs=false, filter=WildcardMatchOnPath{wildcard=null regexp=sabgom_bio_his_0...\.nc$}}
2016-02-14T22:32:24.832 +0000 WARN  - MFileCollectionManager: No files found for SABGOM_Model_Run_Collection_Tracer_out1
2016-02-14T22:53:13.876 +0000 INFO  - FeatureCollection added = FeatureCollectionConfig name ='SABGOM Model Run Collection Tracer out1' collectionName='SABGOM_Model_Run_Collection_Tracer_out1' type='FMRC'
  spec='/raid0/zxue/SABGOM_NF/2012_2013/out1/sabgom_bio_his_0#DDD#\.nc$'
  olderThan =10 min
  timePartition =directory
  updateConfig =UpdateConfig{userDefined=true, recheckAfter='null', rescan='0 5 3 * * ? *', triggerOk=true, updateType=test}
  tdmConfig =UpdateConfig{userDefined=false, recheckAfter='null', rescan='null', triggerOk=true, updateType=test}
  ProtoConfig{choice=Penultimate, change='null', param='null', outerNcml='[Element: <netcdf [Namespace: http://www.unidata.ucar.edu/namespaces/netcdf/ncml-2.2]/>]', cacheAll=true}
  hasInnerNcml =true
  fmrcConfig =FmrcConfig: regularize=false datasetTypes=[Best]

2016-02-14T22:53:13.876 +0000 WARN  - MFileCollectionManager parse error =  Directory /raid0/zxue/SABGOM_NF/2012_2013/out1 does not exist 
 
2016-02-14T22:53:13.877 +0000 INFO  - scheduleJob startup scan force=test for 'SABGOM_Model_Run_Collection_Tracer_out1' at 2016-02-14T22:53:16.876+0000
2016-02-14T22:53:13.877 +0000 INFO  - scheduleJob recurring scan for 'SABGOM_Model_Run_Collection_Tracer_out1' cronExpr=0 5 3 * * ? *
2016-02-14T22:53:16.878 +0000 ERROR - SABGOM_Model_Run_Collection_Tracer_out1: Invalid collection= MCollection{name='/raid0/zxue/SABGOM_NF/2012_2013/out1', dirName='/raid0/zxue/SABGOM_NF/2012_2013/out1', wantSubdirs=false, filter=WildcardMatchOnPath{wildcard=null regexp=sabgom_bio_his_0...\.nc$}}
2016-02-14T22:53:16.879 +0000 WARN  - MFileCollectionManager: No files found for SABGOM_Model_Run_Collection_Tracer_out1
2016-02-14T22:58:40.251 +0000 INFO  - FeatureCollection added = FeatureCollectionConfig name ='SABGOM Model Run Collection Tracer out1' collectionName='SABGOM_Model_Run_Collection_Tracer_out1' type='FMRC'
  spec='/raid0/zxue/SABGOM_NF/2012_2013/out1/sabgom_bio_his_0#DDD#\.nc$'
  olderThan =10 min
  timePartition =directory
  updateConfig =UpdateConfig{userDefined=true, recheckAfter='null', rescan='0 5 3 * * ? *', triggerOk=true, updateType=test}
  tdmConfig =UpdateConfig{userDefined=false, recheckAfter='null', rescan='null', triggerOk=true, updateType=test}
  ProtoConfig{choice=Penultimate, change='null', param='null', outerNcml='[Element: <netcdf [Namespace: http://www.unidata.ucar.edu/namespaces/netcdf/ncml-2.2]/>]', cacheAll=true}
  hasInnerNcml =true
  fmrcConfig =FmrcConfig: regularize=false datasetTypes=[Best]

2016-02-14T22:58:40.252 +0000 WARN  - MFileCollectionManager parse error =  Directory /raid0/zxue/SABGOM_NF/2012_2013/out1 does not exist 
 
2016-02-14T22:58:40.252 +0000 INFO  - scheduleJob startup scan force=test for 'SABGOM_Model_Run_Collection_Tracer_out1' at 2016-02-14T22:58:43.252+0000
2016-02-14T22:58:40.253 +0000 INFO  - scheduleJob recurring scan for 'SABGOM_Model_Run_Collection_Tracer_out1' cronExpr=0 5 3 * * ? *
2016-02-14T22:58:43.253 +0000 ERROR - SABGOM_Model_Run_Collection_Tracer_out1: Invalid collection= MCollection{name='/raid0/zxue/SABGOM_NF/2012_2013/out1', dirName='/raid0/zxue/SABGOM_NF/2012_2013/out1', wantSubdirs=false, filter=WildcardMatchOnPath{wildcard=null regexp=sabgom_bio_his_0...\.nc$}}
2016-02-14T22:58:43.254 +0000 WARN  - MFileCollectionManager: No files found for SABGOM_Model_Run_Collection_Tracer_out1
2016-02-14T23:20:08.782 +0000 INFO  - FeatureCollection added = FeatureCollectionConfig name ='SABGOM Model Run Collection Tracer out1' collectionName='SABGOM_Model_Run_Collection_Tracer_out1' type='FMRC'
  spec='/raid0/zxue/SABGOM_NF/2012_2013/out1/sabgom_bio_his_0#DDD#\.nc$'
  olderThan =10 min
  timePartition =directory
  updateConfig =UpdateConfig{userDefined=true, recheckAfter='null', rescan='0 5 3 * * ? *', triggerOk=true, updateType=test}
  tdmConfig =UpdateConfig{userDefined=false, recheckAfter='null', rescan='null', triggerOk=true, updateType=test}
  ProtoConfig{choice=Penultimate, change='null', param='null', outerNcml='[Element: <netcdf [Namespace: http://www.unidata.ucar.edu/namespaces/netcdf/ncml-2.2]/>]', cacheAll=true}
  hasInnerNcml =true
  fmrcConfig =FmrcConfig: regularize=false datasetTypes=[Best]

2016-02-14T23:20:08.783 +0000 WARN  - MFileCollectionManager parse error =  Directory /raid0/zxue/SABGOM_NF/2012_2013/out1 does not exist 
 
2016-02-14T23:20:08.783 +0000 INFO  - scheduleJob startup scan force=test for 'SABGOM_Model_Run_Collection_Tracer_out1' at 2016-02-14T23:20:11.783+0000
2016-02-14T23:20:08.783 +0000 INFO  - scheduleJob recurring scan for 'SABGOM_Model_Run_Collection_Tracer_out1' cronExpr=0 5 3 * * ? *
2016-02-14T23:20:11.784 +0000 ERROR - SABGOM_Model_Run_Collection_Tracer_out1: Invalid collection= MCollection{name='/raid0/zxue/SABGOM_NF/2012_2013/out1', dirName='/raid0/zxue/SABGOM_NF/2012_2013/out1', wantSubdirs=false, filter=WildcardMatchOnPath{wildcard=null regexp=sabgom_bio_his_0...\.nc$}}
2016-02-14T23:20:11.786 +0000 WARN  - MFileCollectionManager: No files found for SABGOM_Model_Run_Collection_Tracer_out1
2016-02-15T03:05:00.003 +0000 ERROR - SABGOM_Model_Run_Collection_Tracer_out1: Invalid collection= MCollection{name='/raid0/zxue/SABGOM_NF/2012_2013/out1', dirName='/raid0/zxue/SABGOM_NF/2012_2013/out1', wantSubdirs=false, filter=WildcardMatchOnPath{wildcard=null regexp=sabgom_bio_his_0...\.nc$}}
2016-02-15T03:05:00.003 +0000 WARN  - MFileCollectionManager: No files found for SABGOM_Model_Run_Collection_Tracer_out1
2016-02-16T03:05:00.002 +0000 ERROR - SABGOM_Model_Run_Collection_Tracer_out1: Invalid collection= MCollection{name='/raid0/zxue/SABGOM_NF/2012_2013/out1', dirName='/raid0/zxue/SABGOM_NF/2012_2013/out1', wantSubdirs=false, filter=WildcardMatchOnPath{wildcard=null regexp=sabgom_bio_his_0...\.nc$}}
2016-02-16T03:05:00.003 +0000 WARN  - MFileCollectionManager: No files found for SABGOM_Model_Run_Collection_Tracer_out1
2016-02-16T20:16:31.842 +0000 INFO  - FeatureCollection added = FeatureCollectionConfig name ='SABGOM Model Run Collection Tracer out1' collectionName='SABGOM_Model_Run_Collection_Tracer_out1' type='FMRC'
  spec='/raid0/zxue/SABGOM_NF/2012_2013/out1/sabgom_bio_his_0#DDD#\.nc$'
  olderThan =10 min
  timePartition =directory
  updateConfig =UpdateConfig{userDefined=true, recheckAfter='null', rescan='0 5 3 * * ? *', triggerOk=true, updateType=test}
  tdmConfig =UpdateConfig{userDefined=false, recheckAfter='null', rescan='null', triggerOk=true, updateType=test}
  ProtoConfig{choice=Penultimate, change='null', param='null', outerNcml='[Element: <netcdf [Namespace: http://www.unidata.ucar.edu/namespaces/netcdf/ncml-2.2]/>]', cacheAll=true}
  hasInnerNcml =true
  fmrcConfig =FmrcConfig: regularize=false datasetTypes=[Best]

2016-02-16T20:16:31.842 +0000 WARN  - MFileCollectionManager parse error =  Directory /raid0/zxue/SABGOM_NF/2012_2013/out1 does not exist 
 
2016-02-16T20:16:31.842 +0000 INFO  - scheduleJob startup scan force=test for 'SABGOM_Model_Run_Collection_Tracer_out1' at 2016-02-16T20:16:34.842+0000
2016-02-16T20:16:31.842 +0000 INFO  - scheduleJob recurring scan for 'SABGOM_Model_Run_Collection_Tracer_out1' cronExpr=0 5 3 * * ? *
2016-02-16T20:16:34.843 +0000 ERROR - SABGOM_Model_Run_Collection_Tracer_out1: Invalid collection= MCollection{name='/raid0/zxue/SABGOM_NF/2012_2013/out1', dirName='/raid0/zxue/SABGOM_NF/2012_2013/out1', wantSubdirs=false, filter=WildcardMatchOnPath{wildcard=null regexp=sabgom_bio_his_0...\.nc$}}
2016-02-16T20:16:34.846 +0000 WARN  - MFileCollectionManager: No files found for SABGOM_Model_Run_Collection_Tracer_out1
2016-02-16T20:19:27.143 +0000 INFO  - FeatureCollection added = FeatureCollectionConfig name ='SABGOM Model Run Collection Tracer out1' collectionName='SABGOM_Model_Run_Collection_Tracer_out1' type='FMRC'
  spec='/raid0/zxue/SABGOM_NF/2012_2013/out1/sabgom_bio_his_0#DDD#\.nc$'
  olderThan =10 min
  timePartition =directory
  updateConfig =UpdateConfig{userDefined=true, recheckAfter='null', rescan='0 5 3 * * ? *', triggerOk=true, updateType=test}
  tdmConfig =UpdateConfig{userDefined=false, recheckAfter='null', rescan='null', triggerOk=true, updateType=test}
  ProtoConfig{choice=Penultimate, change='null', param='null', outerNcml='[Element: <netcdf [Namespace: http://www.unidata.ucar.edu/namespaces/netcdf/ncml-2.2]/>]', cacheAll=true}
  hasInnerNcml =true
  fmrcConfig =FmrcConfig: regularize=false datasetTypes=[Best]

2016-02-16T20:19:27.143 +0000 WARN  - MFileCollectionManager parse error =  Directory /raid0/zxue/SABGOM_NF/2012_2013/out1 does not exist 
 
2016-02-16T20:19:27.143 +0000 INFO  - scheduleJob startup scan force=test for 'SABGOM_Model_Run_Collection_Tracer_out1' at 2016-02-16T20:19:30.143+0000
2016-02-16T20:19:27.143 +0000 INFO  - scheduleJob recurring scan for 'SABGOM_Model_Run_Collection_Tracer_out1' cronExpr=0 5 3 * * ? *
2016-02-16T20:19:30.145 +0000 ERROR - SABGOM_Model_Run_Collection_Tracer_out1: Invalid collection= MCollection{name='/raid0/zxue/SABGOM_NF/2012_2013/out1', dirName='/raid0/zxue/SABGOM_NF/2012_2013/out1', wantSubdirs=false, filter=WildcardMatchOnPath{wildcard=null regexp=sabgom_bio_his_0...\.nc$}}
2016-02-16T20:19:30.147 +0000 WARN  - MFileCollectionManager: No files found for SABGOM_Model_Run_Collection_Tracer_out1
2016-02-16T20:21:32.956 +0000 INFO  - FeatureCollection added = FeatureCollectionConfig name ='SABGOM Model Run Collection Tracer out1' collectionName='SABGOM_Model_Run_Collection_Tracer_out1' type='FMRC'
  spec='/raid0/zxue/SABGOM_NF/2012_2013/out1/sabgom_bio_his_0#DDD#\.nc$'
  olderThan =10 min
  timePartition =directory
  updateConfig =UpdateConfig{userDefined=true, recheckAfter='null', rescan='0 5 3 * * ? *', triggerOk=true, updateType=test}
  tdmConfig =UpdateConfig{userDefined=false, recheckAfter='null', rescan='null', triggerOk=true, updateType=test}
  ProtoConfig{choice=Penultimate, change='null', param='null', outerNcml='[Element: <netcdf [Namespace: http://www.unidata.ucar.edu/namespaces/netcdf/ncml-2.2]/>]', cacheAll=true}
  hasInnerNcml =true
  fmrcConfig =FmrcConfig: regularize=false datasetTypes=[Best]

2016-02-16T20:21:32.957 +0000 WARN  - MFileCollectionManager parse error =  Directory /raid0/zxue/SABGOM_NF/2012_2013/out1 does not exist 
 
2016-02-16T20:21:32.957 +0000 INFO  - scheduleJob startup scan force=test for 'SABGOM_Model_Run_Collection_Tracer_out1' at 2016-02-16T20:21:35.957+0000
2016-02-16T20:21:32.957 +0000 INFO  - scheduleJob recurring scan for 'SABGOM_Model_Run_Collection_Tracer_out1' cronExpr=0 5 3 * * ? *
2016-02-16T20:21:35.958 +0000 ERROR - SABGOM_Model_Run_Collection_Tracer_out1: Invalid collection= MCollection{name='/raid0/zxue/SABGOM_NF/2012_2013/out1', dirName='/raid0/zxue/SABGOM_NF/2012_2013/out1', wantSubdirs=false, filter=WildcardMatchOnPath{wildcard=null regexp=sabgom_bio_his_0...\.nc$}}
2016-02-16T20:21:35.960 +0000 WARN  - MFileCollectionManager: No files found for SABGOM_Model_Run_Collection_Tracer_out1
2016-02-16T20:22:18.418 +0000 INFO  - FeatureCollection added = FeatureCollectionConfig name ='SABGOM Model Run Collection Tracer out1' collectionName='SABGOM_Model_Run_Collection_Tracer_out1' type='FMRC'
  spec='/raid0/zxue/SABGOM_NF/2012_2013/out1/sabgom_bio_his_0#DDD#\.nc$'
  olderThan =10 min
  timePartition =directory
  updateConfig =UpdateConfig{userDefined=true, recheckAfter='null', rescan='0 5 3 * * ? *', triggerOk=true, updateType=test}
  tdmConfig =UpdateConfig{userDefined=false, recheckAfter='null', rescan='null', triggerOk=true, updateType=test}
  ProtoConfig{choice=Penultimate, change='null', param='null', outerNcml='[Element: <netcdf [Namespace: http://www.unidata.ucar.edu/namespaces/netcdf/ncml-2.2]/>]', cacheAll=true}
  hasInnerNcml =true
  fmrcConfig =FmrcConfig: regularize=false datasetTypes=[Best]

2016-02-16T20:22:18.418 +0000 WARN  - MFileCollectionManager parse error =  Directory /raid0/zxue/SABGOM_NF/2012_2013/out1 does not exist 
 
2016-02-16T20:22:18.419 +0000 INFO  - scheduleJob startup scan force=test for 'SABGOM_Model_Run_Collection_Tracer_out1' at 2016-02-16T20:22:21.419+0000
2016-02-16T20:22:18.419 +0000 INFO  - scheduleJob recurring scan for 'SABGOM_Model_Run_Collection_Tracer_out1' cronExpr=0 5 3 * * ? *
2016-02-16T20:22:21.421 +0000 ERROR - SABGOM_Model_Run_Collection_Tracer_out1: Invalid collection= MCollection{name='/raid0/zxue/SABGOM_NF/2012_2013/out1', dirName='/raid0/zxue/SABGOM_NF/2012_2013/out1', wantSubdirs=false, filter=WildcardMatchOnPath{wildcard=null regexp=sabgom_bio_his_0...\.nc$}}
2016-02-16T20:22:21.425 +0000 WARN  - MFileCollectionManager: No files found for SABGOM_Model_Run_Collection_Tracer_out1
2016-02-16T20:32:24.045 +0000 INFO  - FeatureCollection added = FeatureCollectionConfig name ='SABGOM Model Run Collection Tracer out1' collectionName='SABGOM_Model_Run_Collection_Tracer_out1' type='FMRC'
  spec='/raid0/zxue/SABGOM_NF/2012_2013/out1/sabgom_bio_his_0#DDD#\.nc$'
  olderThan =10 min
  timePartition =directory
  updateConfig =UpdateConfig{userDefined=true, recheckAfter='null', rescan='0 5 3 * * ? *', triggerOk=true, updateType=test}
  tdmConfig =UpdateConfig{userDefined=false, recheckAfter='null', rescan='null', triggerOk=true, updateType=test}
  ProtoConfig{choice=Penultimate, change='null', param='null', outerNcml='[Element: <netcdf [Namespace: http://www.unidata.ucar.edu/namespaces/netcdf/ncml-2.2]/>]', cacheAll=true}
  hasInnerNcml =true
  fmrcConfig =FmrcConfig: regularize=false datasetTypes=[Best]

2016-02-16T20:32:24.045 +0000 WARN  - MFileCollectionManager parse error =  Directory /raid0/zxue/SABGOM_NF/2012_2013/out1 does not exist 
 
2016-02-16T20:32:24.046 +0000 INFO  - scheduleJob startup scan force=test for 'SABGOM_Model_Run_Collection_Tracer_out1' at 2016-02-16T20:32:27.045+0000
2016-02-16T20:32:24.046 +0000 INFO  - scheduleJob recurring scan for 'SABGOM_Model_Run_Collection_Tracer_out1' cronExpr=0 5 3 * * ? *
2016-02-16T20:32:24.078 +0000 INFO  - FeatureCollection added = FeatureCollectionConfig name ='SABGOM Model Run Collection Tracer out1' collectionName='SABGOM_Model_Run_Collection_Tracer_out1' type='FMRC'
  spec='/raid0/zxue/SABGOM_NF/2012_2013/out1/sabgom_bio_his_0#DDD#\.nc$'
  olderThan =10 min
  timePartition =directory
  updateConfig =UpdateConfig{userDefined=true, recheckAfter='null', rescan='0 5 3 * * ? *', triggerOk=true, updateType=test}
  tdmConfig =UpdateConfig{userDefined=false, recheckAfter='null', rescan='null', triggerOk=true, updateType=test}
  ProtoConfig{choice=Penultimate, change='null', param='null', outerNcml='[Element: <netcdf [Namespace: http://www.unidata.ucar.edu/namespaces/netcdf/ncml-2.2]/>]', cacheAll=true}
  hasInnerNcml =true
  fmrcConfig =FmrcConfig: regularize=false datasetTypes=[Best]

2016-02-16T20:32:24.078 +0000 WARN  - MFileCollectionManager parse error =  Directory /raid0/zxue/SABGOM_NF/2012_2013/out1 does not exist 
 
2016-02-16T20:32:24.078 +0000 WARN  - scheduler failed to add updateJob for UpdateCollection.SABGOM_Model_Run_Collection_Tracer_out1. Another Job exists with that identification.
2016-02-16T20:32:24.078 +0000 ERROR - scheduleJob failed to schedule startup Job for FeatureCollectionConfig name ='SABGOM Model Run Collection Tracer out1' collectionName='SABGOM_Model_Run_Collection_Tracer_out1' type='FMRC'
  spec='/raid0/zxue/SABGOM_NF/2012_2013/out1/sabgom_bio_his_0#DDD#\.nc$'
  olderThan =10 min
  timePartition =directory
  updateConfig =UpdateConfig{userDefined=true, recheckAfter='null', rescan='0 5 3 * * ? *', triggerOk=true, updateType=test}
  tdmConfig =UpdateConfig{userDefined=false, recheckAfter='null', rescan='null', triggerOk=true, updateType=test}
  ProtoConfig{choice=Penultimate, change='null', param='null', outerNcml='[Element: <netcdf [Namespace: http://www.unidata.ucar.edu/namespaces/netcdf/ncml-2.2]/>]', cacheAll=true}
  hasInnerNcml =true
  fmrcConfig =FmrcConfig: regularize=false datasetTypes=[Best]

org.quartz.ObjectAlreadyExistsException: Unable to store Trigger with name: 'SABGOM_Model_Run_Collection_Tracer_out1' and group: 'startup', because one already exists with this identification.
	at org.quartz.simpl.RAMJobStore.storeTrigger(RAMJobStore.java:415) ~[quartz-2.2.0.jar:?]
	at org.quartz.core.QuartzScheduler.scheduleJob(QuartzScheduler.java:962) ~[quartz-2.2.0.jar:?]
	at org.quartz.impl.StdScheduler.scheduleJob(StdScheduler.java:258) ~[quartz-2.2.0.jar:?]
	at thredds.inventory.CollectionUpdater.scheduleTasks(CollectionUpdater.java:141) [cdm-4.6.4.jar:4.6.4]
	at thredds.catalog.InvDatasetFeatureCollection.finishConstruction(InvDatasetFeatureCollection.java:217) [tdcommon-4.6.4.jar:4.6.4]
	at thredds.catalog.InvDatasetFeatureCollection.factory(InvDatasetFeatureCollection.java:135) [tdcommon-4.6.4.jar:4.6.4]
	at sun.reflect.NativeMethodAccessorImpl.invoke0(Native Method) ~[?:1.8.0_73]
	at sun.reflect.NativeMethodAccessorImpl.invoke(NativeMethodAccessorImpl.java:62) ~[?:1.8.0_73]
	at sun.reflect.DelegatingMethodAccessorImpl.invoke(DelegatingMethodAccessorImpl.java:43) ~[?:1.8.0_73]
	at java.lang.reflect.Method.invoke(Method.java:497) ~[?:1.8.0_73]
	at thredds.catalog.parser.jdom.InvCatalogFactory10.readFeatureCollection(InvCatalogFactory10.java:346) [cdm-4.6.4.jar:4.6.4]
	at thredds.catalog.parser.jdom.InvCatalogFactory10.readDatasetInfo(InvCatalogFactory10.java:330) [cdm-4.6.4.jar:4.6.4]
	at thredds.catalog.parser.jdom.InvCatalogFactory10.readDataset(InvCatalogFactory10.java:242) [cdm-4.6.4.jar:4.6.4]
	at thredds.catalog.parser.jdom.InvCatalogFactory10.readCatalog(InvCatalogFactory10.java:191) [cdm-4.6.4.jar:4.6.4]
	at thredds.catalog.parser.jdom.InvCatalogFactory10.parseXML(InvCatalogFactory10.java:124) [cdm-4.6.4.jar:4.6.4]
	at thredds.catalog.InvCatalogFactory.readXML(InvCatalogFactory.java:471) [cdm-4.6.4.jar:4.6.4]
	at thredds.catalog.InvCatalogFactory.readXML(InvCatalogFactory.java:441) [cdm-4.6.4.jar:4.6.4]
	at thredds.servlet.DataRootHandler.readCatalog(DataRootHandler.java:463) [classes/:4.6.4]
	at thredds.servlet.DataRootHandler.initCatalog(DataRootHandler.java:339) [classes/:4.6.4]
	at thredds.servlet.DataRootHandler.initFollowCatrefs(DataRootHandler.java:580) [classes/:4.6.4]
	at thredds.servlet.DataRootHandler.initFollowCatrefs(DataRootHandler.java:585) [classes/:4.6.4]
	at thredds.servlet.DataRootHandler.initFollowCatrefs(DataRootHandler.java:585) [classes/:4.6.4]
	at thredds.servlet.DataRootHandler.initCatalog(DataRootHandler.java:381) [classes/:4.6.4]
	at thredds.servlet.DataRootHandler.initCatalogs(DataRootHandler.java:299) [classes/:4.6.4]
	at thredds.servlet.DataRootHandler.initCatalogs(DataRootHandler.java:279) [classes/:4.6.4]
	at thredds.servlet.DataRootHandler.afterPropertiesSet(DataRootHandler.java:191) [classes/:4.6.4]
	at org.springframework.beans.factory.support.AbstractAutowireCapableBeanFactory.invokeInitMethods(AbstractAutowireCapableBeanFactory.java:1633) [spring-beans-4.1.6.RELEASE.jar:4.1.6.RELEASE]
	at org.springframework.beans.factory.support.AbstractAutowireCapableBeanFactory.initializeBean(AbstractAutowireCapableBeanFactory.java:1570) [spring-beans-4.1.6.RELEASE.jar:4.1.6.RELEASE]
	at org.springframework.beans.factory.support.AbstractAutowireCapableBeanFactory.doCreateBean(AbstractAutowireCapableBeanFactory.java:539) [spring-beans-4.1.6.RELEASE.jar:4.1.6.RELEASE]
	at org.springframework.beans.factory.support.AbstractAutowireCapableBeanFactory.createBean(AbstractAutowireCapableBeanFactory.java:476) [spring-beans-4.1.6.RELEASE.jar:4.1.6.RELEASE]
	at org.springframework.beans.factory.support.AbstractBeanFactory$1.getObject(AbstractBeanFactory.java:303) [spring-beans-4.1.6.RELEASE.jar:4.1.6.RELEASE]
	at org.springframework.beans.factory.support.DefaultSingletonBeanRegistry.getSingleton(DefaultSingletonBeanRegistry.java:230) [spring-beans-4.1.6.RELEASE.jar:4.1.6.RELEASE]
	at org.springframework.beans.factory.support.AbstractBeanFactory.doGetBean(AbstractBeanFactory.java:299) [spring-beans-4.1.6.RELEASE.jar:4.1.6.RELEASE]
	at org.springframework.beans.factory.support.AbstractBeanFactory.getBean(AbstractBeanFactory.java:194) [spring-beans-4.1.6.RELEASE.jar:4.1.6.RELEASE]
	at org.springframework.beans.factory.support.DefaultListableBeanFactory.preInstantiateSingletons(DefaultListableBeanFactory.java:755) [spring-beans-4.1.6.RELEASE.jar:4.1.6.RELEASE]
	at org.springframework.context.support.AbstractApplicationContext.finishBeanFactoryInitialization(AbstractApplicationContext.java:757) [spring-context-4.1.6.RELEASE.jar:4.1.6.RELEASE]
	at org.springframework.context.support.AbstractApplicationContext.refresh(AbstractApplicationContext.java:480) [spring-context-4.1.6.RELEASE.jar:4.1.6.RELEASE]
	at org.springframework.web.context.ContextLoader.configureAndRefreshWebApplicationContext(ContextLoader.java:403) [spring-web-4.1.6.RELEASE.jar:4.1.6.RELEASE]
	at org.springframework.web.context.ContextLoader.initWebApplicationContext(ContextLoader.java:306) [spring-web-4.1.6.RELEASE.jar:4.1.6.RELEASE]
	at org.springframework.web.context.ContextLoaderListener.contextInitialized(ContextLoaderListener.java:106) [spring-web-4.1.6.RELEASE.jar:4.1.6.RELEASE]
	at org.apache.catalina.core.StandardContext.listenerStart(StandardContext.java:4812) [catalina.jar:8.0.32]
	at org.apache.catalina.core.StandardContext.startInternal(StandardContext.java:5255) [catalina.jar:8.0.32]
	at org.apache.catalina.util.LifecycleBase.start(LifecycleBase.java:147) [catalina.jar:8.0.32]
	at org.apache.catalina.core.StandardContext.reload(StandardContext.java:3828) [catalina.jar:8.0.32]
	at org.apache.catalina.startup.HostConfig.reload(HostConfig.java:1371) [catalina.jar:8.0.32]
	at org.apache.catalina.startup.HostConfig.checkResources(HostConfig.java:1344) [catalina.jar:8.0.32]
	at org.apache.catalina.startup.HostConfig.check(HostConfig.java:1577) [catalina.jar:8.0.32]
	at org.apache.catalina.startup.HostConfig.lifecycleEvent(HostConfig.java:284) [catalina.jar:8.0.32]
	at org.apache.catalina.util.LifecycleSupport.fireLifecycleEvent(LifecycleSupport.java:95) [catalina.jar:8.0.32]
	at org.apache.catalina.util.LifecycleBase.fireLifecycleEvent(LifecycleBase.java:90) [catalina.jar:8.0.32]
	at org.apache.catalina.core.ContainerBase.backgroundProcess(ContainerBase.java:1141) [catalina.jar:8.0.32]
	at org.apache.catalina.core.ContainerBase$ContainerBackgroundProcessor.processChildren(ContainerBase.java:1377) [catalina.jar:8.0.32]
	at org.apache.catalina.core.ContainerBase$ContainerBackgroundProcessor.processChildren(ContainerBase.java:1381) [catalina.jar:8.0.32]
	at org.apache.catalina.core.ContainerBase$ContainerBackgroundProcessor.run(ContainerBase.java:1349) [catalina.jar:8.0.32]
	at java.lang.Thread.run(Thread.java:745) [?:1.8.0_73]
2016-02-16T20:32:27.046 +0000 ERROR - SABGOM_Model_Run_Collection_Tracer_out1: Invalid collection= MCollection{name='/raid0/zxue/SABGOM_NF/2012_2013/out1', dirName='/raid0/zxue/SABGOM_NF/2012_2013/out1', wantSubdirs=false, filter=WildcardMatchOnPath{wildcard=null regexp=sabgom_bio_his_0...\.nc$}}
2016-02-16T20:32:27.047 +0000 WARN  - MFileCollectionManager: No files found for SABGOM_Model_Run_Collection_Tracer_out1
2016-02-16T20:44:49.891 +0000 INFO  - FeatureCollection added = FeatureCollectionConfig name ='SABGOM Model Run Collection Tracer out1' collectionName='SABGOM_Model_Run_Collection_Tracer_out1' type='FMRC'
  spec='/raid0/zxue/SABGOM_NF/2012_2013/out1/sabgom_bio_his_0#DDD#\.nc$'
  olderThan =10 min
  timePartition =directory
  updateConfig =UpdateConfig{userDefined=true, recheckAfter='null', rescan='0 5 3 * * ? *', triggerOk=true, updateType=test}
  tdmConfig =UpdateConfig{userDefined=false, recheckAfter='null', rescan='null', triggerOk=true, updateType=test}
  ProtoConfig{choice=Penultimate, change='null', param='null', outerNcml='[Element: <netcdf [Namespace: http://www.unidata.ucar.edu/namespaces/netcdf/ncml-2.2]/>]', cacheAll=true}
  hasInnerNcml =true
  fmrcConfig =FmrcConfig: regularize=false datasetTypes=[Best]

2016-02-16T20:44:49.892 +0000 WARN  - MFileCollectionManager parse error =  Directory /raid0/zxue/SABGOM_NF/2012_2013/out1 does not exist 
 
2016-02-16T20:44:49.892 +0000 INFO  - scheduleJob startup scan force=test for 'SABGOM_Model_Run_Collection_Tracer_out1' at 2016-02-16T20:44:52.892+0000
2016-02-16T20:44:49.893 +0000 INFO  - scheduleJob recurring scan for 'SABGOM_Model_Run_Collection_Tracer_out1' cronExpr=0 5 3 * * ? *
2016-02-16T20:44:52.893 +0000 ERROR - SABGOM_Model_Run_Collection_Tracer_out1: Invalid collection= MCollection{name='/raid0/zxue/SABGOM_NF/2012_2013/out1', dirName='/raid0/zxue/SABGOM_NF/2012_2013/out1', wantSubdirs=false, filter=WildcardMatchOnPath{wildcard=null regexp=sabgom_bio_his_0...\.nc$}}
2016-02-16T20:44:52.896 +0000 WARN  - MFileCollectionManager: No files found for SABGOM_Model_Run_Collection_Tracer_out1
2016-02-16T20:47:05.290 +0000 INFO  - FeatureCollection added = FeatureCollectionConfig name ='SABGOM Model Run Collection Tracer out1' collectionName='SABGOM_Model_Run_Collection_Tracer_out1' type='FMRC'
  spec='/raid0/zxue/SABGOM_NF/2012_2013/out1/sabgom_bio_his_0#DDD#\.nc$'
  olderThan =10 min
  timePartition =directory
  updateConfig =UpdateConfig{userDefined=true, recheckAfter='null', rescan='0 5 3 * * ? *', triggerOk=true, updateType=test}
  tdmConfig =UpdateConfig{userDefined=false, recheckAfter='null', rescan='null', triggerOk=true, updateType=test}
  ProtoConfig{choice=Penultimate, change='null', param='null', outerNcml='[Element: <netcdf [Namespace: http://www.unidata.ucar.edu/namespaces/netcdf/ncml-2.2]/>]', cacheAll=true}
  hasInnerNcml =true
  fmrcConfig =FmrcConfig: regularize=false datasetTypes=[Best]

2016-02-16T20:47:05.290 +0000 WARN  - MFileCollectionManager parse error =  Directory /raid0/zxue/SABGOM_NF/2012_2013/out1 does not exist 
 
2016-02-16T20:47:05.290 +0000 INFO  - scheduleJob startup scan force=test for 'SABGOM_Model_Run_Collection_Tracer_out1' at 2016-02-16T20:47:08.290+0000
2016-02-16T20:47:05.290 +0000 INFO  - scheduleJob recurring scan for 'SABGOM_Model_Run_Collection_Tracer_out1' cronExpr=0 5 3 * * ? *
2016-02-16T20:47:08.291 +0000 ERROR - SABGOM_Model_Run_Collection_Tracer_out1: Invalid collection= MCollection{name='/raid0/zxue/SABGOM_NF/2012_2013/out1', dirName='/raid0/zxue/SABGOM_NF/2012_2013/out1', wantSubdirs=false, filter=WildcardMatchOnPath{wildcard=null regexp=sabgom_bio_his_0...\.nc$}}
2016-02-16T20:47:08.292 +0000 WARN  - MFileCollectionManager: No files found for SABGOM_Model_Run_Collection_Tracer_out1
2016-02-16T20:52:30.360 +0000 INFO  - FeatureCollection added = FeatureCollectionConfig name ='SABGOM Model Run Collection Tracer out1' collectionName='SABGOM_Model_Run_Collection_Tracer_out1' type='FMRC'
  spec='/raid0/zxue/SABGOM_NF/2012_2013/out1/sabgom_bio_his_0#DDD#\.nc$'
  olderThan =10 min
  timePartition =directory
  updateConfig =UpdateConfig{userDefined=true, recheckAfter='null', rescan='0 5 3 * * ? *', triggerOk=true, updateType=test}
  tdmConfig =UpdateConfig{userDefined=false, recheckAfter='null', rescan='null', triggerOk=true, updateType=test}
  ProtoConfig{choice=Penultimate, change='null', param='null', outerNcml='[Element: <netcdf [Namespace: http://www.unidata.ucar.edu/namespaces/netcdf/ncml-2.2]/>]', cacheAll=true}
  hasInnerNcml =true
  fmrcConfig =FmrcConfig: regularize=false datasetTypes=[Best]

2016-02-16T20:52:30.360 +0000 WARN  - MFileCollectionManager parse error =  Directory /raid0/zxue/SABGOM_NF/2012_2013/out1 does not exist 
 
2016-02-16T20:52:30.360 +0000 INFO  - scheduleJob startup scan force=test for 'SABGOM_Model_Run_Collection_Tracer_out1' at 2016-02-16T20:52:33.360+0000
2016-02-16T20:52:30.360 +0000 INFO  - scheduleJob recurring scan for 'SABGOM_Model_Run_Collection_Tracer_out1' cronExpr=0 5 3 * * ? *
2016-02-16T20:52:33.362 +0000 ERROR - SABGOM_Model_Run_Collection_Tracer_out1: Invalid collection= MCollection{name='/raid0/zxue/SABGOM_NF/2012_2013/out1', dirName='/raid0/zxue/SABGOM_NF/2012_2013/out1', wantSubdirs=false, filter=WildcardMatchOnPath{wildcard=null regexp=sabgom_bio_his_0...\.nc$}}
2016-02-16T20:52:33.363 +0000 WARN  - MFileCollectionManager: No files found for SABGOM_Model_Run_Collection_Tracer_out1
2016-02-16T20:54:25.772 +0000 INFO  - FeatureCollection added = FeatureCollectionConfig name ='SABGOM Model Run Collection Tracer out1' collectionName='SABGOM_Model_Run_Collection_Tracer_out1' type='FMRC'
  spec='/raid0/zxue/SABGOM_NF/2012_2013/out1/sabgom_bio_his_0#DDD#\.nc$'
  olderThan =10 min
  timePartition =directory
  updateConfig =UpdateConfig{userDefined=true, recheckAfter='null', rescan='0 5 3 * * ? *', triggerOk=true, updateType=test}
  tdmConfig =UpdateConfig{userDefined=false, recheckAfter='null', rescan='null', triggerOk=true, updateType=test}
  ProtoConfig{choice=Penultimate, change='null', param='null', outerNcml='[Element: <netcdf [Namespace: http://www.unidata.ucar.edu/namespaces/netcdf/ncml-2.2]/>]', cacheAll=true}
  hasInnerNcml =true
  fmrcConfig =FmrcConfig: regularize=false datasetTypes=[Best]

2016-02-16T20:54:25.772 +0000 WARN  - MFileCollectionManager parse error =  Directory /raid0/zxue/SABGOM_NF/2012_2013/out1 does not exist 
 
2016-02-16T20:54:25.772 +0000 INFO  - scheduleJob startup scan force=test for 'SABGOM_Model_Run_Collection_Tracer_out1' at 2016-02-16T20:54:28.772+0000
2016-02-16T20:54:25.772 +0000 INFO  - scheduleJob recurring scan for 'SABGOM_Model_Run_Collection_Tracer_out1' cronExpr=0 5 3 * * ? *
2016-02-16T20:54:28.779 +0000 ERROR - SABGOM_Model_Run_Collection_Tracer_out1: Invalid collection= MCollection{name='/raid0/zxue/SABGOM_NF/2012_2013/out1', dirName='/raid0/zxue/SABGOM_NF/2012_2013/out1', wantSubdirs=false, filter=WildcardMatchOnPath{wildcard=null regexp=sabgom_bio_his_0...\.nc$}}
2016-02-16T20:54:28.780 +0000 WARN  - MFileCollectionManager: No files found for SABGOM_Model_Run_Collection_Tracer_out1
2016-02-16T21:01:31.109 +0000 INFO  - FeatureCollection added = FeatureCollectionConfig name ='SABGOM Model Run Collection Tracer out1' collectionName='SABGOM_Model_Run_Collection_Tracer_out1' type='FMRC'
  spec='/raid0/zxue/SABGOM_NF/2012_2013/out1/sabgom_bio_his_0#DDD#\.nc$'
  olderThan =10 min
  timePartition =directory
  updateConfig =UpdateConfig{userDefined=true, recheckAfter='null', rescan='0 5 3 * * ? *', triggerOk=true, updateType=test}
  tdmConfig =UpdateConfig{userDefined=false, recheckAfter='null', rescan='null', triggerOk=true, updateType=test}
  ProtoConfig{choice=Penultimate, change='null', param='null', outerNcml='[Element: <netcdf [Namespace: http://www.unidata.ucar.edu/namespaces/netcdf/ncml-2.2]/>]', cacheAll=true}
  hasInnerNcml =true
  fmrcConfig =FmrcConfig: regularize=false datasetTypes=[Best]

2016-02-16T21:01:31.109 +0000 WARN  - MFileCollectionManager parse error =  Directory /raid0/zxue/SABGOM_NF/2012_2013/out1 does not exist 
 
2016-02-16T21:01:31.110 +0000 INFO  - scheduleJob startup scan force=test for 'SABGOM_Model_Run_Collection_Tracer_out1' at 2016-02-16T21:01:34.110+0000
2016-02-16T21:01:31.110 +0000 INFO  - scheduleJob recurring scan for 'SABGOM_Model_Run_Collection_Tracer_out1' cronExpr=0 5 3 * * ? *
2016-02-16T21:01:34.111 +0000 ERROR - SABGOM_Model_Run_Collection_Tracer_out1: Invalid collection= MCollection{name='/raid0/zxue/SABGOM_NF/2012_2013/out1', dirName='/raid0/zxue/SABGOM_NF/2012_2013/out1', wantSubdirs=false, filter=WildcardMatchOnPath{wildcard=null regexp=sabgom_bio_his_0...\.nc$}}
2016-02-16T21:01:34.112 +0000 WARN  - MFileCollectionManager: No files found for SABGOM_Model_Run_Collection_Tracer_out1
2016-02-16T21:11:07.741 +0000 INFO  - FeatureCollection added = FeatureCollectionConfig name ='SABGOM Model Run Collection Tracer out1' collectionName='SABGOM_Model_Run_Collection_Tracer_out1' type='FMRC'
  spec='/raid0/zxue/SABGOM_NF/2012_2013/out1/sabgom_bio_his_0#DDD#\.nc$'
  olderThan =10 min
  timePartition =directory
  updateConfig =UpdateConfig{userDefined=true, recheckAfter='null', rescan='0 5 3 * * ? *', triggerOk=true, updateType=test}
  tdmConfig =UpdateConfig{userDefined=false, recheckAfter='null', rescan='null', triggerOk=true, updateType=test}
  ProtoConfig{choice=Penultimate, change='null', param='null', outerNcml='[Element: <netcdf [Namespace: http://www.unidata.ucar.edu/namespaces/netcdf/ncml-2.2]/>]', cacheAll=true}
  hasInnerNcml =true
  fmrcConfig =FmrcConfig: regularize=false datasetTypes=[Best]

2016-02-16T21:11:07.741 +0000 WARN  - MFileCollectionManager parse error =  Directory /raid0/zxue/SABGOM_NF/2012_2013/out1 does not exist 
 
2016-02-16T21:11:07.741 +0000 INFO  - scheduleJob startup scan force=test for 'SABGOM_Model_Run_Collection_Tracer_out1' at 2016-02-16T21:11:10.741+0000
2016-02-16T21:11:07.742 +0000 INFO  - scheduleJob recurring scan for 'SABGOM_Model_Run_Collection_Tracer_out1' cronExpr=0 5 3 * * ? *
2016-02-16T21:11:10.745 +0000 ERROR - SABGOM_Model_Run_Collection_Tracer_out1: Invalid collection= MCollection{name='/raid0/zxue/SABGOM_NF/2012_2013/out1', dirName='/raid0/zxue/SABGOM_NF/2012_2013/out1', wantSubdirs=false, filter=WildcardMatchOnPath{wildcard=null regexp=sabgom_bio_his_0...\.nc$}}
2016-02-16T21:11:10.746 +0000 WARN  - MFileCollectionManager: No files found for SABGOM_Model_Run_Collection_Tracer_out1
2016-02-16T21:13:23.264 +0000 INFO  - FeatureCollection added = FeatureCollectionConfig name ='SABGOM Model Run Collection Tracer out1' collectionName='SABGOM_Model_Run_Collection_Tracer_out1' type='FMRC'
  spec='/raid0/zxue/SABGOM_NF/2012_2013/out1/sabgom_bio_his_0#DDD#\.nc$'
  olderThan =10 min
  timePartition =directory
  updateConfig =UpdateConfig{userDefined=true, recheckAfter='null', rescan='0 5 3 * * ? *', triggerOk=true, updateType=test}
  tdmConfig =UpdateConfig{userDefined=false, recheckAfter='null', rescan='null', triggerOk=true, updateType=test}
  ProtoConfig{choice=Penultimate, change='null', param='null', outerNcml='[Element: <netcdf [Namespace: http://www.unidata.ucar.edu/namespaces/netcdf/ncml-2.2]/>]', cacheAll=true}
  hasInnerNcml =true
  fmrcConfig =FmrcConfig: regularize=false datasetTypes=[Best]

2016-02-16T21:13:23.264 +0000 WARN  - MFileCollectionManager parse error =  Directory /raid0/zxue/SABGOM_NF/2012_2013/out1 does not exist 
 
2016-02-16T21:13:23.264 +0000 INFO  - scheduleJob startup scan force=test for 'SABGOM_Model_Run_Collection_Tracer_out1' at 2016-02-16T21:13:26.264+0000
2016-02-16T21:13:23.265 +0000 INFO  - scheduleJob recurring scan for 'SABGOM_Model_Run_Collection_Tracer_out1' cronExpr=0 5 3 * * ? *
2016-02-16T21:13:26.267 +0000 ERROR - SABGOM_Model_Run_Collection_Tracer_out1: Invalid collection= MCollection{name='/raid0/zxue/SABGOM_NF/2012_2013/out1', dirName='/raid0/zxue/SABGOM_NF/2012_2013/out1', wantSubdirs=false, filter=WildcardMatchOnPath{wildcard=null regexp=sabgom_bio_his_0...\.nc$}}
2016-02-16T21:13:26.268 +0000 WARN  - MFileCollectionManager: No files found for SABGOM_Model_Run_Collection_Tracer_out1
2016-02-16T21:21:38.268 +0000 INFO  - FeatureCollection added = FeatureCollectionConfig name ='SABGOM Model Run Collection Tracer out1' collectionName='SABGOM_Model_Run_Collection_Tracer_out1' type='FMRC'
  spec='/raid0/zxue/SABGOM_NF/2012_2013/out1/sabgom_bio_his_0#DDD#\.nc$'
  olderThan =10 min
  timePartition =directory
  updateConfig =UpdateConfig{userDefined=true, recheckAfter='null', rescan='0 5 3 * * ? *', triggerOk=true, updateType=test}
  tdmConfig =UpdateConfig{userDefined=false, recheckAfter='null', rescan='null', triggerOk=true, updateType=test}
  ProtoConfig{choice=Penultimate, change='null', param='null', outerNcml='[Element: <netcdf [Namespace: http://www.unidata.ucar.edu/namespaces/netcdf/ncml-2.2]/>]', cacheAll=true}
  hasInnerNcml =true
  fmrcConfig =FmrcConfig: regularize=false datasetTypes=[Best]

2016-02-16T21:21:38.268 +0000 WARN  - MFileCollectionManager parse error =  Directory /raid0/zxue/SABGOM_NF/2012_2013/out1 does not exist 
 
2016-02-16T21:21:38.269 +0000 INFO  - scheduleJob startup scan force=test for 'SABGOM_Model_Run_Collection_Tracer_out1' at 2016-02-16T21:21:41.269+0000
2016-02-16T21:21:38.269 +0000 INFO  - scheduleJob recurring scan for 'SABGOM_Model_Run_Collection_Tracer_out1' cronExpr=0 5 3 * * ? *
2016-02-16T21:21:41.270 +0000 ERROR - SABGOM_Model_Run_Collection_Tracer_out1: Invalid collection= MCollection{name='/raid0/zxue/SABGOM_NF/2012_2013/out1', dirName='/raid0/zxue/SABGOM_NF/2012_2013/out1', wantSubdirs=false, filter=WildcardMatchOnPath{wildcard=null regexp=sabgom_bio_his_0...\.nc$}}
2016-02-16T21:21:41.272 +0000 WARN  - MFileCollectionManager: No files found for SABGOM_Model_Run_Collection_Tracer_out1
2016-02-16T21:39:43.904 +0000 INFO  - FeatureCollection added = FeatureCollectionConfig name ='SABGOM Model Run Collection Tracer out1' collectionName='SABGOM_Model_Run_Collection_Tracer_out1' type='FMRC'
  spec='/raid0/zxue/SABGOM_NF/2012_2013/out1/sabgom_bio_his_0#DDD#\.nc$'
  olderThan =10 min
  timePartition =directory
  updateConfig =UpdateConfig{userDefined=true, recheckAfter='null', rescan='0 5 3 * * ? *', triggerOk=true, updateType=test}
  tdmConfig =UpdateConfig{userDefined=false, recheckAfter='null', rescan='null', triggerOk=true, updateType=test}
  ProtoConfig{choice=Penultimate, change='null', param='null', outerNcml='[Element: <netcdf [Namespace: http://www.unidata.ucar.edu/namespaces/netcdf/ncml-2.2]/>]', cacheAll=true}
  hasInnerNcml =true
  fmrcConfig =FmrcConfig: regularize=false datasetTypes=[Best]

2016-02-16T21:39:43.904 +0000 WARN  - MFileCollectionManager parse error =  Directory /raid0/zxue/SABGOM_NF/2012_2013/out1 does not exist 
 
2016-02-16T21:39:43.904 +0000 INFO  - scheduleJob startup scan force=test for 'SABGOM_Model_Run_Collection_Tracer_out1' at 2016-02-16T21:39:46.904+0000
2016-02-16T21:39:43.905 +0000 INFO  - scheduleJob recurring scan for 'SABGOM_Model_Run_Collection_Tracer_out1' cronExpr=0 5 3 * * ? *
2016-02-16T21:39:46.906 +0000 ERROR - SABGOM_Model_Run_Collection_Tracer_out1: Invalid collection= MCollection{name='/raid0/zxue/SABGOM_NF/2012_2013/out1', dirName='/raid0/zxue/SABGOM_NF/2012_2013/out1', wantSubdirs=false, filter=WildcardMatchOnPath{wildcard=null regexp=sabgom_bio_his_0...\.nc$}}
2016-02-16T21:39:46.906 +0000 WARN  - MFileCollectionManager: No files found for SABGOM_Model_Run_Collection_Tracer_out1
2016-02-16T22:00:19.230 +0000 INFO  - FeatureCollection added = FeatureCollectionConfig name ='SABGOM Model Run Collection Tracer out1' collectionName='SABGOM_Model_Run_Collection_Tracer_out1' type='FMRC'
  spec='/raid0/zxue/SABGOM_NF/2012_2013/out1/sabgom_bio_his_0#DDD#\.nc$'
  olderThan =10 min
  timePartition =directory
  updateConfig =UpdateConfig{userDefined=true, recheckAfter='null', rescan='0 5 3 * * ? *', triggerOk=true, updateType=test}
  tdmConfig =UpdateConfig{userDefined=false, recheckAfter='null', rescan='null', triggerOk=true, updateType=test}
  ProtoConfig{choice=Penultimate, change='null', param='null', outerNcml='[Element: <netcdf [Namespace: http://www.unidata.ucar.edu/namespaces/netcdf/ncml-2.2]/>]', cacheAll=true}
  hasInnerNcml =true
  fmrcConfig =FmrcConfig: regularize=false datasetTypes=[Best]

2016-02-16T22:00:19.230 +0000 WARN  - MFileCollectionManager parse error =  Directory /raid0/zxue/SABGOM_NF/2012_2013/out1 does not exist 
 
2016-02-16T22:00:19.230 +0000 INFO  - scheduleJob startup scan force=test for 'SABGOM_Model_Run_Collection_Tracer_out1' at 2016-02-16T22:00:22.230+0000
2016-02-16T22:00:19.231 +0000 INFO  - scheduleJob recurring scan for 'SABGOM_Model_Run_Collection_Tracer_out1' cronExpr=0 5 3 * * ? *
2016-02-16T22:00:22.231 +0000 ERROR - SABGOM_Model_Run_Collection_Tracer_out1: Invalid collection= MCollection{name='/raid0/zxue/SABGOM_NF/2012_2013/out1', dirName='/raid0/zxue/SABGOM_NF/2012_2013/out1', wantSubdirs=false, filter=WildcardMatchOnPath{wildcard=null regexp=sabgom_bio_his_0...\.nc$}}
2016-02-16T22:00:22.232 +0000 WARN  - MFileCollectionManager: No files found for SABGOM_Model_Run_Collection_Tracer_out1
