2016-02-14T03:38:28.821 +0000 INFO  - FeatureCollection added = FeatureCollectionConfig name ='SABGOM Forecast Model Run Collection' collectionName='SABGOM_Forecast_Model_Run_Collection' type='FMRC'
  spec='/current/sabgom/ROMS/his_#yyyyMMdd#.*\.nc$'
  olderThan =10 min
  timePartition =directory
  updateConfig =UpdateConfig{userDefined=true, recheckAfter='null', rescan='0 5 * * * ? *', triggerOk=true, updateType=test}
  tdmConfig =UpdateConfig{userDefined=false, recheckAfter='null', rescan='null', triggerOk=true, updateType=test}
  ProtoConfig{choice=Penultimate, change='null', param='null', outerNcml='[Element: <netcdf [Namespace: http://www.unidata.ucar.edu/namespaces/netcdf/ncml-2.2]/>]', cacheAll=true}
  hasInnerNcml =true
  fmrcConfig =FmrcConfig: regularize=false datasetTypes=[Best]

2016-02-14T03:38:28.902 +0000 WARN  - MFileCollectionManager parse error =  Directory /current/sabgom/ROMS does not exist 
 
2016-02-14T03:38:28.968 +0000 INFO  - scheduleJob startup scan force=test for 'SABGOM_Forecast_Model_Run_Collection' at 2016-02-14T03:38:31.964+0000
2016-02-14T03:38:28.977 +0000 INFO  - scheduleJob recurring scan for 'SABGOM_Forecast_Model_Run_Collection' cronExpr=0 5 * * * ? *
2016-02-14T03:38:31.976 +0000 ERROR - SABGOM_Forecast_Model_Run_Collection: Invalid collection= MCollection{name='/current/sabgom/ROMS', dirName='/current/sabgom/ROMS', wantSubdirs=false, filter=WildcardMatchOnPath{wildcard=null regexp=his_.........*\.nc$}}
2016-02-14T03:38:31.977 +0000 WARN  - MFileCollectionManager: No files found for SABGOM_Forecast_Model_Run_Collection
2016-02-14T03:40:41.494 +0000 INFO  - FeatureCollection added = FeatureCollectionConfig name ='SABGOM Forecast Model Run Collection' collectionName='SABGOM_Forecast_Model_Run_Collection' type='FMRC'
  spec='/raid0/data/sabgom/ROMS/his_#yyyyMMdd#.*\.nc$'
  olderThan =10 min
  timePartition =directory
  updateConfig =UpdateConfig{userDefined=true, recheckAfter='null', rescan='0 5 * * * ? *', triggerOk=true, updateType=test}
  tdmConfig =UpdateConfig{userDefined=false, recheckAfter='null', rescan='null', triggerOk=true, updateType=test}
  ProtoConfig{choice=Penultimate, change='null', param='null', outerNcml='[Element: <netcdf [Namespace: http://www.unidata.ucar.edu/namespaces/netcdf/ncml-2.2]/>]', cacheAll=true}
  hasInnerNcml =true
  fmrcConfig =FmrcConfig: regularize=false datasetTypes=[Best]

2016-02-14T03:40:41.610 +0000 INFO  - scheduleJob startup scan force=test for 'SABGOM_Forecast_Model_Run_Collection' at 2016-02-14T03:40:44.606+0000
2016-02-14T03:40:41.617 +0000 INFO  - scheduleJob recurring scan for 'SABGOM_Forecast_Model_Run_Collection' cronExpr=0 5 * * * ? *
2016-02-14T03:56:37.831 +0000 INFO  - FeatureCollection added = FeatureCollectionConfig name ='SABGOM Forecast Model Run Collection' collectionName='SABGOM_Forecast_Model_Run_Collection' type='FMRC'
  spec='/raid0/data/sabgom/ROMS/his_#yyyyMMdd#.*\.nc$'
  olderThan =10 min
  timePartition =directory
  updateConfig =UpdateConfig{userDefined=true, recheckAfter='null', rescan='0 5 * * * ? *', triggerOk=true, updateType=test}
  tdmConfig =UpdateConfig{userDefined=false, recheckAfter='null', rescan='null', triggerOk=true, updateType=test}
  ProtoConfig{choice=Penultimate, change='null', param='null', outerNcml='[Element: <netcdf [Namespace: http://www.unidata.ucar.edu/namespaces/netcdf/ncml-2.2]/>]', cacheAll=true}
  hasInnerNcml =true
  fmrcConfig =FmrcConfig: regularize=false datasetTypes=[Best]

2016-02-14T03:56:37.939 +0000 INFO  - scheduleJob startup scan force=test for 'SABGOM_Forecast_Model_Run_Collection' at 2016-02-14T03:56:40.936+0000
2016-02-14T03:56:37.945 +0000 INFO  - scheduleJob recurring scan for 'SABGOM_Forecast_Model_Run_Collection' cronExpr=0 5 * * * ? *
2016-02-14T04:02:02.672 +0000 INFO  - FeatureCollection added = FeatureCollectionConfig name ='SABGOM Forecast Model Run Collection' collectionName='SABGOM_Forecast_Model_Run_Collection' type='FMRC'
  spec='/raid0/data/sabgom/ROMS/his_#yyyyMMdd#.*\.nc$'
  olderThan =10 min
  timePartition =directory
  updateConfig =UpdateConfig{userDefined=true, recheckAfter='null', rescan='0 5 * * * ? *', triggerOk=true, updateType=test}
  tdmConfig =UpdateConfig{userDefined=false, recheckAfter='null', rescan='null', triggerOk=true, updateType=test}
  ProtoConfig{choice=Penultimate, change='null', param='null', outerNcml='[Element: <netcdf [Namespace: http://www.unidata.ucar.edu/namespaces/netcdf/ncml-2.2]/>]', cacheAll=true}
  hasInnerNcml =true
  fmrcConfig =FmrcConfig: regularize=false datasetTypes=[Best]

2016-02-14T04:02:02.773 +0000 INFO  - scheduleJob startup scan force=test for 'SABGOM_Forecast_Model_Run_Collection' at 2016-02-14T04:02:05.769+0000
2016-02-14T04:02:02.781 +0000 INFO  - scheduleJob recurring scan for 'SABGOM_Forecast_Model_Run_Collection' cronExpr=0 5 * * * ? *
2016-02-14T04:02:02.809 +0000 INFO  - FeatureCollection added = FeatureCollectionConfig name ='SABGOM Forecast Model Run Collection' collectionName='SABGOM_Forecast_Model_Run_Collection' type='FMRC'
  spec='/raid0/data/hindcast/single_file/sabgom_bio_his.nc$'
  olderThan =10 min
  timePartition =directory
  updateConfig =UpdateConfig{userDefined=true, recheckAfter='null', rescan='0 5 * * * ? *', triggerOk=true, updateType=test}
  tdmConfig =UpdateConfig{userDefined=false, recheckAfter='null', rescan='null', triggerOk=true, updateType=test}
  ProtoConfig{choice=Penultimate, change='null', param='null', outerNcml='[Element: <netcdf [Namespace: http://www.unidata.ucar.edu/namespaces/netcdf/ncml-2.2]/>]', cacheAll=true}
  hasInnerNcml =true
  fmrcConfig =FmrcConfig: regularize=false datasetTypes=[Best]

2016-02-14T04:02:02.810 +0000 WARN  - scheduler failed to add updateJob for UpdateCollection.SABGOM_Forecast_Model_Run_Collection. Another Job exists with that identification.
2016-02-14T04:02:02.811 +0000 ERROR - scheduleJob failed to schedule startup Job for FeatureCollectionConfig name ='SABGOM Forecast Model Run Collection' collectionName='SABGOM_Forecast_Model_Run_Collection' type='FMRC'
  spec='/raid0/data/hindcast/single_file/sabgom_bio_his.nc$'
  olderThan =10 min
  timePartition =directory
  updateConfig =UpdateConfig{userDefined=true, recheckAfter='null', rescan='0 5 * * * ? *', triggerOk=true, updateType=test}
  tdmConfig =UpdateConfig{userDefined=false, recheckAfter='null', rescan='null', triggerOk=true, updateType=test}
  ProtoConfig{choice=Penultimate, change='null', param='null', outerNcml='[Element: <netcdf [Namespace: http://www.unidata.ucar.edu/namespaces/netcdf/ncml-2.2]/>]', cacheAll=true}
  hasInnerNcml =true
  fmrcConfig =FmrcConfig: regularize=false datasetTypes=[Best]

org.quartz.ObjectAlreadyExistsException: Unable to store Trigger with name: 'SABGOM_Forecast_Model_Run_Collection' and group: 'startup', because one already exists with this identification.
	at org.quartz.simpl.RAMJobStore.storeTrigger(RAMJobStore.java:415) ~[quartz-2.2.0.jar:?]
	at org.quartz.core.QuartzScheduler.scheduleJob(QuartzScheduler.java:962) ~[quartz-2.2.0.jar:?]
	at org.quartz.impl.StdScheduler.scheduleJob(StdScheduler.java:258) ~[quartz-2.2.0.jar:?]
	at thredds.inventory.CollectionUpdater.scheduleTasks(CollectionUpdater.java:141) [cdm-4.6.4.jar:4.6.4]
	at thredds.catalog.InvDatasetFeatureCollection.finishConstruction(InvDatasetFeatureCollection.java:217) [tdcommon-4.6.4.jar:4.6.4]
	at thredds.catalog.InvDatasetFeatureCollection.factory(InvDatasetFeatureCollection.java:135) [tdcommon-4.6.4.jar:4.6.4]
	at sun.reflect.NativeMethodAccessorImpl.invoke0(Native Method) ~[?:1.8.0_73]
	at sun.reflect.NativeMethodAccessorImpl.invoke(NativeMethodAccessorImpl.java:62) ~[?:1.8.0_73]
	at sun.reflect.DelegatingMethodAccessorImpl.invoke(DelegatingMethodAccessorImpl.java:43) ~[?:1.8.0_73]
	at java.lang.reflect.Method.invoke(Method.java:497) ~[?:1.8.0_73]
	at thredds.catalog.parser.jdom.InvCatalogFactory10.readFeatureCollection(InvCatalogFactory10.java:346) [cdm-4.6.4.jar:4.6.4]
	at thredds.catalog.parser.jdom.InvCatalogFactory10.readDatasetInfo(InvCatalogFactory10.java:330) [cdm-4.6.4.jar:4.6.4]
	at thredds.catalog.parser.jdom.InvCatalogFactory10.readDataset(InvCatalogFactory10.java:242) [cdm-4.6.4.jar:4.6.4]
	at thredds.catalog.parser.jdom.InvCatalogFactory10.readCatalog(InvCatalogFactory10.java:191) [cdm-4.6.4.jar:4.6.4]
	at thredds.catalog.parser.jdom.InvCatalogFactory10.parseXML(InvCatalogFactory10.java:124) [cdm-4.6.4.jar:4.6.4]
	at thredds.catalog.InvCatalogFactory.readXML(InvCatalogFactory.java:471) [cdm-4.6.4.jar:4.6.4]
	at thredds.catalog.InvCatalogFactory.readXML(InvCatalogFactory.java:441) [cdm-4.6.4.jar:4.6.4]
	at thredds.servlet.DataRootHandler.readCatalog(DataRootHandler.java:463) [classes/:4.6.4]
	at thredds.servlet.DataRootHandler.initCatalog(DataRootHandler.java:339) [classes/:4.6.4]
	at thredds.servlet.DataRootHandler.initFollowCatrefs(DataRootHandler.java:580) [classes/:4.6.4]
	at thredds.servlet.DataRootHandler.initFollowCatrefs(DataRootHandler.java:585) [classes/:4.6.4]
	at thredds.servlet.DataRootHandler.initCatalog(DataRootHandler.java:381) [classes/:4.6.4]
	at thredds.servlet.DataRootHandler.initCatalogs(DataRootHandler.java:299) [classes/:4.6.4]
	at thredds.servlet.DataRootHandler.initCatalogs(DataRootHandler.java:279) [classes/:4.6.4]
	at thredds.servlet.DataRootHandler.afterPropertiesSet(DataRootHandler.java:191) [classes/:4.6.4]
	at org.springframework.beans.factory.support.AbstractAutowireCapableBeanFactory.invokeInitMethods(AbstractAutowireCapableBeanFactory.java:1633) [spring-beans-4.1.6.RELEASE.jar:4.1.6.RELEASE]
	at org.springframework.beans.factory.support.AbstractAutowireCapableBeanFactory.initializeBean(AbstractAutowireCapableBeanFactory.java:1570) [spring-beans-4.1.6.RELEASE.jar:4.1.6.RELEASE]
	at org.springframework.beans.factory.support.AbstractAutowireCapableBeanFactory.doCreateBean(AbstractAutowireCapableBeanFactory.java:539) [spring-beans-4.1.6.RELEASE.jar:4.1.6.RELEASE]
	at org.springframework.beans.factory.support.AbstractAutowireCapableBeanFactory.createBean(AbstractAutowireCapableBeanFactory.java:476) [spring-beans-4.1.6.RELEASE.jar:4.1.6.RELEASE]
	at org.springframework.beans.factory.support.AbstractBeanFactory$1.getObject(AbstractBeanFactory.java:303) [spring-beans-4.1.6.RELEASE.jar:4.1.6.RELEASE]
	at org.springframework.beans.factory.support.DefaultSingletonBeanRegistry.getSingleton(DefaultSingletonBeanRegistry.java:230) [spring-beans-4.1.6.RELEASE.jar:4.1.6.RELEASE]
	at org.springframework.beans.factory.support.AbstractBeanFactory.doGetBean(AbstractBeanFactory.java:299) [spring-beans-4.1.6.RELEASE.jar:4.1.6.RELEASE]
	at org.springframework.beans.factory.support.AbstractBeanFactory.getBean(AbstractBeanFactory.java:194) [spring-beans-4.1.6.RELEASE.jar:4.1.6.RELEASE]
	at org.springframework.beans.factory.support.DefaultListableBeanFactory.preInstantiateSingletons(DefaultListableBeanFactory.java:755) [spring-beans-4.1.6.RELEASE.jar:4.1.6.RELEASE]
	at org.springframework.context.support.AbstractApplicationContext.finishBeanFactoryInitialization(AbstractApplicationContext.java:757) [spring-context-4.1.6.RELEASE.jar:4.1.6.RELEASE]
	at org.springframework.context.support.AbstractApplicationContext.refresh(AbstractApplicationContext.java:480) [spring-context-4.1.6.RELEASE.jar:4.1.6.RELEASE]
	at org.springframework.web.context.ContextLoader.configureAndRefreshWebApplicationContext(ContextLoader.java:403) [spring-web-4.1.6.RELEASE.jar:4.1.6.RELEASE]
	at org.springframework.web.context.ContextLoader.initWebApplicationContext(ContextLoader.java:306) [spring-web-4.1.6.RELEASE.jar:4.1.6.RELEASE]
	at org.springframework.web.context.ContextLoaderListener.contextInitialized(ContextLoaderListener.java:106) [spring-web-4.1.6.RELEASE.jar:4.1.6.RELEASE]
	at org.apache.catalina.core.StandardContext.listenerStart(StandardContext.java:4812) [catalina.jar:8.0.32]
	at org.apache.catalina.core.StandardContext.startInternal(StandardContext.java:5255) [catalina.jar:8.0.32]
	at org.apache.catalina.util.LifecycleBase.start(LifecycleBase.java:147) [catalina.jar:8.0.32]
	at org.apache.catalina.core.ContainerBase.addChildInternal(ContainerBase.java:725) [catalina.jar:8.0.32]
	at org.apache.catalina.core.ContainerBase.addChild(ContainerBase.java:701) [catalina.jar:8.0.32]
	at org.apache.catalina.core.StandardHost.addChild(StandardHost.java:717) [catalina.jar:8.0.32]
	at org.apache.catalina.startup.HostConfig.deployWAR(HostConfig.java:939) [catalina.jar:8.0.32]
	at org.apache.catalina.startup.HostConfig$DeployWar.run(HostConfig.java:1812) [catalina.jar:8.0.32]
	at java.util.concurrent.Executors$RunnableAdapter.call(Executors.java:511) [?:1.8.0_73]
	at java.util.concurrent.FutureTask.run(FutureTask.java:266) [?:1.8.0_73]
	at java.util.concurrent.ThreadPoolExecutor.runWorker(ThreadPoolExecutor.java:1142) [?:1.8.0_73]
	at java.util.concurrent.ThreadPoolExecutor$Worker.run(ThreadPoolExecutor.java:617) [?:1.8.0_73]
	at java.lang.Thread.run(Thread.java:745) [?:1.8.0_73]
2016-02-14T22:27:57.592 +0000 INFO  - FeatureCollection added = FeatureCollectionConfig name ='SABGOM Forecast Model Run Collection' collectionName='SABGOM_Forecast_Model_Run_Collection' type='FMRC'
  spec='/current/sabgom/ROMS/his_#yyyyMMdd#.*\.nc$'
  olderThan =10 min
  timePartition =directory
  updateConfig =UpdateConfig{userDefined=true, recheckAfter='null', rescan='0 5 * * * ? *', triggerOk=true, updateType=test}
  tdmConfig =UpdateConfig{userDefined=false, recheckAfter='null', rescan='null', triggerOk=true, updateType=test}
  ProtoConfig{choice=Penultimate, change='null', param='null', outerNcml='[Element: <netcdf [Namespace: http://www.unidata.ucar.edu/namespaces/netcdf/ncml-2.2]/>]', cacheAll=true}
  hasInnerNcml =true
  fmrcConfig =FmrcConfig: regularize=false datasetTypes=[Best]

2016-02-14T22:27:57.644 +0000 WARN  - MFileCollectionManager parse error =  Directory /current/sabgom/ROMS does not exist 
 
2016-02-14T22:27:57.694 +0000 INFO  - scheduleJob startup scan force=test for 'SABGOM_Forecast_Model_Run_Collection' at 2016-02-14T22:28:00.691+0000
2016-02-14T22:27:57.700 +0000 INFO  - scheduleJob recurring scan for 'SABGOM_Forecast_Model_Run_Collection' cronExpr=0 5 * * * ? *
2016-02-14T22:28:00.704 +0000 ERROR - SABGOM_Forecast_Model_Run_Collection: Invalid collection= MCollection{name='/current/sabgom/ROMS', dirName='/current/sabgom/ROMS', wantSubdirs=false, filter=WildcardMatchOnPath{wildcard=null regexp=his_.........*\.nc$}}
2016-02-14T22:28:00.705 +0000 WARN  - MFileCollectionManager: No files found for SABGOM_Forecast_Model_Run_Collection
2016-02-14T22:28:44.390 +0000 INFO  - FeatureCollection added = FeatureCollectionConfig name ='SABGOM Forecast Model Run Collection' collectionName='SABGOM_Forecast_Model_Run_Collection' type='FMRC'
  spec='/current/sabgom/ROMS/his_#yyyyMMdd#.*\.nc$'
  olderThan =10 min
  timePartition =directory
  updateConfig =UpdateConfig{userDefined=true, recheckAfter='null', rescan='0 5 * * * ? *', triggerOk=true, updateType=test}
  tdmConfig =UpdateConfig{userDefined=false, recheckAfter='null', rescan='null', triggerOk=true, updateType=test}
  ProtoConfig{choice=Penultimate, change='null', param='null', outerNcml='[Element: <netcdf [Namespace: http://www.unidata.ucar.edu/namespaces/netcdf/ncml-2.2]/>]', cacheAll=true}
  hasInnerNcml =true
  fmrcConfig =FmrcConfig: regularize=false datasetTypes=[Best]

2016-02-14T22:28:44.451 +0000 WARN  - MFileCollectionManager parse error =  Directory /current/sabgom/ROMS does not exist 
 
2016-02-14T22:28:44.500 +0000 INFO  - scheduleJob startup scan force=test for 'SABGOM_Forecast_Model_Run_Collection' at 2016-02-14T22:28:47.497+0000
2016-02-14T22:28:44.506 +0000 INFO  - scheduleJob recurring scan for 'SABGOM_Forecast_Model_Run_Collection' cronExpr=0 5 * * * ? *
2016-02-14T22:28:47.510 +0000 ERROR - SABGOM_Forecast_Model_Run_Collection: Invalid collection= MCollection{name='/current/sabgom/ROMS', dirName='/current/sabgom/ROMS', wantSubdirs=false, filter=WildcardMatchOnPath{wildcard=null regexp=his_.........*\.nc$}}
2016-02-14T22:28:47.511 +0000 WARN  - MFileCollectionManager: No files found for SABGOM_Forecast_Model_Run_Collection
2016-02-14T22:31:13.012 +0000 INFO  - FeatureCollection added = FeatureCollectionConfig name ='SABGOM Forecast Model Run Collection' collectionName='SABGOM_Forecast_Model_Run_Collection' type='FMRC'
  spec='/current/sabgom/ROMS/his_#yyyyMMdd#.*\.nc$'
  olderThan =10 min
  timePartition =directory
  updateConfig =UpdateConfig{userDefined=true, recheckAfter='null', rescan='0 5 * * * ? *', triggerOk=true, updateType=test}
  tdmConfig =UpdateConfig{userDefined=false, recheckAfter='null', rescan='null', triggerOk=true, updateType=test}
  ProtoConfig{choice=Penultimate, change='null', param='null', outerNcml='[Element: <netcdf [Namespace: http://www.unidata.ucar.edu/namespaces/netcdf/ncml-2.2]/>]', cacheAll=true}
  hasInnerNcml =true
  fmrcConfig =FmrcConfig: regularize=false datasetTypes=[Best]

2016-02-14T22:31:13.064 +0000 WARN  - MFileCollectionManager parse error =  Directory /current/sabgom/ROMS does not exist 
 
2016-02-14T22:31:13.113 +0000 INFO  - scheduleJob startup scan force=test for 'SABGOM_Forecast_Model_Run_Collection' at 2016-02-14T22:31:16.110+0000
2016-02-14T22:31:13.119 +0000 INFO  - scheduleJob recurring scan for 'SABGOM_Forecast_Model_Run_Collection' cronExpr=0 5 * * * ? *
2016-02-14T22:31:13.163 +0000 INFO  - FeatureCollection added = FeatureCollectionConfig name ='SABGOM Forecast Model Run Collection' collectionName='SABGOM_Forecast_Model_Run_Collection' type='FMRC'
  spec='/current/sabgom/ROMS/his_#yyyyMMdd#.*\.nc$'
  olderThan =10 min
  timePartition =directory
  updateConfig =UpdateConfig{userDefined=true, recheckAfter='null', rescan='0 5 * * * ? *', triggerOk=true, updateType=test}
  tdmConfig =UpdateConfig{userDefined=false, recheckAfter='null', rescan='null', triggerOk=true, updateType=test}
  ProtoConfig{choice=Penultimate, change='null', param='null', outerNcml='[Element: <netcdf [Namespace: http://www.unidata.ucar.edu/namespaces/netcdf/ncml-2.2]/>]', cacheAll=true}
  hasInnerNcml =true
  fmrcConfig =FmrcConfig: regularize=false datasetTypes=[Best]

2016-02-14T22:31:13.163 +0000 WARN  - MFileCollectionManager parse error =  Directory /current/sabgom/ROMS does not exist 
 
2016-02-14T22:31:13.163 +0000 WARN  - scheduler failed to add updateJob for UpdateCollection.SABGOM_Forecast_Model_Run_Collection. Another Job exists with that identification.
2016-02-14T22:31:13.164 +0000 ERROR - scheduleJob failed to schedule startup Job for FeatureCollectionConfig name ='SABGOM Forecast Model Run Collection' collectionName='SABGOM_Forecast_Model_Run_Collection' type='FMRC'
  spec='/current/sabgom/ROMS/his_#yyyyMMdd#.*\.nc$'
  olderThan =10 min
  timePartition =directory
  updateConfig =UpdateConfig{userDefined=true, recheckAfter='null', rescan='0 5 * * * ? *', triggerOk=true, updateType=test}
  tdmConfig =UpdateConfig{userDefined=false, recheckAfter='null', rescan='null', triggerOk=true, updateType=test}
  ProtoConfig{choice=Penultimate, change='null', param='null', outerNcml='[Element: <netcdf [Namespace: http://www.unidata.ucar.edu/namespaces/netcdf/ncml-2.2]/>]', cacheAll=true}
  hasInnerNcml =true
  fmrcConfig =FmrcConfig: regularize=false datasetTypes=[Best]

org.quartz.ObjectAlreadyExistsException: Unable to store Trigger with name: 'SABGOM_Forecast_Model_Run_Collection' and group: 'startup', because one already exists with this identification.
	at org.quartz.simpl.RAMJobStore.storeTrigger(RAMJobStore.java:415) ~[quartz-2.2.0.jar:?]
	at org.quartz.core.QuartzScheduler.scheduleJob(QuartzScheduler.java:962) ~[quartz-2.2.0.jar:?]
	at org.quartz.impl.StdScheduler.scheduleJob(StdScheduler.java:258) ~[quartz-2.2.0.jar:?]
	at thredds.inventory.CollectionUpdater.scheduleTasks(CollectionUpdater.java:141) [cdm-4.6.4.jar:4.6.4]
	at thredds.catalog.InvDatasetFeatureCollection.finishConstruction(InvDatasetFeatureCollection.java:217) [tdcommon-4.6.4.jar:4.6.4]
	at thredds.catalog.InvDatasetFeatureCollection.factory(InvDatasetFeatureCollection.java:135) [tdcommon-4.6.4.jar:4.6.4]
	at sun.reflect.NativeMethodAccessorImpl.invoke0(Native Method) ~[?:1.8.0_73]
	at sun.reflect.NativeMethodAccessorImpl.invoke(NativeMethodAccessorImpl.java:62) ~[?:1.8.0_73]
	at sun.reflect.DelegatingMethodAccessorImpl.invoke(DelegatingMethodAccessorImpl.java:43) ~[?:1.8.0_73]
	at java.lang.reflect.Method.invoke(Method.java:497) ~[?:1.8.0_73]
	at thredds.catalog.parser.jdom.InvCatalogFactory10.readFeatureCollection(InvCatalogFactory10.java:346) [cdm-4.6.4.jar:4.6.4]
	at thredds.catalog.parser.jdom.InvCatalogFactory10.readDatasetInfo(InvCatalogFactory10.java:330) [cdm-4.6.4.jar:4.6.4]
	at thredds.catalog.parser.jdom.InvCatalogFactory10.readDataset(InvCatalogFactory10.java:242) [cdm-4.6.4.jar:4.6.4]
	at thredds.catalog.parser.jdom.InvCatalogFactory10.readCatalog(InvCatalogFactory10.java:191) [cdm-4.6.4.jar:4.6.4]
	at thredds.catalog.parser.jdom.InvCatalogFactory10.parseXML(InvCatalogFactory10.java:124) [cdm-4.6.4.jar:4.6.4]
	at thredds.catalog.InvCatalogFactory.readXML(InvCatalogFactory.java:471) [cdm-4.6.4.jar:4.6.4]
	at thredds.catalog.InvCatalogFactory.readXML(InvCatalogFactory.java:441) [cdm-4.6.4.jar:4.6.4]
	at thredds.servlet.DataRootHandler.readCatalog(DataRootHandler.java:463) [classes/:4.6.4]
	at thredds.servlet.DataRootHandler.initCatalog(DataRootHandler.java:339) [classes/:4.6.4]
	at thredds.servlet.DataRootHandler.initFollowCatrefs(DataRootHandler.java:580) [classes/:4.6.4]
	at thredds.servlet.DataRootHandler.initFollowCatrefs(DataRootHandler.java:585) [classes/:4.6.4]
	at thredds.servlet.DataRootHandler.initFollowCatrefs(DataRootHandler.java:585) [classes/:4.6.4]
	at thredds.servlet.DataRootHandler.initCatalog(DataRootHandler.java:381) [classes/:4.6.4]
	at thredds.servlet.DataRootHandler.initCatalogs(DataRootHandler.java:299) [classes/:4.6.4]
	at thredds.servlet.DataRootHandler.initCatalogs(DataRootHandler.java:279) [classes/:4.6.4]
	at thredds.servlet.DataRootHandler.afterPropertiesSet(DataRootHandler.java:191) [classes/:4.6.4]
	at org.springframework.beans.factory.support.AbstractAutowireCapableBeanFactory.invokeInitMethods(AbstractAutowireCapableBeanFactory.java:1633) [spring-beans-4.1.6.RELEASE.jar:4.1.6.RELEASE]
	at org.springframework.beans.factory.support.AbstractAutowireCapableBeanFactory.initializeBean(AbstractAutowireCapableBeanFactory.java:1570) [spring-beans-4.1.6.RELEASE.jar:4.1.6.RELEASE]
	at org.springframework.beans.factory.support.AbstractAutowireCapableBeanFactory.doCreateBean(AbstractAutowireCapableBeanFactory.java:539) [spring-beans-4.1.6.RELEASE.jar:4.1.6.RELEASE]
	at org.springframework.beans.factory.support.AbstractAutowireCapableBeanFactory.createBean(AbstractAutowireCapableBeanFactory.java:476) [spring-beans-4.1.6.RELEASE.jar:4.1.6.RELEASE]
	at org.springframework.beans.factory.support.AbstractBeanFactory$1.getObject(AbstractBeanFactory.java:303) [spring-beans-4.1.6.RELEASE.jar:4.1.6.RELEASE]
	at org.springframework.beans.factory.support.DefaultSingletonBeanRegistry.getSingleton(DefaultSingletonBeanRegistry.java:230) [spring-beans-4.1.6.RELEASE.jar:4.1.6.RELEASE]
	at org.springframework.beans.factory.support.AbstractBeanFactory.doGetBean(AbstractBeanFactory.java:299) [spring-beans-4.1.6.RELEASE.jar:4.1.6.RELEASE]
	at org.springframework.beans.factory.support.AbstractBeanFactory.getBean(AbstractBeanFactory.java:194) [spring-beans-4.1.6.RELEASE.jar:4.1.6.RELEASE]
	at org.springframework.beans.factory.support.DefaultListableBeanFactory.preInstantiateSingletons(DefaultListableBeanFactory.java:755) [spring-beans-4.1.6.RELEASE.jar:4.1.6.RELEASE]
	at org.springframework.context.support.AbstractApplicationContext.finishBeanFactoryInitialization(AbstractApplicationContext.java:757) [spring-context-4.1.6.RELEASE.jar:4.1.6.RELEASE]
	at org.springframework.context.support.AbstractApplicationContext.refresh(AbstractApplicationContext.java:480) [spring-context-4.1.6.RELEASE.jar:4.1.6.RELEASE]
	at org.springframework.web.context.ContextLoader.configureAndRefreshWebApplicationContext(ContextLoader.java:403) [spring-web-4.1.6.RELEASE.jar:4.1.6.RELEASE]
	at org.springframework.web.context.ContextLoader.initWebApplicationContext(ContextLoader.java:306) [spring-web-4.1.6.RELEASE.jar:4.1.6.RELEASE]
	at org.springframework.web.context.ContextLoaderListener.contextInitialized(ContextLoaderListener.java:106) [spring-web-4.1.6.RELEASE.jar:4.1.6.RELEASE]
	at org.apache.catalina.core.StandardContext.listenerStart(StandardContext.java:4812) [catalina.jar:8.0.32]
	at org.apache.catalina.core.StandardContext.startInternal(StandardContext.java:5255) [catalina.jar:8.0.32]
	at org.apache.catalina.util.LifecycleBase.start(LifecycleBase.java:147) [catalina.jar:8.0.32]
	at org.apache.catalina.core.ContainerBase.addChildInternal(ContainerBase.java:725) [catalina.jar:8.0.32]
	at org.apache.catalina.core.ContainerBase.addChild(ContainerBase.java:701) [catalina.jar:8.0.32]
	at org.apache.catalina.core.StandardHost.addChild(StandardHost.java:717) [catalina.jar:8.0.32]
	at org.apache.catalina.startup.HostConfig.deployWAR(HostConfig.java:939) [catalina.jar:8.0.32]
	at org.apache.catalina.startup.HostConfig$DeployWar.run(HostConfig.java:1812) [catalina.jar:8.0.32]
	at java.util.concurrent.Executors$RunnableAdapter.call(Executors.java:511) [?:1.8.0_73]
	at java.util.concurrent.FutureTask.run(FutureTask.java:266) [?:1.8.0_73]
	at java.util.concurrent.ThreadPoolExecutor.runWorker(ThreadPoolExecutor.java:1142) [?:1.8.0_73]
	at java.util.concurrent.ThreadPoolExecutor$Worker.run(ThreadPoolExecutor.java:617) [?:1.8.0_73]
	at java.lang.Thread.run(Thread.java:745) [?:1.8.0_73]
2016-02-14T22:31:16.123 +0000 ERROR - SABGOM_Forecast_Model_Run_Collection: Invalid collection= MCollection{name='/current/sabgom/ROMS', dirName='/current/sabgom/ROMS', wantSubdirs=false, filter=WildcardMatchOnPath{wildcard=null regexp=his_.........*\.nc$}}
2016-02-14T22:31:16.123 +0000 WARN  - MFileCollectionManager: No files found for SABGOM_Forecast_Model_Run_Collection
2016-02-14T22:32:21.710 +0000 INFO  - FeatureCollection added = FeatureCollectionConfig name ='SABGOM Forecast Model Run Collection' collectionName='SABGOM_Forecast_Model_Run_Collection' type='FMRC'
  spec='/current/sabgom/ROMS/his_#yyyyMMdd#.*\.nc$'
  olderThan =10 min
  timePartition =directory
  updateConfig =UpdateConfig{userDefined=true, recheckAfter='null', rescan='0 5 * * * ? *', triggerOk=true, updateType=test}
  tdmConfig =UpdateConfig{userDefined=false, recheckAfter='null', rescan='null', triggerOk=true, updateType=test}
  ProtoConfig{choice=Penultimate, change='null', param='null', outerNcml='[Element: <netcdf [Namespace: http://www.unidata.ucar.edu/namespaces/netcdf/ncml-2.2]/>]', cacheAll=true}
  hasInnerNcml =true
  fmrcConfig =FmrcConfig: regularize=false datasetTypes=[Best]

2016-02-14T22:32:21.764 +0000 WARN  - MFileCollectionManager parse error =  Directory /current/sabgom/ROMS does not exist 
 
2016-02-14T22:32:21.816 +0000 INFO  - scheduleJob startup scan force=test for 'SABGOM_Forecast_Model_Run_Collection' at 2016-02-14T22:32:24.812+0000
2016-02-14T22:32:21.822 +0000 INFO  - scheduleJob recurring scan for 'SABGOM_Forecast_Model_Run_Collection' cronExpr=0 5 * * * ? *
2016-02-14T22:32:21.865 +0000 INFO  - FeatureCollection added = FeatureCollectionConfig name ='SABGOM Forecast Model Run Collection' collectionName='SABGOM_Forecast_Model_Run_Collection' type='FMRC'
  spec='/current/sabgom/ROMS/his_#yyyyMMdd#.*\.nc$'
  olderThan =10 min
  timePartition =directory
  updateConfig =UpdateConfig{userDefined=true, recheckAfter='null', rescan='0 5 * * * ? *', triggerOk=true, updateType=test}
  tdmConfig =UpdateConfig{userDefined=false, recheckAfter='null', rescan='null', triggerOk=true, updateType=test}
  ProtoConfig{choice=Penultimate, change='null', param='null', outerNcml='[Element: <netcdf [Namespace: http://www.unidata.ucar.edu/namespaces/netcdf/ncml-2.2]/>]', cacheAll=true}
  hasInnerNcml =true
  fmrcConfig =FmrcConfig: regularize=false datasetTypes=[Best]

2016-02-14T22:32:21.865 +0000 WARN  - MFileCollectionManager parse error =  Directory /current/sabgom/ROMS does not exist 
 
2016-02-14T22:32:21.865 +0000 WARN  - scheduler failed to add updateJob for UpdateCollection.SABGOM_Forecast_Model_Run_Collection. Another Job exists with that identification.
2016-02-14T22:32:21.865 +0000 ERROR - scheduleJob failed to schedule startup Job for FeatureCollectionConfig name ='SABGOM Forecast Model Run Collection' collectionName='SABGOM_Forecast_Model_Run_Collection' type='FMRC'
  spec='/current/sabgom/ROMS/his_#yyyyMMdd#.*\.nc$'
  olderThan =10 min
  timePartition =directory
  updateConfig =UpdateConfig{userDefined=true, recheckAfter='null', rescan='0 5 * * * ? *', triggerOk=true, updateType=test}
  tdmConfig =UpdateConfig{userDefined=false, recheckAfter='null', rescan='null', triggerOk=true, updateType=test}
  ProtoConfig{choice=Penultimate, change='null', param='null', outerNcml='[Element: <netcdf [Namespace: http://www.unidata.ucar.edu/namespaces/netcdf/ncml-2.2]/>]', cacheAll=true}
  hasInnerNcml =true
  fmrcConfig =FmrcConfig: regularize=false datasetTypes=[Best]

org.quartz.ObjectAlreadyExistsException: Unable to store Trigger with name: 'SABGOM_Forecast_Model_Run_Collection' and group: 'startup', because one already exists with this identification.
	at org.quartz.simpl.RAMJobStore.storeTrigger(RAMJobStore.java:415) ~[quartz-2.2.0.jar:?]
	at org.quartz.core.QuartzScheduler.scheduleJob(QuartzScheduler.java:962) ~[quartz-2.2.0.jar:?]
	at org.quartz.impl.StdScheduler.scheduleJob(StdScheduler.java:258) ~[quartz-2.2.0.jar:?]
	at thredds.inventory.CollectionUpdater.scheduleTasks(CollectionUpdater.java:141) [cdm-4.6.4.jar:4.6.4]
	at thredds.catalog.InvDatasetFeatureCollection.finishConstruction(InvDatasetFeatureCollection.java:217) [tdcommon-4.6.4.jar:4.6.4]
	at thredds.catalog.InvDatasetFeatureCollection.factory(InvDatasetFeatureCollection.java:135) [tdcommon-4.6.4.jar:4.6.4]
	at sun.reflect.NativeMethodAccessorImpl.invoke0(Native Method) ~[?:1.8.0_73]
	at sun.reflect.NativeMethodAccessorImpl.invoke(NativeMethodAccessorImpl.java:62) ~[?:1.8.0_73]
	at sun.reflect.DelegatingMethodAccessorImpl.invoke(DelegatingMethodAccessorImpl.java:43) ~[?:1.8.0_73]
	at java.lang.reflect.Method.invoke(Method.java:497) ~[?:1.8.0_73]
	at thredds.catalog.parser.jdom.InvCatalogFactory10.readFeatureCollection(InvCatalogFactory10.java:346) [cdm-4.6.4.jar:4.6.4]
	at thredds.catalog.parser.jdom.InvCatalogFactory10.readDatasetInfo(InvCatalogFactory10.java:330) [cdm-4.6.4.jar:4.6.4]
	at thredds.catalog.parser.jdom.InvCatalogFactory10.readDataset(InvCatalogFactory10.java:242) [cdm-4.6.4.jar:4.6.4]
	at thredds.catalog.parser.jdom.InvCatalogFactory10.readCatalog(InvCatalogFactory10.java:191) [cdm-4.6.4.jar:4.6.4]
	at thredds.catalog.parser.jdom.InvCatalogFactory10.parseXML(InvCatalogFactory10.java:124) [cdm-4.6.4.jar:4.6.4]
	at thredds.catalog.InvCatalogFactory.readXML(InvCatalogFactory.java:471) [cdm-4.6.4.jar:4.6.4]
	at thredds.catalog.InvCatalogFactory.readXML(InvCatalogFactory.java:441) [cdm-4.6.4.jar:4.6.4]
	at thredds.servlet.DataRootHandler.readCatalog(DataRootHandler.java:463) [classes/:4.6.4]
	at thredds.servlet.DataRootHandler.initCatalog(DataRootHandler.java:339) [classes/:4.6.4]
	at thredds.servlet.DataRootHandler.initFollowCatrefs(DataRootHandler.java:580) [classes/:4.6.4]
	at thredds.servlet.DataRootHandler.initFollowCatrefs(DataRootHandler.java:585) [classes/:4.6.4]
	at thredds.servlet.DataRootHandler.initFollowCatrefs(DataRootHandler.java:585) [classes/:4.6.4]
	at thredds.servlet.DataRootHandler.initCatalog(DataRootHandler.java:381) [classes/:4.6.4]
	at thredds.servlet.DataRootHandler.initCatalogs(DataRootHandler.java:299) [classes/:4.6.4]
	at thredds.servlet.DataRootHandler.initCatalogs(DataRootHandler.java:279) [classes/:4.6.4]
	at thredds.servlet.DataRootHandler.afterPropertiesSet(DataRootHandler.java:191) [classes/:4.6.4]
	at org.springframework.beans.factory.support.AbstractAutowireCapableBeanFactory.invokeInitMethods(AbstractAutowireCapableBeanFactory.java:1633) [spring-beans-4.1.6.RELEASE.jar:4.1.6.RELEASE]
	at org.springframework.beans.factory.support.AbstractAutowireCapableBeanFactory.initializeBean(AbstractAutowireCapableBeanFactory.java:1570) [spring-beans-4.1.6.RELEASE.jar:4.1.6.RELEASE]
	at org.springframework.beans.factory.support.AbstractAutowireCapableBeanFactory.doCreateBean(AbstractAutowireCapableBeanFactory.java:539) [spring-beans-4.1.6.RELEASE.jar:4.1.6.RELEASE]
	at org.springframework.beans.factory.support.AbstractAutowireCapableBeanFactory.createBean(AbstractAutowireCapableBeanFactory.java:476) [spring-beans-4.1.6.RELEASE.jar:4.1.6.RELEASE]
	at org.springframework.beans.factory.support.AbstractBeanFactory$1.getObject(AbstractBeanFactory.java:303) [spring-beans-4.1.6.RELEASE.jar:4.1.6.RELEASE]
	at org.springframework.beans.factory.support.DefaultSingletonBeanRegistry.getSingleton(DefaultSingletonBeanRegistry.java:230) [spring-beans-4.1.6.RELEASE.jar:4.1.6.RELEASE]
	at org.springframework.beans.factory.support.AbstractBeanFactory.doGetBean(AbstractBeanFactory.java:299) [spring-beans-4.1.6.RELEASE.jar:4.1.6.RELEASE]
	at org.springframework.beans.factory.support.AbstractBeanFactory.getBean(AbstractBeanFactory.java:194) [spring-beans-4.1.6.RELEASE.jar:4.1.6.RELEASE]
	at org.springframework.beans.factory.support.DefaultListableBeanFactory.preInstantiateSingletons(DefaultListableBeanFactory.java:755) [spring-beans-4.1.6.RELEASE.jar:4.1.6.RELEASE]
	at org.springframework.context.support.AbstractApplicationContext.finishBeanFactoryInitialization(AbstractApplicationContext.java:757) [spring-context-4.1.6.RELEASE.jar:4.1.6.RELEASE]
	at org.springframework.context.support.AbstractApplicationContext.refresh(AbstractApplicationContext.java:480) [spring-context-4.1.6.RELEASE.jar:4.1.6.RELEASE]
	at org.springframework.web.context.ContextLoader.configureAndRefreshWebApplicationContext(ContextLoader.java:403) [spring-web-4.1.6.RELEASE.jar:4.1.6.RELEASE]
	at org.springframework.web.context.ContextLoader.initWebApplicationContext(ContextLoader.java:306) [spring-web-4.1.6.RELEASE.jar:4.1.6.RELEASE]
	at org.springframework.web.context.ContextLoaderListener.contextInitialized(ContextLoaderListener.java:106) [spring-web-4.1.6.RELEASE.jar:4.1.6.RELEASE]
	at org.apache.catalina.core.StandardContext.listenerStart(StandardContext.java:4812) [catalina.jar:8.0.32]
	at org.apache.catalina.core.StandardContext.startInternal(StandardContext.java:5255) [catalina.jar:8.0.32]
	at org.apache.catalina.util.LifecycleBase.start(LifecycleBase.java:147) [catalina.jar:8.0.32]
	at org.apache.catalina.core.ContainerBase.addChildInternal(ContainerBase.java:725) [catalina.jar:8.0.32]
	at org.apache.catalina.core.ContainerBase.addChild(ContainerBase.java:701) [catalina.jar:8.0.32]
	at org.apache.catalina.core.StandardHost.addChild(StandardHost.java:717) [catalina.jar:8.0.32]
	at org.apache.catalina.startup.HostConfig.deployWAR(HostConfig.java:939) [catalina.jar:8.0.32]
	at org.apache.catalina.startup.HostConfig$DeployWar.run(HostConfig.java:1812) [catalina.jar:8.0.32]
	at java.util.concurrent.Executors$RunnableAdapter.call(Executors.java:511) [?:1.8.0_73]
	at java.util.concurrent.FutureTask.run(FutureTask.java:266) [?:1.8.0_73]
	at java.util.concurrent.ThreadPoolExecutor.runWorker(ThreadPoolExecutor.java:1142) [?:1.8.0_73]
	at java.util.concurrent.ThreadPoolExecutor$Worker.run(ThreadPoolExecutor.java:617) [?:1.8.0_73]
	at java.lang.Thread.run(Thread.java:745) [?:1.8.0_73]
2016-02-14T22:32:24.825 +0000 ERROR - SABGOM_Forecast_Model_Run_Collection: Invalid collection= MCollection{name='/current/sabgom/ROMS', dirName='/current/sabgom/ROMS', wantSubdirs=false, filter=WildcardMatchOnPath{wildcard=null regexp=his_.........*\.nc$}}
2016-02-14T22:32:24.826 +0000 WARN  - MFileCollectionManager: No files found for SABGOM_Forecast_Model_Run_Collection
2016-02-14T22:53:13.711 +0000 INFO  - FeatureCollection added = FeatureCollectionConfig name ='SABGOM Forecast Model Run Collection' collectionName='SABGOM_Forecast_Model_Run_Collection' type='FMRC'
  spec='/current/sabgom/ROMS/his_#yyyyMMdd#.*\.nc$'
  olderThan =10 min
  timePartition =directory
  updateConfig =UpdateConfig{userDefined=true, recheckAfter='null', rescan='0 5 * * * ? *', triggerOk=true, updateType=test}
  tdmConfig =UpdateConfig{userDefined=false, recheckAfter='null', rescan='null', triggerOk=true, updateType=test}
  ProtoConfig{choice=Penultimate, change='null', param='null', outerNcml='[Element: <netcdf [Namespace: http://www.unidata.ucar.edu/namespaces/netcdf/ncml-2.2]/>]', cacheAll=true}
  hasInnerNcml =true
  fmrcConfig =FmrcConfig: regularize=false datasetTypes=[Best]

2016-02-14T22:53:13.795 +0000 WARN  - MFileCollectionManager parse error =  Directory /current/sabgom/ROMS does not exist 
 
2016-02-14T22:53:13.856 +0000 INFO  - scheduleJob startup scan force=test for 'SABGOM_Forecast_Model_Run_Collection' at 2016-02-14T22:53:16.853+0000
2016-02-14T22:53:13.863 +0000 INFO  - scheduleJob recurring scan for 'SABGOM_Forecast_Model_Run_Collection' cronExpr=0 5 * * * ? *
2016-02-14T22:53:16.865 +0000 ERROR - SABGOM_Forecast_Model_Run_Collection: Invalid collection= MCollection{name='/current/sabgom/ROMS', dirName='/current/sabgom/ROMS', wantSubdirs=false, filter=WildcardMatchOnPath{wildcard=null regexp=his_.........*\.nc$}}
2016-02-14T22:53:16.866 +0000 WARN  - MFileCollectionManager: No files found for SABGOM_Forecast_Model_Run_Collection
2016-02-14T22:58:40.135 +0000 INFO  - FeatureCollection added = FeatureCollectionConfig name ='SABGOM Forecast Model Run Collection' collectionName='SABGOM_Forecast_Model_Run_Collection' type='FMRC'
  spec='/current/sabgom/ROMS/his_#yyyyMMdd#.*\.nc$'
  olderThan =10 min
  timePartition =directory
  updateConfig =UpdateConfig{userDefined=true, recheckAfter='null', rescan='0 5 * * * ? *', triggerOk=true, updateType=test}
  tdmConfig =UpdateConfig{userDefined=false, recheckAfter='null', rescan='null', triggerOk=true, updateType=test}
  ProtoConfig{choice=Penultimate, change='null', param='null', outerNcml='[Element: <netcdf [Namespace: http://www.unidata.ucar.edu/namespaces/netcdf/ncml-2.2]/>]', cacheAll=true}
  hasInnerNcml =true
  fmrcConfig =FmrcConfig: regularize=false datasetTypes=[Best]

2016-02-14T22:58:40.189 +0000 WARN  - MFileCollectionManager parse error =  Directory /current/sabgom/ROMS does not exist 
 
2016-02-14T22:58:40.238 +0000 INFO  - scheduleJob startup scan force=test for 'SABGOM_Forecast_Model_Run_Collection' at 2016-02-14T22:58:43.235+0000
2016-02-14T22:58:40.244 +0000 INFO  - scheduleJob recurring scan for 'SABGOM_Forecast_Model_Run_Collection' cronExpr=0 5 * * * ? *
2016-02-14T22:58:43.249 +0000 ERROR - SABGOM_Forecast_Model_Run_Collection: Invalid collection= MCollection{name='/current/sabgom/ROMS', dirName='/current/sabgom/ROMS', wantSubdirs=false, filter=WildcardMatchOnPath{wildcard=null regexp=his_.........*\.nc$}}
2016-02-14T22:58:43.250 +0000 WARN  - MFileCollectionManager: No files found for SABGOM_Forecast_Model_Run_Collection
2016-02-14T23:05:00.003 +0000 ERROR - SABGOM_Forecast_Model_Run_Collection: Invalid collection= MCollection{name='/current/sabgom/ROMS', dirName='/current/sabgom/ROMS', wantSubdirs=false, filter=WildcardMatchOnPath{wildcard=null regexp=his_.........*\.nc$}}
2016-02-14T23:05:00.004 +0000 WARN  - MFileCollectionManager: No files found for SABGOM_Forecast_Model_Run_Collection
2016-02-14T23:20:08.662 +0000 INFO  - FeatureCollection added = FeatureCollectionConfig name ='SABGOM Forecast Model Run Collection' collectionName='SABGOM_Forecast_Model_Run_Collection' type='FMRC'
  spec='/current/sabgom/ROMS/his_#yyyyMMdd#.*\.nc$'
  olderThan =10 min
  timePartition =directory
  updateConfig =UpdateConfig{userDefined=true, recheckAfter='null', rescan='0 5 * * * ? *', triggerOk=true, updateType=test}
  tdmConfig =UpdateConfig{userDefined=false, recheckAfter='null', rescan='null', triggerOk=true, updateType=test}
  ProtoConfig{choice=Penultimate, change='null', param='null', outerNcml='[Element: <netcdf [Namespace: http://www.unidata.ucar.edu/namespaces/netcdf/ncml-2.2]/>]', cacheAll=true}
  hasInnerNcml =true
  fmrcConfig =FmrcConfig: regularize=false datasetTypes=[Best]

2016-02-14T23:20:08.715 +0000 WARN  - MFileCollectionManager parse error =  Directory /current/sabgom/ROMS does not exist 
 
2016-02-14T23:20:08.766 +0000 INFO  - scheduleJob startup scan force=test for 'SABGOM_Forecast_Model_Run_Collection' at 2016-02-14T23:20:11.762+0000
2016-02-14T23:20:08.772 +0000 INFO  - scheduleJob recurring scan for 'SABGOM_Forecast_Model_Run_Collection' cronExpr=0 5 * * * ? *
2016-02-14T23:20:11.775 +0000 ERROR - SABGOM_Forecast_Model_Run_Collection: Invalid collection= MCollection{name='/current/sabgom/ROMS', dirName='/current/sabgom/ROMS', wantSubdirs=false, filter=WildcardMatchOnPath{wildcard=null regexp=his_.........*\.nc$}}
2016-02-14T23:20:11.775 +0000 WARN  - MFileCollectionManager: No files found for SABGOM_Forecast_Model_Run_Collection
2016-02-15T00:05:00.004 +0000 ERROR - SABGOM_Forecast_Model_Run_Collection: Invalid collection= MCollection{name='/current/sabgom/ROMS', dirName='/current/sabgom/ROMS', wantSubdirs=false, filter=WildcardMatchOnPath{wildcard=null regexp=his_.........*\.nc$}}
2016-02-15T00:05:00.004 +0000 WARN  - MFileCollectionManager: No files found for SABGOM_Forecast_Model_Run_Collection
2016-02-15T01:05:00.007 +0000 ERROR - SABGOM_Forecast_Model_Run_Collection: Invalid collection= MCollection{name='/current/sabgom/ROMS', dirName='/current/sabgom/ROMS', wantSubdirs=false, filter=WildcardMatchOnPath{wildcard=null regexp=his_.........*\.nc$}}
2016-02-15T01:05:00.008 +0000 WARN  - MFileCollectionManager: No files found for SABGOM_Forecast_Model_Run_Collection
2016-02-15T02:05:00.004 +0000 ERROR - SABGOM_Forecast_Model_Run_Collection: Invalid collection= MCollection{name='/current/sabgom/ROMS', dirName='/current/sabgom/ROMS', wantSubdirs=false, filter=WildcardMatchOnPath{wildcard=null regexp=his_.........*\.nc$}}
2016-02-15T02:05:00.004 +0000 WARN  - MFileCollectionManager: No files found for SABGOM_Forecast_Model_Run_Collection
2016-02-15T03:05:00.002 +0000 ERROR - SABGOM_Forecast_Model_Run_Collection: Invalid collection= MCollection{name='/current/sabgom/ROMS', dirName='/current/sabgom/ROMS', wantSubdirs=false, filter=WildcardMatchOnPath{wildcard=null regexp=his_.........*\.nc$}}
2016-02-15T03:05:00.002 +0000 WARN  - MFileCollectionManager: No files found for SABGOM_Forecast_Model_Run_Collection
2016-02-15T04:05:00.002 +0000 ERROR - SABGOM_Forecast_Model_Run_Collection: Invalid collection= MCollection{name='/current/sabgom/ROMS', dirName='/current/sabgom/ROMS', wantSubdirs=false, filter=WildcardMatchOnPath{wildcard=null regexp=his_.........*\.nc$}}
2016-02-15T04:05:00.002 +0000 WARN  - MFileCollectionManager: No files found for SABGOM_Forecast_Model_Run_Collection
2016-02-15T05:05:00.002 +0000 ERROR - SABGOM_Forecast_Model_Run_Collection: Invalid collection= MCollection{name='/current/sabgom/ROMS', dirName='/current/sabgom/ROMS', wantSubdirs=false, filter=WildcardMatchOnPath{wildcard=null regexp=his_.........*\.nc$}}
2016-02-15T05:05:00.002 +0000 WARN  - MFileCollectionManager: No files found for SABGOM_Forecast_Model_Run_Collection
2016-02-15T06:05:00.002 +0000 ERROR - SABGOM_Forecast_Model_Run_Collection: Invalid collection= MCollection{name='/current/sabgom/ROMS', dirName='/current/sabgom/ROMS', wantSubdirs=false, filter=WildcardMatchOnPath{wildcard=null regexp=his_.........*\.nc$}}
2016-02-15T06:05:00.002 +0000 WARN  - MFileCollectionManager: No files found for SABGOM_Forecast_Model_Run_Collection
2016-02-15T07:05:00.002 +0000 ERROR - SABGOM_Forecast_Model_Run_Collection: Invalid collection= MCollection{name='/current/sabgom/ROMS', dirName='/current/sabgom/ROMS', wantSubdirs=false, filter=WildcardMatchOnPath{wildcard=null regexp=his_.........*\.nc$}}
2016-02-15T07:05:00.002 +0000 WARN  - MFileCollectionManager: No files found for SABGOM_Forecast_Model_Run_Collection
2016-02-15T08:05:00.001 +0000 ERROR - SABGOM_Forecast_Model_Run_Collection: Invalid collection= MCollection{name='/current/sabgom/ROMS', dirName='/current/sabgom/ROMS', wantSubdirs=false, filter=WildcardMatchOnPath{wildcard=null regexp=his_.........*\.nc$}}
2016-02-15T08:05:00.002 +0000 WARN  - MFileCollectionManager: No files found for SABGOM_Forecast_Model_Run_Collection
2016-02-15T09:05:00.002 +0000 ERROR - SABGOM_Forecast_Model_Run_Collection: Invalid collection= MCollection{name='/current/sabgom/ROMS', dirName='/current/sabgom/ROMS', wantSubdirs=false, filter=WildcardMatchOnPath{wildcard=null regexp=his_.........*\.nc$}}
2016-02-15T09:05:00.002 +0000 WARN  - MFileCollectionManager: No files found for SABGOM_Forecast_Model_Run_Collection
2016-02-15T10:05:00.007 +0000 ERROR - SABGOM_Forecast_Model_Run_Collection: Invalid collection= MCollection{name='/current/sabgom/ROMS', dirName='/current/sabgom/ROMS', wantSubdirs=false, filter=WildcardMatchOnPath{wildcard=null regexp=his_.........*\.nc$}}
2016-02-15T10:05:00.008 +0000 WARN  - MFileCollectionManager: No files found for SABGOM_Forecast_Model_Run_Collection
2016-02-15T11:05:00.002 +0000 ERROR - SABGOM_Forecast_Model_Run_Collection: Invalid collection= MCollection{name='/current/sabgom/ROMS', dirName='/current/sabgom/ROMS', wantSubdirs=false, filter=WildcardMatchOnPath{wildcard=null regexp=his_.........*\.nc$}}
2016-02-15T11:05:00.003 +0000 WARN  - MFileCollectionManager: No files found for SABGOM_Forecast_Model_Run_Collection
2016-02-15T12:05:00.001 +0000 ERROR - SABGOM_Forecast_Model_Run_Collection: Invalid collection= MCollection{name='/current/sabgom/ROMS', dirName='/current/sabgom/ROMS', wantSubdirs=false, filter=WildcardMatchOnPath{wildcard=null regexp=his_.........*\.nc$}}
2016-02-15T12:05:00.002 +0000 WARN  - MFileCollectionManager: No files found for SABGOM_Forecast_Model_Run_Collection
2016-02-15T13:05:00.004 +0000 ERROR - SABGOM_Forecast_Model_Run_Collection: Invalid collection= MCollection{name='/current/sabgom/ROMS', dirName='/current/sabgom/ROMS', wantSubdirs=false, filter=WildcardMatchOnPath{wildcard=null regexp=his_.........*\.nc$}}
2016-02-15T13:05:00.005 +0000 WARN  - MFileCollectionManager: No files found for SABGOM_Forecast_Model_Run_Collection
2016-02-15T14:05:00.002 +0000 ERROR - SABGOM_Forecast_Model_Run_Collection: Invalid collection= MCollection{name='/current/sabgom/ROMS', dirName='/current/sabgom/ROMS', wantSubdirs=false, filter=WildcardMatchOnPath{wildcard=null regexp=his_.........*\.nc$}}
2016-02-15T14:05:00.002 +0000 WARN  - MFileCollectionManager: No files found for SABGOM_Forecast_Model_Run_Collection
2016-02-15T15:05:00.002 +0000 ERROR - SABGOM_Forecast_Model_Run_Collection: Invalid collection= MCollection{name='/current/sabgom/ROMS', dirName='/current/sabgom/ROMS', wantSubdirs=false, filter=WildcardMatchOnPath{wildcard=null regexp=his_.........*\.nc$}}
2016-02-15T15:05:00.002 +0000 WARN  - MFileCollectionManager: No files found for SABGOM_Forecast_Model_Run_Collection
2016-02-15T16:05:00.001 +0000 ERROR - SABGOM_Forecast_Model_Run_Collection: Invalid collection= MCollection{name='/current/sabgom/ROMS', dirName='/current/sabgom/ROMS', wantSubdirs=false, filter=WildcardMatchOnPath{wildcard=null regexp=his_.........*\.nc$}}
2016-02-15T16:05:00.002 +0000 WARN  - MFileCollectionManager: No files found for SABGOM_Forecast_Model_Run_Collection
2016-02-15T17:05:00.002 +0000 ERROR - SABGOM_Forecast_Model_Run_Collection: Invalid collection= MCollection{name='/current/sabgom/ROMS', dirName='/current/sabgom/ROMS', wantSubdirs=false, filter=WildcardMatchOnPath{wildcard=null regexp=his_.........*\.nc$}}
2016-02-15T17:05:00.002 +0000 WARN  - MFileCollectionManager: No files found for SABGOM_Forecast_Model_Run_Collection
2016-02-15T18:05:00.002 +0000 ERROR - SABGOM_Forecast_Model_Run_Collection: Invalid collection= MCollection{name='/current/sabgom/ROMS', dirName='/current/sabgom/ROMS', wantSubdirs=false, filter=WildcardMatchOnPath{wildcard=null regexp=his_.........*\.nc$}}
2016-02-15T18:05:00.002 +0000 WARN  - MFileCollectionManager: No files found for SABGOM_Forecast_Model_Run_Collection
2016-02-15T19:05:00.001 +0000 ERROR - SABGOM_Forecast_Model_Run_Collection: Invalid collection= MCollection{name='/current/sabgom/ROMS', dirName='/current/sabgom/ROMS', wantSubdirs=false, filter=WildcardMatchOnPath{wildcard=null regexp=his_.........*\.nc$}}
2016-02-15T19:05:00.001 +0000 WARN  - MFileCollectionManager: No files found for SABGOM_Forecast_Model_Run_Collection
2016-02-15T20:05:00.002 +0000 ERROR - SABGOM_Forecast_Model_Run_Collection: Invalid collection= MCollection{name='/current/sabgom/ROMS', dirName='/current/sabgom/ROMS', wantSubdirs=false, filter=WildcardMatchOnPath{wildcard=null regexp=his_.........*\.nc$}}
2016-02-15T20:05:00.002 +0000 WARN  - MFileCollectionManager: No files found for SABGOM_Forecast_Model_Run_Collection
2016-02-15T21:05:00.001 +0000 ERROR - SABGOM_Forecast_Model_Run_Collection: Invalid collection= MCollection{name='/current/sabgom/ROMS', dirName='/current/sabgom/ROMS', wantSubdirs=false, filter=WildcardMatchOnPath{wildcard=null regexp=his_.........*\.nc$}}
2016-02-15T21:05:00.001 +0000 WARN  - MFileCollectionManager: No files found for SABGOM_Forecast_Model_Run_Collection
2016-02-15T22:05:00.001 +0000 ERROR - SABGOM_Forecast_Model_Run_Collection: Invalid collection= MCollection{name='/current/sabgom/ROMS', dirName='/current/sabgom/ROMS', wantSubdirs=false, filter=WildcardMatchOnPath{wildcard=null regexp=his_.........*\.nc$}}
2016-02-15T22:05:00.003 +0000 WARN  - MFileCollectionManager: No files found for SABGOM_Forecast_Model_Run_Collection
2016-02-15T23:05:00.005 +0000 ERROR - SABGOM_Forecast_Model_Run_Collection: Invalid collection= MCollection{name='/current/sabgom/ROMS', dirName='/current/sabgom/ROMS', wantSubdirs=false, filter=WildcardMatchOnPath{wildcard=null regexp=his_.........*\.nc$}}
2016-02-15T23:05:00.006 +0000 WARN  - MFileCollectionManager: No files found for SABGOM_Forecast_Model_Run_Collection
2016-02-16T00:05:00.002 +0000 ERROR - SABGOM_Forecast_Model_Run_Collection: Invalid collection= MCollection{name='/current/sabgom/ROMS', dirName='/current/sabgom/ROMS', wantSubdirs=false, filter=WildcardMatchOnPath{wildcard=null regexp=his_.........*\.nc$}}
2016-02-16T00:05:00.002 +0000 WARN  - MFileCollectionManager: No files found for SABGOM_Forecast_Model_Run_Collection
2016-02-16T01:05:00.002 +0000 ERROR - SABGOM_Forecast_Model_Run_Collection: Invalid collection= MCollection{name='/current/sabgom/ROMS', dirName='/current/sabgom/ROMS', wantSubdirs=false, filter=WildcardMatchOnPath{wildcard=null regexp=his_.........*\.nc$}}
2016-02-16T01:05:00.002 +0000 WARN  - MFileCollectionManager: No files found for SABGOM_Forecast_Model_Run_Collection
2016-02-16T02:05:00.002 +0000 ERROR - SABGOM_Forecast_Model_Run_Collection: Invalid collection= MCollection{name='/current/sabgom/ROMS', dirName='/current/sabgom/ROMS', wantSubdirs=false, filter=WildcardMatchOnPath{wildcard=null regexp=his_.........*\.nc$}}
2016-02-16T02:05:00.002 +0000 WARN  - MFileCollectionManager: No files found for SABGOM_Forecast_Model_Run_Collection
2016-02-16T03:05:00.001 +0000 ERROR - SABGOM_Forecast_Model_Run_Collection: Invalid collection= MCollection{name='/current/sabgom/ROMS', dirName='/current/sabgom/ROMS', wantSubdirs=false, filter=WildcardMatchOnPath{wildcard=null regexp=his_.........*\.nc$}}
2016-02-16T03:05:00.002 +0000 WARN  - MFileCollectionManager: No files found for SABGOM_Forecast_Model_Run_Collection
2016-02-16T04:05:00.002 +0000 ERROR - SABGOM_Forecast_Model_Run_Collection: Invalid collection= MCollection{name='/current/sabgom/ROMS', dirName='/current/sabgom/ROMS', wantSubdirs=false, filter=WildcardMatchOnPath{wildcard=null regexp=his_.........*\.nc$}}
2016-02-16T04:05:00.002 +0000 WARN  - MFileCollectionManager: No files found for SABGOM_Forecast_Model_Run_Collection
2016-02-16T05:05:00.001 +0000 ERROR - SABGOM_Forecast_Model_Run_Collection: Invalid collection= MCollection{name='/current/sabgom/ROMS', dirName='/current/sabgom/ROMS', wantSubdirs=false, filter=WildcardMatchOnPath{wildcard=null regexp=his_.........*\.nc$}}
2016-02-16T05:05:00.002 +0000 WARN  - MFileCollectionManager: No files found for SABGOM_Forecast_Model_Run_Collection
2016-02-16T06:05:00.001 +0000 ERROR - SABGOM_Forecast_Model_Run_Collection: Invalid collection= MCollection{name='/current/sabgom/ROMS', dirName='/current/sabgom/ROMS', wantSubdirs=false, filter=WildcardMatchOnPath{wildcard=null regexp=his_.........*\.nc$}}
2016-02-16T06:05:00.002 +0000 WARN  - MFileCollectionManager: No files found for SABGOM_Forecast_Model_Run_Collection
2016-02-16T07:05:00.003 +0000 ERROR - SABGOM_Forecast_Model_Run_Collection: Invalid collection= MCollection{name='/current/sabgom/ROMS', dirName='/current/sabgom/ROMS', wantSubdirs=false, filter=WildcardMatchOnPath{wildcard=null regexp=his_.........*\.nc$}}
2016-02-16T07:05:00.004 +0000 WARN  - MFileCollectionManager: No files found for SABGOM_Forecast_Model_Run_Collection
2016-02-16T08:05:00.002 +0000 ERROR - SABGOM_Forecast_Model_Run_Collection: Invalid collection= MCollection{name='/current/sabgom/ROMS', dirName='/current/sabgom/ROMS', wantSubdirs=false, filter=WildcardMatchOnPath{wildcard=null regexp=his_.........*\.nc$}}
2016-02-16T08:05:00.002 +0000 WARN  - MFileCollectionManager: No files found for SABGOM_Forecast_Model_Run_Collection
2016-02-16T09:05:00.002 +0000 ERROR - SABGOM_Forecast_Model_Run_Collection: Invalid collection= MCollection{name='/current/sabgom/ROMS', dirName='/current/sabgom/ROMS', wantSubdirs=false, filter=WildcardMatchOnPath{wildcard=null regexp=his_.........*\.nc$}}
2016-02-16T09:05:00.002 +0000 WARN  - MFileCollectionManager: No files found for SABGOM_Forecast_Model_Run_Collection
2016-02-16T10:05:00.001 +0000 ERROR - SABGOM_Forecast_Model_Run_Collection: Invalid collection= MCollection{name='/current/sabgom/ROMS', dirName='/current/sabgom/ROMS', wantSubdirs=false, filter=WildcardMatchOnPath{wildcard=null regexp=his_.........*\.nc$}}
2016-02-16T10:05:00.002 +0000 WARN  - MFileCollectionManager: No files found for SABGOM_Forecast_Model_Run_Collection
2016-02-16T11:05:00.002 +0000 ERROR - SABGOM_Forecast_Model_Run_Collection: Invalid collection= MCollection{name='/current/sabgom/ROMS', dirName='/current/sabgom/ROMS', wantSubdirs=false, filter=WildcardMatchOnPath{wildcard=null regexp=his_.........*\.nc$}}
2016-02-16T11:05:00.002 +0000 WARN  - MFileCollectionManager: No files found for SABGOM_Forecast_Model_Run_Collection
2016-02-16T12:05:00.001 +0000 ERROR - SABGOM_Forecast_Model_Run_Collection: Invalid collection= MCollection{name='/current/sabgom/ROMS', dirName='/current/sabgom/ROMS', wantSubdirs=false, filter=WildcardMatchOnPath{wildcard=null regexp=his_.........*\.nc$}}
2016-02-16T12:05:00.001 +0000 WARN  - MFileCollectionManager: No files found for SABGOM_Forecast_Model_Run_Collection
2016-02-16T13:05:00.002 +0000 ERROR - SABGOM_Forecast_Model_Run_Collection: Invalid collection= MCollection{name='/current/sabgom/ROMS', dirName='/current/sabgom/ROMS', wantSubdirs=false, filter=WildcardMatchOnPath{wildcard=null regexp=his_.........*\.nc$}}
2016-02-16T13:05:00.002 +0000 WARN  - MFileCollectionManager: No files found for SABGOM_Forecast_Model_Run_Collection
2016-02-16T14:05:00.001 +0000 ERROR - SABGOM_Forecast_Model_Run_Collection: Invalid collection= MCollection{name='/current/sabgom/ROMS', dirName='/current/sabgom/ROMS', wantSubdirs=false, filter=WildcardMatchOnPath{wildcard=null regexp=his_.........*\.nc$}}
2016-02-16T14:05:00.001 +0000 WARN  - MFileCollectionManager: No files found for SABGOM_Forecast_Model_Run_Collection
2016-02-16T15:05:00.001 +0000 ERROR - SABGOM_Forecast_Model_Run_Collection: Invalid collection= MCollection{name='/current/sabgom/ROMS', dirName='/current/sabgom/ROMS', wantSubdirs=false, filter=WildcardMatchOnPath{wildcard=null regexp=his_.........*\.nc$}}
2016-02-16T15:05:00.001 +0000 WARN  - MFileCollectionManager: No files found for SABGOM_Forecast_Model_Run_Collection
2016-02-16T16:05:00.001 +0000 ERROR - SABGOM_Forecast_Model_Run_Collection: Invalid collection= MCollection{name='/current/sabgom/ROMS', dirName='/current/sabgom/ROMS', wantSubdirs=false, filter=WildcardMatchOnPath{wildcard=null regexp=his_.........*\.nc$}}
2016-02-16T16:05:00.002 +0000 WARN  - MFileCollectionManager: No files found for SABGOM_Forecast_Model_Run_Collection
2016-02-16T17:05:00.002 +0000 ERROR - SABGOM_Forecast_Model_Run_Collection: Invalid collection= MCollection{name='/current/sabgom/ROMS', dirName='/current/sabgom/ROMS', wantSubdirs=false, filter=WildcardMatchOnPath{wildcard=null regexp=his_.........*\.nc$}}
2016-02-16T17:05:00.002 +0000 WARN  - MFileCollectionManager: No files found for SABGOM_Forecast_Model_Run_Collection
2016-02-16T18:05:00.001 +0000 ERROR - SABGOM_Forecast_Model_Run_Collection: Invalid collection= MCollection{name='/current/sabgom/ROMS', dirName='/current/sabgom/ROMS', wantSubdirs=false, filter=WildcardMatchOnPath{wildcard=null regexp=his_.........*\.nc$}}
2016-02-16T18:05:00.002 +0000 WARN  - MFileCollectionManager: No files found for SABGOM_Forecast_Model_Run_Collection
2016-02-16T19:05:00.005 +0000 ERROR - SABGOM_Forecast_Model_Run_Collection: Invalid collection= MCollection{name='/current/sabgom/ROMS', dirName='/current/sabgom/ROMS', wantSubdirs=false, filter=WildcardMatchOnPath{wildcard=null regexp=his_.........*\.nc$}}
2016-02-16T19:05:00.005 +0000 WARN  - MFileCollectionManager: No files found for SABGOM_Forecast_Model_Run_Collection
2016-02-16T20:05:00.007 +0000 ERROR - SABGOM_Forecast_Model_Run_Collection: Invalid collection= MCollection{name='/current/sabgom/ROMS', dirName='/current/sabgom/ROMS', wantSubdirs=false, filter=WildcardMatchOnPath{wildcard=null regexp=his_.........*\.nc$}}
2016-02-16T20:05:00.007 +0000 WARN  - MFileCollectionManager: No files found for SABGOM_Forecast_Model_Run_Collection
2016-02-16T20:16:31.733 +0000 INFO  - FeatureCollection added = FeatureCollectionConfig name ='SABGOM Forecast Model Run Collection' collectionName='SABGOM_Forecast_Model_Run_Collection' type='FMRC'
  spec='/current/sabgom/ROMS/his_#yyyyMMdd#.*\.nc$'
  olderThan =10 min
  timePartition =directory
  updateConfig =UpdateConfig{userDefined=true, recheckAfter='null', rescan='0 5 * * * ? *', triggerOk=true, updateType=test}
  tdmConfig =UpdateConfig{userDefined=false, recheckAfter='null', rescan='null', triggerOk=true, updateType=test}
  ProtoConfig{choice=Penultimate, change='null', param='null', outerNcml='[Element: <netcdf [Namespace: http://www.unidata.ucar.edu/namespaces/netcdf/ncml-2.2]/>]', cacheAll=true}
  hasInnerNcml =true
  fmrcConfig =FmrcConfig: regularize=false datasetTypes=[Best]

2016-02-16T20:16:31.781 +0000 WARN  - MFileCollectionManager parse error =  Directory /current/sabgom/ROMS does not exist 
 
2016-02-16T20:16:31.829 +0000 INFO  - scheduleJob startup scan force=test for 'SABGOM_Forecast_Model_Run_Collection' at 2016-02-16T20:16:34.826+0000
2016-02-16T20:16:31.835 +0000 INFO  - scheduleJob recurring scan for 'SABGOM_Forecast_Model_Run_Collection' cronExpr=0 5 * * * ? *
2016-02-16T20:16:34.838 +0000 ERROR - SABGOM_Forecast_Model_Run_Collection: Invalid collection= MCollection{name='/current/sabgom/ROMS', dirName='/current/sabgom/ROMS', wantSubdirs=false, filter=WildcardMatchOnPath{wildcard=null regexp=his_.........*\.nc$}}
2016-02-16T20:16:34.839 +0000 WARN  - MFileCollectionManager: No files found for SABGOM_Forecast_Model_Run_Collection
2016-02-16T20:19:27.056 +0000 INFO  - FeatureCollection added = FeatureCollectionConfig name ='SABGOM Forecast Model Run Collection' collectionName='SABGOM_Forecast_Model_Run_Collection' type='FMRC'
  spec='/current/sabgom/ROMS/his_#yyyyMMdd#.*\.nc$'
  olderThan =10 min
  timePartition =directory
  updateConfig =UpdateConfig{userDefined=true, recheckAfter='null', rescan='0 5 * * * ? *', triggerOk=true, updateType=test}
  tdmConfig =UpdateConfig{userDefined=false, recheckAfter='null', rescan='null', triggerOk=true, updateType=test}
  ProtoConfig{choice=Penultimate, change='null', param='null', outerNcml='[Element: <netcdf [Namespace: http://www.unidata.ucar.edu/namespaces/netcdf/ncml-2.2]/>]', cacheAll=true}
  hasInnerNcml =true
  fmrcConfig =FmrcConfig: regularize=false datasetTypes=[Best]

2016-02-16T20:19:27.098 +0000 WARN  - MFileCollectionManager parse error =  Directory /current/sabgom/ROMS does not exist 
 
2016-02-16T20:19:27.133 +0000 INFO  - scheduleJob startup scan force=test for 'SABGOM_Forecast_Model_Run_Collection' at 2016-02-16T20:19:30.130+0000
2016-02-16T20:19:27.137 +0000 INFO  - scheduleJob recurring scan for 'SABGOM_Forecast_Model_Run_Collection' cronExpr=0 5 * * * ? *
2016-02-16T20:19:30.145 +0000 ERROR - SABGOM_Forecast_Model_Run_Collection: Invalid collection= MCollection{name='/current/sabgom/ROMS', dirName='/current/sabgom/ROMS', wantSubdirs=false, filter=WildcardMatchOnPath{wildcard=null regexp=his_.........*\.nc$}}
2016-02-16T20:19:30.147 +0000 WARN  - MFileCollectionManager: No files found for SABGOM_Forecast_Model_Run_Collection
2016-02-16T20:21:32.849 +0000 INFO  - FeatureCollection added = FeatureCollectionConfig name ='SABGOM Forecast Model Run Collection' collectionName='SABGOM_Forecast_Model_Run_Collection' type='FMRC'
  spec='/current/sabgom/ROMS/his_#yyyyMMdd#.*\.nc$'
  olderThan =10 min
  timePartition =directory
  updateConfig =UpdateConfig{userDefined=true, recheckAfter='null', rescan='0 5 * * * ? *', triggerOk=true, updateType=test}
  tdmConfig =UpdateConfig{userDefined=false, recheckAfter='null', rescan='null', triggerOk=true, updateType=test}
  ProtoConfig{choice=Penultimate, change='null', param='null', outerNcml='[Element: <netcdf [Namespace: http://www.unidata.ucar.edu/namespaces/netcdf/ncml-2.2]/>]', cacheAll=true}
  hasInnerNcml =true
  fmrcConfig =FmrcConfig: regularize=false datasetTypes=[Best]

2016-02-16T20:21:32.896 +0000 WARN  - MFileCollectionManager parse error =  Directory /current/sabgom/ROMS does not exist 
 
2016-02-16T20:21:32.943 +0000 INFO  - scheduleJob startup scan force=test for 'SABGOM_Forecast_Model_Run_Collection' at 2016-02-16T20:21:35.940+0000
2016-02-16T20:21:32.949 +0000 INFO  - scheduleJob recurring scan for 'SABGOM_Forecast_Model_Run_Collection' cronExpr=0 5 * * * ? *
2016-02-16T20:21:35.952 +0000 ERROR - SABGOM_Forecast_Model_Run_Collection: Invalid collection= MCollection{name='/current/sabgom/ROMS', dirName='/current/sabgom/ROMS', wantSubdirs=false, filter=WildcardMatchOnPath{wildcard=null regexp=his_.........*\.nc$}}
2016-02-16T20:21:35.953 +0000 WARN  - MFileCollectionManager: No files found for SABGOM_Forecast_Model_Run_Collection
2016-02-16T20:22:18.325 +0000 INFO  - FeatureCollection added = FeatureCollectionConfig name ='SABGOM Forecast Model Run Collection' collectionName='SABGOM_Forecast_Model_Run_Collection' type='FMRC'
  spec='/current/sabgom/ROMS/his_#yyyyMMdd#.*\.nc$'
  olderThan =10 min
  timePartition =directory
  updateConfig =UpdateConfig{userDefined=true, recheckAfter='null', rescan='0 5 * * * ? *', triggerOk=true, updateType=test}
  tdmConfig =UpdateConfig{userDefined=false, recheckAfter='null', rescan='null', triggerOk=true, updateType=test}
  ProtoConfig{choice=Penultimate, change='null', param='null', outerNcml='[Element: <netcdf [Namespace: http://www.unidata.ucar.edu/namespaces/netcdf/ncml-2.2]/>]', cacheAll=true}
  hasInnerNcml =true
  fmrcConfig =FmrcConfig: regularize=false datasetTypes=[Best]

2016-02-16T20:22:18.370 +0000 WARN  - MFileCollectionManager parse error =  Directory /current/sabgom/ROMS does not exist 
 
2016-02-16T20:22:18.406 +0000 INFO  - scheduleJob startup scan force=test for 'SABGOM_Forecast_Model_Run_Collection' at 2016-02-16T20:22:21.404+0000
2016-02-16T20:22:18.411 +0000 INFO  - scheduleJob recurring scan for 'SABGOM_Forecast_Model_Run_Collection' cronExpr=0 5 * * * ? *
2016-02-16T20:22:21.418 +0000 ERROR - SABGOM_Forecast_Model_Run_Collection: Invalid collection= MCollection{name='/current/sabgom/ROMS', dirName='/current/sabgom/ROMS', wantSubdirs=false, filter=WildcardMatchOnPath{wildcard=null regexp=his_.........*\.nc$}}
2016-02-16T20:22:21.419 +0000 WARN  - MFileCollectionManager: No files found for SABGOM_Forecast_Model_Run_Collection
2016-02-16T20:32:23.864 +0000 INFO  - FeatureCollection added = FeatureCollectionConfig name ='SABGOM Forecast Model Run Collection' collectionName='SABGOM_Forecast_Model_Run_Collection' type='FMRC'
  spec='/current/sabgom/ROMS/his_#yyyyMMdd#.*\.nc$'
  olderThan =10 min
  timePartition =directory
  updateConfig =UpdateConfig{userDefined=true, recheckAfter='null', rescan='0 5 * * * ? *', triggerOk=true, updateType=test}
  tdmConfig =UpdateConfig{userDefined=false, recheckAfter='null', rescan='null', triggerOk=true, updateType=test}
  ProtoConfig{choice=Penultimate, change='null', param='null', outerNcml='[Element: <netcdf [Namespace: http://www.unidata.ucar.edu/namespaces/netcdf/ncml-2.2]/>]', cacheAll=true}
  hasInnerNcml =true
  fmrcConfig =FmrcConfig: regularize=false datasetTypes=[Best]

2016-02-16T20:32:23.947 +0000 WARN  - MFileCollectionManager parse error =  Directory /current/sabgom/ROMS does not exist 
 
2016-02-16T20:32:24.028 +0000 INFO  - scheduleJob startup scan force=test for 'SABGOM_Forecast_Model_Run_Collection' at 2016-02-16T20:32:27.023+0000
2016-02-16T20:32:24.035 +0000 INFO  - scheduleJob recurring scan for 'SABGOM_Forecast_Model_Run_Collection' cronExpr=0 5 * * * ? *
2016-02-16T20:32:24.070 +0000 INFO  - FeatureCollection added = FeatureCollectionConfig name ='SABGOM Forecast Model Run Collection' collectionName='SABGOM_Forecast_Model_Run_Collection' type='FMRC'
  spec='/raid0/zxue/SABGOM_NF/**/his_#yyyyMMdd#.*\.nc$'
  olderThan =10 min
  timePartition =directory
  updateConfig =UpdateConfig{userDefined=true, recheckAfter='null', rescan='0 5 * * * ? *', triggerOk=true, updateType=test}
  tdmConfig =UpdateConfig{userDefined=false, recheckAfter='null', rescan='null', triggerOk=true, updateType=test}
  ProtoConfig{choice=Penultimate, change='null', param='null', outerNcml='[Element: <netcdf [Namespace: http://www.unidata.ucar.edu/namespaces/netcdf/ncml-2.2]/>]', cacheAll=true}
  hasInnerNcml =true
  fmrcConfig =FmrcConfig: regularize=false datasetTypes=[Best]

2016-02-16T20:32:24.070 +0000 WARN  - MFileCollectionManager parse error =  Directory /raid0/zxue/SABGOM_NF does not exist 
 
2016-02-16T20:32:24.070 +0000 WARN  - scheduler failed to add updateJob for UpdateCollection.SABGOM_Forecast_Model_Run_Collection. Another Job exists with that identification.
2016-02-16T20:32:24.071 +0000 ERROR - scheduleJob failed to schedule startup Job for FeatureCollectionConfig name ='SABGOM Forecast Model Run Collection' collectionName='SABGOM_Forecast_Model_Run_Collection' type='FMRC'
  spec='/raid0/zxue/SABGOM_NF/**/his_#yyyyMMdd#.*\.nc$'
  olderThan =10 min
  timePartition =directory
  updateConfig =UpdateConfig{userDefined=true, recheckAfter='null', rescan='0 5 * * * ? *', triggerOk=true, updateType=test}
  tdmConfig =UpdateConfig{userDefined=false, recheckAfter='null', rescan='null', triggerOk=true, updateType=test}
  ProtoConfig{choice=Penultimate, change='null', param='null', outerNcml='[Element: <netcdf [Namespace: http://www.unidata.ucar.edu/namespaces/netcdf/ncml-2.2]/>]', cacheAll=true}
  hasInnerNcml =true
  fmrcConfig =FmrcConfig: regularize=false datasetTypes=[Best]

org.quartz.ObjectAlreadyExistsException: Unable to store Trigger with name: 'SABGOM_Forecast_Model_Run_Collection' and group: 'startup', because one already exists with this identification.
	at org.quartz.simpl.RAMJobStore.storeTrigger(RAMJobStore.java:415) ~[quartz-2.2.0.jar:?]
	at org.quartz.core.QuartzScheduler.scheduleJob(QuartzScheduler.java:962) ~[quartz-2.2.0.jar:?]
	at org.quartz.impl.StdScheduler.scheduleJob(StdScheduler.java:258) ~[quartz-2.2.0.jar:?]
	at thredds.inventory.CollectionUpdater.scheduleTasks(CollectionUpdater.java:141) [cdm-4.6.4.jar:4.6.4]
	at thredds.catalog.InvDatasetFeatureCollection.finishConstruction(InvDatasetFeatureCollection.java:217) [tdcommon-4.6.4.jar:4.6.4]
	at thredds.catalog.InvDatasetFeatureCollection.factory(InvDatasetFeatureCollection.java:135) [tdcommon-4.6.4.jar:4.6.4]
	at sun.reflect.NativeMethodAccessorImpl.invoke0(Native Method) ~[?:1.8.0_73]
	at sun.reflect.NativeMethodAccessorImpl.invoke(NativeMethodAccessorImpl.java:62) ~[?:1.8.0_73]
	at sun.reflect.DelegatingMethodAccessorImpl.invoke(DelegatingMethodAccessorImpl.java:43) ~[?:1.8.0_73]
	at java.lang.reflect.Method.invoke(Method.java:497) ~[?:1.8.0_73]
	at thredds.catalog.parser.jdom.InvCatalogFactory10.readFeatureCollection(InvCatalogFactory10.java:346) [cdm-4.6.4.jar:4.6.4]
	at thredds.catalog.parser.jdom.InvCatalogFactory10.readDatasetInfo(InvCatalogFactory10.java:330) [cdm-4.6.4.jar:4.6.4]
	at thredds.catalog.parser.jdom.InvCatalogFactory10.readDataset(InvCatalogFactory10.java:242) [cdm-4.6.4.jar:4.6.4]
	at thredds.catalog.parser.jdom.InvCatalogFactory10.readCatalog(InvCatalogFactory10.java:191) [cdm-4.6.4.jar:4.6.4]
	at thredds.catalog.parser.jdom.InvCatalogFactory10.parseXML(InvCatalogFactory10.java:124) [cdm-4.6.4.jar:4.6.4]
	at thredds.catalog.InvCatalogFactory.readXML(InvCatalogFactory.java:471) [cdm-4.6.4.jar:4.6.4]
	at thredds.catalog.InvCatalogFactory.readXML(InvCatalogFactory.java:441) [cdm-4.6.4.jar:4.6.4]
	at thredds.servlet.DataRootHandler.readCatalog(DataRootHandler.java:463) [classes/:4.6.4]
	at thredds.servlet.DataRootHandler.initCatalog(DataRootHandler.java:339) [classes/:4.6.4]
	at thredds.servlet.DataRootHandler.initFollowCatrefs(DataRootHandler.java:580) [classes/:4.6.4]
	at thredds.servlet.DataRootHandler.initFollowCatrefs(DataRootHandler.java:585) [classes/:4.6.4]
	at thredds.servlet.DataRootHandler.initFollowCatrefs(DataRootHandler.java:585) [classes/:4.6.4]
	at thredds.servlet.DataRootHandler.initCatalog(DataRootHandler.java:381) [classes/:4.6.4]
	at thredds.servlet.DataRootHandler.initCatalogs(DataRootHandler.java:299) [classes/:4.6.4]
	at thredds.servlet.DataRootHandler.initCatalogs(DataRootHandler.java:279) [classes/:4.6.4]
	at thredds.servlet.DataRootHandler.afterPropertiesSet(DataRootHandler.java:191) [classes/:4.6.4]
	at org.springframework.beans.factory.support.AbstractAutowireCapableBeanFactory.invokeInitMethods(AbstractAutowireCapableBeanFactory.java:1633) [spring-beans-4.1.6.RELEASE.jar:4.1.6.RELEASE]
	at org.springframework.beans.factory.support.AbstractAutowireCapableBeanFactory.initializeBean(AbstractAutowireCapableBeanFactory.java:1570) [spring-beans-4.1.6.RELEASE.jar:4.1.6.RELEASE]
	at org.springframework.beans.factory.support.AbstractAutowireCapableBeanFactory.doCreateBean(AbstractAutowireCapableBeanFactory.java:539) [spring-beans-4.1.6.RELEASE.jar:4.1.6.RELEASE]
	at org.springframework.beans.factory.support.AbstractAutowireCapableBeanFactory.createBean(AbstractAutowireCapableBeanFactory.java:476) [spring-beans-4.1.6.RELEASE.jar:4.1.6.RELEASE]
	at org.springframework.beans.factory.support.AbstractBeanFactory$1.getObject(AbstractBeanFactory.java:303) [spring-beans-4.1.6.RELEASE.jar:4.1.6.RELEASE]
	at org.springframework.beans.factory.support.DefaultSingletonBeanRegistry.getSingleton(DefaultSingletonBeanRegistry.java:230) [spring-beans-4.1.6.RELEASE.jar:4.1.6.RELEASE]
	at org.springframework.beans.factory.support.AbstractBeanFactory.doGetBean(AbstractBeanFactory.java:299) [spring-beans-4.1.6.RELEASE.jar:4.1.6.RELEASE]
	at org.springframework.beans.factory.support.AbstractBeanFactory.getBean(AbstractBeanFactory.java:194) [spring-beans-4.1.6.RELEASE.jar:4.1.6.RELEASE]
	at org.springframework.beans.factory.support.DefaultListableBeanFactory.preInstantiateSingletons(DefaultListableBeanFactory.java:755) [spring-beans-4.1.6.RELEASE.jar:4.1.6.RELEASE]
	at org.springframework.context.support.AbstractApplicationContext.finishBeanFactoryInitialization(AbstractApplicationContext.java:757) [spring-context-4.1.6.RELEASE.jar:4.1.6.RELEASE]
	at org.springframework.context.support.AbstractApplicationContext.refresh(AbstractApplicationContext.java:480) [spring-context-4.1.6.RELEASE.jar:4.1.6.RELEASE]
	at org.springframework.web.context.ContextLoader.configureAndRefreshWebApplicationContext(ContextLoader.java:403) [spring-web-4.1.6.RELEASE.jar:4.1.6.RELEASE]
	at org.springframework.web.context.ContextLoader.initWebApplicationContext(ContextLoader.java:306) [spring-web-4.1.6.RELEASE.jar:4.1.6.RELEASE]
	at org.springframework.web.context.ContextLoaderListener.contextInitialized(ContextLoaderListener.java:106) [spring-web-4.1.6.RELEASE.jar:4.1.6.RELEASE]
	at org.apache.catalina.core.StandardContext.listenerStart(StandardContext.java:4812) [catalina.jar:8.0.32]
	at org.apache.catalina.core.StandardContext.startInternal(StandardContext.java:5255) [catalina.jar:8.0.32]
	at org.apache.catalina.util.LifecycleBase.start(LifecycleBase.java:147) [catalina.jar:8.0.32]
	at org.apache.catalina.core.StandardContext.reload(StandardContext.java:3828) [catalina.jar:8.0.32]
	at org.apache.catalina.startup.HostConfig.reload(HostConfig.java:1371) [catalina.jar:8.0.32]
	at org.apache.catalina.startup.HostConfig.checkResources(HostConfig.java:1344) [catalina.jar:8.0.32]
	at org.apache.catalina.startup.HostConfig.check(HostConfig.java:1577) [catalina.jar:8.0.32]
	at org.apache.catalina.startup.HostConfig.lifecycleEvent(HostConfig.java:284) [catalina.jar:8.0.32]
	at org.apache.catalina.util.LifecycleSupport.fireLifecycleEvent(LifecycleSupport.java:95) [catalina.jar:8.0.32]
	at org.apache.catalina.util.LifecycleBase.fireLifecycleEvent(LifecycleBase.java:90) [catalina.jar:8.0.32]
	at org.apache.catalina.core.ContainerBase.backgroundProcess(ContainerBase.java:1141) [catalina.jar:8.0.32]
	at org.apache.catalina.core.ContainerBase$ContainerBackgroundProcessor.processChildren(ContainerBase.java:1377) [catalina.jar:8.0.32]
	at org.apache.catalina.core.ContainerBase$ContainerBackgroundProcessor.processChildren(ContainerBase.java:1381) [catalina.jar:8.0.32]
	at org.apache.catalina.core.ContainerBase$ContainerBackgroundProcessor.run(ContainerBase.java:1349) [catalina.jar:8.0.32]
	at java.lang.Thread.run(Thread.java:745) [?:1.8.0_73]
2016-02-16T20:32:27.038 +0000 ERROR - SABGOM_Forecast_Model_Run_Collection: Invalid collection= MCollection{name='/current/sabgom/ROMS', dirName='/current/sabgom/ROMS', wantSubdirs=false, filter=WildcardMatchOnPath{wildcard=null regexp=his_.........*\.nc$}}
2016-02-16T20:32:27.039 +0000 WARN  - MFileCollectionManager: No files found for SABGOM_Forecast_Model_Run_Collection
2016-02-16T20:44:49.781 +0000 INFO  - FeatureCollection added = FeatureCollectionConfig name ='SABGOM Forecast Model Run Collection' collectionName='SABGOM_Forecast_Model_Run_Collection' type='FMRC'
  spec='/current/sabgom/ROMS/his_#yyyyMMdd#.*\.nc$'
  olderThan =10 min
  timePartition =directory
  updateConfig =UpdateConfig{userDefined=true, recheckAfter='null', rescan='0 5 * * * ? *', triggerOk=true, updateType=test}
  tdmConfig =UpdateConfig{userDefined=false, recheckAfter='null', rescan='null', triggerOk=true, updateType=test}
  ProtoConfig{choice=Penultimate, change='null', param='null', outerNcml='[Element: <netcdf [Namespace: http://www.unidata.ucar.edu/namespaces/netcdf/ncml-2.2]/>]', cacheAll=true}
  hasInnerNcml =true
  fmrcConfig =FmrcConfig: regularize=false datasetTypes=[Best]

2016-02-16T20:44:49.827 +0000 WARN  - MFileCollectionManager parse error =  Directory /current/sabgom/ROMS does not exist 
 
2016-02-16T20:44:49.872 +0000 INFO  - scheduleJob startup scan force=test for 'SABGOM_Forecast_Model_Run_Collection' at 2016-02-16T20:44:52.869+0000
2016-02-16T20:44:49.879 +0000 INFO  - scheduleJob recurring scan for 'SABGOM_Forecast_Model_Run_Collection' cronExpr=0 5 * * * ? *
2016-02-16T20:44:52.882 +0000 ERROR - SABGOM_Forecast_Model_Run_Collection: Invalid collection= MCollection{name='/current/sabgom/ROMS', dirName='/current/sabgom/ROMS', wantSubdirs=false, filter=WildcardMatchOnPath{wildcard=null regexp=his_.........*\.nc$}}
2016-02-16T20:44:52.883 +0000 WARN  - MFileCollectionManager: No files found for SABGOM_Forecast_Model_Run_Collection
2016-02-16T20:47:05.183 +0000 INFO  - FeatureCollection added = FeatureCollectionConfig name ='SABGOM Forecast Model Run Collection' collectionName='SABGOM_Forecast_Model_Run_Collection' type='FMRC'
  spec='/current/sabgom/ROMS/his_#yyyyMMdd#.*\.nc$'
  olderThan =10 min
  timePartition =directory
  updateConfig =UpdateConfig{userDefined=true, recheckAfter='null', rescan='0 5 * * * ? *', triggerOk=true, updateType=test}
  tdmConfig =UpdateConfig{userDefined=false, recheckAfter='null', rescan='null', triggerOk=true, updateType=test}
  ProtoConfig{choice=Penultimate, change='null', param='null', outerNcml='[Element: <netcdf [Namespace: http://www.unidata.ucar.edu/namespaces/netcdf/ncml-2.2]/>]', cacheAll=true}
  hasInnerNcml =true
  fmrcConfig =FmrcConfig: regularize=false datasetTypes=[Best]

2016-02-16T20:47:05.231 +0000 WARN  - MFileCollectionManager parse error =  Directory /current/sabgom/ROMS does not exist 
 
2016-02-16T20:47:05.277 +0000 INFO  - scheduleJob startup scan force=test for 'SABGOM_Forecast_Model_Run_Collection' at 2016-02-16T20:47:08.274+0000
2016-02-16T20:47:05.283 +0000 INFO  - scheduleJob recurring scan for 'SABGOM_Forecast_Model_Run_Collection' cronExpr=0 5 * * * ? *
2016-02-16T20:47:08.287 +0000 ERROR - SABGOM_Forecast_Model_Run_Collection: Invalid collection= MCollection{name='/current/sabgom/ROMS', dirName='/current/sabgom/ROMS', wantSubdirs=false, filter=WildcardMatchOnPath{wildcard=null regexp=his_.........*\.nc$}}
2016-02-16T20:47:08.288 +0000 WARN  - MFileCollectionManager: No files found for SABGOM_Forecast_Model_Run_Collection
2016-02-16T20:52:30.252 +0000 INFO  - FeatureCollection added = FeatureCollectionConfig name ='SABGOM Forecast Model Run Collection' collectionName='SABGOM_Forecast_Model_Run_Collection' type='FMRC'
  spec='/current/sabgom/ROMS/his_#yyyyMMdd#.*\.nc$'
  olderThan =10 min
  timePartition =directory
  updateConfig =UpdateConfig{userDefined=true, recheckAfter='null', rescan='0 5 * * * ? *', triggerOk=true, updateType=test}
  tdmConfig =UpdateConfig{userDefined=false, recheckAfter='null', rescan='null', triggerOk=true, updateType=test}
  ProtoConfig{choice=Penultimate, change='null', param='null', outerNcml='[Element: <netcdf [Namespace: http://www.unidata.ucar.edu/namespaces/netcdf/ncml-2.2]/>]', cacheAll=true}
  hasInnerNcml =true
  fmrcConfig =FmrcConfig: regularize=false datasetTypes=[Best]

2016-02-16T20:52:30.302 +0000 WARN  - MFileCollectionManager parse error =  Directory /current/sabgom/ROMS does not exist 
 
2016-02-16T20:52:30.348 +0000 INFO  - scheduleJob startup scan force=test for 'SABGOM_Forecast_Model_Run_Collection' at 2016-02-16T20:52:33.345+0000
2016-02-16T20:52:30.353 +0000 INFO  - scheduleJob recurring scan for 'SABGOM_Forecast_Model_Run_Collection' cronExpr=0 5 * * * ? *
2016-02-16T20:52:33.357 +0000 ERROR - SABGOM_Forecast_Model_Run_Collection: Invalid collection= MCollection{name='/current/sabgom/ROMS', dirName='/current/sabgom/ROMS', wantSubdirs=false, filter=WildcardMatchOnPath{wildcard=null regexp=his_.........*\.nc$}}
2016-02-16T20:52:33.360 +0000 WARN  - MFileCollectionManager: No files found for SABGOM_Forecast_Model_Run_Collection
2016-02-16T20:54:25.687 +0000 INFO  - FeatureCollection added = FeatureCollectionConfig name ='SABGOM Forecast Model Run Collection' collectionName='SABGOM_Forecast_Model_Run_Collection' type='FMRC'
  spec='/current/sabgom/ROMS/his_#yyyyMMdd#.*\.nc$'
  olderThan =10 min
  timePartition =directory
  updateConfig =UpdateConfig{userDefined=true, recheckAfter='null', rescan='0 5 * * * ? *', triggerOk=true, updateType=test}
  tdmConfig =UpdateConfig{userDefined=false, recheckAfter='null', rescan='null', triggerOk=true, updateType=test}
  ProtoConfig{choice=Penultimate, change='null', param='null', outerNcml='[Element: <netcdf [Namespace: http://www.unidata.ucar.edu/namespaces/netcdf/ncml-2.2]/>]', cacheAll=true}
  hasInnerNcml =true
  fmrcConfig =FmrcConfig: regularize=false datasetTypes=[Best]

2016-02-16T20:54:25.728 +0000 WARN  - MFileCollectionManager parse error =  Directory /current/sabgom/ROMS does not exist 
 
2016-02-16T20:54:25.762 +0000 INFO  - scheduleJob startup scan force=test for 'SABGOM_Forecast_Model_Run_Collection' at 2016-02-16T20:54:28.760+0000
2016-02-16T20:54:25.766 +0000 INFO  - scheduleJob recurring scan for 'SABGOM_Forecast_Model_Run_Collection' cronExpr=0 5 * * * ? *
2016-02-16T20:54:28.779 +0000 ERROR - SABGOM_Forecast_Model_Run_Collection: Invalid collection= MCollection{name='/current/sabgom/ROMS', dirName='/current/sabgom/ROMS', wantSubdirs=false, filter=WildcardMatchOnPath{wildcard=null regexp=his_.........*\.nc$}}
2016-02-16T20:54:28.780 +0000 WARN  - MFileCollectionManager: No files found for SABGOM_Forecast_Model_Run_Collection
2016-02-16T21:01:31.004 +0000 INFO  - FeatureCollection added = FeatureCollectionConfig name ='SABGOM Forecast Model Run Collection' collectionName='SABGOM_Forecast_Model_Run_Collection' type='FMRC'
  spec='/current/sabgom/ROMS/his_#yyyyMMdd#.*\.nc$'
  olderThan =10 min
  timePartition =directory
  updateConfig =UpdateConfig{userDefined=true, recheckAfter='null', rescan='0 5 * * * ? *', triggerOk=true, updateType=test}
  tdmConfig =UpdateConfig{userDefined=false, recheckAfter='null', rescan='null', triggerOk=true, updateType=test}
  ProtoConfig{choice=Penultimate, change='null', param='null', outerNcml='[Element: <netcdf [Namespace: http://www.unidata.ucar.edu/namespaces/netcdf/ncml-2.2]/>]', cacheAll=true}
  hasInnerNcml =true
  fmrcConfig =FmrcConfig: regularize=false datasetTypes=[Best]

2016-02-16T21:01:31.051 +0000 WARN  - MFileCollectionManager parse error =  Directory /current/sabgom/ROMS does not exist 
 
2016-02-16T21:01:31.096 +0000 INFO  - scheduleJob startup scan force=test for 'SABGOM_Forecast_Model_Run_Collection' at 2016-02-16T21:01:34.093+0000
2016-02-16T21:01:31.102 +0000 INFO  - scheduleJob recurring scan for 'SABGOM_Forecast_Model_Run_Collection' cronExpr=0 5 * * * ? *
2016-02-16T21:01:34.106 +0000 ERROR - SABGOM_Forecast_Model_Run_Collection: Invalid collection= MCollection{name='/current/sabgom/ROMS', dirName='/current/sabgom/ROMS', wantSubdirs=false, filter=WildcardMatchOnPath{wildcard=null regexp=his_.........*\.nc$}}
2016-02-16T21:01:34.107 +0000 WARN  - MFileCollectionManager: No files found for SABGOM_Forecast_Model_Run_Collection
2016-02-16T21:05:00.001 +0000 ERROR - SABGOM_Forecast_Model_Run_Collection: Invalid collection= MCollection{name='/current/sabgom/ROMS', dirName='/current/sabgom/ROMS', wantSubdirs=false, filter=WildcardMatchOnPath{wildcard=null regexp=his_.........*\.nc$}}
2016-02-16T21:05:00.002 +0000 WARN  - MFileCollectionManager: No files found for SABGOM_Forecast_Model_Run_Collection
2016-02-16T21:11:07.635 +0000 INFO  - FeatureCollection added = FeatureCollectionConfig name ='SABGOM Forecast Model Run Collection' collectionName='SABGOM_Forecast_Model_Run_Collection' type='FMRC'
  spec='/current/sabgom/ROMS/his_#yyyyMMdd#.*\.nc$'
  olderThan =10 min
  timePartition =directory
  updateConfig =UpdateConfig{userDefined=true, recheckAfter='null', rescan='0 5 * * * ? *', triggerOk=true, updateType=test}
  tdmConfig =UpdateConfig{userDefined=false, recheckAfter='null', rescan='null', triggerOk=true, updateType=test}
  ProtoConfig{choice=Penultimate, change='null', param='null', outerNcml='[Element: <netcdf [Namespace: http://www.unidata.ucar.edu/namespaces/netcdf/ncml-2.2]/>]', cacheAll=true}
  hasInnerNcml =true
  fmrcConfig =FmrcConfig: regularize=false datasetTypes=[Best]

2016-02-16T21:11:07.683 +0000 WARN  - MFileCollectionManager parse error =  Directory /current/sabgom/ROMS does not exist 
 
2016-02-16T21:11:07.729 +0000 INFO  - scheduleJob startup scan force=test for 'SABGOM_Forecast_Model_Run_Collection' at 2016-02-16T21:11:10.726+0000
2016-02-16T21:11:07.734 +0000 INFO  - scheduleJob recurring scan for 'SABGOM_Forecast_Model_Run_Collection' cronExpr=0 5 * * * ? *
2016-02-16T21:11:10.739 +0000 ERROR - SABGOM_Forecast_Model_Run_Collection: Invalid collection= MCollection{name='/current/sabgom/ROMS', dirName='/current/sabgom/ROMS', wantSubdirs=false, filter=WildcardMatchOnPath{wildcard=null regexp=his_.........*\.nc$}}
2016-02-16T21:11:10.740 +0000 WARN  - MFileCollectionManager: No files found for SABGOM_Forecast_Model_Run_Collection
2016-02-16T21:13:23.174 +0000 INFO  - FeatureCollection added = FeatureCollectionConfig name ='SABGOM Forecast Model Run Collection' collectionName='SABGOM_Forecast_Model_Run_Collection' type='FMRC'
  spec='/current/sabgom/ROMS/his_#yyyyMMdd#.*\.nc$'
  olderThan =10 min
  timePartition =directory
  updateConfig =UpdateConfig{userDefined=true, recheckAfter='null', rescan='0 5 * * * ? *', triggerOk=true, updateType=test}
  tdmConfig =UpdateConfig{userDefined=false, recheckAfter='null', rescan='null', triggerOk=true, updateType=test}
  ProtoConfig{choice=Penultimate, change='null', param='null', outerNcml='[Element: <netcdf [Namespace: http://www.unidata.ucar.edu/namespaces/netcdf/ncml-2.2]/>]', cacheAll=true}
  hasInnerNcml =true
  fmrcConfig =FmrcConfig: regularize=false datasetTypes=[Best]

2016-02-16T21:13:23.217 +0000 WARN  - MFileCollectionManager parse error =  Directory /current/sabgom/ROMS does not exist 
 
2016-02-16T21:13:23.254 +0000 INFO  - scheduleJob startup scan force=test for 'SABGOM_Forecast_Model_Run_Collection' at 2016-02-16T21:13:26.252+0000
2016-02-16T21:13:23.259 +0000 INFO  - scheduleJob recurring scan for 'SABGOM_Forecast_Model_Run_Collection' cronExpr=0 5 * * * ? *
2016-02-16T21:13:26.264 +0000 ERROR - SABGOM_Forecast_Model_Run_Collection: Invalid collection= MCollection{name='/current/sabgom/ROMS', dirName='/current/sabgom/ROMS', wantSubdirs=false, filter=WildcardMatchOnPath{wildcard=null regexp=his_.........*\.nc$}}
2016-02-16T21:13:26.266 +0000 WARN  - MFileCollectionManager: No files found for SABGOM_Forecast_Model_Run_Collection
2016-02-16T21:21:38.159 +0000 INFO  - FeatureCollection added = FeatureCollectionConfig name ='SABGOM Forecast Model Run Collection' collectionName='SABGOM_Forecast_Model_Run_Collection' type='FMRC'
  spec='/current/sabgom/ROMS/his_#yyyyMMdd#.*\.nc$'
  olderThan =10 min
  timePartition =directory
  updateConfig =UpdateConfig{userDefined=true, recheckAfter='null', rescan='0 5 * * * ? *', triggerOk=true, updateType=test}
  tdmConfig =UpdateConfig{userDefined=false, recheckAfter='null', rescan='null', triggerOk=true, updateType=test}
  ProtoConfig{choice=Penultimate, change='null', param='null', outerNcml='[Element: <netcdf [Namespace: http://www.unidata.ucar.edu/namespaces/netcdf/ncml-2.2]/>]', cacheAll=true}
  hasInnerNcml =true
  fmrcConfig =FmrcConfig: regularize=false datasetTypes=[Best]

2016-02-16T21:21:38.212 +0000 WARN  - MFileCollectionManager parse error =  Directory /current/sabgom/ROMS does not exist 
 
2016-02-16T21:21:38.256 +0000 INFO  - scheduleJob startup scan force=test for 'SABGOM_Forecast_Model_Run_Collection' at 2016-02-16T21:21:41.253+0000
2016-02-16T21:21:38.262 +0000 INFO  - scheduleJob recurring scan for 'SABGOM_Forecast_Model_Run_Collection' cronExpr=0 5 * * * ? *
2016-02-16T21:21:41.267 +0000 ERROR - SABGOM_Forecast_Model_Run_Collection: Invalid collection= MCollection{name='/current/sabgom/ROMS', dirName='/current/sabgom/ROMS', wantSubdirs=false, filter=WildcardMatchOnPath{wildcard=null regexp=his_.........*\.nc$}}
2016-02-16T21:21:41.268 +0000 WARN  - MFileCollectionManager: No files found for SABGOM_Forecast_Model_Run_Collection
2016-02-16T21:39:43.788 +0000 INFO  - FeatureCollection added = FeatureCollectionConfig name ='SABGOM Forecast Model Run Collection' collectionName='SABGOM_Forecast_Model_Run_Collection' type='FMRC'
  spec='/current/sabgom/ROMS/his_#yyyyMMdd#.*\.nc$'
  olderThan =10 min
  timePartition =directory
  updateConfig =UpdateConfig{userDefined=true, recheckAfter='null', rescan='0 5 * * * ? *', triggerOk=true, updateType=test}
  tdmConfig =UpdateConfig{userDefined=false, recheckAfter='null', rescan='null', triggerOk=true, updateType=test}
  ProtoConfig{choice=Penultimate, change='null', param='null', outerNcml='[Element: <netcdf [Namespace: http://www.unidata.ucar.edu/namespaces/netcdf/ncml-2.2]/>]', cacheAll=true}
  hasInnerNcml =true
  fmrcConfig =FmrcConfig: regularize=false datasetTypes=[Best]

2016-02-16T21:39:43.839 +0000 WARN  - MFileCollectionManager parse error =  Directory /current/sabgom/ROMS does not exist 
 
2016-02-16T21:39:43.885 +0000 INFO  - scheduleJob startup scan force=test for 'SABGOM_Forecast_Model_Run_Collection' at 2016-02-16T21:39:46.882+0000
2016-02-16T21:39:43.894 +0000 INFO  - scheduleJob recurring scan for 'SABGOM_Forecast_Model_Run_Collection' cronExpr=0 5 * * * ? *
2016-02-16T21:39:46.895 +0000 ERROR - SABGOM_Forecast_Model_Run_Collection: Invalid collection= MCollection{name='/current/sabgom/ROMS', dirName='/current/sabgom/ROMS', wantSubdirs=false, filter=WildcardMatchOnPath{wildcard=null regexp=his_.........*\.nc$}}
2016-02-16T21:39:46.896 +0000 WARN  - MFileCollectionManager: No files found for SABGOM_Forecast_Model_Run_Collection
2016-02-16T22:00:19.107 +0000 INFO  - FeatureCollection added = FeatureCollectionConfig name ='SABGOM Forecast Model Run Collection' collectionName='SABGOM_Forecast_Model_Run_Collection' type='FMRC'
  spec='/current/sabgom/ROMS/his_#yyyyMMdd#.*\.nc$'
  olderThan =10 min
  timePartition =directory
  updateConfig =UpdateConfig{userDefined=true, recheckAfter='null', rescan='0 5 * * * ? *', triggerOk=true, updateType=test}
  tdmConfig =UpdateConfig{userDefined=false, recheckAfter='null', rescan='null', triggerOk=true, updateType=test}
  ProtoConfig{choice=Penultimate, change='null', param='null', outerNcml='[Element: <netcdf [Namespace: http://www.unidata.ucar.edu/namespaces/netcdf/ncml-2.2]/>]', cacheAll=true}
  hasInnerNcml =true
  fmrcConfig =FmrcConfig: regularize=false datasetTypes=[Best]

2016-02-16T22:00:19.155 +0000 WARN  - MFileCollectionManager parse error =  Directory /current/sabgom/ROMS does not exist 
 
2016-02-16T22:00:19.211 +0000 INFO  - scheduleJob startup scan force=test for 'SABGOM_Forecast_Model_Run_Collection' at 2016-02-16T22:00:22.208+0000
2016-02-16T22:00:19.219 +0000 INFO  - scheduleJob recurring scan for 'SABGOM_Forecast_Model_Run_Collection' cronExpr=0 5 * * * ? *
2016-02-16T22:00:22.221 +0000 ERROR - SABGOM_Forecast_Model_Run_Collection: Invalid collection= MCollection{name='/current/sabgom/ROMS', dirName='/current/sabgom/ROMS', wantSubdirs=false, filter=WildcardMatchOnPath{wildcard=null regexp=his_.........*\.nc$}}
2016-02-16T22:00:22.222 +0000 WARN  - MFileCollectionManager: No files found for SABGOM_Forecast_Model_Run_Collection
2016-08-30T19:46:30.625 +0000 INFO  - FeatureCollection added = FeatureCollectionConfig name ='SABGOM Forecast Model Run Collection' collectionName='SABGOM_Forecast_Model_Run_Collection' type='FMRC'
  spec='/raid0/data/sabgom/ROMS/his_#yyyyMMdd#.*\.nc$'
  olderThan =10 min
  timePartition =directory
  updateConfig =UpdateConfig{userDefined=true, recheckAfter='null', rescan='0 5 * * * ? *', triggerOk=true, updateType=test}
  tdmConfig =UpdateConfig{userDefined=false, recheckAfter='null', rescan='null', triggerOk=true, updateType=test}
  ProtoConfig{choice=Penultimate, change='null', param='null', outerNcml='[Element: <netcdf [Namespace: http://www.unidata.ucar.edu/namespaces/netcdf/ncml-2.2]/>]', cacheAll=true}
  hasInnerNcml =true
  fmrcConfig =FmrcConfig: regularize=false datasetTypes=[Best]

2016-08-30T19:46:30.740 +0000 INFO  - scheduleJob startup scan force=test for 'SABGOM_Forecast_Model_Run_Collection' at 2016-08-30T19:46:33.736+0000
2016-08-30T19:46:30.750 +0000 INFO  - scheduleJob recurring scan for 'SABGOM_Forecast_Model_Run_Collection' cronExpr=0 5 * * * ? *
2016-08-30T19:47:06.432 +0000 INFO  - FeatureCollection added = FeatureCollectionConfig name ='SABGOM Forecast Model Run Collection' collectionName='SABGOM_Forecast_Model_Run_Collection' type='FMRC'
  spec='/raid0/data/sabgom/ROMS/his_#yyyyMMdd#.*\.nc$'
  olderThan =10 min
  timePartition =directory
  updateConfig =UpdateConfig{userDefined=true, recheckAfter='null', rescan='0 5 * * * ? *', triggerOk=true, updateType=test}
  tdmConfig =UpdateConfig{userDefined=false, recheckAfter='null', rescan='null', triggerOk=true, updateType=test}
  ProtoConfig{choice=Penultimate, change='null', param='null', outerNcml='[Element: <netcdf [Namespace: http://www.unidata.ucar.edu/namespaces/netcdf/ncml-2.2]/>]', cacheAll=true}
  hasInnerNcml =true
  fmrcConfig =FmrcConfig: regularize=false datasetTypes=[Best]

2016-08-30T19:47:06.534 +0000 INFO  - scheduleJob startup scan force=test for 'SABGOM_Forecast_Model_Run_Collection' at 2016-08-30T19:47:09.530+0000
2016-08-30T19:47:06.540 +0000 INFO  - scheduleJob recurring scan for 'SABGOM_Forecast_Model_Run_Collection' cronExpr=0 5 * * * ? *
