2016-08-30T20:19:19.626 +0000 INFO  - FeatureCollection added = FeatureCollectionConfig name ='SABGOM ROMS Forecast Model Run Collection' collectionName='SABGOM_ROMS_Forecast_Model_Run_Collection' type='FMRC'
  spec='/raid0/data/sabgom/ROMS/his_#yyyyMMdd#.*\.nc$'
  olderThan =10 min
  timePartition =directory
  updateConfig =UpdateConfig{userDefined=true, recheckAfter='null', rescan='0 5 * * * ? *', triggerOk=true, updateType=test}
  tdmConfig =UpdateConfig{userDefined=false, recheckAfter='null', rescan='null', triggerOk=true, updateType=test}
  ProtoConfig{choice=Penultimate, change='null', param='null', outerNcml='[Element: <netcdf [Namespace: http://www.unidata.ucar.edu/namespaces/netcdf/ncml-2.2]/>]', cacheAll=true}
  hasInnerNcml =true
  fmrcConfig =FmrcConfig: regularize=false datasetTypes=[Best]

2016-08-30T20:19:19.727 +0000 INFO  - scheduleJob startup scan force=test for 'SABGOM_ROMS_Forecast_Model_Run_Collection' at 2016-08-30T20:19:22.724+0000
2016-08-30T20:19:19.733 +0000 INFO  - scheduleJob recurring scan for 'SABGOM_ROMS_Forecast_Model_Run_Collection' cronExpr=0 5 * * * ? *
2016-08-31T01:32:32.045 +0000 INFO  - FeatureCollection added = FeatureCollectionConfig name ='SABGOM ROMS Forecast Model Run Collection' collectionName='SABGOM_ROMS_Forecast_Model_Run_Collection' type='FMRC'
  spec='/raid0/data/sabgom/ROMS/his_#yyyyMMdd#.*\.nc$'
  olderThan =10 min
  timePartition =directory
  updateConfig =UpdateConfig{userDefined=true, recheckAfter='null', rescan='0 5 * * * ? *', triggerOk=true, updateType=test}
  tdmConfig =UpdateConfig{userDefined=false, recheckAfter='null', rescan='null', triggerOk=true, updateType=test}
  ProtoConfig{choice=Penultimate, change='null', param='null', outerNcml='[Element: <netcdf [Namespace: http://www.unidata.ucar.edu/namespaces/netcdf/ncml-2.2]/>]', cacheAll=true}
  hasInnerNcml =true
  fmrcConfig =FmrcConfig: regularize=false datasetTypes=[Best]

2016-08-31T01:32:32.149 +0000 INFO  - scheduleJob startup scan force=test for 'SABGOM_ROMS_Forecast_Model_Run_Collection' at 2016-08-31T01:32:35.146+0000
2016-08-31T01:32:32.155 +0000 INFO  - scheduleJob recurring scan for 'SABGOM_ROMS_Forecast_Model_Run_Collection' cronExpr=0 5 * * * ? *
2016-08-31T01:36:21.984 +0000 INFO  - FeatureCollection added = FeatureCollectionConfig name ='SABGOM ROMS Forecast Model Run Collection' collectionName='SABGOM_ROMS_Forecast_Model_Run_Collection' type='FMRC'
  spec='/raid0/data/sabgom/ROMS/his_#yyyyMMdd#.*\.nc$'
  olderThan =10 min
  timePartition =directory
  updateConfig =UpdateConfig{userDefined=true, recheckAfter='null', rescan='0 5 * * * ? *', triggerOk=true, updateType=test}
  tdmConfig =UpdateConfig{userDefined=false, recheckAfter='null', rescan='null', triggerOk=true, updateType=test}
  ProtoConfig{choice=Penultimate, change='null', param='null', outerNcml='[Element: <netcdf [Namespace: http://www.unidata.ucar.edu/namespaces/netcdf/ncml-2.2]/>]', cacheAll=true}
  hasInnerNcml =true
  fmrcConfig =FmrcConfig: regularize=false datasetTypes=[Best]

2016-08-31T01:36:22.089 +0000 INFO  - scheduleJob startup scan force=test for 'SABGOM_ROMS_Forecast_Model_Run_Collection' at 2016-08-31T01:36:25.086+0000
2016-08-31T01:36:22.098 +0000 INFO  - scheduleJob recurring scan for 'SABGOM_ROMS_Forecast_Model_Run_Collection' cronExpr=0 5 * * * ? *
2016-08-31T01:36:22.109 +0000 INFO  - FeatureCollection added = FeatureCollectionConfig name ='SABGOM ROMS Forecast Model Run Collection' collectionName='SABGOM_ROMS_Forecast_Model_Run_Collection' type='FMRC'
  spec='/raid0/data/sabgom/ROMS/his_#yyyyMMdd#.*\.nc$'
  olderThan =10 min
  timePartition =directory
  updateConfig =UpdateConfig{userDefined=true, recheckAfter='null', rescan='0 5 * * * ? *', triggerOk=true, updateType=test}
  tdmConfig =UpdateConfig{userDefined=false, recheckAfter='null', rescan='null', triggerOk=true, updateType=test}
  ProtoConfig{choice=Penultimate, change='null', param='null', outerNcml='[Element: <netcdf [Namespace: http://www.unidata.ucar.edu/namespaces/netcdf/ncml-2.2]/>]', cacheAll=true}
  hasInnerNcml =true
  fmrcConfig =FmrcConfig: regularize=false datasetTypes=[Best]

2016-08-31T01:36:22.109 +0000 WARN  - scheduler failed to add updateJob for UpdateCollection.SABGOM_ROMS_Forecast_Model_Run_Collection. Another Job exists with that identification.
2016-08-31T01:36:22.109 +0000 ERROR - scheduleJob failed to schedule startup Job for FeatureCollectionConfig name ='SABGOM ROMS Forecast Model Run Collection' collectionName='SABGOM_ROMS_Forecast_Model_Run_Collection' type='FMRC'
  spec='/raid0/data/sabgom/ROMS/his_#yyyyMMdd#.*\.nc$'
  olderThan =10 min
  timePartition =directory
  updateConfig =UpdateConfig{userDefined=true, recheckAfter='null', rescan='0 5 * * * ? *', triggerOk=true, updateType=test}
  tdmConfig =UpdateConfig{userDefined=false, recheckAfter='null', rescan='null', triggerOk=true, updateType=test}
  ProtoConfig{choice=Penultimate, change='null', param='null', outerNcml='[Element: <netcdf [Namespace: http://www.unidata.ucar.edu/namespaces/netcdf/ncml-2.2]/>]', cacheAll=true}
  hasInnerNcml =true
  fmrcConfig =FmrcConfig: regularize=false datasetTypes=[Best]

org.quartz.ObjectAlreadyExistsException: Unable to store Trigger with name: 'SABGOM_ROMS_Forecast_Model_Run_Collection' and group: 'startup', because one already exists with this identification.
	at org.quartz.simpl.RAMJobStore.storeTrigger(RAMJobStore.java:415) ~[quartz-2.2.0.jar:?]
	at org.quartz.core.QuartzScheduler.scheduleJob(QuartzScheduler.java:962) ~[quartz-2.2.0.jar:?]
	at org.quartz.impl.StdScheduler.scheduleJob(StdScheduler.java:258) ~[quartz-2.2.0.jar:?]
	at thredds.inventory.CollectionUpdater.scheduleTasks(CollectionUpdater.java:141) [cdm-4.6.4.jar:4.6.4]
	at thredds.catalog.InvDatasetFeatureCollection.finishConstruction(InvDatasetFeatureCollection.java:217) [tdcommon-4.6.4.jar:4.6.4]
	at thredds.catalog.InvDatasetFeatureCollection.factory(InvDatasetFeatureCollection.java:135) [tdcommon-4.6.4.jar:4.6.4]
	at sun.reflect.NativeMethodAccessorImpl.invoke0(Native Method) ~[?:1.8.0_73]
	at sun.reflect.NativeMethodAccessorImpl.invoke(NativeMethodAccessorImpl.java:62) ~[?:1.8.0_73]
	at sun.reflect.DelegatingMethodAccessorImpl.invoke(DelegatingMethodAccessorImpl.java:43) ~[?:1.8.0_73]
	at java.lang.reflect.Method.invoke(Method.java:497) ~[?:1.8.0_73]
	at thredds.catalog.parser.jdom.InvCatalogFactory10.readFeatureCollection(InvCatalogFactory10.java:346) [cdm-4.6.4.jar:4.6.4]
	at thredds.catalog.parser.jdom.InvCatalogFactory10.readDatasetInfo(InvCatalogFactory10.java:330) [cdm-4.6.4.jar:4.6.4]
	at thredds.catalog.parser.jdom.InvCatalogFactory10.readDataset(InvCatalogFactory10.java:242) [cdm-4.6.4.jar:4.6.4]
	at thredds.catalog.parser.jdom.InvCatalogFactory10.readCatalog(InvCatalogFactory10.java:191) [cdm-4.6.4.jar:4.6.4]
	at thredds.catalog.parser.jdom.InvCatalogFactory10.parseXML(InvCatalogFactory10.java:124) [cdm-4.6.4.jar:4.6.4]
	at thredds.catalog.InvCatalogFactory.readXML(InvCatalogFactory.java:471) [cdm-4.6.4.jar:4.6.4]
	at thredds.catalog.InvCatalogFactory.readXML(InvCatalogFactory.java:441) [cdm-4.6.4.jar:4.6.4]
	at thredds.servlet.DataRootHandler.readCatalog(DataRootHandler.java:463) [classes/:4.6.4]
	at thredds.servlet.DataRootHandler.initCatalog(DataRootHandler.java:339) [classes/:4.6.4]
	at thredds.servlet.DataRootHandler.initFollowCatrefs(DataRootHandler.java:580) [classes/:4.6.4]
	at thredds.servlet.DataRootHandler.initFollowCatrefs(DataRootHandler.java:585) [classes/:4.6.4]
	at thredds.servlet.DataRootHandler.initFollowCatrefs(DataRootHandler.java:585) [classes/:4.6.4]
	at thredds.servlet.DataRootHandler.initCatalog(DataRootHandler.java:381) [classes/:4.6.4]
	at thredds.servlet.DataRootHandler.initCatalogs(DataRootHandler.java:299) [classes/:4.6.4]
	at thredds.servlet.DataRootHandler.initCatalogs(DataRootHandler.java:279) [classes/:4.6.4]
	at thredds.servlet.DataRootHandler.afterPropertiesSet(DataRootHandler.java:191) [classes/:4.6.4]
	at org.springframework.beans.factory.support.AbstractAutowireCapableBeanFactory.invokeInitMethods(AbstractAutowireCapableBeanFactory.java:1633) [spring-beans-4.1.6.RELEASE.jar:4.1.6.RELEASE]
	at org.springframework.beans.factory.support.AbstractAutowireCapableBeanFactory.initializeBean(AbstractAutowireCapableBeanFactory.java:1570) [spring-beans-4.1.6.RELEASE.jar:4.1.6.RELEASE]
	at org.springframework.beans.factory.support.AbstractAutowireCapableBeanFactory.doCreateBean(AbstractAutowireCapableBeanFactory.java:539) [spring-beans-4.1.6.RELEASE.jar:4.1.6.RELEASE]
	at org.springframework.beans.factory.support.AbstractAutowireCapableBeanFactory.createBean(AbstractAutowireCapableBeanFactory.java:476) [spring-beans-4.1.6.RELEASE.jar:4.1.6.RELEASE]
	at org.springframework.beans.factory.support.AbstractBeanFactory$1.getObject(AbstractBeanFactory.java:303) [spring-beans-4.1.6.RELEASE.jar:4.1.6.RELEASE]
	at org.springframework.beans.factory.support.DefaultSingletonBeanRegistry.getSingleton(DefaultSingletonBeanRegistry.java:230) [spring-beans-4.1.6.RELEASE.jar:4.1.6.RELEASE]
	at org.springframework.beans.factory.support.AbstractBeanFactory.doGetBean(AbstractBeanFactory.java:299) [spring-beans-4.1.6.RELEASE.jar:4.1.6.RELEASE]
	at org.springframework.beans.factory.support.AbstractBeanFactory.getBean(AbstractBeanFactory.java:194) [spring-beans-4.1.6.RELEASE.jar:4.1.6.RELEASE]
	at org.springframework.beans.factory.support.DefaultListableBeanFactory.preInstantiateSingletons(DefaultListableBeanFactory.java:755) [spring-beans-4.1.6.RELEASE.jar:4.1.6.RELEASE]
	at org.springframework.context.support.AbstractApplicationContext.finishBeanFactoryInitialization(AbstractApplicationContext.java:757) [spring-context-4.1.6.RELEASE.jar:4.1.6.RELEASE]
	at org.springframework.context.support.AbstractApplicationContext.refresh(AbstractApplicationContext.java:480) [spring-context-4.1.6.RELEASE.jar:4.1.6.RELEASE]
	at org.springframework.web.context.ContextLoader.configureAndRefreshWebApplicationContext(ContextLoader.java:403) [spring-web-4.1.6.RELEASE.jar:4.1.6.RELEASE]
	at org.springframework.web.context.ContextLoader.initWebApplicationContext(ContextLoader.java:306) [spring-web-4.1.6.RELEASE.jar:4.1.6.RELEASE]
	at org.springframework.web.context.ContextLoaderListener.contextInitialized(ContextLoaderListener.java:106) [spring-web-4.1.6.RELEASE.jar:4.1.6.RELEASE]
	at org.apache.catalina.core.StandardContext.listenerStart(StandardContext.java:4812) [catalina.jar:8.0.32]
	at org.apache.catalina.core.StandardContext.startInternal(StandardContext.java:5255) [catalina.jar:8.0.32]
	at org.apache.catalina.util.LifecycleBase.start(LifecycleBase.java:147) [catalina.jar:8.0.32]
	at org.apache.catalina.core.StandardContext.reload(StandardContext.java:3828) [catalina.jar:8.0.32]
	at org.apache.catalina.manager.ManagerServlet.reload(ManagerServlet.java:1006) [catalina.jar:8.0.32]
	at org.apache.catalina.manager.HTMLManagerServlet.reload(HTMLManagerServlet.java:607) [catalina.jar:8.0.32]
	at org.apache.catalina.manager.HTMLManagerServlet.doPost(HTMLManagerServlet.java:211) [catalina.jar:8.0.32]
	at javax.servlet.http.HttpServlet.service(HttpServlet.java:648) [servlet-api.jar:?]
	at javax.servlet.http.HttpServlet.service(HttpServlet.java:729) [servlet-api.jar:?]
	at org.apache.catalina.core.ApplicationFilterChain.internalDoFilter(ApplicationFilterChain.java:292) [catalina.jar:8.0.32]
	at org.apache.catalina.core.ApplicationFilterChain.doFilter(ApplicationFilterChain.java:207) [catalina.jar:8.0.32]
	at org.apache.catalina.filters.CsrfPreventionFilter.doFilter(CsrfPreventionFilter.java:136) [catalina.jar:8.0.32]
	at org.apache.catalina.core.ApplicationFilterChain.internalDoFilter(ApplicationFilterChain.java:240) [catalina.jar:8.0.32]
	at org.apache.catalina.core.ApplicationFilterChain.doFilter(ApplicationFilterChain.java:207) [catalina.jar:8.0.32]
	at org.apache.tomcat.websocket.server.WsFilter.doFilter(WsFilter.java:52) [tomcat-websocket.jar:8.0.32]
	at org.apache.catalina.core.ApplicationFilterChain.internalDoFilter(ApplicationFilterChain.java:240) [catalina.jar:8.0.32]
	at org.apache.catalina.core.ApplicationFilterChain.doFilter(ApplicationFilterChain.java:207) [catalina.jar:8.0.32]
	at org.apache.catalina.filters.SetCharacterEncodingFilter.doFilter(SetCharacterEncodingFilter.java:108) [catalina.jar:8.0.32]
	at org.apache.catalina.core.ApplicationFilterChain.internalDoFilter(ApplicationFilterChain.java:240) [catalina.jar:8.0.32]
	at org.apache.catalina.core.ApplicationFilterChain.doFilter(ApplicationFilterChain.java:207) [catalina.jar:8.0.32]
	at org.apache.catalina.core.StandardWrapperValve.invoke(StandardWrapperValve.java:212) [catalina.jar:8.0.32]
	at org.apache.catalina.core.StandardContextValve.invoke(StandardContextValve.java:106) [catalina.jar:8.0.32]
	at org.apache.catalina.authenticator.AuthenticatorBase.invoke(AuthenticatorBase.java:614) [catalina.jar:8.0.32]
	at org.apache.catalina.core.StandardHostValve.invoke(StandardHostValve.java:141) [catalina.jar:8.0.32]
	at org.apache.catalina.valves.ErrorReportValve.invoke(ErrorReportValve.java:79) [catalina.jar:8.0.32]
	at org.apache.catalina.valves.AbstractAccessLogValve.invoke(AbstractAccessLogValve.java:616) [catalina.jar:8.0.32]
	at org.apache.catalina.core.StandardEngineValve.invoke(StandardEngineValve.java:88) [catalina.jar:8.0.32]
	at org.apache.catalina.connector.CoyoteAdapter.service(CoyoteAdapter.java:522) [catalina.jar:8.0.32]
	at org.apache.coyote.http11.AbstractHttp11Processor.process(AbstractHttp11Processor.java:1095) [tomcat-coyote.jar:8.0.32]
	at org.apache.coyote.AbstractProtocol$AbstractConnectionHandler.process(AbstractProtocol.java:672) [tomcat-coyote.jar:8.0.32]
	at org.apache.tomcat.util.net.NioEndpoint$SocketProcessor.doRun(NioEndpoint.java:1500) [tomcat-coyote.jar:8.0.32]
	at org.apache.tomcat.util.net.NioEndpoint$SocketProcessor.run(NioEndpoint.java:1456) [tomcat-coyote.jar:8.0.32]
	at java.util.concurrent.ThreadPoolExecutor.runWorker(ThreadPoolExecutor.java:1142) [?:1.8.0_73]
	at java.util.concurrent.ThreadPoolExecutor$Worker.run(ThreadPoolExecutor.java:617) [?:1.8.0_73]
	at org.apache.tomcat.util.threads.TaskThread$WrappingRunnable.run(TaskThread.java:61) [tomcat-util.jar:8.0.32]
	at java.lang.Thread.run(Thread.java:745) [?:1.8.0_73]
2016-08-31T01:39:18.601 +0000 INFO  - FeatureCollection added = FeatureCollectionConfig name ='SABGOM ROMS Forecast Model Run Collection' collectionName='SABGOM_ROMS_Forecast_Model_Run_Collection' type='FMRC'
  spec='/raid0/data/sabgom/ROMS/his_#yyyyMMdd#.*\.nc$'
  olderThan =10 min
  timePartition =directory
  updateConfig =UpdateConfig{userDefined=true, recheckAfter='null', rescan='0 5 * * * ? *', triggerOk=true, updateType=test}
  tdmConfig =UpdateConfig{userDefined=false, recheckAfter='null', rescan='null', triggerOk=true, updateType=test}
  ProtoConfig{choice=Penultimate, change='null', param='null', outerNcml='[Element: <netcdf [Namespace: http://www.unidata.ucar.edu/namespaces/netcdf/ncml-2.2]/>]', cacheAll=true}
  hasInnerNcml =true
  fmrcConfig =FmrcConfig: regularize=false datasetTypes=[Best]

2016-08-31T01:39:18.724 +0000 INFO  - scheduleJob startup scan force=test for 'SABGOM_ROMS_Forecast_Model_Run_Collection' at 2016-08-31T01:39:21.720+0000
2016-08-31T01:39:18.731 +0000 INFO  - scheduleJob recurring scan for 'SABGOM_ROMS_Forecast_Model_Run_Collection' cronExpr=0 5 * * * ? *
2016-08-31T01:40:02.857 +0000 INFO  - FeatureCollection added = FeatureCollectionConfig name ='SABGOM ROMS Forecast Model Run Collection' collectionName='SABGOM_ROMS_Forecast_Model_Run_Collection' type='FMRC'
  spec='/raid0/data/sabgom/ROMS/his_#yyyyMMdd#.*\.nc$'
  olderThan =10 min
  timePartition =directory
  updateConfig =UpdateConfig{userDefined=true, recheckAfter='null', rescan='0 5 * * * ? *', triggerOk=true, updateType=test}
  tdmConfig =UpdateConfig{userDefined=false, recheckAfter='null', rescan='null', triggerOk=true, updateType=test}
  ProtoConfig{choice=Penultimate, change='null', param='null', outerNcml='[Element: <netcdf [Namespace: http://www.unidata.ucar.edu/namespaces/netcdf/ncml-2.2]/>]', cacheAll=true}
  hasInnerNcml =true
  fmrcConfig =FmrcConfig: regularize=false datasetTypes=[Best]

2016-08-31T01:40:02.977 +0000 INFO  - scheduleJob startup scan force=test for 'SABGOM_ROMS_Forecast_Model_Run_Collection' at 2016-08-31T01:40:05.973+0000
2016-08-31T01:40:02.985 +0000 INFO  - scheduleJob recurring scan for 'SABGOM_ROMS_Forecast_Model_Run_Collection' cronExpr=0 5 * * * ? *
2016-08-31T03:08:45.258 +0000 INFO  - FeatureCollection added = FeatureCollectionConfig name ='SABGOM ROMS Forecast Model Run Collection' collectionName='SABGOM_ROMS_Forecast_Model_Run_Collection' type='FMRC'
  spec='/raid0/data/sabgom/ROMS/his_#yyyyMMdd#.*\.nc$'
  olderThan =10 min
  timePartition =directory
  updateConfig =UpdateConfig{userDefined=true, recheckAfter='null', rescan='0 5 * * * ? *', triggerOk=true, updateType=test}
  tdmConfig =UpdateConfig{userDefined=false, recheckAfter='null', rescan='null', triggerOk=true, updateType=test}
  ProtoConfig{choice=Penultimate, change='null', param='null', outerNcml='[Element: <netcdf [Namespace: http://www.unidata.ucar.edu/namespaces/netcdf/ncml-2.2]/>]', cacheAll=true}
  hasInnerNcml =true
  fmrcConfig =FmrcConfig: regularize=false datasetTypes=[Best]

2016-08-31T03:08:45.368 +0000 INFO  - scheduleJob startup scan force=test for 'SABGOM_ROMS_Forecast_Model_Run_Collection' at 2016-08-31T03:08:48.365+0000
2016-08-31T03:08:45.374 +0000 INFO  - scheduleJob recurring scan for 'SABGOM_ROMS_Forecast_Model_Run_Collection' cronExpr=0 5 * * * ? *
2016-08-31T03:13:06.590 +0000 INFO  - FeatureCollection added = FeatureCollectionConfig name ='SABGOM ROMS Forecast Model Run Collection' collectionName='SABGOM_ROMS_Forecast_Model_Run_Collection' type='FMRC'
  spec='/raid0/data/sabgom/ROMS/his_#yyyyMMdd#.*\.nc$'
  olderThan =10 min
  timePartition =directory
  updateConfig =UpdateConfig{userDefined=true, recheckAfter='null', rescan='0 5 * * * ? *', triggerOk=true, updateType=test}
  tdmConfig =UpdateConfig{userDefined=false, recheckAfter='null', rescan='null', triggerOk=true, updateType=test}
  ProtoConfig{choice=Penultimate, change='null', param='null', outerNcml='[Element: <netcdf [Namespace: http://www.unidata.ucar.edu/namespaces/netcdf/ncml-2.2]/>]', cacheAll=true}
  hasInnerNcml =true
  fmrcConfig =FmrcConfig: regularize=false datasetTypes=[Best]

2016-08-31T03:13:06.696 +0000 INFO  - scheduleJob startup scan force=test for 'SABGOM_ROMS_Forecast_Model_Run_Collection' at 2016-08-31T03:13:09.692+0000
2016-08-31T03:13:06.702 +0000 INFO  - scheduleJob recurring scan for 'SABGOM_ROMS_Forecast_Model_Run_Collection' cronExpr=0 5 * * * ? *
2016-08-31T03:55:00.811 +0000 INFO  - FeatureCollection added = FeatureCollectionConfig name ='SABGOM ROMS Forecast Model Run Collection' collectionName='SABGOM_ROMS_Forecast_Model_Run_Collection' type='FMRC'
  spec='/raid0/data/sabgom/ROMS/his_#yyyyMMdd#.*\.nc$'
  olderThan =10 min
  timePartition =directory
  updateConfig =UpdateConfig{userDefined=true, recheckAfter='null', rescan='0 5 * * * ? *', triggerOk=true, updateType=test}
  tdmConfig =UpdateConfig{userDefined=false, recheckAfter='null', rescan='null', triggerOk=true, updateType=test}
  ProtoConfig{choice=Penultimate, change='null', param='null', outerNcml='[Element: <netcdf [Namespace: http://www.unidata.ucar.edu/namespaces/netcdf/ncml-2.2]/>]', cacheAll=true}
  hasInnerNcml =true
  fmrcConfig =FmrcConfig: regularize=false datasetTypes=[Best]

2016-08-31T03:55:00.968 +0000 INFO  - scheduleJob startup scan force=test for 'SABGOM_ROMS_Forecast_Model_Run_Collection' at 2016-08-31T03:55:03.964+0000
2016-08-31T03:55:00.976 +0000 INFO  - scheduleJob recurring scan for 'SABGOM_ROMS_Forecast_Model_Run_Collection' cronExpr=0 5 * * * ? *
2016-08-31T03:59:16.617 +0000 INFO  - FeatureCollection added = FeatureCollectionConfig name ='SABGOM ROMS Forecast Model Run Collection' collectionName='SABGOM_ROMS_Forecast_Model_Run_Collection' type='FMRC'
  spec='/raid0/data/sabgom/ROMS/his_#yyyyMMdd#.*\.nc$'
  olderThan =10 min
  timePartition =directory
  updateConfig =UpdateConfig{userDefined=true, recheckAfter='null', rescan='0 5 * * * ? *', triggerOk=true, updateType=test}
  tdmConfig =UpdateConfig{userDefined=false, recheckAfter='null', rescan='null', triggerOk=true, updateType=test}
  ProtoConfig{choice=Penultimate, change='null', param='null', outerNcml='[Element: <netcdf [Namespace: http://www.unidata.ucar.edu/namespaces/netcdf/ncml-2.2]/>]', cacheAll=true}
  hasInnerNcml =true
  fmrcConfig =FmrcConfig: regularize=false datasetTypes=[Best]

2016-08-31T03:59:16.706 +0000 INFO  - scheduleJob startup scan force=test for 'SABGOM_ROMS_Forecast_Model_Run_Collection' at 2016-08-31T03:59:19.704+0000
2016-08-31T03:59:16.713 +0000 INFO  - scheduleJob recurring scan for 'SABGOM_ROMS_Forecast_Model_Run_Collection' cronExpr=0 5 * * * ? *
2016-08-31T04:01:50.540 +0000 INFO  - FeatureCollection added = FeatureCollectionConfig name ='SABGOM ROMS Forecast Model Run Collection' collectionName='SABGOM_ROMS_Forecast_Model_Run_Collection' type='FMRC'
  spec='/raid0/data/sabgom/ROMS/his_#yyyyMMdd#.*\.nc$'
  olderThan =10 min
  timePartition =directory
  updateConfig =UpdateConfig{userDefined=true, recheckAfter='null', rescan='0 5 * * * ? *', triggerOk=true, updateType=test}
  tdmConfig =UpdateConfig{userDefined=false, recheckAfter='null', rescan='null', triggerOk=true, updateType=test}
  ProtoConfig{choice=Penultimate, change='null', param='null', outerNcml='[Element: <netcdf [Namespace: http://www.unidata.ucar.edu/namespaces/netcdf/ncml-2.2]/>]', cacheAll=true}
  hasInnerNcml =true
  fmrcConfig =FmrcConfig: regularize=false datasetTypes=[Best]

2016-08-31T04:01:50.668 +0000 INFO  - scheduleJob startup scan force=test for 'SABGOM_ROMS_Forecast_Model_Run_Collection' at 2016-08-31T04:01:53.664+0000
2016-08-31T04:01:50.676 +0000 INFO  - scheduleJob recurring scan for 'SABGOM_ROMS_Forecast_Model_Run_Collection' cronExpr=0 5 * * * ? *
2016-08-31T04:03:37.002 +0000 INFO  - FeatureCollection added = FeatureCollectionConfig name ='SABGOM ROMS Forecast Model Run Collection' collectionName='SABGOM_ROMS_Forecast_Model_Run_Collection' type='FMRC'
  spec='/raid0/data/sabgom/ROMS/his_#yyyyMMdd#.*\.nc$'
  olderThan =10 min
  timePartition =directory
  updateConfig =UpdateConfig{userDefined=true, recheckAfter='null', rescan='0 5 * * * ? *', triggerOk=true, updateType=test}
  tdmConfig =UpdateConfig{userDefined=false, recheckAfter='null', rescan='null', triggerOk=true, updateType=test}
  ProtoConfig{choice=Penultimate, change='null', param='null', outerNcml='[Element: <netcdf [Namespace: http://www.unidata.ucar.edu/namespaces/netcdf/ncml-2.2]/>]', cacheAll=true}
  hasInnerNcml =true
  fmrcConfig =FmrcConfig: regularize=false datasetTypes=[Best]

2016-08-31T04:03:37.106 +0000 INFO  - scheduleJob startup scan force=test for 'SABGOM_ROMS_Forecast_Model_Run_Collection' at 2016-08-31T04:03:40.103+0000
2016-08-31T04:03:37.112 +0000 INFO  - scheduleJob recurring scan for 'SABGOM_ROMS_Forecast_Model_Run_Collection' cronExpr=0 5 * * * ? *
2016-08-31T04:19:45.769 +0000 INFO  - FeatureCollection added = FeatureCollectionConfig name ='SABGOM ROMS Forecast Model Run Collection' collectionName='SABGOM_ROMS_Forecast_Model_Run_Collection' type='FMRC'
  spec='/raid0/data/sabgom/ROMS/his_#yyyyMMdd#.*\.nc$'
  olderThan =10 min
  timePartition =directory
  updateConfig =UpdateConfig{userDefined=true, recheckAfter='null', rescan='0 5 * * * ? *', triggerOk=true, updateType=test}
  tdmConfig =UpdateConfig{userDefined=false, recheckAfter='null', rescan='null', triggerOk=true, updateType=test}
  ProtoConfig{choice=Penultimate, change='null', param='null', outerNcml='[Element: <netcdf [Namespace: http://www.unidata.ucar.edu/namespaces/netcdf/ncml-2.2]/>]', cacheAll=true}
  hasInnerNcml =true
  fmrcConfig =FmrcConfig: regularize=false datasetTypes=[Best]

2016-08-31T04:19:45.878 +0000 INFO  - scheduleJob startup scan force=test for 'SABGOM_ROMS_Forecast_Model_Run_Collection' at 2016-08-31T04:19:48.874+0000
2016-08-31T04:19:45.886 +0000 INFO  - scheduleJob recurring scan for 'SABGOM_ROMS_Forecast_Model_Run_Collection' cronExpr=0 5 * * * ? *
2016-08-31T04:25:38.326 +0000 INFO  - FeatureCollection added = FeatureCollectionConfig name ='SABGOM ROMS Forecast Model Run Collection' collectionName='SABGOM_ROMS_Forecast_Model_Run_Collection' type='FMRC'
  spec='/raid0/data/sabgom/ROMS/his_#yyyyMMdd#.*\.nc$'
  olderThan =10 min
  timePartition =directory
  updateConfig =UpdateConfig{userDefined=true, recheckAfter='null', rescan='0 5 * * * ? *', triggerOk=true, updateType=test}
  tdmConfig =UpdateConfig{userDefined=false, recheckAfter='null', rescan='null', triggerOk=true, updateType=test}
  ProtoConfig{choice=Penultimate, change='null', param='null', outerNcml='[Element: <netcdf [Namespace: http://www.unidata.ucar.edu/namespaces/netcdf/ncml-2.2]/>]', cacheAll=true}
  hasInnerNcml =true
  fmrcConfig =FmrcConfig: regularize=false datasetTypes=[Best]

2016-08-31T04:25:38.437 +0000 INFO  - scheduleJob startup scan force=test for 'SABGOM_ROMS_Forecast_Model_Run_Collection' at 2016-08-31T04:25:41.433+0000
2016-08-31T04:25:38.443 +0000 INFO  - scheduleJob recurring scan for 'SABGOM_ROMS_Forecast_Model_Run_Collection' cronExpr=0 5 * * * ? *
2016-08-31T04:33:06.892 +0000 INFO  - FeatureCollection added = FeatureCollectionConfig name ='SABGOM ROMS Forecast Model Run Collection' collectionName='SABGOM_ROMS_Forecast_Model_Run_Collection' type='FMRC'
  spec='/raid0/data/sabgom/ROMS/his_#yyyyMMdd#.*\.nc$'
  olderThan =10 min
  timePartition =directory
  updateConfig =UpdateConfig{userDefined=true, recheckAfter='null', rescan='0 5 * * * ? *', triggerOk=true, updateType=test}
  tdmConfig =UpdateConfig{userDefined=false, recheckAfter='null', rescan='null', triggerOk=true, updateType=test}
  ProtoConfig{choice=Penultimate, change='null', param='null', outerNcml='[Element: <netcdf [Namespace: http://www.unidata.ucar.edu/namespaces/netcdf/ncml-2.2]/>]', cacheAll=true}
  hasInnerNcml =true
  fmrcConfig =FmrcConfig: regularize=false datasetTypes=[Best]

2016-08-31T04:33:06.980 +0000 INFO  - scheduleJob startup scan force=test for 'SABGOM_ROMS_Forecast_Model_Run_Collection' at 2016-08-31T04:33:09.977+0000
2016-08-31T04:33:06.985 +0000 INFO  - scheduleJob recurring scan for 'SABGOM_ROMS_Forecast_Model_Run_Collection' cronExpr=0 5 * * * ? *
2016-08-31T04:34:43.743 +0000 INFO  - FeatureCollection added = FeatureCollectionConfig name ='SABGOM ROMS Forecast Model Run Collection' collectionName='SABGOM_ROMS_Forecast_Model_Run_Collection' type='FMRC'
  spec='/raid0/data/sabgom/ROMS/his_#yyyyMMdd#.*\.nc$'
  olderThan =10 min
  timePartition =directory
  updateConfig =UpdateConfig{userDefined=true, recheckAfter='null', rescan='0 5 * * * ? *', triggerOk=true, updateType=test}
  tdmConfig =UpdateConfig{userDefined=false, recheckAfter='null', rescan='null', triggerOk=true, updateType=test}
  ProtoConfig{choice=Penultimate, change='null', param='null', outerNcml='[Element: <netcdf [Namespace: http://www.unidata.ucar.edu/namespaces/netcdf/ncml-2.2]/>]', cacheAll=true}
  hasInnerNcml =true
  fmrcConfig =FmrcConfig: regularize=false datasetTypes=[Best]

2016-08-31T04:34:43.884 +0000 INFO  - scheduleJob startup scan force=test for 'SABGOM_ROMS_Forecast_Model_Run_Collection' at 2016-08-31T04:34:46.880+0000
2016-08-31T04:34:43.892 +0000 INFO  - scheduleJob recurring scan for 'SABGOM_ROMS_Forecast_Model_Run_Collection' cronExpr=0 5 * * * ? *
2016-08-31T04:39:37.168 +0000 INFO  - FeatureCollection added = FeatureCollectionConfig name ='SABGOM ROMS Forecast Model Run Collection' collectionName='SABGOM_ROMS_Forecast_Model_Run_Collection' type='FMRC'
  spec='/raid0/data/sabgom/ROMS/his_#yyyyMMdd#.*\.nc$'
  olderThan =10 min
  timePartition =directory
  updateConfig =UpdateConfig{userDefined=true, recheckAfter='null', rescan='0 5 * * * ? *', triggerOk=true, updateType=test}
  tdmConfig =UpdateConfig{userDefined=false, recheckAfter='null', rescan='null', triggerOk=true, updateType=test}
  ProtoConfig{choice=Penultimate, change='null', param='null', outerNcml='[Element: <netcdf [Namespace: http://www.unidata.ucar.edu/namespaces/netcdf/ncml-2.2]/>]', cacheAll=true}
  hasInnerNcml =true
  fmrcConfig =FmrcConfig: regularize=false datasetTypes=[Best]

2016-08-31T04:39:37.263 +0000 INFO  - scheduleJob startup scan force=test for 'SABGOM_ROMS_Forecast_Model_Run_Collection' at 2016-08-31T04:39:40.261+0000
2016-08-31T04:39:37.269 +0000 INFO  - scheduleJob recurring scan for 'SABGOM_ROMS_Forecast_Model_Run_Collection' cronExpr=0 5 * * * ? *
2016-08-31T04:44:13.304 +0000 INFO  - FeatureCollection added = FeatureCollectionConfig name ='SABGOM ROMS Forecast Model Run Collection' collectionName='SABGOM_ROMS_Forecast_Model_Run_Collection' type='FMRC'
  spec='/raid0/data/sabgom/ROMS/his_#yyyyMMdd#.*\.nc$'
  olderThan =10 min
  timePartition =directory
  updateConfig =UpdateConfig{userDefined=true, recheckAfter='null', rescan='0 5 * * * ? *', triggerOk=true, updateType=test}
  tdmConfig =UpdateConfig{userDefined=false, recheckAfter='null', rescan='null', triggerOk=true, updateType=test}
  ProtoConfig{choice=Penultimate, change='null', param='null', outerNcml='[Element: <netcdf [Namespace: http://www.unidata.ucar.edu/namespaces/netcdf/ncml-2.2]/>]', cacheAll=true}
  hasInnerNcml =true
  fmrcConfig =FmrcConfig: regularize=false datasetTypes=[Best]

2016-08-31T04:44:13.414 +0000 INFO  - scheduleJob startup scan force=test for 'SABGOM_ROMS_Forecast_Model_Run_Collection' at 2016-08-31T04:44:16.411+0000
2016-08-31T04:44:13.420 +0000 INFO  - scheduleJob recurring scan for 'SABGOM_ROMS_Forecast_Model_Run_Collection' cronExpr=0 5 * * * ? *
2016-08-31T04:45:42.824 +0000 INFO  - FeatureCollection added = FeatureCollectionConfig name ='SABGOM ROMS Forecast Model Run Collection' collectionName='SABGOM_ROMS_Forecast_Model_Run_Collection' type='FMRC'
  spec='/raid0/data/sabgom/ROMS/his_#yyyyMMdd#.*\.nc$'
  olderThan =10 min
  timePartition =directory
  updateConfig =UpdateConfig{userDefined=true, recheckAfter='null', rescan='0 5 * * * ? *', triggerOk=true, updateType=test}
  tdmConfig =UpdateConfig{userDefined=false, recheckAfter='null', rescan='null', triggerOk=true, updateType=test}
  ProtoConfig{choice=Penultimate, change='null', param='null', outerNcml='[Element: <netcdf [Namespace: http://www.unidata.ucar.edu/namespaces/netcdf/ncml-2.2]/>]', cacheAll=true}
  hasInnerNcml =true
  fmrcConfig =FmrcConfig: regularize=false datasetTypes=[Best]

2016-08-31T04:45:42.916 +0000 INFO  - scheduleJob startup scan force=test for 'SABGOM_ROMS_Forecast_Model_Run_Collection' at 2016-08-31T04:45:45.913+0000
2016-08-31T04:45:42.924 +0000 INFO  - scheduleJob recurring scan for 'SABGOM_ROMS_Forecast_Model_Run_Collection' cronExpr=0 5 * * * ? *
2016-08-31T04:55:04.121 +0000 INFO  - FeatureCollection added = FeatureCollectionConfig name ='SABGOM ROMS Forecast Model Run Collection' collectionName='SABGOM_ROMS_Forecast_Model_Run_Collection' type='FMRC'
  spec='/raid0/data/sabgom/ROMS/his_#yyyyMMdd#.*\.nc$'
  olderThan =10 min
  timePartition =directory
  updateConfig =UpdateConfig{userDefined=true, recheckAfter='null', rescan='0 5 * * * ? *', triggerOk=true, updateType=test}
  tdmConfig =UpdateConfig{userDefined=false, recheckAfter='null', rescan='null', triggerOk=true, updateType=test}
  ProtoConfig{choice=Penultimate, change='null', param='null', outerNcml='[Element: <netcdf [Namespace: http://www.unidata.ucar.edu/namespaces/netcdf/ncml-2.2]/>]', cacheAll=true}
  hasInnerNcml =true
  fmrcConfig =FmrcConfig: regularize=false datasetTypes=[Best]

2016-08-31T04:55:04.233 +0000 INFO  - scheduleJob startup scan force=test for 'SABGOM_ROMS_Forecast_Model_Run_Collection' at 2016-08-31T04:55:07.230+0000
2016-08-31T04:55:04.240 +0000 INFO  - scheduleJob recurring scan for 'SABGOM_ROMS_Forecast_Model_Run_Collection' cronExpr=0 5 * * * ? *
2016-08-31T10:05:00.026 +0000 INFO  - SABGOM_ROMS_Forecast_Model_Run_Collection: scan found changes 2016-08-31T10:05:00.025+0000: nnew=1, nchange=0, ndelete=0
2016-08-31T19:18:22.880 +0000 INFO  - FeatureCollection added = FeatureCollectionConfig name ='SABGOM ROMS Forecast Model Run Collection' collectionName='SABGOM_ROMS_Forecast_Model_Run_Collection' type='FMRC'
  spec='/raid0/data/sabgom/ROMS/his_#yyyyMMdd#.*\.nc$'
  olderThan =10 min
  timePartition =directory
  updateConfig =UpdateConfig{userDefined=true, recheckAfter='null', rescan='0 5 * * * ? *', triggerOk=true, updateType=test}
  tdmConfig =UpdateConfig{userDefined=false, recheckAfter='null', rescan='null', triggerOk=true, updateType=test}
  ProtoConfig{choice=Penultimate, change='null', param='null', outerNcml='[Element: <netcdf [Namespace: http://www.unidata.ucar.edu/namespaces/netcdf/ncml-2.2]/>]', cacheAll=true}
  hasInnerNcml =true
  fmrcConfig =FmrcConfig: regularize=false datasetTypes=[Best]

2016-08-31T19:18:23.000 +0000 INFO  - scheduleJob startup scan force=test for 'SABGOM_ROMS_Forecast_Model_Run_Collection' at 2016-08-31T19:18:25.997+0000
2016-08-31T19:18:23.006 +0000 INFO  - scheduleJob recurring scan for 'SABGOM_ROMS_Forecast_Model_Run_Collection' cronExpr=0 5 * * * ? *
2016-08-31T19:20:38.749 +0000 INFO  - FeatureCollection added = FeatureCollectionConfig name ='SABGOM ROMS Forecast Model Run Collection' collectionName='SABGOM_ROMS_Forecast_Model_Run_Collection' type='FMRC'
  spec='/raid0/data/sabgom/ROMS/his_#yyyyMMdd#.*\.nc$'
  olderThan =10 min
  timePartition =directory
  updateConfig =UpdateConfig{userDefined=true, recheckAfter='null', rescan='0 5 * * * ? *', triggerOk=true, updateType=test}
  tdmConfig =UpdateConfig{userDefined=false, recheckAfter='null', rescan='null', triggerOk=true, updateType=test}
  ProtoConfig{choice=Penultimate, change='null', param='null', outerNcml='[Element: <netcdf [Namespace: http://www.unidata.ucar.edu/namespaces/netcdf/ncml-2.2]/>]', cacheAll=true}
  hasInnerNcml =true
  fmrcConfig =FmrcConfig: regularize=false datasetTypes=[Best]

2016-08-31T19:20:38.857 +0000 INFO  - scheduleJob startup scan force=test for 'SABGOM_ROMS_Forecast_Model_Run_Collection' at 2016-08-31T19:20:41.853+0000
2016-08-31T19:20:38.864 +0000 INFO  - scheduleJob recurring scan for 'SABGOM_ROMS_Forecast_Model_Run_Collection' cronExpr=0 5 * * * ? *
2016-08-31T19:28:16.040 +0000 INFO  - FeatureCollection added = FeatureCollectionConfig name ='SABGOM ROMS Forecast Model Run Collection' collectionName='SABGOM_ROMS_Forecast_Model_Run_Collection' type='FMRC'
  spec='/raid0/data/sabgom/ROMS/his_#yyyyMMdd#.*\.nc$'
  olderThan =10 min
  timePartition =directory
  updateConfig =UpdateConfig{userDefined=true, recheckAfter='null', rescan='0 5 * * * ? *', triggerOk=true, updateType=test}
  tdmConfig =UpdateConfig{userDefined=false, recheckAfter='null', rescan='null', triggerOk=true, updateType=test}
  ProtoConfig{choice=Penultimate, change='null', param='null', outerNcml='[Element: <netcdf [Namespace: http://www.unidata.ucar.edu/namespaces/netcdf/ncml-2.2]/>]', cacheAll=true}
  hasInnerNcml =true
  fmrcConfig =FmrcConfig: regularize=false datasetTypes=[Best]

2016-08-31T19:28:16.124 +0000 INFO  - scheduleJob startup scan force=test for 'SABGOM_ROMS_Forecast_Model_Run_Collection' at 2016-08-31T19:28:19.121+0000
2016-08-31T19:28:16.128 +0000 INFO  - scheduleJob recurring scan for 'SABGOM_ROMS_Forecast_Model_Run_Collection' cronExpr=0 5 * * * ? *
2016-08-31T19:29:56.223 +0000 INFO  - FeatureCollection added = FeatureCollectionConfig name ='SABGOM ROMS Forecast Model Run Collection' collectionName='SABGOM_ROMS_Forecast_Model_Run_Collection' type='FMRC'
  spec='/raid0/data/sabgom/ROMS/his_#yyyyMMdd#.*\.nc$'
  olderThan =10 min
  timePartition =directory
  updateConfig =UpdateConfig{userDefined=true, recheckAfter='null', rescan='0 5 * * * ? *', triggerOk=true, updateType=test}
  tdmConfig =UpdateConfig{userDefined=false, recheckAfter='null', rescan='null', triggerOk=true, updateType=test}
  ProtoConfig{choice=Penultimate, change='null', param='null', outerNcml='[Element: <netcdf [Namespace: http://www.unidata.ucar.edu/namespaces/netcdf/ncml-2.2]/>]', cacheAll=true}
  hasInnerNcml =true
  fmrcConfig =FmrcConfig: regularize=false datasetTypes=[Best]

2016-08-31T19:29:56.329 +0000 INFO  - scheduleJob startup scan force=test for 'SABGOM_ROMS_Forecast_Model_Run_Collection' at 2016-08-31T19:29:59.325+0000
2016-08-31T19:29:56.334 +0000 INFO  - scheduleJob recurring scan for 'SABGOM_ROMS_Forecast_Model_Run_Collection' cronExpr=0 5 * * * ? *
2016-08-31T19:32:08.679 +0000 INFO  - FeatureCollection added = FeatureCollectionConfig name ='SABGOM ROMS Forecast Model Run Collection' collectionName='SABGOM_ROMS_Forecast_Model_Run_Collection' type='FMRC'
  spec='/raid0/data/sabgom/ROMS/his_#yyyyMMdd#.*\.nc$'
  olderThan =10 min
  timePartition =directory
  updateConfig =UpdateConfig{userDefined=true, recheckAfter='null', rescan='0 5 * * * ? *', triggerOk=true, updateType=test}
  tdmConfig =UpdateConfig{userDefined=false, recheckAfter='null', rescan='null', triggerOk=true, updateType=test}
  ProtoConfig{choice=Penultimate, change='null', param='null', outerNcml='[Element: <netcdf [Namespace: http://www.unidata.ucar.edu/namespaces/netcdf/ncml-2.2]/>]', cacheAll=true}
  hasInnerNcml =true
  fmrcConfig =FmrcConfig: regularize=false datasetTypes=[Best]

2016-08-31T19:32:08.765 +0000 INFO  - scheduleJob startup scan force=test for 'SABGOM_ROMS_Forecast_Model_Run_Collection' at 2016-08-31T19:32:11.762+0000
2016-08-31T19:32:08.769 +0000 INFO  - scheduleJob recurring scan for 'SABGOM_ROMS_Forecast_Model_Run_Collection' cronExpr=0 5 * * * ? *
2016-08-31T19:33:11.459 +0000 INFO  - FeatureCollection added = FeatureCollectionConfig name ='SABGOM ROMS Forecast Model Run Collection' collectionName='SABGOM_ROMS_Forecast_Model_Run_Collection' type='FMRC'
  spec='/raid0/data/sabgom/ROMS/his_#yyyyMMdd#.*\.nc$'
  olderThan =10 min
  timePartition =directory
  updateConfig =UpdateConfig{userDefined=true, recheckAfter='null', rescan='0 5 * * * ? *', triggerOk=true, updateType=test}
  tdmConfig =UpdateConfig{userDefined=false, recheckAfter='null', rescan='null', triggerOk=true, updateType=test}
  ProtoConfig{choice=Penultimate, change='null', param='null', outerNcml='[Element: <netcdf [Namespace: http://www.unidata.ucar.edu/namespaces/netcdf/ncml-2.2]/>]', cacheAll=true}
  hasInnerNcml =true
  fmrcConfig =FmrcConfig: regularize=false datasetTypes=[Best]

2016-08-31T19:33:11.546 +0000 INFO  - scheduleJob startup scan force=test for 'SABGOM_ROMS_Forecast_Model_Run_Collection' at 2016-08-31T19:33:14.544+0000
2016-08-31T19:33:11.551 +0000 INFO  - scheduleJob recurring scan for 'SABGOM_ROMS_Forecast_Model_Run_Collection' cronExpr=0 5 * * * ? *
2016-09-01T10:05:00.026 +0000 INFO  - SABGOM_ROMS_Forecast_Model_Run_Collection: scan found changes 2016-09-01T10:05:00.026+0000: nnew=1, nchange=0, ndelete=0
