2016-02-14T03:38:28.995 +0000 INFO  - FeatureCollection added = FeatureCollectionConfig name ='SABGOM Model Run Collection Tracer out2' collectionName='SABGOM_Model_Run_Collection_Tracer_out2' type='FMRC'
  spec='/raid0/zxue/SABGOM_NF/2012_2013/out2/sabgom_bio_his_0#DDD#\.nc$'
  olderThan =10 min
  timePartition =directory
  updateConfig =UpdateConfig{userDefined=true, recheckAfter='null', rescan='0 5 3 * * ? *', triggerOk=true, updateType=test}
  tdmConfig =UpdateConfig{userDefined=false, recheckAfter='null', rescan='null', triggerOk=true, updateType=test}
  ProtoConfig{choice=Penultimate, change='null', param='null', outerNcml='[Element: <netcdf [Namespace: http://www.unidata.ucar.edu/namespaces/netcdf/ncml-2.2]/>]', cacheAll=true}
  hasInnerNcml =true
  fmrcConfig =FmrcConfig: regularize=false datasetTypes=[Best]

2016-02-14T03:38:28.995 +0000 WARN  - MFileCollectionManager parse error =  Directory /raid0/zxue/SABGOM_NF/2012_2013/out2 does not exist 
 
2016-02-14T03:38:28.996 +0000 INFO  - scheduleJob startup scan force=test for 'SABGOM_Model_Run_Collection_Tracer_out2' at 2016-02-14T03:38:31.996+0000
2016-02-14T03:38:28.997 +0000 INFO  - scheduleJob recurring scan for 'SABGOM_Model_Run_Collection_Tracer_out2' cronExpr=0 5 3 * * ? *
2016-02-14T03:38:31.996 +0000 ERROR - SABGOM_Model_Run_Collection_Tracer_out2: Invalid collection= MCollection{name='/raid0/zxue/SABGOM_NF/2012_2013/out2', dirName='/raid0/zxue/SABGOM_NF/2012_2013/out2', wantSubdirs=false, filter=WildcardMatchOnPath{wildcard=null regexp=sabgom_bio_his_0...\.nc$}}
2016-02-14T03:38:31.997 +0000 WARN  - MFileCollectionManager: No files found for SABGOM_Model_Run_Collection_Tracer_out2
2016-02-14T03:40:41.628 +0000 INFO  - FeatureCollection added = FeatureCollectionConfig name ='SABGOM Model Run Collection Tracer out2' collectionName='SABGOM_Model_Run_Collection_Tracer_out2' type='FMRC'
  spec='/raid0/zxue/SABGOM_NF/2012_2013/out2/sabgom_bio_his_0#DDD#\.nc$'
  olderThan =10 min
  timePartition =directory
  updateConfig =UpdateConfig{userDefined=true, recheckAfter='null', rescan='0 5 3 * * ? *', triggerOk=true, updateType=test}
  tdmConfig =UpdateConfig{userDefined=false, recheckAfter='null', rescan='null', triggerOk=true, updateType=test}
  ProtoConfig{choice=Penultimate, change='null', param='null', outerNcml='[Element: <netcdf [Namespace: http://www.unidata.ucar.edu/namespaces/netcdf/ncml-2.2]/>]', cacheAll=true}
  hasInnerNcml =true
  fmrcConfig =FmrcConfig: regularize=false datasetTypes=[Best]

2016-02-14T03:40:41.628 +0000 WARN  - MFileCollectionManager parse error =  Directory /raid0/zxue/SABGOM_NF/2012_2013/out2 does not exist 
 
2016-02-14T03:40:41.628 +0000 INFO  - scheduleJob startup scan force=test for 'SABGOM_Model_Run_Collection_Tracer_out2' at 2016-02-14T03:40:44.628+0000
2016-02-14T03:40:41.629 +0000 INFO  - scheduleJob recurring scan for 'SABGOM_Model_Run_Collection_Tracer_out2' cronExpr=0 5 3 * * ? *
2016-02-14T03:40:44.628 +0000 ERROR - SABGOM_Model_Run_Collection_Tracer_out2: Invalid collection= MCollection{name='/raid0/zxue/SABGOM_NF/2012_2013/out2', dirName='/raid0/zxue/SABGOM_NF/2012_2013/out2', wantSubdirs=false, filter=WildcardMatchOnPath{wildcard=null regexp=sabgom_bio_his_0...\.nc$}}
2016-02-14T03:40:44.629 +0000 WARN  - MFileCollectionManager: No files found for SABGOM_Model_Run_Collection_Tracer_out2
2016-02-14T22:27:57.711 +0000 INFO  - FeatureCollection added = FeatureCollectionConfig name ='SABGOM Model Run Collection Tracer out2' collectionName='SABGOM_Model_Run_Collection_Tracer_out2' type='FMRC'
  spec='/raid0/zxue/SABGOM_NF/2012_2013/out2/sabgom_bio_his_0#DDD#\.nc$'
  olderThan =10 min
  timePartition =directory
  updateConfig =UpdateConfig{userDefined=true, recheckAfter='null', rescan='0 5 3 * * ? *', triggerOk=true, updateType=test}
  tdmConfig =UpdateConfig{userDefined=false, recheckAfter='null', rescan='null', triggerOk=true, updateType=test}
  ProtoConfig{choice=Penultimate, change='null', param='null', outerNcml='[Element: <netcdf [Namespace: http://www.unidata.ucar.edu/namespaces/netcdf/ncml-2.2]/>]', cacheAll=true}
  hasInnerNcml =true
  fmrcConfig =FmrcConfig: regularize=false datasetTypes=[Best]

2016-02-14T22:27:57.712 +0000 WARN  - MFileCollectionManager parse error =  Directory /raid0/zxue/SABGOM_NF/2012_2013/out2 does not exist 
 
2016-02-14T22:27:57.712 +0000 INFO  - scheduleJob startup scan force=test for 'SABGOM_Model_Run_Collection_Tracer_out2' at 2016-02-14T22:28:00.712+0000
2016-02-14T22:27:57.713 +0000 INFO  - scheduleJob recurring scan for 'SABGOM_Model_Run_Collection_Tracer_out2' cronExpr=0 5 3 * * ? *
2016-02-14T22:28:00.713 +0000 ERROR - SABGOM_Model_Run_Collection_Tracer_out2: Invalid collection= MCollection{name='/raid0/zxue/SABGOM_NF/2012_2013/out2', dirName='/raid0/zxue/SABGOM_NF/2012_2013/out2', wantSubdirs=false, filter=WildcardMatchOnPath{wildcard=null regexp=sabgom_bio_his_0...\.nc$}}
2016-02-14T22:28:00.714 +0000 WARN  - MFileCollectionManager: No files found for SABGOM_Model_Run_Collection_Tracer_out2
2016-02-14T22:28:44.517 +0000 INFO  - FeatureCollection added = FeatureCollectionConfig name ='SABGOM Model Run Collection Tracer out2' collectionName='SABGOM_Model_Run_Collection_Tracer_out2' type='FMRC'
  spec='/raid0/zxue/SABGOM_NF/2012_2013/out2/sabgom_bio_his_0#DDD#\.nc$'
  olderThan =10 min
  timePartition =directory
  updateConfig =UpdateConfig{userDefined=true, recheckAfter='null', rescan='0 5 3 * * ? *', triggerOk=true, updateType=test}
  tdmConfig =UpdateConfig{userDefined=false, recheckAfter='null', rescan='null', triggerOk=true, updateType=test}
  ProtoConfig{choice=Penultimate, change='null', param='null', outerNcml='[Element: <netcdf [Namespace: http://www.unidata.ucar.edu/namespaces/netcdf/ncml-2.2]/>]', cacheAll=true}
  hasInnerNcml =true
  fmrcConfig =FmrcConfig: regularize=false datasetTypes=[Best]

2016-02-14T22:28:44.517 +0000 WARN  - MFileCollectionManager parse error =  Directory /raid0/zxue/SABGOM_NF/2012_2013/out2 does not exist 
 
2016-02-14T22:28:44.518 +0000 INFO  - scheduleJob startup scan force=test for 'SABGOM_Model_Run_Collection_Tracer_out2' at 2016-02-14T22:28:47.517+0000
2016-02-14T22:28:44.518 +0000 INFO  - scheduleJob recurring scan for 'SABGOM_Model_Run_Collection_Tracer_out2' cronExpr=0 5 3 * * ? *
2016-02-14T22:28:47.518 +0000 ERROR - SABGOM_Model_Run_Collection_Tracer_out2: Invalid collection= MCollection{name='/raid0/zxue/SABGOM_NF/2012_2013/out2', dirName='/raid0/zxue/SABGOM_NF/2012_2013/out2', wantSubdirs=false, filter=WildcardMatchOnPath{wildcard=null regexp=sabgom_bio_his_0...\.nc$}}
2016-02-14T22:28:47.519 +0000 WARN  - MFileCollectionManager: No files found for SABGOM_Model_Run_Collection_Tracer_out2
2016-02-14T22:31:13.130 +0000 INFO  - FeatureCollection added = FeatureCollectionConfig name ='SABGOM Model Run Collection Tracer out2' collectionName='SABGOM_Model_Run_Collection_Tracer_out2' type='FMRC'
  spec='/raid0/zxue/SABGOM_NF/2012_2013/out2/sabgom_bio_his_0#DDD#\.nc$'
  olderThan =10 min
  timePartition =directory
  updateConfig =UpdateConfig{userDefined=true, recheckAfter='null', rescan='0 5 3 * * ? *', triggerOk=true, updateType=test}
  tdmConfig =UpdateConfig{userDefined=false, recheckAfter='null', rescan='null', triggerOk=true, updateType=test}
  ProtoConfig{choice=Penultimate, change='null', param='null', outerNcml='[Element: <netcdf [Namespace: http://www.unidata.ucar.edu/namespaces/netcdf/ncml-2.2]/>]', cacheAll=true}
  hasInnerNcml =true
  fmrcConfig =FmrcConfig: regularize=false datasetTypes=[Best]

2016-02-14T22:31:13.130 +0000 WARN  - MFileCollectionManager parse error =  Directory /raid0/zxue/SABGOM_NF/2012_2013/out2 does not exist 
 
2016-02-14T22:31:13.131 +0000 INFO  - scheduleJob startup scan force=test for 'SABGOM_Model_Run_Collection_Tracer_out2' at 2016-02-14T22:31:16.130+0000
2016-02-14T22:31:13.131 +0000 INFO  - scheduleJob recurring scan for 'SABGOM_Model_Run_Collection_Tracer_out2' cronExpr=0 5 3 * * ? *
2016-02-14T22:31:13.180 +0000 INFO  - FeatureCollection added = FeatureCollectionConfig name ='SABGOM Model Run Collection Tracer out2' collectionName='SABGOM_Model_Run_Collection_Tracer_out2' type='FMRC'
  spec='/raid0/zxue/SABGOM_NF/2012_2013/out2/sabgom_bio_his_0#DDD#\.nc$'
  olderThan =10 min
  timePartition =directory
  updateConfig =UpdateConfig{userDefined=true, recheckAfter='null', rescan='0 5 3 * * ? *', triggerOk=true, updateType=test}
  tdmConfig =UpdateConfig{userDefined=false, recheckAfter='null', rescan='null', triggerOk=true, updateType=test}
  ProtoConfig{choice=Penultimate, change='null', param='null', outerNcml='[Element: <netcdf [Namespace: http://www.unidata.ucar.edu/namespaces/netcdf/ncml-2.2]/>]', cacheAll=true}
  hasInnerNcml =true
  fmrcConfig =FmrcConfig: regularize=false datasetTypes=[Best]

2016-02-14T22:31:13.180 +0000 WARN  - MFileCollectionManager parse error =  Directory /raid0/zxue/SABGOM_NF/2012_2013/out2 does not exist 
 
2016-02-14T22:31:13.181 +0000 WARN  - scheduler failed to add updateJob for UpdateCollection.SABGOM_Model_Run_Collection_Tracer_out2. Another Job exists with that identification.
2016-02-14T22:31:13.181 +0000 ERROR - scheduleJob failed to schedule startup Job for FeatureCollectionConfig name ='SABGOM Model Run Collection Tracer out2' collectionName='SABGOM_Model_Run_Collection_Tracer_out2' type='FMRC'
  spec='/raid0/zxue/SABGOM_NF/2012_2013/out2/sabgom_bio_his_0#DDD#\.nc$'
  olderThan =10 min
  timePartition =directory
  updateConfig =UpdateConfig{userDefined=true, recheckAfter='null', rescan='0 5 3 * * ? *', triggerOk=true, updateType=test}
  tdmConfig =UpdateConfig{userDefined=false, recheckAfter='null', rescan='null', triggerOk=true, updateType=test}
  ProtoConfig{choice=Penultimate, change='null', param='null', outerNcml='[Element: <netcdf [Namespace: http://www.unidata.ucar.edu/namespaces/netcdf/ncml-2.2]/>]', cacheAll=true}
  hasInnerNcml =true
  fmrcConfig =FmrcConfig: regularize=false datasetTypes=[Best]

org.quartz.ObjectAlreadyExistsException: Unable to store Trigger with name: 'SABGOM_Model_Run_Collection_Tracer_out2' and group: 'startup', because one already exists with this identification.
	at org.quartz.simpl.RAMJobStore.storeTrigger(RAMJobStore.java:415) ~[quartz-2.2.0.jar:?]
	at org.quartz.core.QuartzScheduler.scheduleJob(QuartzScheduler.java:962) ~[quartz-2.2.0.jar:?]
	at org.quartz.impl.StdScheduler.scheduleJob(StdScheduler.java:258) ~[quartz-2.2.0.jar:?]
	at thredds.inventory.CollectionUpdater.scheduleTasks(CollectionUpdater.java:141) [cdm-4.6.4.jar:4.6.4]
	at thredds.catalog.InvDatasetFeatureCollection.finishConstruction(InvDatasetFeatureCollection.java:217) [tdcommon-4.6.4.jar:4.6.4]
	at thredds.catalog.InvDatasetFeatureCollection.factory(InvDatasetFeatureCollection.java:135) [tdcommon-4.6.4.jar:4.6.4]
	at sun.reflect.NativeMethodAccessorImpl.invoke0(Native Method) ~[?:1.8.0_73]
	at sun.reflect.NativeMethodAccessorImpl.invoke(NativeMethodAccessorImpl.java:62) ~[?:1.8.0_73]
	at sun.reflect.DelegatingMethodAccessorImpl.invoke(DelegatingMethodAccessorImpl.java:43) ~[?:1.8.0_73]
	at java.lang.reflect.Method.invoke(Method.java:497) ~[?:1.8.0_73]
	at thredds.catalog.parser.jdom.InvCatalogFactory10.readFeatureCollection(InvCatalogFactory10.java:346) [cdm-4.6.4.jar:4.6.4]
	at thredds.catalog.parser.jdom.InvCatalogFactory10.readDatasetInfo(InvCatalogFactory10.java:330) [cdm-4.6.4.jar:4.6.4]
	at thredds.catalog.parser.jdom.InvCatalogFactory10.readDataset(InvCatalogFactory10.java:242) [cdm-4.6.4.jar:4.6.4]
	at thredds.catalog.parser.jdom.InvCatalogFactory10.readCatalog(InvCatalogFactory10.java:191) [cdm-4.6.4.jar:4.6.4]
	at thredds.catalog.parser.jdom.InvCatalogFactory10.parseXML(InvCatalogFactory10.java:124) [cdm-4.6.4.jar:4.6.4]
	at thredds.catalog.InvCatalogFactory.readXML(InvCatalogFactory.java:471) [cdm-4.6.4.jar:4.6.4]
	at thredds.catalog.InvCatalogFactory.readXML(InvCatalogFactory.java:441) [cdm-4.6.4.jar:4.6.4]
	at thredds.servlet.DataRootHandler.readCatalog(DataRootHandler.java:463) [classes/:4.6.4]
	at thredds.servlet.DataRootHandler.initCatalog(DataRootHandler.java:339) [classes/:4.6.4]
	at thredds.servlet.DataRootHandler.initFollowCatrefs(DataRootHandler.java:580) [classes/:4.6.4]
	at thredds.servlet.DataRootHandler.initFollowCatrefs(DataRootHandler.java:585) [classes/:4.6.4]
	at thredds.servlet.DataRootHandler.initFollowCatrefs(DataRootHandler.java:585) [classes/:4.6.4]
	at thredds.servlet.DataRootHandler.initCatalog(DataRootHandler.java:381) [classes/:4.6.4]
	at thredds.servlet.DataRootHandler.initCatalogs(DataRootHandler.java:299) [classes/:4.6.4]
	at thredds.servlet.DataRootHandler.initCatalogs(DataRootHandler.java:279) [classes/:4.6.4]
	at thredds.servlet.DataRootHandler.afterPropertiesSet(DataRootHandler.java:191) [classes/:4.6.4]
	at org.springframework.beans.factory.support.AbstractAutowireCapableBeanFactory.invokeInitMethods(AbstractAutowireCapableBeanFactory.java:1633) [spring-beans-4.1.6.RELEASE.jar:4.1.6.RELEASE]
	at org.springframework.beans.factory.support.AbstractAutowireCapableBeanFactory.initializeBean(AbstractAutowireCapableBeanFactory.java:1570) [spring-beans-4.1.6.RELEASE.jar:4.1.6.RELEASE]
	at org.springframework.beans.factory.support.AbstractAutowireCapableBeanFactory.doCreateBean(AbstractAutowireCapableBeanFactory.java:539) [spring-beans-4.1.6.RELEASE.jar:4.1.6.RELEASE]
	at org.springframework.beans.factory.support.AbstractAutowireCapableBeanFactory.createBean(AbstractAutowireCapableBeanFactory.java:476) [spring-beans-4.1.6.RELEASE.jar:4.1.6.RELEASE]
	at org.springframework.beans.factory.support.AbstractBeanFactory$1.getObject(AbstractBeanFactory.java:303) [spring-beans-4.1.6.RELEASE.jar:4.1.6.RELEASE]
	at org.springframework.beans.factory.support.DefaultSingletonBeanRegistry.getSingleton(DefaultSingletonBeanRegistry.java:230) [spring-beans-4.1.6.RELEASE.jar:4.1.6.RELEASE]
	at org.springframework.beans.factory.support.AbstractBeanFactory.doGetBean(AbstractBeanFactory.java:299) [spring-beans-4.1.6.RELEASE.jar:4.1.6.RELEASE]
	at org.springframework.beans.factory.support.AbstractBeanFactory.getBean(AbstractBeanFactory.java:194) [spring-beans-4.1.6.RELEASE.jar:4.1.6.RELEASE]
	at org.springframework.beans.factory.support.DefaultListableBeanFactory.preInstantiateSingletons(DefaultListableBeanFactory.java:755) [spring-beans-4.1.6.RELEASE.jar:4.1.6.RELEASE]
	at org.springframework.context.support.AbstractApplicationContext.finishBeanFactoryInitialization(AbstractApplicationContext.java:757) [spring-context-4.1.6.RELEASE.jar:4.1.6.RELEASE]
	at org.springframework.context.support.AbstractApplicationContext.refresh(AbstractApplicationContext.java:480) [spring-context-4.1.6.RELEASE.jar:4.1.6.RELEASE]
	at org.springframework.web.context.ContextLoader.configureAndRefreshWebApplicationContext(ContextLoader.java:403) [spring-web-4.1.6.RELEASE.jar:4.1.6.RELEASE]
	at org.springframework.web.context.ContextLoader.initWebApplicationContext(ContextLoader.java:306) [spring-web-4.1.6.RELEASE.jar:4.1.6.RELEASE]
	at org.springframework.web.context.ContextLoaderListener.contextInitialized(ContextLoaderListener.java:106) [spring-web-4.1.6.RELEASE.jar:4.1.6.RELEASE]
	at org.apache.catalina.core.StandardContext.listenerStart(StandardContext.java:4812) [catalina.jar:8.0.32]
	at org.apache.catalina.core.StandardContext.startInternal(StandardContext.java:5255) [catalina.jar:8.0.32]
	at org.apache.catalina.util.LifecycleBase.start(LifecycleBase.java:147) [catalina.jar:8.0.32]
	at org.apache.catalina.core.ContainerBase.addChildInternal(ContainerBase.java:725) [catalina.jar:8.0.32]
	at org.apache.catalina.core.ContainerBase.addChild(ContainerBase.java:701) [catalina.jar:8.0.32]
	at org.apache.catalina.core.StandardHost.addChild(StandardHost.java:717) [catalina.jar:8.0.32]
	at org.apache.catalina.startup.HostConfig.deployWAR(HostConfig.java:939) [catalina.jar:8.0.32]
	at org.apache.catalina.startup.HostConfig$DeployWar.run(HostConfig.java:1812) [catalina.jar:8.0.32]
	at java.util.concurrent.Executors$RunnableAdapter.call(Executors.java:511) [?:1.8.0_73]
	at java.util.concurrent.FutureTask.run(FutureTask.java:266) [?:1.8.0_73]
	at java.util.concurrent.ThreadPoolExecutor.runWorker(ThreadPoolExecutor.java:1142) [?:1.8.0_73]
	at java.util.concurrent.ThreadPoolExecutor$Worker.run(ThreadPoolExecutor.java:617) [?:1.8.0_73]
	at java.lang.Thread.run(Thread.java:745) [?:1.8.0_73]
2016-02-14T22:31:16.131 +0000 ERROR - SABGOM_Model_Run_Collection_Tracer_out2: Invalid collection= MCollection{name='/raid0/zxue/SABGOM_NF/2012_2013/out2', dirName='/raid0/zxue/SABGOM_NF/2012_2013/out2', wantSubdirs=false, filter=WildcardMatchOnPath{wildcard=null regexp=sabgom_bio_his_0...\.nc$}}
2016-02-14T22:31:16.132 +0000 WARN  - MFileCollectionManager: No files found for SABGOM_Model_Run_Collection_Tracer_out2
2016-02-14T22:32:21.834 +0000 INFO  - FeatureCollection added = FeatureCollectionConfig name ='SABGOM Model Run Collection Tracer out2' collectionName='SABGOM_Model_Run_Collection_Tracer_out2' type='FMRC'
  spec='/raid0/zxue/SABGOM_NF/2012_2013/out2/sabgom_bio_his_0#DDD#\.nc$'
  olderThan =10 min
  timePartition =directory
  updateConfig =UpdateConfig{userDefined=true, recheckAfter='null', rescan='0 5 3 * * ? *', triggerOk=true, updateType=test}
  tdmConfig =UpdateConfig{userDefined=false, recheckAfter='null', rescan='null', triggerOk=true, updateType=test}
  ProtoConfig{choice=Penultimate, change='null', param='null', outerNcml='[Element: <netcdf [Namespace: http://www.unidata.ucar.edu/namespaces/netcdf/ncml-2.2]/>]', cacheAll=true}
  hasInnerNcml =true
  fmrcConfig =FmrcConfig: regularize=false datasetTypes=[Best]

2016-02-14T22:32:21.834 +0000 WARN  - MFileCollectionManager parse error =  Directory /raid0/zxue/SABGOM_NF/2012_2013/out2 does not exist 
 
2016-02-14T22:32:21.835 +0000 INFO  - scheduleJob startup scan force=test for 'SABGOM_Model_Run_Collection_Tracer_out2' at 2016-02-14T22:32:24.834+0000
2016-02-14T22:32:21.835 +0000 INFO  - scheduleJob recurring scan for 'SABGOM_Model_Run_Collection_Tracer_out2' cronExpr=0 5 3 * * ? *
2016-02-14T22:32:21.873 +0000 INFO  - FeatureCollection added = FeatureCollectionConfig name ='SABGOM Model Run Collection Tracer out2' collectionName='SABGOM_Model_Run_Collection_Tracer_out2' type='FMRC'
  spec='/raid0/zxue/SABGOM_NF/2012_2013/out2/sabgom_bio_his_0#DDD#\.nc$'
  olderThan =10 min
  timePartition =directory
  updateConfig =UpdateConfig{userDefined=true, recheckAfter='null', rescan='0 5 3 * * ? *', triggerOk=true, updateType=test}
  tdmConfig =UpdateConfig{userDefined=false, recheckAfter='null', rescan='null', triggerOk=true, updateType=test}
  ProtoConfig{choice=Penultimate, change='null', param='null', outerNcml='[Element: <netcdf [Namespace: http://www.unidata.ucar.edu/namespaces/netcdf/ncml-2.2]/>]', cacheAll=true}
  hasInnerNcml =true
  fmrcConfig =FmrcConfig: regularize=false datasetTypes=[Best]

2016-02-14T22:32:21.873 +0000 WARN  - MFileCollectionManager parse error =  Directory /raid0/zxue/SABGOM_NF/2012_2013/out2 does not exist 
 
2016-02-14T22:32:21.873 +0000 WARN  - scheduler failed to add updateJob for UpdateCollection.SABGOM_Model_Run_Collection_Tracer_out2. Another Job exists with that identification.
2016-02-14T22:32:21.873 +0000 ERROR - scheduleJob failed to schedule startup Job for FeatureCollectionConfig name ='SABGOM Model Run Collection Tracer out2' collectionName='SABGOM_Model_Run_Collection_Tracer_out2' type='FMRC'
  spec='/raid0/zxue/SABGOM_NF/2012_2013/out2/sabgom_bio_his_0#DDD#\.nc$'
  olderThan =10 min
  timePartition =directory
  updateConfig =UpdateConfig{userDefined=true, recheckAfter='null', rescan='0 5 3 * * ? *', triggerOk=true, updateType=test}
  tdmConfig =UpdateConfig{userDefined=false, recheckAfter='null', rescan='null', triggerOk=true, updateType=test}
  ProtoConfig{choice=Penultimate, change='null', param='null', outerNcml='[Element: <netcdf [Namespace: http://www.unidata.ucar.edu/namespaces/netcdf/ncml-2.2]/>]', cacheAll=true}
  hasInnerNcml =true
  fmrcConfig =FmrcConfig: regularize=false datasetTypes=[Best]

org.quartz.ObjectAlreadyExistsException: Unable to store Trigger with name: 'SABGOM_Model_Run_Collection_Tracer_out2' and group: 'startup', because one already exists with this identification.
	at org.quartz.simpl.RAMJobStore.storeTrigger(RAMJobStore.java:415) ~[quartz-2.2.0.jar:?]
	at org.quartz.core.QuartzScheduler.scheduleJob(QuartzScheduler.java:962) ~[quartz-2.2.0.jar:?]
	at org.quartz.impl.StdScheduler.scheduleJob(StdScheduler.java:258) ~[quartz-2.2.0.jar:?]
	at thredds.inventory.CollectionUpdater.scheduleTasks(CollectionUpdater.java:141) [cdm-4.6.4.jar:4.6.4]
	at thredds.catalog.InvDatasetFeatureCollection.finishConstruction(InvDatasetFeatureCollection.java:217) [tdcommon-4.6.4.jar:4.6.4]
	at thredds.catalog.InvDatasetFeatureCollection.factory(InvDatasetFeatureCollection.java:135) [tdcommon-4.6.4.jar:4.6.4]
	at sun.reflect.NativeMethodAccessorImpl.invoke0(Native Method) ~[?:1.8.0_73]
	at sun.reflect.NativeMethodAccessorImpl.invoke(NativeMethodAccessorImpl.java:62) ~[?:1.8.0_73]
	at sun.reflect.DelegatingMethodAccessorImpl.invoke(DelegatingMethodAccessorImpl.java:43) ~[?:1.8.0_73]
	at java.lang.reflect.Method.invoke(Method.java:497) ~[?:1.8.0_73]
	at thredds.catalog.parser.jdom.InvCatalogFactory10.readFeatureCollection(InvCatalogFactory10.java:346) [cdm-4.6.4.jar:4.6.4]
	at thredds.catalog.parser.jdom.InvCatalogFactory10.readDatasetInfo(InvCatalogFactory10.java:330) [cdm-4.6.4.jar:4.6.4]
	at thredds.catalog.parser.jdom.InvCatalogFactory10.readDataset(InvCatalogFactory10.java:242) [cdm-4.6.4.jar:4.6.4]
	at thredds.catalog.parser.jdom.InvCatalogFactory10.readCatalog(InvCatalogFactory10.java:191) [cdm-4.6.4.jar:4.6.4]
	at thredds.catalog.parser.jdom.InvCatalogFactory10.parseXML(InvCatalogFactory10.java:124) [cdm-4.6.4.jar:4.6.4]
	at thredds.catalog.InvCatalogFactory.readXML(InvCatalogFactory.java:471) [cdm-4.6.4.jar:4.6.4]
	at thredds.catalog.InvCatalogFactory.readXML(InvCatalogFactory.java:441) [cdm-4.6.4.jar:4.6.4]
	at thredds.servlet.DataRootHandler.readCatalog(DataRootHandler.java:463) [classes/:4.6.4]
	at thredds.servlet.DataRootHandler.initCatalog(DataRootHandler.java:339) [classes/:4.6.4]
	at thredds.servlet.DataRootHandler.initFollowCatrefs(DataRootHandler.java:580) [classes/:4.6.4]
	at thredds.servlet.DataRootHandler.initFollowCatrefs(DataRootHandler.java:585) [classes/:4.6.4]
	at thredds.servlet.DataRootHandler.initFollowCatrefs(DataRootHandler.java:585) [classes/:4.6.4]
	at thredds.servlet.DataRootHandler.initCatalog(DataRootHandler.java:381) [classes/:4.6.4]
	at thredds.servlet.DataRootHandler.initCatalogs(DataRootHandler.java:299) [classes/:4.6.4]
	at thredds.servlet.DataRootHandler.initCatalogs(DataRootHandler.java:279) [classes/:4.6.4]
	at thredds.servlet.DataRootHandler.afterPropertiesSet(DataRootHandler.java:191) [classes/:4.6.4]
	at org.springframework.beans.factory.support.AbstractAutowireCapableBeanFactory.invokeInitMethods(AbstractAutowireCapableBeanFactory.java:1633) [spring-beans-4.1.6.RELEASE.jar:4.1.6.RELEASE]
	at org.springframework.beans.factory.support.AbstractAutowireCapableBeanFactory.initializeBean(AbstractAutowireCapableBeanFactory.java:1570) [spring-beans-4.1.6.RELEASE.jar:4.1.6.RELEASE]
	at org.springframework.beans.factory.support.AbstractAutowireCapableBeanFactory.doCreateBean(AbstractAutowireCapableBeanFactory.java:539) [spring-beans-4.1.6.RELEASE.jar:4.1.6.RELEASE]
	at org.springframework.beans.factory.support.AbstractAutowireCapableBeanFactory.createBean(AbstractAutowireCapableBeanFactory.java:476) [spring-beans-4.1.6.RELEASE.jar:4.1.6.RELEASE]
	at org.springframework.beans.factory.support.AbstractBeanFactory$1.getObject(AbstractBeanFactory.java:303) [spring-beans-4.1.6.RELEASE.jar:4.1.6.RELEASE]
	at org.springframework.beans.factory.support.DefaultSingletonBeanRegistry.getSingleton(DefaultSingletonBeanRegistry.java:230) [spring-beans-4.1.6.RELEASE.jar:4.1.6.RELEASE]
	at org.springframework.beans.factory.support.AbstractBeanFactory.doGetBean(AbstractBeanFactory.java:299) [spring-beans-4.1.6.RELEASE.jar:4.1.6.RELEASE]
	at org.springframework.beans.factory.support.AbstractBeanFactory.getBean(AbstractBeanFactory.java:194) [spring-beans-4.1.6.RELEASE.jar:4.1.6.RELEASE]
	at org.springframework.beans.factory.support.DefaultListableBeanFactory.preInstantiateSingletons(DefaultListableBeanFactory.java:755) [spring-beans-4.1.6.RELEASE.jar:4.1.6.RELEASE]
	at org.springframework.context.support.AbstractApplicationContext.finishBeanFactoryInitialization(AbstractApplicationContext.java:757) [spring-context-4.1.6.RELEASE.jar:4.1.6.RELEASE]
	at org.springframework.context.support.AbstractApplicationContext.refresh(AbstractApplicationContext.java:480) [spring-context-4.1.6.RELEASE.jar:4.1.6.RELEASE]
	at org.springframework.web.context.ContextLoader.configureAndRefreshWebApplicationContext(ContextLoader.java:403) [spring-web-4.1.6.RELEASE.jar:4.1.6.RELEASE]
	at org.springframework.web.context.ContextLoader.initWebApplicationContext(ContextLoader.java:306) [spring-web-4.1.6.RELEASE.jar:4.1.6.RELEASE]
	at org.springframework.web.context.ContextLoaderListener.contextInitialized(ContextLoaderListener.java:106) [spring-web-4.1.6.RELEASE.jar:4.1.6.RELEASE]
	at org.apache.catalina.core.StandardContext.listenerStart(StandardContext.java:4812) [catalina.jar:8.0.32]
	at org.apache.catalina.core.StandardContext.startInternal(StandardContext.java:5255) [catalina.jar:8.0.32]
	at org.apache.catalina.util.LifecycleBase.start(LifecycleBase.java:147) [catalina.jar:8.0.32]
	at org.apache.catalina.core.ContainerBase.addChildInternal(ContainerBase.java:725) [catalina.jar:8.0.32]
	at org.apache.catalina.core.ContainerBase.addChild(ContainerBase.java:701) [catalina.jar:8.0.32]
	at org.apache.catalina.core.StandardHost.addChild(StandardHost.java:717) [catalina.jar:8.0.32]
	at org.apache.catalina.startup.HostConfig.deployWAR(HostConfig.java:939) [catalina.jar:8.0.32]
	at org.apache.catalina.startup.HostConfig$DeployWar.run(HostConfig.java:1812) [catalina.jar:8.0.32]
	at java.util.concurrent.Executors$RunnableAdapter.call(Executors.java:511) [?:1.8.0_73]
	at java.util.concurrent.FutureTask.run(FutureTask.java:266) [?:1.8.0_73]
	at java.util.concurrent.ThreadPoolExecutor.runWorker(ThreadPoolExecutor.java:1142) [?:1.8.0_73]
	at java.util.concurrent.ThreadPoolExecutor$Worker.run(ThreadPoolExecutor.java:617) [?:1.8.0_73]
	at java.lang.Thread.run(Thread.java:745) [?:1.8.0_73]
2016-02-14T22:32:24.834 +0000 ERROR - SABGOM_Model_Run_Collection_Tracer_out2: Invalid collection= MCollection{name='/raid0/zxue/SABGOM_NF/2012_2013/out2', dirName='/raid0/zxue/SABGOM_NF/2012_2013/out2', wantSubdirs=false, filter=WildcardMatchOnPath{wildcard=null regexp=sabgom_bio_his_0...\.nc$}}
2016-02-14T22:32:24.836 +0000 WARN  - MFileCollectionManager: No files found for SABGOM_Model_Run_Collection_Tracer_out2
2016-02-14T22:53:13.881 +0000 INFO  - FeatureCollection added = FeatureCollectionConfig name ='SABGOM Model Run Collection Tracer out2' collectionName='SABGOM_Model_Run_Collection_Tracer_out2' type='FMRC'
  spec='/raid0/zxue/SABGOM_NF/2012_2013/out2/sabgom_bio_his_0#DDD#\.nc$'
  olderThan =10 min
  timePartition =directory
  updateConfig =UpdateConfig{userDefined=true, recheckAfter='null', rescan='0 5 3 * * ? *', triggerOk=true, updateType=test}
  tdmConfig =UpdateConfig{userDefined=false, recheckAfter='null', rescan='null', triggerOk=true, updateType=test}
  ProtoConfig{choice=Penultimate, change='null', param='null', outerNcml='[Element: <netcdf [Namespace: http://www.unidata.ucar.edu/namespaces/netcdf/ncml-2.2]/>]', cacheAll=true}
  hasInnerNcml =true
  fmrcConfig =FmrcConfig: regularize=false datasetTypes=[Best]

2016-02-14T22:53:13.881 +0000 WARN  - MFileCollectionManager parse error =  Directory /raid0/zxue/SABGOM_NF/2012_2013/out2 does not exist 
 
2016-02-14T22:53:13.881 +0000 INFO  - scheduleJob startup scan force=test for 'SABGOM_Model_Run_Collection_Tracer_out2' at 2016-02-14T22:53:16.881+0000
2016-02-14T22:53:13.882 +0000 INFO  - scheduleJob recurring scan for 'SABGOM_Model_Run_Collection_Tracer_out2' cronExpr=0 5 3 * * ? *
2016-02-14T22:53:16.882 +0000 ERROR - SABGOM_Model_Run_Collection_Tracer_out2: Invalid collection= MCollection{name='/raid0/zxue/SABGOM_NF/2012_2013/out2', dirName='/raid0/zxue/SABGOM_NF/2012_2013/out2', wantSubdirs=false, filter=WildcardMatchOnPath{wildcard=null regexp=sabgom_bio_his_0...\.nc$}}
2016-02-14T22:53:16.883 +0000 WARN  - MFileCollectionManager: No files found for SABGOM_Model_Run_Collection_Tracer_out2
2016-02-14T22:58:40.255 +0000 INFO  - FeatureCollection added = FeatureCollectionConfig name ='SABGOM Model Run Collection Tracer out2' collectionName='SABGOM_Model_Run_Collection_Tracer_out2' type='FMRC'
  spec='/raid0/zxue/SABGOM_NF/2012_2013/out2/sabgom_bio_his_0#DDD#\.nc$'
  olderThan =10 min
  timePartition =directory
  updateConfig =UpdateConfig{userDefined=true, recheckAfter='null', rescan='0 5 3 * * ? *', triggerOk=true, updateType=test}
  tdmConfig =UpdateConfig{userDefined=false, recheckAfter='null', rescan='null', triggerOk=true, updateType=test}
  ProtoConfig{choice=Penultimate, change='null', param='null', outerNcml='[Element: <netcdf [Namespace: http://www.unidata.ucar.edu/namespaces/netcdf/ncml-2.2]/>]', cacheAll=true}
  hasInnerNcml =true
  fmrcConfig =FmrcConfig: regularize=false datasetTypes=[Best]

2016-02-14T22:58:40.255 +0000 WARN  - MFileCollectionManager parse error =  Directory /raid0/zxue/SABGOM_NF/2012_2013/out2 does not exist 
 
2016-02-14T22:58:40.256 +0000 INFO  - scheduleJob startup scan force=test for 'SABGOM_Model_Run_Collection_Tracer_out2' at 2016-02-14T22:58:43.256+0000
2016-02-14T22:58:40.256 +0000 INFO  - scheduleJob recurring scan for 'SABGOM_Model_Run_Collection_Tracer_out2' cronExpr=0 5 3 * * ? *
2016-02-14T22:58:43.257 +0000 ERROR - SABGOM_Model_Run_Collection_Tracer_out2: Invalid collection= MCollection{name='/raid0/zxue/SABGOM_NF/2012_2013/out2', dirName='/raid0/zxue/SABGOM_NF/2012_2013/out2', wantSubdirs=false, filter=WildcardMatchOnPath{wildcard=null regexp=sabgom_bio_his_0...\.nc$}}
2016-02-14T22:58:43.258 +0000 WARN  - MFileCollectionManager: No files found for SABGOM_Model_Run_Collection_Tracer_out2
2016-02-14T23:20:08.785 +0000 INFO  - FeatureCollection added = FeatureCollectionConfig name ='SABGOM Model Run Collection Tracer out2' collectionName='SABGOM_Model_Run_Collection_Tracer_out2' type='FMRC'
  spec='/raid0/zxue/SABGOM_NF/2012_2013/out2/sabgom_bio_his_0#DDD#\.nc$'
  olderThan =10 min
  timePartition =directory
  updateConfig =UpdateConfig{userDefined=true, recheckAfter='null', rescan='0 5 3 * * ? *', triggerOk=true, updateType=test}
  tdmConfig =UpdateConfig{userDefined=false, recheckAfter='null', rescan='null', triggerOk=true, updateType=test}
  ProtoConfig{choice=Penultimate, change='null', param='null', outerNcml='[Element: <netcdf [Namespace: http://www.unidata.ucar.edu/namespaces/netcdf/ncml-2.2]/>]', cacheAll=true}
  hasInnerNcml =true
  fmrcConfig =FmrcConfig: regularize=false datasetTypes=[Best]

2016-02-14T23:20:08.786 +0000 WARN  - MFileCollectionManager parse error =  Directory /raid0/zxue/SABGOM_NF/2012_2013/out2 does not exist 
 
2016-02-14T23:20:08.786 +0000 INFO  - scheduleJob startup scan force=test for 'SABGOM_Model_Run_Collection_Tracer_out2' at 2016-02-14T23:20:11.786+0000
2016-02-14T23:20:08.787 +0000 INFO  - scheduleJob recurring scan for 'SABGOM_Model_Run_Collection_Tracer_out2' cronExpr=0 5 3 * * ? *
2016-02-14T23:20:11.787 +0000 ERROR - SABGOM_Model_Run_Collection_Tracer_out2: Invalid collection= MCollection{name='/raid0/zxue/SABGOM_NF/2012_2013/out2', dirName='/raid0/zxue/SABGOM_NF/2012_2013/out2', wantSubdirs=false, filter=WildcardMatchOnPath{wildcard=null regexp=sabgom_bio_his_0...\.nc$}}
2016-02-14T23:20:11.788 +0000 WARN  - MFileCollectionManager: No files found for SABGOM_Model_Run_Collection_Tracer_out2
2016-02-15T03:05:00.004 +0000 ERROR - SABGOM_Model_Run_Collection_Tracer_out2: Invalid collection= MCollection{name='/raid0/zxue/SABGOM_NF/2012_2013/out2', dirName='/raid0/zxue/SABGOM_NF/2012_2013/out2', wantSubdirs=false, filter=WildcardMatchOnPath{wildcard=null regexp=sabgom_bio_his_0...\.nc$}}
2016-02-15T03:05:00.004 +0000 WARN  - MFileCollectionManager: No files found for SABGOM_Model_Run_Collection_Tracer_out2
2016-02-16T03:05:00.003 +0000 ERROR - SABGOM_Model_Run_Collection_Tracer_out2: Invalid collection= MCollection{name='/raid0/zxue/SABGOM_NF/2012_2013/out2', dirName='/raid0/zxue/SABGOM_NF/2012_2013/out2', wantSubdirs=false, filter=WildcardMatchOnPath{wildcard=null regexp=sabgom_bio_his_0...\.nc$}}
2016-02-16T03:05:00.003 +0000 WARN  - MFileCollectionManager: No files found for SABGOM_Model_Run_Collection_Tracer_out2
2016-02-16T20:16:31.845 +0000 INFO  - FeatureCollection added = FeatureCollectionConfig name ='SABGOM Model Run Collection Tracer out2' collectionName='SABGOM_Model_Run_Collection_Tracer_out2' type='FMRC'
  spec='/raid0/zxue/SABGOM_NF/2012_2013/out2/sabgom_bio_his_0#DDD#\.nc$'
  olderThan =10 min
  timePartition =directory
  updateConfig =UpdateConfig{userDefined=true, recheckAfter='null', rescan='0 5 3 * * ? *', triggerOk=true, updateType=test}
  tdmConfig =UpdateConfig{userDefined=false, recheckAfter='null', rescan='null', triggerOk=true, updateType=test}
  ProtoConfig{choice=Penultimate, change='null', param='null', outerNcml='[Element: <netcdf [Namespace: http://www.unidata.ucar.edu/namespaces/netcdf/ncml-2.2]/>]', cacheAll=true}
  hasInnerNcml =true
  fmrcConfig =FmrcConfig: regularize=false datasetTypes=[Best]

2016-02-16T20:16:31.845 +0000 WARN  - MFileCollectionManager parse error =  Directory /raid0/zxue/SABGOM_NF/2012_2013/out2 does not exist 
 
2016-02-16T20:16:31.845 +0000 INFO  - scheduleJob startup scan force=test for 'SABGOM_Model_Run_Collection_Tracer_out2' at 2016-02-16T20:16:34.845+0000
2016-02-16T20:16:31.846 +0000 INFO  - scheduleJob recurring scan for 'SABGOM_Model_Run_Collection_Tracer_out2' cronExpr=0 5 3 * * ? *
2016-02-16T20:16:34.847 +0000 ERROR - SABGOM_Model_Run_Collection_Tracer_out2: Invalid collection= MCollection{name='/raid0/zxue/SABGOM_NF/2012_2013/out2', dirName='/raid0/zxue/SABGOM_NF/2012_2013/out2', wantSubdirs=false, filter=WildcardMatchOnPath{wildcard=null regexp=sabgom_bio_his_0...\.nc$}}
2016-02-16T20:16:34.847 +0000 WARN  - MFileCollectionManager: No files found for SABGOM_Model_Run_Collection_Tracer_out2
2016-02-16T20:19:27.147 +0000 INFO  - FeatureCollection added = FeatureCollectionConfig name ='SABGOM Model Run Collection Tracer out2' collectionName='SABGOM_Model_Run_Collection_Tracer_out2' type='FMRC'
  spec='/raid0/zxue/SABGOM_NF/2012_2013/out2/sabgom_bio_his_0#DDD#\.nc$'
  olderThan =10 min
  timePartition =directory
  updateConfig =UpdateConfig{userDefined=true, recheckAfter='null', rescan='0 5 3 * * ? *', triggerOk=true, updateType=test}
  tdmConfig =UpdateConfig{userDefined=false, recheckAfter='null', rescan='null', triggerOk=true, updateType=test}
  ProtoConfig{choice=Penultimate, change='null', param='null', outerNcml='[Element: <netcdf [Namespace: http://www.unidata.ucar.edu/namespaces/netcdf/ncml-2.2]/>]', cacheAll=true}
  hasInnerNcml =true
  fmrcConfig =FmrcConfig: regularize=false datasetTypes=[Best]

2016-02-16T20:19:27.147 +0000 WARN  - MFileCollectionManager parse error =  Directory /raid0/zxue/SABGOM_NF/2012_2013/out2 does not exist 
 
2016-02-16T20:19:27.148 +0000 INFO  - scheduleJob startup scan force=test for 'SABGOM_Model_Run_Collection_Tracer_out2' at 2016-02-16T20:19:30.147+0000
2016-02-16T20:19:27.148 +0000 INFO  - scheduleJob recurring scan for 'SABGOM_Model_Run_Collection_Tracer_out2' cronExpr=0 5 3 * * ? *
2016-02-16T20:19:30.149 +0000 ERROR - SABGOM_Model_Run_Collection_Tracer_out2: Invalid collection= MCollection{name='/raid0/zxue/SABGOM_NF/2012_2013/out2', dirName='/raid0/zxue/SABGOM_NF/2012_2013/out2', wantSubdirs=false, filter=WildcardMatchOnPath{wildcard=null regexp=sabgom_bio_his_0...\.nc$}}
2016-02-16T20:19:30.150 +0000 WARN  - MFileCollectionManager: No files found for SABGOM_Model_Run_Collection_Tracer_out2
2016-02-16T20:21:32.959 +0000 INFO  - FeatureCollection added = FeatureCollectionConfig name ='SABGOM Model Run Collection Tracer out2' collectionName='SABGOM_Model_Run_Collection_Tracer_out2' type='FMRC'
  spec='/raid0/zxue/SABGOM_NF/2012_2013/out2/sabgom_bio_his_0#DDD#\.nc$'
  olderThan =10 min
  timePartition =directory
  updateConfig =UpdateConfig{userDefined=true, recheckAfter='null', rescan='0 5 3 * * ? *', triggerOk=true, updateType=test}
  tdmConfig =UpdateConfig{userDefined=false, recheckAfter='null', rescan='null', triggerOk=true, updateType=test}
  ProtoConfig{choice=Penultimate, change='null', param='null', outerNcml='[Element: <netcdf [Namespace: http://www.unidata.ucar.edu/namespaces/netcdf/ncml-2.2]/>]', cacheAll=true}
  hasInnerNcml =true
  fmrcConfig =FmrcConfig: regularize=false datasetTypes=[Best]

2016-02-16T20:21:32.959 +0000 WARN  - MFileCollectionManager parse error =  Directory /raid0/zxue/SABGOM_NF/2012_2013/out2 does not exist 
 
2016-02-16T20:21:32.959 +0000 INFO  - scheduleJob startup scan force=test for 'SABGOM_Model_Run_Collection_Tracer_out2' at 2016-02-16T20:21:35.959+0000
2016-02-16T20:21:32.959 +0000 INFO  - scheduleJob recurring scan for 'SABGOM_Model_Run_Collection_Tracer_out2' cronExpr=0 5 3 * * ? *
2016-02-16T20:21:35.959 +0000 ERROR - SABGOM_Model_Run_Collection_Tracer_out2: Invalid collection= MCollection{name='/raid0/zxue/SABGOM_NF/2012_2013/out2', dirName='/raid0/zxue/SABGOM_NF/2012_2013/out2', wantSubdirs=false, filter=WildcardMatchOnPath{wildcard=null regexp=sabgom_bio_his_0...\.nc$}}
2016-02-16T20:21:35.960 +0000 WARN  - MFileCollectionManager: No files found for SABGOM_Model_Run_Collection_Tracer_out2
2016-02-16T20:22:18.420 +0000 INFO  - FeatureCollection added = FeatureCollectionConfig name ='SABGOM Model Run Collection Tracer out2' collectionName='SABGOM_Model_Run_Collection_Tracer_out2' type='FMRC'
  spec='/raid0/zxue/SABGOM_NF/2012_2013/out2/sabgom_bio_his_0#DDD#\.nc$'
  olderThan =10 min
  timePartition =directory
  updateConfig =UpdateConfig{userDefined=true, recheckAfter='null', rescan='0 5 3 * * ? *', triggerOk=true, updateType=test}
  tdmConfig =UpdateConfig{userDefined=false, recheckAfter='null', rescan='null', triggerOk=true, updateType=test}
  ProtoConfig{choice=Penultimate, change='null', param='null', outerNcml='[Element: <netcdf [Namespace: http://www.unidata.ucar.edu/namespaces/netcdf/ncml-2.2]/>]', cacheAll=true}
  hasInnerNcml =true
  fmrcConfig =FmrcConfig: regularize=false datasetTypes=[Best]

2016-02-16T20:22:18.421 +0000 WARN  - MFileCollectionManager parse error =  Directory /raid0/zxue/SABGOM_NF/2012_2013/out2 does not exist 
 
2016-02-16T20:22:18.421 +0000 INFO  - scheduleJob startup scan force=test for 'SABGOM_Model_Run_Collection_Tracer_out2' at 2016-02-16T20:22:21.421+0000
2016-02-16T20:22:18.421 +0000 INFO  - scheduleJob recurring scan for 'SABGOM_Model_Run_Collection_Tracer_out2' cronExpr=0 5 3 * * ? *
2016-02-16T20:22:21.425 +0000 ERROR - SABGOM_Model_Run_Collection_Tracer_out2: Invalid collection= MCollection{name='/raid0/zxue/SABGOM_NF/2012_2013/out2', dirName='/raid0/zxue/SABGOM_NF/2012_2013/out2', wantSubdirs=false, filter=WildcardMatchOnPath{wildcard=null regexp=sabgom_bio_his_0...\.nc$}}
2016-02-16T20:22:21.426 +0000 WARN  - MFileCollectionManager: No files found for SABGOM_Model_Run_Collection_Tracer_out2
2016-02-16T20:32:24.049 +0000 INFO  - FeatureCollection added = FeatureCollectionConfig name ='SABGOM Model Run Collection Tracer out2' collectionName='SABGOM_Model_Run_Collection_Tracer_out2' type='FMRC'
  spec='/raid0/zxue/SABGOM_NF/2012_2013/out2/sabgom_bio_his_0#DDD#\.nc$'
  olderThan =10 min
  timePartition =directory
  updateConfig =UpdateConfig{userDefined=true, recheckAfter='null', rescan='0 5 3 * * ? *', triggerOk=true, updateType=test}
  tdmConfig =UpdateConfig{userDefined=false, recheckAfter='null', rescan='null', triggerOk=true, updateType=test}
  ProtoConfig{choice=Penultimate, change='null', param='null', outerNcml='[Element: <netcdf [Namespace: http://www.unidata.ucar.edu/namespaces/netcdf/ncml-2.2]/>]', cacheAll=true}
  hasInnerNcml =true
  fmrcConfig =FmrcConfig: regularize=false datasetTypes=[Best]

2016-02-16T20:32:24.049 +0000 WARN  - MFileCollectionManager parse error =  Directory /raid0/zxue/SABGOM_NF/2012_2013/out2 does not exist 
 
2016-02-16T20:32:24.050 +0000 INFO  - scheduleJob startup scan force=test for 'SABGOM_Model_Run_Collection_Tracer_out2' at 2016-02-16T20:32:27.049+0000
2016-02-16T20:32:24.050 +0000 INFO  - scheduleJob recurring scan for 'SABGOM_Model_Run_Collection_Tracer_out2' cronExpr=0 5 3 * * ? *
2016-02-16T20:32:24.079 +0000 INFO  - FeatureCollection added = FeatureCollectionConfig name ='SABGOM Model Run Collection Tracer out2' collectionName='SABGOM_Model_Run_Collection_Tracer_out2' type='FMRC'
  spec='/raid0/zxue/SABGOM_NF/2012_2013/out2/sabgom_bio_his_0#DDD#\.nc$'
  olderThan =10 min
  timePartition =directory
  updateConfig =UpdateConfig{userDefined=true, recheckAfter='null', rescan='0 5 3 * * ? *', triggerOk=true, updateType=test}
  tdmConfig =UpdateConfig{userDefined=false, recheckAfter='null', rescan='null', triggerOk=true, updateType=test}
  ProtoConfig{choice=Penultimate, change='null', param='null', outerNcml='[Element: <netcdf [Namespace: http://www.unidata.ucar.edu/namespaces/netcdf/ncml-2.2]/>]', cacheAll=true}
  hasInnerNcml =true
  fmrcConfig =FmrcConfig: regularize=false datasetTypes=[Best]

2016-02-16T20:32:24.080 +0000 WARN  - MFileCollectionManager parse error =  Directory /raid0/zxue/SABGOM_NF/2012_2013/out2 does not exist 
 
2016-02-16T20:32:24.080 +0000 WARN  - scheduler failed to add updateJob for UpdateCollection.SABGOM_Model_Run_Collection_Tracer_out2. Another Job exists with that identification.
2016-02-16T20:32:24.080 +0000 ERROR - scheduleJob failed to schedule startup Job for FeatureCollectionConfig name ='SABGOM Model Run Collection Tracer out2' collectionName='SABGOM_Model_Run_Collection_Tracer_out2' type='FMRC'
  spec='/raid0/zxue/SABGOM_NF/2012_2013/out2/sabgom_bio_his_0#DDD#\.nc$'
  olderThan =10 min
  timePartition =directory
  updateConfig =UpdateConfig{userDefined=true, recheckAfter='null', rescan='0 5 3 * * ? *', triggerOk=true, updateType=test}
  tdmConfig =UpdateConfig{userDefined=false, recheckAfter='null', rescan='null', triggerOk=true, updateType=test}
  ProtoConfig{choice=Penultimate, change='null', param='null', outerNcml='[Element: <netcdf [Namespace: http://www.unidata.ucar.edu/namespaces/netcdf/ncml-2.2]/>]', cacheAll=true}
  hasInnerNcml =true
  fmrcConfig =FmrcConfig: regularize=false datasetTypes=[Best]

org.quartz.ObjectAlreadyExistsException: Unable to store Trigger with name: 'SABGOM_Model_Run_Collection_Tracer_out2' and group: 'startup', because one already exists with this identification.
	at org.quartz.simpl.RAMJobStore.storeTrigger(RAMJobStore.java:415) ~[quartz-2.2.0.jar:?]
	at org.quartz.core.QuartzScheduler.scheduleJob(QuartzScheduler.java:962) ~[quartz-2.2.0.jar:?]
	at org.quartz.impl.StdScheduler.scheduleJob(StdScheduler.java:258) ~[quartz-2.2.0.jar:?]
	at thredds.inventory.CollectionUpdater.scheduleTasks(CollectionUpdater.java:141) [cdm-4.6.4.jar:4.6.4]
	at thredds.catalog.InvDatasetFeatureCollection.finishConstruction(InvDatasetFeatureCollection.java:217) [tdcommon-4.6.4.jar:4.6.4]
	at thredds.catalog.InvDatasetFeatureCollection.factory(InvDatasetFeatureCollection.java:135) [tdcommon-4.6.4.jar:4.6.4]
	at sun.reflect.NativeMethodAccessorImpl.invoke0(Native Method) ~[?:1.8.0_73]
	at sun.reflect.NativeMethodAccessorImpl.invoke(NativeMethodAccessorImpl.java:62) ~[?:1.8.0_73]
	at sun.reflect.DelegatingMethodAccessorImpl.invoke(DelegatingMethodAccessorImpl.java:43) ~[?:1.8.0_73]
	at java.lang.reflect.Method.invoke(Method.java:497) ~[?:1.8.0_73]
	at thredds.catalog.parser.jdom.InvCatalogFactory10.readFeatureCollection(InvCatalogFactory10.java:346) [cdm-4.6.4.jar:4.6.4]
	at thredds.catalog.parser.jdom.InvCatalogFactory10.readDatasetInfo(InvCatalogFactory10.java:330) [cdm-4.6.4.jar:4.6.4]
	at thredds.catalog.parser.jdom.InvCatalogFactory10.readDataset(InvCatalogFactory10.java:242) [cdm-4.6.4.jar:4.6.4]
	at thredds.catalog.parser.jdom.InvCatalogFactory10.readCatalog(InvCatalogFactory10.java:191) [cdm-4.6.4.jar:4.6.4]
	at thredds.catalog.parser.jdom.InvCatalogFactory10.parseXML(InvCatalogFactory10.java:124) [cdm-4.6.4.jar:4.6.4]
	at thredds.catalog.InvCatalogFactory.readXML(InvCatalogFactory.java:471) [cdm-4.6.4.jar:4.6.4]
	at thredds.catalog.InvCatalogFactory.readXML(InvCatalogFactory.java:441) [cdm-4.6.4.jar:4.6.4]
	at thredds.servlet.DataRootHandler.readCatalog(DataRootHandler.java:463) [classes/:4.6.4]
	at thredds.servlet.DataRootHandler.initCatalog(DataRootHandler.java:339) [classes/:4.6.4]
	at thredds.servlet.DataRootHandler.initFollowCatrefs(DataRootHandler.java:580) [classes/:4.6.4]
	at thredds.servlet.DataRootHandler.initFollowCatrefs(DataRootHandler.java:585) [classes/:4.6.4]
	at thredds.servlet.DataRootHandler.initFollowCatrefs(DataRootHandler.java:585) [classes/:4.6.4]
	at thredds.servlet.DataRootHandler.initCatalog(DataRootHandler.java:381) [classes/:4.6.4]
	at thredds.servlet.DataRootHandler.initCatalogs(DataRootHandler.java:299) [classes/:4.6.4]
	at thredds.servlet.DataRootHandler.initCatalogs(DataRootHandler.java:279) [classes/:4.6.4]
	at thredds.servlet.DataRootHandler.afterPropertiesSet(DataRootHandler.java:191) [classes/:4.6.4]
	at org.springframework.beans.factory.support.AbstractAutowireCapableBeanFactory.invokeInitMethods(AbstractAutowireCapableBeanFactory.java:1633) [spring-beans-4.1.6.RELEASE.jar:4.1.6.RELEASE]
	at org.springframework.beans.factory.support.AbstractAutowireCapableBeanFactory.initializeBean(AbstractAutowireCapableBeanFactory.java:1570) [spring-beans-4.1.6.RELEASE.jar:4.1.6.RELEASE]
	at org.springframework.beans.factory.support.AbstractAutowireCapableBeanFactory.doCreateBean(AbstractAutowireCapableBeanFactory.java:539) [spring-beans-4.1.6.RELEASE.jar:4.1.6.RELEASE]
	at org.springframework.beans.factory.support.AbstractAutowireCapableBeanFactory.createBean(AbstractAutowireCapableBeanFactory.java:476) [spring-beans-4.1.6.RELEASE.jar:4.1.6.RELEASE]
	at org.springframework.beans.factory.support.AbstractBeanFactory$1.getObject(AbstractBeanFactory.java:303) [spring-beans-4.1.6.RELEASE.jar:4.1.6.RELEASE]
	at org.springframework.beans.factory.support.DefaultSingletonBeanRegistry.getSingleton(DefaultSingletonBeanRegistry.java:230) [spring-beans-4.1.6.RELEASE.jar:4.1.6.RELEASE]
	at org.springframework.beans.factory.support.AbstractBeanFactory.doGetBean(AbstractBeanFactory.java:299) [spring-beans-4.1.6.RELEASE.jar:4.1.6.RELEASE]
	at org.springframework.beans.factory.support.AbstractBeanFactory.getBean(AbstractBeanFactory.java:194) [spring-beans-4.1.6.RELEASE.jar:4.1.6.RELEASE]
	at org.springframework.beans.factory.support.DefaultListableBeanFactory.preInstantiateSingletons(DefaultListableBeanFactory.java:755) [spring-beans-4.1.6.RELEASE.jar:4.1.6.RELEASE]
	at org.springframework.context.support.AbstractApplicationContext.finishBeanFactoryInitialization(AbstractApplicationContext.java:757) [spring-context-4.1.6.RELEASE.jar:4.1.6.RELEASE]
	at org.springframework.context.support.AbstractApplicationContext.refresh(AbstractApplicationContext.java:480) [spring-context-4.1.6.RELEASE.jar:4.1.6.RELEASE]
	at org.springframework.web.context.ContextLoader.configureAndRefreshWebApplicationContext(ContextLoader.java:403) [spring-web-4.1.6.RELEASE.jar:4.1.6.RELEASE]
	at org.springframework.web.context.ContextLoader.initWebApplicationContext(ContextLoader.java:306) [spring-web-4.1.6.RELEASE.jar:4.1.6.RELEASE]
	at org.springframework.web.context.ContextLoaderListener.contextInitialized(ContextLoaderListener.java:106) [spring-web-4.1.6.RELEASE.jar:4.1.6.RELEASE]
	at org.apache.catalina.core.StandardContext.listenerStart(StandardContext.java:4812) [catalina.jar:8.0.32]
	at org.apache.catalina.core.StandardContext.startInternal(StandardContext.java:5255) [catalina.jar:8.0.32]
	at org.apache.catalina.util.LifecycleBase.start(LifecycleBase.java:147) [catalina.jar:8.0.32]
	at org.apache.catalina.core.StandardContext.reload(StandardContext.java:3828) [catalina.jar:8.0.32]
	at org.apache.catalina.startup.HostConfig.reload(HostConfig.java:1371) [catalina.jar:8.0.32]
	at org.apache.catalina.startup.HostConfig.checkResources(HostConfig.java:1344) [catalina.jar:8.0.32]
	at org.apache.catalina.startup.HostConfig.check(HostConfig.java:1577) [catalina.jar:8.0.32]
	at org.apache.catalina.startup.HostConfig.lifecycleEvent(HostConfig.java:284) [catalina.jar:8.0.32]
	at org.apache.catalina.util.LifecycleSupport.fireLifecycleEvent(LifecycleSupport.java:95) [catalina.jar:8.0.32]
	at org.apache.catalina.util.LifecycleBase.fireLifecycleEvent(LifecycleBase.java:90) [catalina.jar:8.0.32]
	at org.apache.catalina.core.ContainerBase.backgroundProcess(ContainerBase.java:1141) [catalina.jar:8.0.32]
	at org.apache.catalina.core.ContainerBase$ContainerBackgroundProcessor.processChildren(ContainerBase.java:1377) [catalina.jar:8.0.32]
	at org.apache.catalina.core.ContainerBase$ContainerBackgroundProcessor.processChildren(ContainerBase.java:1381) [catalina.jar:8.0.32]
	at org.apache.catalina.core.ContainerBase$ContainerBackgroundProcessor.run(ContainerBase.java:1349) [catalina.jar:8.0.32]
	at java.lang.Thread.run(Thread.java:745) [?:1.8.0_73]
2016-02-16T20:32:27.050 +0000 ERROR - SABGOM_Model_Run_Collection_Tracer_out2: Invalid collection= MCollection{name='/raid0/zxue/SABGOM_NF/2012_2013/out2', dirName='/raid0/zxue/SABGOM_NF/2012_2013/out2', wantSubdirs=false, filter=WildcardMatchOnPath{wildcard=null regexp=sabgom_bio_his_0...\.nc$}}
2016-02-16T20:32:27.051 +0000 WARN  - MFileCollectionManager: No files found for SABGOM_Model_Run_Collection_Tracer_out2
2016-02-16T20:44:49.896 +0000 INFO  - FeatureCollection added = FeatureCollectionConfig name ='SABGOM Model Run Collection Tracer out2' collectionName='SABGOM_Model_Run_Collection_Tracer_out2' type='FMRC'
  spec='/raid0/zxue/SABGOM_NF/2012_2013/out2/sabgom_bio_his_0#DDD#\.nc$'
  olderThan =10 min
  timePartition =directory
  updateConfig =UpdateConfig{userDefined=true, recheckAfter='null', rescan='0 5 3 * * ? *', triggerOk=true, updateType=test}
  tdmConfig =UpdateConfig{userDefined=false, recheckAfter='null', rescan='null', triggerOk=true, updateType=test}
  ProtoConfig{choice=Penultimate, change='null', param='null', outerNcml='[Element: <netcdf [Namespace: http://www.unidata.ucar.edu/namespaces/netcdf/ncml-2.2]/>]', cacheAll=true}
  hasInnerNcml =true
  fmrcConfig =FmrcConfig: regularize=false datasetTypes=[Best]

2016-02-16T20:44:49.896 +0000 WARN  - MFileCollectionManager parse error =  Directory /raid0/zxue/SABGOM_NF/2012_2013/out2 does not exist 
 
2016-02-16T20:44:49.896 +0000 INFO  - scheduleJob startup scan force=test for 'SABGOM_Model_Run_Collection_Tracer_out2' at 2016-02-16T20:44:52.896+0000
2016-02-16T20:44:49.897 +0000 INFO  - scheduleJob recurring scan for 'SABGOM_Model_Run_Collection_Tracer_out2' cronExpr=0 5 3 * * ? *
2016-02-16T20:44:52.897 +0000 ERROR - SABGOM_Model_Run_Collection_Tracer_out2: Invalid collection= MCollection{name='/raid0/zxue/SABGOM_NF/2012_2013/out2', dirName='/raid0/zxue/SABGOM_NF/2012_2013/out2', wantSubdirs=false, filter=WildcardMatchOnPath{wildcard=null regexp=sabgom_bio_his_0...\.nc$}}
2016-02-16T20:44:52.898 +0000 WARN  - MFileCollectionManager: No files found for SABGOM_Model_Run_Collection_Tracer_out2
2016-02-16T20:47:05.292 +0000 INFO  - FeatureCollection added = FeatureCollectionConfig name ='SABGOM Model Run Collection Tracer out2' collectionName='SABGOM_Model_Run_Collection_Tracer_out2' type='FMRC'
  spec='/raid0/zxue/SABGOM_NF/2012_2013/out2/sabgom_bio_his_0#DDD#\.nc$'
  olderThan =10 min
  timePartition =directory
  updateConfig =UpdateConfig{userDefined=true, recheckAfter='null', rescan='0 5 3 * * ? *', triggerOk=true, updateType=test}
  tdmConfig =UpdateConfig{userDefined=false, recheckAfter='null', rescan='null', triggerOk=true, updateType=test}
  ProtoConfig{choice=Penultimate, change='null', param='null', outerNcml='[Element: <netcdf [Namespace: http://www.unidata.ucar.edu/namespaces/netcdf/ncml-2.2]/>]', cacheAll=true}
  hasInnerNcml =true
  fmrcConfig =FmrcConfig: regularize=false datasetTypes=[Best]

2016-02-16T20:47:05.292 +0000 WARN  - MFileCollectionManager parse error =  Directory /raid0/zxue/SABGOM_NF/2012_2013/out2 does not exist 
 
2016-02-16T20:47:05.292 +0000 INFO  - scheduleJob startup scan force=test for 'SABGOM_Model_Run_Collection_Tracer_out2' at 2016-02-16T20:47:08.292+0000
2016-02-16T20:47:05.292 +0000 INFO  - scheduleJob recurring scan for 'SABGOM_Model_Run_Collection_Tracer_out2' cronExpr=0 5 3 * * ? *
2016-02-16T20:47:08.292 +0000 ERROR - SABGOM_Model_Run_Collection_Tracer_out2: Invalid collection= MCollection{name='/raid0/zxue/SABGOM_NF/2012_2013/out2', dirName='/raid0/zxue/SABGOM_NF/2012_2013/out2', wantSubdirs=false, filter=WildcardMatchOnPath{wildcard=null regexp=sabgom_bio_his_0...\.nc$}}
2016-02-16T20:47:08.292 +0000 WARN  - MFileCollectionManager: No files found for SABGOM_Model_Run_Collection_Tracer_out2
2016-02-16T20:52:30.362 +0000 INFO  - FeatureCollection added = FeatureCollectionConfig name ='SABGOM Model Run Collection Tracer out2' collectionName='SABGOM_Model_Run_Collection_Tracer_out2' type='FMRC'
  spec='/raid0/zxue/SABGOM_NF/2012_2013/out2/sabgom_bio_his_0#DDD#\.nc$'
  olderThan =10 min
  timePartition =directory
  updateConfig =UpdateConfig{userDefined=true, recheckAfter='null', rescan='0 5 3 * * ? *', triggerOk=true, updateType=test}
  tdmConfig =UpdateConfig{userDefined=false, recheckAfter='null', rescan='null', triggerOk=true, updateType=test}
  ProtoConfig{choice=Penultimate, change='null', param='null', outerNcml='[Element: <netcdf [Namespace: http://www.unidata.ucar.edu/namespaces/netcdf/ncml-2.2]/>]', cacheAll=true}
  hasInnerNcml =true
  fmrcConfig =FmrcConfig: regularize=false datasetTypes=[Best]

2016-02-16T20:52:30.362 +0000 WARN  - MFileCollectionManager parse error =  Directory /raid0/zxue/SABGOM_NF/2012_2013/out2 does not exist 
 
2016-02-16T20:52:30.362 +0000 INFO  - scheduleJob startup scan force=test for 'SABGOM_Model_Run_Collection_Tracer_out2' at 2016-02-16T20:52:33.362+0000
2016-02-16T20:52:30.363 +0000 INFO  - scheduleJob recurring scan for 'SABGOM_Model_Run_Collection_Tracer_out2' cronExpr=0 5 3 * * ? *
2016-02-16T20:52:33.364 +0000 ERROR - SABGOM_Model_Run_Collection_Tracer_out2: Invalid collection= MCollection{name='/raid0/zxue/SABGOM_NF/2012_2013/out2', dirName='/raid0/zxue/SABGOM_NF/2012_2013/out2', wantSubdirs=false, filter=WildcardMatchOnPath{wildcard=null regexp=sabgom_bio_his_0...\.nc$}}
2016-02-16T20:52:33.364 +0000 WARN  - MFileCollectionManager: No files found for SABGOM_Model_Run_Collection_Tracer_out2
2016-02-16T20:54:25.773 +0000 INFO  - FeatureCollection added = FeatureCollectionConfig name ='SABGOM Model Run Collection Tracer out2' collectionName='SABGOM_Model_Run_Collection_Tracer_out2' type='FMRC'
  spec='/raid0/zxue/SABGOM_NF/2012_2013/out2/sabgom_bio_his_0#DDD#\.nc$'
  olderThan =10 min
  timePartition =directory
  updateConfig =UpdateConfig{userDefined=true, recheckAfter='null', rescan='0 5 3 * * ? *', triggerOk=true, updateType=test}
  tdmConfig =UpdateConfig{userDefined=false, recheckAfter='null', rescan='null', triggerOk=true, updateType=test}
  ProtoConfig{choice=Penultimate, change='null', param='null', outerNcml='[Element: <netcdf [Namespace: http://www.unidata.ucar.edu/namespaces/netcdf/ncml-2.2]/>]', cacheAll=true}
  hasInnerNcml =true
  fmrcConfig =FmrcConfig: regularize=false datasetTypes=[Best]

2016-02-16T20:54:25.774 +0000 WARN  - MFileCollectionManager parse error =  Directory /raid0/zxue/SABGOM_NF/2012_2013/out2 does not exist 
 
2016-02-16T20:54:25.774 +0000 INFO  - scheduleJob startup scan force=test for 'SABGOM_Model_Run_Collection_Tracer_out2' at 2016-02-16T20:54:28.774+0000
2016-02-16T20:54:25.774 +0000 INFO  - scheduleJob recurring scan for 'SABGOM_Model_Run_Collection_Tracer_out2' cronExpr=0 5 3 * * ? *
2016-02-16T20:54:28.779 +0000 ERROR - SABGOM_Model_Run_Collection_Tracer_out2: Invalid collection= MCollection{name='/raid0/zxue/SABGOM_NF/2012_2013/out2', dirName='/raid0/zxue/SABGOM_NF/2012_2013/out2', wantSubdirs=false, filter=WildcardMatchOnPath{wildcard=null regexp=sabgom_bio_his_0...\.nc$}}
2016-02-16T20:54:28.780 +0000 WARN  - MFileCollectionManager: No files found for SABGOM_Model_Run_Collection_Tracer_out2
2016-02-16T21:01:31.111 +0000 INFO  - FeatureCollection added = FeatureCollectionConfig name ='SABGOM Model Run Collection Tracer out2' collectionName='SABGOM_Model_Run_Collection_Tracer_out2' type='FMRC'
  spec='/raid0/zxue/SABGOM_NF/2012_2013/out2/sabgom_bio_his_0#DDD#\.nc$'
  olderThan =10 min
  timePartition =directory
  updateConfig =UpdateConfig{userDefined=true, recheckAfter='null', rescan='0 5 3 * * ? *', triggerOk=true, updateType=test}
  tdmConfig =UpdateConfig{userDefined=false, recheckAfter='null', rescan='null', triggerOk=true, updateType=test}
  ProtoConfig{choice=Penultimate, change='null', param='null', outerNcml='[Element: <netcdf [Namespace: http://www.unidata.ucar.edu/namespaces/netcdf/ncml-2.2]/>]', cacheAll=true}
  hasInnerNcml =true
  fmrcConfig =FmrcConfig: regularize=false datasetTypes=[Best]

2016-02-16T21:01:31.111 +0000 WARN  - MFileCollectionManager parse error =  Directory /raid0/zxue/SABGOM_NF/2012_2013/out2 does not exist 
 
2016-02-16T21:01:31.111 +0000 INFO  - scheduleJob startup scan force=test for 'SABGOM_Model_Run_Collection_Tracer_out2' at 2016-02-16T21:01:34.111+0000
2016-02-16T21:01:31.112 +0000 INFO  - scheduleJob recurring scan for 'SABGOM_Model_Run_Collection_Tracer_out2' cronExpr=0 5 3 * * ? *
2016-02-16T21:01:34.112 +0000 ERROR - SABGOM_Model_Run_Collection_Tracer_out2: Invalid collection= MCollection{name='/raid0/zxue/SABGOM_NF/2012_2013/out2', dirName='/raid0/zxue/SABGOM_NF/2012_2013/out2', wantSubdirs=false, filter=WildcardMatchOnPath{wildcard=null regexp=sabgom_bio_his_0...\.nc$}}
2016-02-16T21:01:34.113 +0000 WARN  - MFileCollectionManager: No files found for SABGOM_Model_Run_Collection_Tracer_out2
2016-02-16T21:11:07.743 +0000 INFO  - FeatureCollection added = FeatureCollectionConfig name ='SABGOM Model Run Collection Tracer out2' collectionName='SABGOM_Model_Run_Collection_Tracer_out2' type='FMRC'
  spec='/raid0/zxue/SABGOM_NF/2012_2013/out2/sabgom_bio_his_0#DDD#\.nc$'
  olderThan =10 min
  timePartition =directory
  updateConfig =UpdateConfig{userDefined=true, recheckAfter='null', rescan='0 5 3 * * ? *', triggerOk=true, updateType=test}
  tdmConfig =UpdateConfig{userDefined=false, recheckAfter='null', rescan='null', triggerOk=true, updateType=test}
  ProtoConfig{choice=Penultimate, change='null', param='null', outerNcml='[Element: <netcdf [Namespace: http://www.unidata.ucar.edu/namespaces/netcdf/ncml-2.2]/>]', cacheAll=true}
  hasInnerNcml =true
  fmrcConfig =FmrcConfig: regularize=false datasetTypes=[Best]

2016-02-16T21:11:07.743 +0000 WARN  - MFileCollectionManager parse error =  Directory /raid0/zxue/SABGOM_NF/2012_2013/out2 does not exist 
 
2016-02-16T21:11:07.743 +0000 INFO  - scheduleJob startup scan force=test for 'SABGOM_Model_Run_Collection_Tracer_out2' at 2016-02-16T21:11:10.743+0000
2016-02-16T21:11:07.744 +0000 INFO  - scheduleJob recurring scan for 'SABGOM_Model_Run_Collection_Tracer_out2' cronExpr=0 5 3 * * ? *
2016-02-16T21:11:10.746 +0000 ERROR - SABGOM_Model_Run_Collection_Tracer_out2: Invalid collection= MCollection{name='/raid0/zxue/SABGOM_NF/2012_2013/out2', dirName='/raid0/zxue/SABGOM_NF/2012_2013/out2', wantSubdirs=false, filter=WildcardMatchOnPath{wildcard=null regexp=sabgom_bio_his_0...\.nc$}}
2016-02-16T21:11:10.747 +0000 WARN  - MFileCollectionManager: No files found for SABGOM_Model_Run_Collection_Tracer_out2
2016-02-16T21:13:23.266 +0000 INFO  - FeatureCollection added = FeatureCollectionConfig name ='SABGOM Model Run Collection Tracer out2' collectionName='SABGOM_Model_Run_Collection_Tracer_out2' type='FMRC'
  spec='/raid0/zxue/SABGOM_NF/2012_2013/out2/sabgom_bio_his_0#DDD#\.nc$'
  olderThan =10 min
  timePartition =directory
  updateConfig =UpdateConfig{userDefined=true, recheckAfter='null', rescan='0 5 3 * * ? *', triggerOk=true, updateType=test}
  tdmConfig =UpdateConfig{userDefined=false, recheckAfter='null', rescan='null', triggerOk=true, updateType=test}
  ProtoConfig{choice=Penultimate, change='null', param='null', outerNcml='[Element: <netcdf [Namespace: http://www.unidata.ucar.edu/namespaces/netcdf/ncml-2.2]/>]', cacheAll=true}
  hasInnerNcml =true
  fmrcConfig =FmrcConfig: regularize=false datasetTypes=[Best]

2016-02-16T21:13:23.266 +0000 WARN  - MFileCollectionManager parse error =  Directory /raid0/zxue/SABGOM_NF/2012_2013/out2 does not exist 
 
2016-02-16T21:13:23.266 +0000 INFO  - scheduleJob startup scan force=test for 'SABGOM_Model_Run_Collection_Tracer_out2' at 2016-02-16T21:13:26.266+0000
2016-02-16T21:13:23.267 +0000 INFO  - scheduleJob recurring scan for 'SABGOM_Model_Run_Collection_Tracer_out2' cronExpr=0 5 3 * * ? *
2016-02-16T21:13:26.268 +0000 ERROR - SABGOM_Model_Run_Collection_Tracer_out2: Invalid collection= MCollection{name='/raid0/zxue/SABGOM_NF/2012_2013/out2', dirName='/raid0/zxue/SABGOM_NF/2012_2013/out2', wantSubdirs=false, filter=WildcardMatchOnPath{wildcard=null regexp=sabgom_bio_his_0...\.nc$}}
2016-02-16T21:13:26.270 +0000 WARN  - MFileCollectionManager: No files found for SABGOM_Model_Run_Collection_Tracer_out2
2016-02-16T21:21:38.271 +0000 INFO  - FeatureCollection added = FeatureCollectionConfig name ='SABGOM Model Run Collection Tracer out2' collectionName='SABGOM_Model_Run_Collection_Tracer_out2' type='FMRC'
  spec='/raid0/zxue/SABGOM_NF/2012_2013/out2/sabgom_bio_his_0#DDD#\.nc$'
  olderThan =10 min
  timePartition =directory
  updateConfig =UpdateConfig{userDefined=true, recheckAfter='null', rescan='0 5 3 * * ? *', triggerOk=true, updateType=test}
  tdmConfig =UpdateConfig{userDefined=false, recheckAfter='null', rescan='null', triggerOk=true, updateType=test}
  ProtoConfig{choice=Penultimate, change='null', param='null', outerNcml='[Element: <netcdf [Namespace: http://www.unidata.ucar.edu/namespaces/netcdf/ncml-2.2]/>]', cacheAll=true}
  hasInnerNcml =true
  fmrcConfig =FmrcConfig: regularize=false datasetTypes=[Best]

2016-02-16T21:21:38.271 +0000 WARN  - MFileCollectionManager parse error =  Directory /raid0/zxue/SABGOM_NF/2012_2013/out2 does not exist 
 
2016-02-16T21:21:38.271 +0000 INFO  - scheduleJob startup scan force=test for 'SABGOM_Model_Run_Collection_Tracer_out2' at 2016-02-16T21:21:41.271+0000
2016-02-16T21:21:38.271 +0000 INFO  - scheduleJob recurring scan for 'SABGOM_Model_Run_Collection_Tracer_out2' cronExpr=0 5 3 * * ? *
2016-02-16T21:21:41.271 +0000 ERROR - SABGOM_Model_Run_Collection_Tracer_out2: Invalid collection= MCollection{name='/raid0/zxue/SABGOM_NF/2012_2013/out2', dirName='/raid0/zxue/SABGOM_NF/2012_2013/out2', wantSubdirs=false, filter=WildcardMatchOnPath{wildcard=null regexp=sabgom_bio_his_0...\.nc$}}
2016-02-16T21:21:41.272 +0000 WARN  - MFileCollectionManager: No files found for SABGOM_Model_Run_Collection_Tracer_out2
2016-02-16T21:39:43.907 +0000 INFO  - FeatureCollection added = FeatureCollectionConfig name ='SABGOM Model Run Collection Tracer out2' collectionName='SABGOM_Model_Run_Collection_Tracer_out2' type='FMRC'
  spec='/raid0/zxue/SABGOM_NF/2012_2013/out2/sabgom_bio_his_0#DDD#\.nc$'
  olderThan =10 min
  timePartition =directory
  updateConfig =UpdateConfig{userDefined=true, recheckAfter='null', rescan='0 5 3 * * ? *', triggerOk=true, updateType=test}
  tdmConfig =UpdateConfig{userDefined=false, recheckAfter='null', rescan='null', triggerOk=true, updateType=test}
  ProtoConfig{choice=Penultimate, change='null', param='null', outerNcml='[Element: <netcdf [Namespace: http://www.unidata.ucar.edu/namespaces/netcdf/ncml-2.2]/>]', cacheAll=true}
  hasInnerNcml =true
  fmrcConfig =FmrcConfig: regularize=false datasetTypes=[Best]

2016-02-16T21:39:43.907 +0000 WARN  - MFileCollectionManager parse error =  Directory /raid0/zxue/SABGOM_NF/2012_2013/out2 does not exist 
 
2016-02-16T21:39:43.908 +0000 INFO  - scheduleJob startup scan force=test for 'SABGOM_Model_Run_Collection_Tracer_out2' at 2016-02-16T21:39:46.907+0000
2016-02-16T21:39:43.908 +0000 INFO  - scheduleJob recurring scan for 'SABGOM_Model_Run_Collection_Tracer_out2' cronExpr=0 5 3 * * ? *
2016-02-16T21:39:46.906 +0000 ERROR - SABGOM_Model_Run_Collection_Tracer_out2: Invalid collection= MCollection{name='/raid0/zxue/SABGOM_NF/2012_2013/out2', dirName='/raid0/zxue/SABGOM_NF/2012_2013/out2', wantSubdirs=false, filter=WildcardMatchOnPath{wildcard=null regexp=sabgom_bio_his_0...\.nc$}}
2016-02-16T21:39:46.906 +0000 WARN  - MFileCollectionManager: No files found for SABGOM_Model_Run_Collection_Tracer_out2
2016-02-16T22:00:19.233 +0000 INFO  - FeatureCollection added = FeatureCollectionConfig name ='SABGOM Model Run Collection Tracer out2' collectionName='SABGOM_Model_Run_Collection_Tracer_out2' type='FMRC'
  spec='/raid0/zxue/SABGOM_NF/2012_2013/out2/sabgom_bio_his_0#DDD#\.nc$'
  olderThan =10 min
  timePartition =directory
  updateConfig =UpdateConfig{userDefined=true, recheckAfter='null', rescan='0 5 3 * * ? *', triggerOk=true, updateType=test}
  tdmConfig =UpdateConfig{userDefined=false, recheckAfter='null', rescan='null', triggerOk=true, updateType=test}
  ProtoConfig{choice=Penultimate, change='null', param='null', outerNcml='[Element: <netcdf [Namespace: http://www.unidata.ucar.edu/namespaces/netcdf/ncml-2.2]/>]', cacheAll=true}
  hasInnerNcml =true
  fmrcConfig =FmrcConfig: regularize=false datasetTypes=[Best]

2016-02-16T22:00:19.233 +0000 WARN  - MFileCollectionManager parse error =  Directory /raid0/zxue/SABGOM_NF/2012_2013/out2 does not exist 
 
2016-02-16T22:00:19.234 +0000 INFO  - scheduleJob startup scan force=test for 'SABGOM_Model_Run_Collection_Tracer_out2' at 2016-02-16T22:00:22.233+0000
2016-02-16T22:00:19.234 +0000 INFO  - scheduleJob recurring scan for 'SABGOM_Model_Run_Collection_Tracer_out2' cronExpr=0 5 3 * * ? *
2016-02-16T22:00:22.234 +0000 ERROR - SABGOM_Model_Run_Collection_Tracer_out2: Invalid collection= MCollection{name='/raid0/zxue/SABGOM_NF/2012_2013/out2', dirName='/raid0/zxue/SABGOM_NF/2012_2013/out2', wantSubdirs=false, filter=WildcardMatchOnPath{wildcard=null regexp=sabgom_bio_his_0...\.nc$}}
2016-02-16T22:00:22.235 +0000 WARN  - MFileCollectionManager: No files found for SABGOM_Model_Run_Collection_Tracer_out2
