2016-08-30T20:19:19.743 +0000 INFO  - FeatureCollection added = FeatureCollectionConfig name ='USEast WRF Forecast Model Run Collection' collectionName='USEast_WRF_Forecast_Model_Run_Collection' type='FMRC'
  spec='/raid0/data/useast/WRF/#yyyyMMdd#.*\.nc$'
  olderThan =10 min
  timePartition =directory
  updateConfig =UpdateConfig{userDefined=true, recheckAfter='null', rescan='0 5 * * * ? *', triggerOk=true, updateType=test}
  tdmConfig =UpdateConfig{userDefined=false, recheckAfter='null', rescan='null', triggerOk=true, updateType=test}
  ProtoConfig{choice=Penultimate, change='null', param='null', outerNcml='[Element: <netcdf [Namespace: http://www.unidata.ucar.edu/namespaces/netcdf/ncml-2.2]/>]', cacheAll=true}
  hasInnerNcml =true
  fmrcConfig =FmrcConfig: regularize=false datasetTypes=[Best]

2016-08-30T20:19:19.743 +0000 INFO  - scheduleJob startup scan force=test for 'USEast_WRF_Forecast_Model_Run_Collection' at 2016-08-30T20:19:22.743+0000
2016-08-30T20:19:19.744 +0000 INFO  - scheduleJob recurring scan for 'USEast_WRF_Forecast_Model_Run_Collection' cronExpr=0 5 * * * ? *
2016-08-30T20:19:29.707 +0000 ERROR - UpdateCollectionJob.execute startup failed collection=USEast_WRF_Forecast_Model_Run_Collection
java.lang.NullPointerException
	at ucar.nc2.ft.fmrc.FmrcDataset.getNetcdfDataset2D(FmrcDataset.java:182) ~[cdm-4.6.4.jar:4.6.4]
	at ucar.nc2.ft.fmrc.Fmrc.getDataset2D(Fmrc.java:187) ~[cdm-4.6.4.jar:4.6.4]
	at thredds.catalog.InvDatasetFcFmrc.updateCollection(InvDatasetFcFmrc.java:114) ~[tdcommon-4.6.4.jar:4.6.4]
	at thredds.catalog.InvDatasetFeatureCollection.checkState(InvDatasetFeatureCollection.java:311) ~[tdcommon-4.6.4.jar:4.6.4]
	at thredds.catalog.InvDatasetFeatureCollection.update(InvDatasetFeatureCollection.java:332) ~[tdcommon-4.6.4.jar:4.6.4]
	at thredds.catalog.InvDatasetFcFmrc.update(InvDatasetFcFmrc.java:88) ~[tdcommon-4.6.4.jar:4.6.4]
	at thredds.catalog.InvDatasetFeatureCollection.sendEvent(InvDatasetFeatureCollection.java:228) ~[tdcommon-4.6.4.jar:4.6.4]
	at thredds.inventory.CollectionUpdater$UpdateCollectionJob.execute(CollectionUpdater.java:242) [cdm-4.6.4.jar:4.6.4]
	at org.quartz.core.JobRunShell.run(JobRunShell.java:207) [quartz-2.2.0.jar:?]
	at org.quartz.simpl.SimpleThreadPool$WorkerThread.run(SimpleThreadPool.java:560) [quartz-2.2.0.jar:?]
2016-08-31T01:32:32.165 +0000 INFO  - FeatureCollection added = FeatureCollectionConfig name ='USEast WRF Forecast Model Run Collection' collectionName='USEast_WRF_Forecast_Model_Run_Collection' type='FMRC'
  spec='/raid0/data/useast/WRF/#yyyyMMdd#.*\.nc$'
  olderThan =10 min
  timePartition =directory
  updateConfig =UpdateConfig{userDefined=true, recheckAfter='null', rescan='0 5 * * * ? *', triggerOk=true, updateType=test}
  tdmConfig =UpdateConfig{userDefined=false, recheckAfter='null', rescan='null', triggerOk=true, updateType=test}
  ProtoConfig{choice=Penultimate, change='null', param='null', outerNcml='[Element: <netcdf [Namespace: http://www.unidata.ucar.edu/namespaces/netcdf/ncml-2.2]/>]', cacheAll=true}
  hasInnerNcml =true
  fmrcConfig =FmrcConfig: regularize=false datasetTypes=[Best]

2016-08-31T01:32:32.166 +0000 INFO  - scheduleJob startup scan force=test for 'USEast_WRF_Forecast_Model_Run_Collection' at 2016-08-31T01:32:35.166+0000
2016-08-31T01:32:32.166 +0000 INFO  - scheduleJob recurring scan for 'USEast_WRF_Forecast_Model_Run_Collection' cronExpr=0 5 * * * ? *
2016-08-31T01:33:13.731 +0000 ERROR - UpdateCollectionJob.execute startup failed collection=USEast_WRF_Forecast_Model_Run_Collection
java.lang.NullPointerException
	at ucar.nc2.ft.fmrc.FmrcDataset.getNetcdfDataset2D(FmrcDataset.java:182) ~[cdm-4.6.4.jar:4.6.4]
	at ucar.nc2.ft.fmrc.Fmrc.getDataset2D(Fmrc.java:187) ~[cdm-4.6.4.jar:4.6.4]
	at thredds.catalog.InvDatasetFcFmrc.updateCollection(InvDatasetFcFmrc.java:114) ~[tdcommon-4.6.4.jar:4.6.4]
	at thredds.catalog.InvDatasetFeatureCollection.checkState(InvDatasetFeatureCollection.java:311) ~[tdcommon-4.6.4.jar:4.6.4]
	at thredds.catalog.InvDatasetFeatureCollection.update(InvDatasetFeatureCollection.java:332) ~[tdcommon-4.6.4.jar:4.6.4]
	at thredds.catalog.InvDatasetFcFmrc.update(InvDatasetFcFmrc.java:88) ~[tdcommon-4.6.4.jar:4.6.4]
	at thredds.catalog.InvDatasetFeatureCollection.sendEvent(InvDatasetFeatureCollection.java:228) ~[tdcommon-4.6.4.jar:4.6.4]
	at thredds.inventory.CollectionUpdater$UpdateCollectionJob.execute(CollectionUpdater.java:242) [cdm-4.6.4.jar:4.6.4]
	at org.quartz.core.JobRunShell.run(JobRunShell.java:207) [quartz-2.2.0.jar:?]
	at org.quartz.simpl.SimpleThreadPool$WorkerThread.run(SimpleThreadPool.java:560) [quartz-2.2.0.jar:?]
2016-08-31T01:39:18.742 +0000 INFO  - FeatureCollection added = FeatureCollectionConfig name ='USEast WRF Forecast Model Run Collection' collectionName='USEast_WRF_Forecast_Model_Run_Collection' type='FMRC'
  spec='/raid0/data/sabgom/ROMS/his_#yyyyMMdd#.*\.nc$'
  olderThan =10 min
  timePartition =directory
  updateConfig =UpdateConfig{userDefined=true, recheckAfter='null', rescan='0 5 * * * ? *', triggerOk=true, updateType=test}
  tdmConfig =UpdateConfig{userDefined=false, recheckAfter='null', rescan='null', triggerOk=true, updateType=test}
  ProtoConfig{choice=Penultimate, change='null', param='null', outerNcml='[Element: <netcdf [Namespace: http://www.unidata.ucar.edu/namespaces/netcdf/ncml-2.2]/>]', cacheAll=true}
  hasInnerNcml =true
  fmrcConfig =FmrcConfig: regularize=false datasetTypes=[Best]

2016-08-31T01:39:18.743 +0000 INFO  - scheduleJob startup scan force=test for 'USEast_WRF_Forecast_Model_Run_Collection' at 2016-08-31T01:39:21.743+0000
2016-08-31T01:39:18.743 +0000 INFO  - scheduleJob recurring scan for 'USEast_WRF_Forecast_Model_Run_Collection' cronExpr=0 5 * * * ? *
2016-08-31T01:40:02.999 +0000 INFO  - FeatureCollection added = FeatureCollectionConfig name ='USEast WRF Forecast Model Run Collection' collectionName='USEast_WRF_Forecast_Model_Run_Collection' type='FMRC'
  spec='/raid0/data/sabgom/ROMS/his_#yyyyMMdd#.*\.nc$'
  olderThan =10 min
  timePartition =directory
  updateConfig =UpdateConfig{userDefined=true, recheckAfter='null', rescan='0 5 * * * ? *', triggerOk=true, updateType=test}
  tdmConfig =UpdateConfig{userDefined=false, recheckAfter='null', rescan='null', triggerOk=true, updateType=test}
  ProtoConfig{choice=Penultimate, change='null', param='null', outerNcml='[Element: <netcdf [Namespace: http://www.unidata.ucar.edu/namespaces/netcdf/ncml-2.2]/>]', cacheAll=true}
  hasInnerNcml =true
  fmrcConfig =FmrcConfig: regularize=false datasetTypes=[Best]

2016-08-31T01:40:02.999 +0000 INFO  - scheduleJob startup scan force=test for 'USEast_WRF_Forecast_Model_Run_Collection' at 2016-08-31T01:40:05.999+0000
2016-08-31T01:40:03.000 +0000 INFO  - scheduleJob recurring scan for 'USEast_WRF_Forecast_Model_Run_Collection' cronExpr=0 5 * * * ? *
2016-08-31T03:08:45.386 +0000 INFO  - FeatureCollection added = FeatureCollectionConfig name ='USEast WRF Forecast Model Run Collection' collectionName='USEast_WRF_Forecast_Model_Run_Collection' type='FMRC'
  spec='/raid0/data/useast/WRF/#yyyyMMdd#.*\.nc$'
  olderThan =10 min
  timePartition =directory
  updateConfig =UpdateConfig{userDefined=true, recheckAfter='null', rescan='0 5 * * * ? *', triggerOk=true, updateType=test}
  tdmConfig =UpdateConfig{userDefined=false, recheckAfter='null', rescan='null', triggerOk=true, updateType=test}
  ProtoConfig{choice=Penultimate, change='null', param='null', outerNcml='[Element: <netcdf [Namespace: http://www.unidata.ucar.edu/namespaces/netcdf/ncml-2.2]/>]', cacheAll=true}
  hasInnerNcml =true
  fmrcConfig =FmrcConfig: regularize=false datasetTypes=[Best]

2016-08-31T03:08:45.386 +0000 INFO  - scheduleJob startup scan force=test for 'USEast_WRF_Forecast_Model_Run_Collection' at 2016-08-31T03:08:48.386+0000
2016-08-31T03:08:45.386 +0000 INFO  - scheduleJob recurring scan for 'USEast_WRF_Forecast_Model_Run_Collection' cronExpr=0 5 * * * ? *
2016-08-31T03:08:48.861 +0000 ERROR - UpdateCollectionJob.execute startup failed collection=USEast_WRF_Forecast_Model_Run_Collection
java.lang.NullPointerException
	at ucar.nc2.ft.fmrc.FmrcDataset.getNetcdfDataset2D(FmrcDataset.java:182) ~[cdm-4.6.4.jar:4.6.4]
	at ucar.nc2.ft.fmrc.Fmrc.getDataset2D(Fmrc.java:187) ~[cdm-4.6.4.jar:4.6.4]
	at thredds.catalog.InvDatasetFcFmrc.updateCollection(InvDatasetFcFmrc.java:114) ~[tdcommon-4.6.4.jar:4.6.4]
	at thredds.catalog.InvDatasetFeatureCollection.checkState(InvDatasetFeatureCollection.java:311) ~[tdcommon-4.6.4.jar:4.6.4]
	at thredds.catalog.InvDatasetFeatureCollection.update(InvDatasetFeatureCollection.java:332) ~[tdcommon-4.6.4.jar:4.6.4]
	at thredds.catalog.InvDatasetFcFmrc.update(InvDatasetFcFmrc.java:88) ~[tdcommon-4.6.4.jar:4.6.4]
	at thredds.catalog.InvDatasetFeatureCollection.sendEvent(InvDatasetFeatureCollection.java:228) ~[tdcommon-4.6.4.jar:4.6.4]
	at thredds.inventory.CollectionUpdater$UpdateCollectionJob.execute(CollectionUpdater.java:242) [cdm-4.6.4.jar:4.6.4]
	at org.quartz.core.JobRunShell.run(JobRunShell.java:207) [quartz-2.2.0.jar:?]
	at org.quartz.simpl.SimpleThreadPool$WorkerThread.run(SimpleThreadPool.java:560) [quartz-2.2.0.jar:?]
2016-08-31T03:13:06.713 +0000 INFO  - FeatureCollection added = FeatureCollectionConfig name ='USEast WRF Forecast Model Run Collection' collectionName='USEast_WRF_Forecast_Model_Run_Collection' type='FMRC'
  spec='/raid0/data/useast/WRF/#yyyyMMdd#.nc$'
  olderThan =10 min
  timePartition =directory
  updateConfig =UpdateConfig{userDefined=true, recheckAfter='null', rescan='0 5 * * * ? *', triggerOk=true, updateType=test}
  tdmConfig =UpdateConfig{userDefined=false, recheckAfter='null', rescan='null', triggerOk=true, updateType=test}
  ProtoConfig{choice=Penultimate, change='null', param='null', outerNcml='[Element: <netcdf [Namespace: http://www.unidata.ucar.edu/namespaces/netcdf/ncml-2.2]/>]', cacheAll=true}
  hasInnerNcml =true
  fmrcConfig =FmrcConfig: regularize=false datasetTypes=[Best]

2016-08-31T03:13:06.714 +0000 INFO  - scheduleJob startup scan force=test for 'USEast_WRF_Forecast_Model_Run_Collection' at 2016-08-31T03:13:09.713+0000
2016-08-31T03:13:06.714 +0000 INFO  - scheduleJob recurring scan for 'USEast_WRF_Forecast_Model_Run_Collection' cronExpr=0 5 * * * ? *
2016-08-31T03:13:10.227 +0000 ERROR - UpdateCollectionJob.execute startup failed collection=USEast_WRF_Forecast_Model_Run_Collection
java.lang.NullPointerException
	at ucar.nc2.ft.fmrc.FmrcDataset.getNetcdfDataset2D(FmrcDataset.java:182) ~[cdm-4.6.4.jar:4.6.4]
	at ucar.nc2.ft.fmrc.Fmrc.getDataset2D(Fmrc.java:187) ~[cdm-4.6.4.jar:4.6.4]
	at thredds.catalog.InvDatasetFcFmrc.updateCollection(InvDatasetFcFmrc.java:114) ~[tdcommon-4.6.4.jar:4.6.4]
	at thredds.catalog.InvDatasetFeatureCollection.checkState(InvDatasetFeatureCollection.java:311) ~[tdcommon-4.6.4.jar:4.6.4]
	at thredds.catalog.InvDatasetFeatureCollection.update(InvDatasetFeatureCollection.java:332) ~[tdcommon-4.6.4.jar:4.6.4]
	at thredds.catalog.InvDatasetFcFmrc.update(InvDatasetFcFmrc.java:88) ~[tdcommon-4.6.4.jar:4.6.4]
	at thredds.catalog.InvDatasetFeatureCollection.sendEvent(InvDatasetFeatureCollection.java:228) ~[tdcommon-4.6.4.jar:4.6.4]
	at thredds.inventory.CollectionUpdater$UpdateCollectionJob.execute(CollectionUpdater.java:242) [cdm-4.6.4.jar:4.6.4]
	at org.quartz.core.JobRunShell.run(JobRunShell.java:207) [quartz-2.2.0.jar:?]
	at org.quartz.simpl.SimpleThreadPool$WorkerThread.run(SimpleThreadPool.java:560) [quartz-2.2.0.jar:?]
2016-08-31T03:55:00.991 +0000 INFO  - FeatureCollection added = FeatureCollectionConfig name ='USEast WRF Forecast Model Run Collection' collectionName='USEast_WRF_Forecast_Model_Run_Collection' type='FMRC'
  spec='/raid0/data/useast/WRF/#yyyyMMdd#\.nc$'
  olderThan =10 min
  timePartition =directory
  updateConfig =UpdateConfig{userDefined=true, recheckAfter='null', rescan='0 5 * * * ? *', triggerOk=true, updateType=test}
  tdmConfig =UpdateConfig{userDefined=false, recheckAfter='null', rescan='null', triggerOk=true, updateType=test}
  ProtoConfig{choice=Penultimate, change='null', param='null', outerNcml='[Element: <netcdf [Namespace: http://www.unidata.ucar.edu/namespaces/netcdf/ncml-2.2]/>]', cacheAll=true}
  hasInnerNcml =true
  fmrcConfig =FmrcConfig: regularize=false datasetTypes=[Best]

2016-08-31T03:55:00.992 +0000 INFO  - scheduleJob startup scan force=test for 'USEast_WRF_Forecast_Model_Run_Collection' at 2016-08-31T03:55:03.992+0000
2016-08-31T03:55:00.992 +0000 INFO  - scheduleJob recurring scan for 'USEast_WRF_Forecast_Model_Run_Collection' cronExpr=0 5 * * * ? *
2016-08-31T03:55:04.460 +0000 ERROR - UpdateCollectionJob.execute startup failed collection=USEast_WRF_Forecast_Model_Run_Collection
java.lang.NullPointerException
	at ucar.nc2.ft.fmrc.FmrcDataset.getNetcdfDataset2D(FmrcDataset.java:182) ~[cdm-4.6.4.jar:4.6.4]
	at ucar.nc2.ft.fmrc.Fmrc.getDataset2D(Fmrc.java:187) ~[cdm-4.6.4.jar:4.6.4]
	at thredds.catalog.InvDatasetFcFmrc.updateCollection(InvDatasetFcFmrc.java:114) ~[tdcommon-4.6.4.jar:4.6.4]
	at thredds.catalog.InvDatasetFeatureCollection.checkState(InvDatasetFeatureCollection.java:311) ~[tdcommon-4.6.4.jar:4.6.4]
	at thredds.catalog.InvDatasetFeatureCollection.update(InvDatasetFeatureCollection.java:332) ~[tdcommon-4.6.4.jar:4.6.4]
	at thredds.catalog.InvDatasetFcFmrc.update(InvDatasetFcFmrc.java:88) ~[tdcommon-4.6.4.jar:4.6.4]
	at thredds.catalog.InvDatasetFeatureCollection.sendEvent(InvDatasetFeatureCollection.java:228) ~[tdcommon-4.6.4.jar:4.6.4]
	at thredds.inventory.CollectionUpdater$UpdateCollectionJob.execute(CollectionUpdater.java:242) [cdm-4.6.4.jar:4.6.4]
	at org.quartz.core.JobRunShell.run(JobRunShell.java:207) [quartz-2.2.0.jar:?]
	at org.quartz.simpl.SimpleThreadPool$WorkerThread.run(SimpleThreadPool.java:560) [quartz-2.2.0.jar:?]
2016-08-31T03:59:16.722 +0000 INFO  - FeatureCollection added = FeatureCollectionConfig name ='USEast WRF Forecast Model Run Collection' collectionName='USEast_WRF_Forecast_Model_Run_Collection' type='FMRC'
  spec='/raid0/data/useast/WRF/#yyyyMMdd#\.nc$'
  olderThan =10 min
  timePartition =directory
  updateConfig =UpdateConfig{userDefined=true, recheckAfter='null', rescan='0 5 * * * ? *', triggerOk=true, updateType=test}
  tdmConfig =UpdateConfig{userDefined=false, recheckAfter='null', rescan='null', triggerOk=true, updateType=test}
  ProtoConfig{choice=Penultimate, change='null', param='null', outerNcml='[Element: <netcdf [Namespace: http://www.unidata.ucar.edu/namespaces/netcdf/ncml-2.2]/>]', cacheAll=true}
  hasInnerNcml =true
  fmrcConfig =FmrcConfig: regularize=true datasetTypes=[Best]

2016-08-31T03:59:16.723 +0000 INFO  - scheduleJob startup scan force=test for 'USEast_WRF_Forecast_Model_Run_Collection' at 2016-08-31T03:59:19.723+0000
2016-08-31T03:59:16.723 +0000 INFO  - scheduleJob recurring scan for 'USEast_WRF_Forecast_Model_Run_Collection' cronExpr=0 5 * * * ? *
2016-08-31T03:59:26.642 +0000 ERROR - UpdateCollectionJob.execute startup failed collection=USEast_WRF_Forecast_Model_Run_Collection
java.lang.NullPointerException
	at ucar.nc2.ft.fmrc.FmrcDataset.getNetcdfDataset2D(FmrcDataset.java:182) ~[cdm-4.6.4.jar:4.6.4]
	at ucar.nc2.ft.fmrc.Fmrc.getDataset2D(Fmrc.java:187) ~[cdm-4.6.4.jar:4.6.4]
	at thredds.catalog.InvDatasetFcFmrc.updateCollection(InvDatasetFcFmrc.java:114) ~[tdcommon-4.6.4.jar:4.6.4]
	at thredds.catalog.InvDatasetFeatureCollection.checkState(InvDatasetFeatureCollection.java:311) ~[tdcommon-4.6.4.jar:4.6.4]
	at thredds.catalog.InvDatasetFeatureCollection.update(InvDatasetFeatureCollection.java:332) ~[tdcommon-4.6.4.jar:4.6.4]
	at thredds.catalog.InvDatasetFcFmrc.update(InvDatasetFcFmrc.java:88) ~[tdcommon-4.6.4.jar:4.6.4]
	at thredds.catalog.InvDatasetFeatureCollection.sendEvent(InvDatasetFeatureCollection.java:228) ~[tdcommon-4.6.4.jar:4.6.4]
	at thredds.inventory.CollectionUpdater$UpdateCollectionJob.execute(CollectionUpdater.java:242) [cdm-4.6.4.jar:4.6.4]
	at org.quartz.core.JobRunShell.run(JobRunShell.java:207) [quartz-2.2.0.jar:?]
	at org.quartz.simpl.SimpleThreadPool$WorkerThread.run(SimpleThreadPool.java:560) [quartz-2.2.0.jar:?]
2016-08-31T04:01:50.684 +0000 INFO  - FeatureCollection added = FeatureCollectionConfig name ='USEast WRF Forecast Model Run Collection' collectionName='USEast_WRF_Forecast_Model_Run_Collection' type='FMRC'
  spec='/raid0/data/useast/WRF/.*.nc$'
  olderThan =10 min
  timePartition =directory
  updateConfig =UpdateConfig{userDefined=true, recheckAfter='null', rescan='0 5 * * * ? *', triggerOk=true, updateType=test}
  tdmConfig =UpdateConfig{userDefined=false, recheckAfter='null', rescan='null', triggerOk=true, updateType=test}
  ProtoConfig{choice=Penultimate, change='null', param='null', outerNcml='[Element: <netcdf [Namespace: http://www.unidata.ucar.edu/namespaces/netcdf/ncml-2.2]/>]', cacheAll=true}
  hasInnerNcml =true
  fmrcConfig =FmrcConfig: regularize=true datasetTypes=[Best]

2016-08-31T04:01:50.685 +0000 INFO  - scheduleJob startup scan force=test for 'USEast_WRF_Forecast_Model_Run_Collection' at 2016-08-31T04:01:53.685+0000
2016-08-31T04:01:50.685 +0000 INFO  - scheduleJob recurring scan for 'USEast_WRF_Forecast_Model_Run_Collection' cronExpr=0 5 * * * ? *
2016-08-31T04:01:54.615 +0000 ERROR - UpdateCollectionJob.execute startup failed collection=USEast_WRF_Forecast_Model_Run_Collection
java.lang.NullPointerException
	at ucar.nc2.ft.fmrc.FmrcDataset.getNetcdfDataset2D(FmrcDataset.java:182) ~[cdm-4.6.4.jar:4.6.4]
	at ucar.nc2.ft.fmrc.Fmrc.getDataset2D(Fmrc.java:187) ~[cdm-4.6.4.jar:4.6.4]
	at thredds.catalog.InvDatasetFcFmrc.updateCollection(InvDatasetFcFmrc.java:114) ~[tdcommon-4.6.4.jar:4.6.4]
	at thredds.catalog.InvDatasetFeatureCollection.checkState(InvDatasetFeatureCollection.java:311) ~[tdcommon-4.6.4.jar:4.6.4]
	at thredds.catalog.InvDatasetFeatureCollection.update(InvDatasetFeatureCollection.java:332) ~[tdcommon-4.6.4.jar:4.6.4]
	at thredds.catalog.InvDatasetFcFmrc.update(InvDatasetFcFmrc.java:88) ~[tdcommon-4.6.4.jar:4.6.4]
	at thredds.catalog.InvDatasetFeatureCollection.sendEvent(InvDatasetFeatureCollection.java:228) ~[tdcommon-4.6.4.jar:4.6.4]
	at thredds.inventory.CollectionUpdater$UpdateCollectionJob.execute(CollectionUpdater.java:242) [cdm-4.6.4.jar:4.6.4]
	at org.quartz.core.JobRunShell.run(JobRunShell.java:207) [quartz-2.2.0.jar:?]
	at org.quartz.simpl.SimpleThreadPool$WorkerThread.run(SimpleThreadPool.java:560) [quartz-2.2.0.jar:?]
2016-08-31T04:03:37.122 +0000 INFO  - FeatureCollection added = FeatureCollectionConfig name ='USEast WRF Forecast Model Run Collection' collectionName='USEast_WRF_Forecast_Model_Run_Collection' type='FMRC'
  spec='/raid0/data/useast/WRF/.*.nc$'
  dateFormatMark ='yyyyMMdd'
  olderThan =10 min
  timePartition =file
  updateConfig =UpdateConfig{userDefined=true, recheckAfter='null', rescan='0 5 * * * ? *', triggerOk=true, updateType=test}
  tdmConfig =UpdateConfig{userDefined=false, recheckAfter='null', rescan='null', triggerOk=true, updateType=test}
  ProtoConfig{choice=Penultimate, change='null', param='null', outerNcml='[Element: <netcdf [Namespace: http://www.unidata.ucar.edu/namespaces/netcdf/ncml-2.2]/>]', cacheAll=true}
  hasInnerNcml =true
  fmrcConfig =FmrcConfig: regularize=true datasetTypes=[Best]

2016-08-31T04:03:37.122 +0000 INFO  - scheduleJob startup scan force=test for 'USEast_WRF_Forecast_Model_Run_Collection' at 2016-08-31T04:03:40.122+0000
2016-08-31T04:03:37.122 +0000 INFO  - scheduleJob recurring scan for 'USEast_WRF_Forecast_Model_Run_Collection' cronExpr=0 5 * * * ? *
2016-08-31T04:03:40.172 +0000 ERROR - Failed to extract date from file /raid0/data/useast/WRF/20150919.nc with Extractor DateExtractorFromName{dateFormatMark='yyyyMMdd', useName=false}
2016-08-31T04:03:40.173 +0000 ERROR - Failed to extract date from file /raid0/data/useast/WRF/20140430.nc with Extractor DateExtractorFromName{dateFormatMark='yyyyMMdd', useName=false}
2016-08-31T04:03:40.176 +0000 ERROR - UpdateCollectionJob.execute startup failed collection=USEast_WRF_Forecast_Model_Run_Collection
java.lang.NullPointerException
	at ucar.nc2.ft.fmrc.FmrcDataset.getNetcdfDataset2D(FmrcDataset.java:182) ~[cdm-4.6.4.jar:4.6.4]
	at ucar.nc2.ft.fmrc.Fmrc.getDataset2D(Fmrc.java:187) ~[cdm-4.6.4.jar:4.6.4]
	at thredds.catalog.InvDatasetFcFmrc.updateCollection(InvDatasetFcFmrc.java:114) ~[tdcommon-4.6.4.jar:4.6.4]
	at thredds.catalog.InvDatasetFeatureCollection.checkState(InvDatasetFeatureCollection.java:311) ~[tdcommon-4.6.4.jar:4.6.4]
	at thredds.catalog.InvDatasetFeatureCollection.update(InvDatasetFeatureCollection.java:332) ~[tdcommon-4.6.4.jar:4.6.4]
	at thredds.catalog.InvDatasetFcFmrc.update(InvDatasetFcFmrc.java:88) ~[tdcommon-4.6.4.jar:4.6.4]
	at thredds.catalog.InvDatasetFeatureCollection.sendEvent(InvDatasetFeatureCollection.java:228) ~[tdcommon-4.6.4.jar:4.6.4]
	at thredds.inventory.CollectionUpdater$UpdateCollectionJob.execute(CollectionUpdater.java:242) [cdm-4.6.4.jar:4.6.4]
	at org.quartz.core.JobRunShell.run(JobRunShell.java:207) [quartz-2.2.0.jar:?]
	at org.quartz.simpl.SimpleThreadPool$WorkerThread.run(SimpleThreadPool.java:560) [quartz-2.2.0.jar:?]
2016-08-31T04:03:47.631 +0000 ERROR - Failed to extract date from file /raid0/data/useast/WRF/20150919.nc with Extractor DateExtractorFromName{dateFormatMark='yyyyMMdd', useName=false}
2016-08-31T04:03:47.633 +0000 ERROR - Failed to extract date from file /raid0/data/useast/WRF/20140430.nc with Extractor DateExtractorFromName{dateFormatMark='yyyyMMdd', useName=false}
2016-08-31T04:15:34.754 +0000 ERROR - Failed to extract date from file /raid0/data/useast/WRF/20150919.nc with Extractor DateExtractorFromName{dateFormatMark='yyyyMMdd', useName=false}
2016-08-31T04:15:34.755 +0000 ERROR - Failed to extract date from file /raid0/data/useast/WRF/20140430.nc with Extractor DateExtractorFromName{dateFormatMark='yyyyMMdd', useName=false}
2016-08-31T04:16:40.995 +0000 ERROR - Failed to extract date from file /raid0/data/useast/WRF/20150919.nc with Extractor DateExtractorFromName{dateFormatMark='yyyyMMdd', useName=false}
2016-08-31T04:16:40.996 +0000 ERROR - Failed to extract date from file /raid0/data/useast/WRF/20140430.nc with Extractor DateExtractorFromName{dateFormatMark='yyyyMMdd', useName=false}
2016-08-31T04:17:38.539 +0000 ERROR - Failed to extract date from file /raid0/data/useast/WRF/20150919.nc with Extractor DateExtractorFromName{dateFormatMark='yyyyMMdd', useName=false}
2016-08-31T04:17:38.540 +0000 ERROR - Failed to extract date from file /raid0/data/useast/WRF/20140430.nc with Extractor DateExtractorFromName{dateFormatMark='yyyyMMdd', useName=false}
2016-08-31T04:17:54.085 +0000 ERROR - Failed to extract date from file /raid0/data/useast/WRF/20150919.nc with Extractor DateExtractorFromName{dateFormatMark='yyyyMMdd', useName=false}
2016-08-31T04:17:54.086 +0000 ERROR - Failed to extract date from file /raid0/data/useast/WRF/20140430.nc with Extractor DateExtractorFromName{dateFormatMark='yyyyMMdd', useName=false}
2016-08-31T04:19:45.908 +0000 INFO  - FeatureCollection added = FeatureCollectionConfig name ='USEast WRF Forecast Model Run Collection' collectionName='USEast_WRF_Forecast_Model_Run_Collection' type='FMRC'
  spec='/raid0/data/useast/WRF/.*.nc$'
  olderThan =10 min
  timePartition =directory
  updateConfig =UpdateConfig{userDefined=true, recheckAfter='null', rescan='0 5 * * * ? *', triggerOk=true, updateType=test}
  tdmConfig =UpdateConfig{userDefined=false, recheckAfter='null', rescan='null', triggerOk=true, updateType=test}
  ProtoConfig{choice=Penultimate, change='null', param='null', outerNcml='[Element: <netcdf [Namespace: http://www.unidata.ucar.edu/namespaces/netcdf/ncml-2.2]/>]', cacheAll=true}
  hasInnerNcml =true
  fmrcConfig =FmrcConfig: regularize=true datasetTypes=[Best]

2016-08-31T04:19:45.909 +0000 INFO  - scheduleJob startup scan force=test for 'USEast_WRF_Forecast_Model_Run_Collection' at 2016-08-31T04:19:48.909+0000
2016-08-31T04:19:45.909 +0000 INFO  - scheduleJob recurring scan for 'USEast_WRF_Forecast_Model_Run_Collection' cronExpr=0 5 * * * ? *
2016-08-31T04:19:49.344 +0000 ERROR - UpdateCollectionJob.execute startup failed collection=USEast_WRF_Forecast_Model_Run_Collection
java.lang.NullPointerException
	at ucar.nc2.ft.fmrc.FmrcDataset.getNetcdfDataset2D(FmrcDataset.java:182) ~[cdm-4.6.4.jar:4.6.4]
	at ucar.nc2.ft.fmrc.Fmrc.getDataset2D(Fmrc.java:187) ~[cdm-4.6.4.jar:4.6.4]
	at thredds.catalog.InvDatasetFcFmrc.updateCollection(InvDatasetFcFmrc.java:114) ~[tdcommon-4.6.4.jar:4.6.4]
	at thredds.catalog.InvDatasetFeatureCollection.checkState(InvDatasetFeatureCollection.java:311) ~[tdcommon-4.6.4.jar:4.6.4]
	at thredds.catalog.InvDatasetFeatureCollection.update(InvDatasetFeatureCollection.java:332) ~[tdcommon-4.6.4.jar:4.6.4]
	at thredds.catalog.InvDatasetFcFmrc.update(InvDatasetFcFmrc.java:88) ~[tdcommon-4.6.4.jar:4.6.4]
	at thredds.catalog.InvDatasetFeatureCollection.sendEvent(InvDatasetFeatureCollection.java:228) ~[tdcommon-4.6.4.jar:4.6.4]
	at thredds.inventory.CollectionUpdater$UpdateCollectionJob.execute(CollectionUpdater.java:242) [cdm-4.6.4.jar:4.6.4]
	at org.quartz.core.JobRunShell.run(JobRunShell.java:207) [quartz-2.2.0.jar:?]
	at org.quartz.simpl.SimpleThreadPool$WorkerThread.run(SimpleThreadPool.java:560) [quartz-2.2.0.jar:?]
2016-08-31T04:25:38.454 +0000 INFO  - FeatureCollection added = FeatureCollectionConfig name ='USEast WRF Forecast Model Run Collection' collectionName='USEast_WRF_Forecast_Model_Run_Collection' type='FMRC'
  spec='/raid0/data/useast/WRF/#yyyyMMdd_HHmm#\.nc$'
  olderThan =10 min
  timePartition =directory
  updateConfig =UpdateConfig{userDefined=true, recheckAfter='null', rescan='0 5 * * * ? *', triggerOk=true, updateType=test}
  tdmConfig =UpdateConfig{userDefined=false, recheckAfter='null', rescan='null', triggerOk=true, updateType=test}
  ProtoConfig{choice=Penultimate, change='null', param='null', outerNcml='[Element: <netcdf [Namespace: http://www.unidata.ucar.edu/namespaces/netcdf/ncml-2.2]/>]', cacheAll=true}
  hasInnerNcml =true
  fmrcConfig =FmrcConfig: regularize=true datasetTypes=[Best]

2016-08-31T04:25:38.455 +0000 INFO  - scheduleJob startup scan force=test for 'USEast_WRF_Forecast_Model_Run_Collection' at 2016-08-31T04:25:41.454+0000
2016-08-31T04:25:38.455 +0000 INFO  - scheduleJob recurring scan for 'USEast_WRF_Forecast_Model_Run_Collection' cronExpr=0 5 * * * ? *
2016-08-31T04:25:41.481 +0000 WARN  - MFileCollectionManager: No files found for USEast_WRF_Forecast_Model_Run_Collection
2016-08-31T04:39:37.277 +0000 INFO  - FeatureCollection added = FeatureCollectionConfig name ='USEast WRF Forecast Model Run Collection' collectionName='USEast_WRF_Forecast_Model_Run_Collection' type='FMRC'
  spec='/home/jbzambon/20160830.nc$'
  olderThan =10 min
  timePartition =directory
  updateConfig =UpdateConfig{userDefined=true, recheckAfter='null', rescan='0 5 * * * ? *', triggerOk=true, updateType=test}
  tdmConfig =UpdateConfig{userDefined=false, recheckAfter='null', rescan='null', triggerOk=true, updateType=test}
  ProtoConfig{choice=Penultimate, change='null', param='null', outerNcml='[Element: <netcdf [Namespace: http://www.unidata.ucar.edu/namespaces/netcdf/ncml-2.2]/>]', cacheAll=true}
  hasInnerNcml =true
  fmrcConfig =FmrcConfig: regularize=false datasetTypes=[Best]

2016-08-31T04:39:37.278 +0000 INFO  - scheduleJob startup scan force=test for 'USEast_WRF_Forecast_Model_Run_Collection' at 2016-08-31T04:39:40.278+0000
2016-08-31T04:39:37.278 +0000 INFO  - scheduleJob recurring scan for 'USEast_WRF_Forecast_Model_Run_Collection' cronExpr=0 5 * * * ? *
2016-08-31T04:44:13.431 +0000 INFO  - FeatureCollection added = FeatureCollectionConfig name ='USEast WRF Forecast Model Run Collection' collectionName='USEast_WRF_Forecast_Model_Run_Collection' type='FMRC'
  spec='/home/jbzambon/20160830.nc$'
  timePartition =directory
  updateConfig =UpdateConfig{userDefined=true, recheckAfter='null', rescan='0 5 * * * ? *', triggerOk=true, updateType=test}
  tdmConfig =UpdateConfig{userDefined=false, recheckAfter='null', rescan='null', triggerOk=true, updateType=test}
  ProtoConfig{choice=Penultimate, change='null', param='null', outerNcml='[Element: <netcdf [Namespace: http://www.unidata.ucar.edu/namespaces/netcdf/ncml-2.2]/>]', cacheAll=true}
  hasInnerNcml =true
  fmrcConfig =FmrcConfig: regularize=false datasetTypes=[Best]

2016-08-31T04:44:13.431 +0000 INFO  - scheduleJob startup scan force=test for 'USEast_WRF_Forecast_Model_Run_Collection' at 2016-08-31T04:44:16.431+0000
2016-08-31T04:44:13.432 +0000 INFO  - scheduleJob recurring scan for 'USEast_WRF_Forecast_Model_Run_Collection' cronExpr=0 5 * * * ? *
2016-08-31T04:44:16.872 +0000 ERROR - UpdateCollectionJob.execute startup failed collection=USEast_WRF_Forecast_Model_Run_Collection
java.lang.NullPointerException
	at ucar.nc2.ft.fmrc.FmrcDataset.getNetcdfDataset2D(FmrcDataset.java:182) ~[cdm-4.6.4.jar:4.6.4]
	at ucar.nc2.ft.fmrc.Fmrc.getDataset2D(Fmrc.java:187) ~[cdm-4.6.4.jar:4.6.4]
	at thredds.catalog.InvDatasetFcFmrc.updateCollection(InvDatasetFcFmrc.java:114) ~[tdcommon-4.6.4.jar:4.6.4]
	at thredds.catalog.InvDatasetFeatureCollection.checkState(InvDatasetFeatureCollection.java:311) ~[tdcommon-4.6.4.jar:4.6.4]
	at thredds.catalog.InvDatasetFeatureCollection.update(InvDatasetFeatureCollection.java:332) ~[tdcommon-4.6.4.jar:4.6.4]
	at thredds.catalog.InvDatasetFcFmrc.update(InvDatasetFcFmrc.java:88) ~[tdcommon-4.6.4.jar:4.6.4]
	at thredds.catalog.InvDatasetFeatureCollection.sendEvent(InvDatasetFeatureCollection.java:228) ~[tdcommon-4.6.4.jar:4.6.4]
	at thredds.inventory.CollectionUpdater$UpdateCollectionJob.execute(CollectionUpdater.java:242) [cdm-4.6.4.jar:4.6.4]
	at org.quartz.core.JobRunShell.run(JobRunShell.java:207) [quartz-2.2.0.jar:?]
	at org.quartz.simpl.SimpleThreadPool$WorkerThread.run(SimpleThreadPool.java:560) [quartz-2.2.0.jar:?]
2016-08-31T04:45:42.934 +0000 INFO  - FeatureCollection added = FeatureCollectionConfig name ='USEast WRF Forecast Model Run Collection' collectionName='USEast_WRF_Forecast_Model_Run_Collection' type='FMRC'
  spec='/home/jbzambon/20160830.nc'
  timePartition =directory
  updateConfig =UpdateConfig{userDefined=true, recheckAfter='null', rescan='0 5 * * * ? *', triggerOk=true, updateType=test}
  tdmConfig =UpdateConfig{userDefined=false, recheckAfter='null', rescan='null', triggerOk=true, updateType=test}
  ProtoConfig{choice=Penultimate, change='null', param='null', outerNcml='[Element: <netcdf [Namespace: http://www.unidata.ucar.edu/namespaces/netcdf/ncml-2.2]/>]', cacheAll=true}
  hasInnerNcml =true
  fmrcConfig =FmrcConfig: regularize=false datasetTypes=[Best]

2016-08-31T04:45:42.935 +0000 INFO  - scheduleJob startup scan force=test for 'USEast_WRF_Forecast_Model_Run_Collection' at 2016-08-31T04:45:45.934+0000
2016-08-31T04:45:42.935 +0000 INFO  - scheduleJob recurring scan for 'USEast_WRF_Forecast_Model_Run_Collection' cronExpr=0 5 * * * ? *
2016-08-31T04:45:46.417 +0000 ERROR - UpdateCollectionJob.execute startup failed collection=USEast_WRF_Forecast_Model_Run_Collection
java.lang.NullPointerException
	at ucar.nc2.ft.fmrc.FmrcDataset.getNetcdfDataset2D(FmrcDataset.java:182) ~[cdm-4.6.4.jar:4.6.4]
	at ucar.nc2.ft.fmrc.Fmrc.getDataset2D(Fmrc.java:187) ~[cdm-4.6.4.jar:4.6.4]
	at thredds.catalog.InvDatasetFcFmrc.updateCollection(InvDatasetFcFmrc.java:114) ~[tdcommon-4.6.4.jar:4.6.4]
	at thredds.catalog.InvDatasetFeatureCollection.checkState(InvDatasetFeatureCollection.java:311) ~[tdcommon-4.6.4.jar:4.6.4]
	at thredds.catalog.InvDatasetFeatureCollection.update(InvDatasetFeatureCollection.java:332) ~[tdcommon-4.6.4.jar:4.6.4]
	at thredds.catalog.InvDatasetFcFmrc.update(InvDatasetFcFmrc.java:88) ~[tdcommon-4.6.4.jar:4.6.4]
	at thredds.catalog.InvDatasetFeatureCollection.sendEvent(InvDatasetFeatureCollection.java:228) ~[tdcommon-4.6.4.jar:4.6.4]
	at thredds.inventory.CollectionUpdater$UpdateCollectionJob.execute(CollectionUpdater.java:242) [cdm-4.6.4.jar:4.6.4]
	at org.quartz.core.JobRunShell.run(JobRunShell.java:207) [quartz-2.2.0.jar:?]
	at org.quartz.simpl.SimpleThreadPool$WorkerThread.run(SimpleThreadPool.java:560) [quartz-2.2.0.jar:?]
2016-08-31T04:55:04.249 +0000 INFO  - FeatureCollection added = FeatureCollectionConfig name ='USEast WRF Forecast Model Run Collection' collectionName='USEast_WRF_Forecast_Model_Run_Collection' type='FMRC'
  spec='/home/jbzambon/20160830.nc'
  timePartition =directory
  updateConfig =UpdateConfig{userDefined=true, recheckAfter='null', rescan='0 5 * * * ? *', triggerOk=true, updateType=test}
  tdmConfig =UpdateConfig{userDefined=false, recheckAfter='null', rescan='null', triggerOk=true, updateType=test}
  ProtoConfig{choice=Penultimate, change='null', param='null', outerNcml='[Element: <netcdf [Namespace: http://www.unidata.ucar.edu/namespaces/netcdf/ncml-2.2]/>]', cacheAll=true}
  hasInnerNcml =true
  fmrcConfig =FmrcConfig: regularize=false datasetTypes=[Best]

2016-08-31T04:55:04.250 +0000 INFO  - scheduleJob startup scan force=test for 'USEast_WRF_Forecast_Model_Run_Collection' at 2016-08-31T04:55:07.250+0000
2016-08-31T04:55:04.250 +0000 INFO  - scheduleJob recurring scan for 'USEast_WRF_Forecast_Model_Run_Collection' cronExpr=0 5 * * * ? *
2016-08-31T04:55:07.947 +0000 ERROR - UpdateCollectionJob.execute startup failed collection=USEast_WRF_Forecast_Model_Run_Collection
java.lang.NullPointerException
	at ucar.nc2.ft.fmrc.FmrcDataset.getNetcdfDataset2D(FmrcDataset.java:182) ~[cdm-4.6.4.jar:4.6.4]
	at ucar.nc2.ft.fmrc.Fmrc.getDataset2D(Fmrc.java:187) ~[cdm-4.6.4.jar:4.6.4]
	at thredds.catalog.InvDatasetFcFmrc.updateCollection(InvDatasetFcFmrc.java:114) ~[tdcommon-4.6.4.jar:4.6.4]
	at thredds.catalog.InvDatasetFeatureCollection.checkState(InvDatasetFeatureCollection.java:311) ~[tdcommon-4.6.4.jar:4.6.4]
	at thredds.catalog.InvDatasetFeatureCollection.update(InvDatasetFeatureCollection.java:332) ~[tdcommon-4.6.4.jar:4.6.4]
	at thredds.catalog.InvDatasetFcFmrc.update(InvDatasetFcFmrc.java:88) ~[tdcommon-4.6.4.jar:4.6.4]
	at thredds.catalog.InvDatasetFeatureCollection.sendEvent(InvDatasetFeatureCollection.java:228) ~[tdcommon-4.6.4.jar:4.6.4]
	at thredds.inventory.CollectionUpdater$UpdateCollectionJob.execute(CollectionUpdater.java:242) [cdm-4.6.4.jar:4.6.4]
	at org.quartz.core.JobRunShell.run(JobRunShell.java:207) [quartz-2.2.0.jar:?]
	at org.quartz.simpl.SimpleThreadPool$WorkerThread.run(SimpleThreadPool.java:560) [quartz-2.2.0.jar:?]
2016-08-31T19:18:23.016 +0000 INFO  - FeatureCollection added = FeatureCollectionConfig name ='USEast WRF Forecast Model Run Collection' collectionName='USEast_WRF_Forecast_Model_Run_Collection' type='FMRC'
  spec='/home/jbzambon/20160830.nc'
  timePartition =directory
  updateConfig =UpdateConfig{userDefined=true, recheckAfter='null', rescan='0 5 * * * ? *', triggerOk=true, updateType=test}
  tdmConfig =UpdateConfig{userDefined=false, recheckAfter='null', rescan='null', triggerOk=true, updateType=test}
  ProtoConfig{choice=Penultimate, change='null', param='null', outerNcml='[Element: <netcdf [Namespace: http://www.unidata.ucar.edu/namespaces/netcdf/ncml-2.2]/>]', cacheAll=true}
  hasInnerNcml =true
  fmrcConfig =FmrcConfig: regularize=false datasetTypes=[Best]

2016-08-31T19:18:23.016 +0000 INFO  - scheduleJob startup scan force=test for 'USEast_WRF_Forecast_Model_Run_Collection' at 2016-08-31T19:18:26.016+0000
2016-08-31T19:18:23.017 +0000 INFO  - scheduleJob recurring scan for 'USEast_WRF_Forecast_Model_Run_Collection' cronExpr=0 5 * * * ? *
2016-08-31T19:18:26.439 +0000 ERROR - UpdateCollectionJob.execute startup failed collection=USEast_WRF_Forecast_Model_Run_Collection
java.lang.NullPointerException
	at ucar.nc2.ft.fmrc.FmrcDataset.getNetcdfDataset2D(FmrcDataset.java:182) ~[cdm-4.6.4.jar:4.6.4]
	at ucar.nc2.ft.fmrc.Fmrc.getDataset2D(Fmrc.java:187) ~[cdm-4.6.4.jar:4.6.4]
	at thredds.catalog.InvDatasetFcFmrc.updateCollection(InvDatasetFcFmrc.java:114) ~[tdcommon-4.6.4.jar:4.6.4]
	at thredds.catalog.InvDatasetFeatureCollection.checkState(InvDatasetFeatureCollection.java:311) ~[tdcommon-4.6.4.jar:4.6.4]
	at thredds.catalog.InvDatasetFeatureCollection.update(InvDatasetFeatureCollection.java:332) ~[tdcommon-4.6.4.jar:4.6.4]
	at thredds.catalog.InvDatasetFcFmrc.update(InvDatasetFcFmrc.java:88) ~[tdcommon-4.6.4.jar:4.6.4]
	at thredds.catalog.InvDatasetFeatureCollection.sendEvent(InvDatasetFeatureCollection.java:228) ~[tdcommon-4.6.4.jar:4.6.4]
	at thredds.inventory.CollectionUpdater$UpdateCollectionJob.execute(CollectionUpdater.java:242) [cdm-4.6.4.jar:4.6.4]
	at org.quartz.core.JobRunShell.run(JobRunShell.java:207) [quartz-2.2.0.jar:?]
	at org.quartz.simpl.SimpleThreadPool$WorkerThread.run(SimpleThreadPool.java:560) [quartz-2.2.0.jar:?]
2016-08-31T19:20:38.880 +0000 INFO  - FeatureCollection added = FeatureCollectionConfig name ='USEast WRF Forecast Model Run Collection' collectionName='USEast_WRF_Forecast_Model_Run_Collection' type='FMRC'
  spec='/home/jbzambon/20160830.nc'
  timePartition =directory
  updateConfig =UpdateConfig{userDefined=true, recheckAfter='null', rescan='0 5 * * * ? *', triggerOk=true, updateType=test}
  tdmConfig =UpdateConfig{userDefined=false, recheckAfter='null', rescan='null', triggerOk=true, updateType=test}
  ProtoConfig{choice=Penultimate, change='null', param='null', outerNcml='[Element: <netcdf [Namespace: http://www.unidata.ucar.edu/namespaces/netcdf/ncml-2.2]/>]', cacheAll=true}
  hasInnerNcml =true
  fmrcConfig =FmrcConfig: regularize=false datasetTypes=[Best]

2016-08-31T19:20:38.881 +0000 INFO  - scheduleJob startup scan force=test for 'USEast_WRF_Forecast_Model_Run_Collection' at 2016-08-31T19:20:41.881+0000
2016-08-31T19:20:38.881 +0000 INFO  - scheduleJob recurring scan for 'USEast_WRF_Forecast_Model_Run_Collection' cronExpr=0 5 * * * ? *
2016-08-31T19:20:42.330 +0000 ERROR - UpdateCollectionJob.execute startup failed collection=USEast_WRF_Forecast_Model_Run_Collection
java.lang.NullPointerException
	at ucar.nc2.ft.fmrc.FmrcDataset.getNetcdfDataset2D(FmrcDataset.java:182) ~[cdm-4.6.4.jar:4.6.4]
	at ucar.nc2.ft.fmrc.Fmrc.getDataset2D(Fmrc.java:187) ~[cdm-4.6.4.jar:4.6.4]
	at thredds.catalog.InvDatasetFcFmrc.updateCollection(InvDatasetFcFmrc.java:114) ~[tdcommon-4.6.4.jar:4.6.4]
	at thredds.catalog.InvDatasetFeatureCollection.checkState(InvDatasetFeatureCollection.java:311) ~[tdcommon-4.6.4.jar:4.6.4]
	at thredds.catalog.InvDatasetFeatureCollection.update(InvDatasetFeatureCollection.java:332) ~[tdcommon-4.6.4.jar:4.6.4]
	at thredds.catalog.InvDatasetFcFmrc.update(InvDatasetFcFmrc.java:88) ~[tdcommon-4.6.4.jar:4.6.4]
	at thredds.catalog.InvDatasetFeatureCollection.sendEvent(InvDatasetFeatureCollection.java:228) ~[tdcommon-4.6.4.jar:4.6.4]
	at thredds.inventory.CollectionUpdater$UpdateCollectionJob.execute(CollectionUpdater.java:242) [cdm-4.6.4.jar:4.6.4]
	at org.quartz.core.JobRunShell.run(JobRunShell.java:207) [quartz-2.2.0.jar:?]
	at org.quartz.simpl.SimpleThreadPool$WorkerThread.run(SimpleThreadPool.java:560) [quartz-2.2.0.jar:?]
2016-08-31T19:28:16.139 +0000 INFO  - FeatureCollection added = FeatureCollectionConfig name ='USEast WRF Forecast Model Run Collection' collectionName='USEast_WRF_Forecast_Model_Run_Collection' type='FMRC'
  spec='/home/jbzambon/20160830.nc'
  timePartition =directory
  updateConfig =UpdateConfig{userDefined=true, recheckAfter='null', rescan='0 5 * * * ? *', triggerOk=true, updateType=test}
  tdmConfig =UpdateConfig{userDefined=false, recheckAfter='null', rescan='null', triggerOk=true, updateType=test}
  ProtoConfig{choice=Penultimate, change='null', param='null', outerNcml='[Element: <netcdf [Namespace: http://www.unidata.ucar.edu/namespaces/netcdf/ncml-2.2]/>]', cacheAll=true}
  hasInnerNcml =true
  fmrcConfig =FmrcConfig: regularize=false datasetTypes=[Best]

2016-08-31T19:28:16.139 +0000 INFO  - scheduleJob startup scan force=test for 'USEast_WRF_Forecast_Model_Run_Collection' at 2016-08-31T19:28:19.139+0000
2016-08-31T19:28:16.139 +0000 INFO  - scheduleJob recurring scan for 'USEast_WRF_Forecast_Model_Run_Collection' cronExpr=0 5 * * * ? *
2016-08-31T19:28:19.502 +0000 ERROR - UpdateCollectionJob.execute startup failed collection=USEast_WRF_Forecast_Model_Run_Collection
java.lang.NullPointerException
	at ucar.nc2.ft.fmrc.FmrcDataset.getNetcdfDataset2D(FmrcDataset.java:182) ~[cdm-4.6.4.jar:4.6.4]
	at ucar.nc2.ft.fmrc.Fmrc.getDataset2D(Fmrc.java:187) ~[cdm-4.6.4.jar:4.6.4]
	at thredds.catalog.InvDatasetFcFmrc.updateCollection(InvDatasetFcFmrc.java:114) ~[tdcommon-4.6.4.jar:4.6.4]
	at thredds.catalog.InvDatasetFeatureCollection.checkState(InvDatasetFeatureCollection.java:311) ~[tdcommon-4.6.4.jar:4.6.4]
	at thredds.catalog.InvDatasetFeatureCollection.update(InvDatasetFeatureCollection.java:332) ~[tdcommon-4.6.4.jar:4.6.4]
	at thredds.catalog.InvDatasetFcFmrc.update(InvDatasetFcFmrc.java:88) ~[tdcommon-4.6.4.jar:4.6.4]
	at thredds.catalog.InvDatasetFeatureCollection.sendEvent(InvDatasetFeatureCollection.java:228) ~[tdcommon-4.6.4.jar:4.6.4]
	at thredds.inventory.CollectionUpdater$UpdateCollectionJob.execute(CollectionUpdater.java:242) [cdm-4.6.4.jar:4.6.4]
	at org.quartz.core.JobRunShell.run(JobRunShell.java:207) [quartz-2.2.0.jar:?]
	at org.quartz.simpl.SimpleThreadPool$WorkerThread.run(SimpleThreadPool.java:560) [quartz-2.2.0.jar:?]
2016-08-31T19:29:56.347 +0000 INFO  - FeatureCollection added = FeatureCollectionConfig name ='USEast WRF Forecast Model Run Collection' collectionName='USEast_WRF_Forecast_Model_Run_Collection' type='FMRC'
  spec='/home/jbzambon/20160830.nc'
  timePartition =directory
  updateConfig =UpdateConfig{userDefined=true, recheckAfter='null', rescan='0 5 * * * ? *', triggerOk=true, updateType=test}
  tdmConfig =UpdateConfig{userDefined=false, recheckAfter='null', rescan='null', triggerOk=true, updateType=test}
  ProtoConfig{choice=Penultimate, change='null', param='null', outerNcml='[Element: <netcdf [Namespace: http://www.unidata.ucar.edu/namespaces/netcdf/ncml-2.2]/>]', cacheAll=true}
  hasInnerNcml =true
  fmrcConfig =FmrcConfig: regularize=false datasetTypes=[Best]

2016-08-31T19:29:56.348 +0000 INFO  - scheduleJob startup scan force=test for 'USEast_WRF_Forecast_Model_Run_Collection' at 2016-08-31T19:29:59.348+0000
2016-08-31T19:29:56.348 +0000 INFO  - scheduleJob recurring scan for 'USEast_WRF_Forecast_Model_Run_Collection' cronExpr=0 5 * * * ? *
2016-08-31T19:29:59.727 +0000 ERROR - UpdateCollectionJob.execute startup failed collection=USEast_WRF_Forecast_Model_Run_Collection
java.lang.NullPointerException
	at ucar.nc2.ft.fmrc.FmrcDataset.getNetcdfDataset2D(FmrcDataset.java:182) ~[cdm-4.6.4.jar:4.6.4]
	at ucar.nc2.ft.fmrc.Fmrc.getDataset2D(Fmrc.java:187) ~[cdm-4.6.4.jar:4.6.4]
	at thredds.catalog.InvDatasetFcFmrc.updateCollection(InvDatasetFcFmrc.java:114) ~[tdcommon-4.6.4.jar:4.6.4]
	at thredds.catalog.InvDatasetFeatureCollection.checkState(InvDatasetFeatureCollection.java:311) ~[tdcommon-4.6.4.jar:4.6.4]
	at thredds.catalog.InvDatasetFeatureCollection.update(InvDatasetFeatureCollection.java:332) ~[tdcommon-4.6.4.jar:4.6.4]
	at thredds.catalog.InvDatasetFcFmrc.update(InvDatasetFcFmrc.java:88) ~[tdcommon-4.6.4.jar:4.6.4]
	at thredds.catalog.InvDatasetFeatureCollection.sendEvent(InvDatasetFeatureCollection.java:228) ~[tdcommon-4.6.4.jar:4.6.4]
	at thredds.inventory.CollectionUpdater$UpdateCollectionJob.execute(CollectionUpdater.java:242) [cdm-4.6.4.jar:4.6.4]
	at org.quartz.core.JobRunShell.run(JobRunShell.java:207) [quartz-2.2.0.jar:?]
	at org.quartz.simpl.SimpleThreadPool$WorkerThread.run(SimpleThreadPool.java:560) [quartz-2.2.0.jar:?]
2016-08-31T19:32:08.780 +0000 INFO  - FeatureCollection added = FeatureCollectionConfig name ='USEast WRF Forecast Model Run Collection' collectionName='USEast_WRF_Forecast_Model_Run_Collection' type='FMRC'
  spec='/home/jbzambon/20160830.nc'
  timePartition =directory
  updateConfig =UpdateConfig{userDefined=true, recheckAfter='null', rescan='0 5 * * * ? *', triggerOk=true, updateType=test}
  tdmConfig =UpdateConfig{userDefined=false, recheckAfter='null', rescan='null', triggerOk=true, updateType=test}
  ProtoConfig{choice=Penultimate, change='null', param='null', outerNcml='[Element: <netcdf [Namespace: http://www.unidata.ucar.edu/namespaces/netcdf/ncml-2.2]/>]', cacheAll=true}
  hasInnerNcml =true
  fmrcConfig =FmrcConfig: regularize=false datasetTypes=[Best]

2016-08-31T19:32:08.781 +0000 INFO  - scheduleJob startup scan force=test for 'USEast_WRF_Forecast_Model_Run_Collection' at 2016-08-31T19:32:11.781+0000
2016-08-31T19:32:08.781 +0000 INFO  - scheduleJob recurring scan for 'USEast_WRF_Forecast_Model_Run_Collection' cronExpr=0 5 * * * ? *
2016-08-31T19:32:12.207 +0000 ERROR - UpdateCollectionJob.execute startup failed collection=USEast_WRF_Forecast_Model_Run_Collection
java.lang.NullPointerException
	at ucar.nc2.ft.fmrc.FmrcDataset.getNetcdfDataset2D(FmrcDataset.java:182) ~[cdm-4.6.4.jar:4.6.4]
	at ucar.nc2.ft.fmrc.Fmrc.getDataset2D(Fmrc.java:187) ~[cdm-4.6.4.jar:4.6.4]
	at thredds.catalog.InvDatasetFcFmrc.updateCollection(InvDatasetFcFmrc.java:114) ~[tdcommon-4.6.4.jar:4.6.4]
	at thredds.catalog.InvDatasetFeatureCollection.checkState(InvDatasetFeatureCollection.java:311) ~[tdcommon-4.6.4.jar:4.6.4]
	at thredds.catalog.InvDatasetFeatureCollection.update(InvDatasetFeatureCollection.java:332) ~[tdcommon-4.6.4.jar:4.6.4]
	at thredds.catalog.InvDatasetFcFmrc.update(InvDatasetFcFmrc.java:88) ~[tdcommon-4.6.4.jar:4.6.4]
	at thredds.catalog.InvDatasetFeatureCollection.sendEvent(InvDatasetFeatureCollection.java:228) ~[tdcommon-4.6.4.jar:4.6.4]
	at thredds.inventory.CollectionUpdater$UpdateCollectionJob.execute(CollectionUpdater.java:242) [cdm-4.6.4.jar:4.6.4]
	at org.quartz.core.JobRunShell.run(JobRunShell.java:207) [quartz-2.2.0.jar:?]
	at org.quartz.simpl.SimpleThreadPool$WorkerThread.run(SimpleThreadPool.java:560) [quartz-2.2.0.jar:?]
2016-08-31T19:33:11.569 +0000 INFO  - FeatureCollection added = FeatureCollectionConfig name ='USEast WRF Forecast Model Run Collection' collectionName='USEast_WRF_Forecast_Model_Run_Collection' type='FMRC'
  spec='/home/jbzambon/20160830.nc'
  timePartition =directory
  updateConfig =UpdateConfig{userDefined=true, recheckAfter='null', rescan='0 5 * * * ? *', triggerOk=true, updateType=test}
  tdmConfig =UpdateConfig{userDefined=false, recheckAfter='null', rescan='null', triggerOk=true, updateType=test}
  ProtoConfig{choice=Penultimate, change='null', param='null', outerNcml='[Element: <netcdf [Namespace: http://www.unidata.ucar.edu/namespaces/netcdf/ncml-2.2]/>]', cacheAll=true}
  hasInnerNcml =true
  fmrcConfig =FmrcConfig: regularize=false datasetTypes=[Best]

2016-08-31T19:33:11.570 +0000 INFO  - scheduleJob startup scan force=test for 'USEast_WRF_Forecast_Model_Run_Collection' at 2016-08-31T19:33:14.570+0000
2016-08-31T19:33:11.570 +0000 INFO  - scheduleJob recurring scan for 'USEast_WRF_Forecast_Model_Run_Collection' cronExpr=0 5 * * * ? *
2016-08-31T19:33:15.057 +0000 ERROR - UpdateCollectionJob.execute startup failed collection=USEast_WRF_Forecast_Model_Run_Collection
java.lang.NullPointerException
	at ucar.nc2.ft.fmrc.FmrcDataset.getNetcdfDataset2D(FmrcDataset.java:182) ~[cdm-4.6.4.jar:4.6.4]
	at ucar.nc2.ft.fmrc.Fmrc.getDataset2D(Fmrc.java:187) ~[cdm-4.6.4.jar:4.6.4]
	at thredds.catalog.InvDatasetFcFmrc.updateCollection(InvDatasetFcFmrc.java:114) ~[tdcommon-4.6.4.jar:4.6.4]
	at thredds.catalog.InvDatasetFeatureCollection.checkState(InvDatasetFeatureCollection.java:311) ~[tdcommon-4.6.4.jar:4.6.4]
	at thredds.catalog.InvDatasetFeatureCollection.update(InvDatasetFeatureCollection.java:332) ~[tdcommon-4.6.4.jar:4.6.4]
	at thredds.catalog.InvDatasetFcFmrc.update(InvDatasetFcFmrc.java:88) ~[tdcommon-4.6.4.jar:4.6.4]
	at thredds.catalog.InvDatasetFeatureCollection.sendEvent(InvDatasetFeatureCollection.java:228) ~[tdcommon-4.6.4.jar:4.6.4]
	at thredds.inventory.CollectionUpdater$UpdateCollectionJob.execute(CollectionUpdater.java:242) [cdm-4.6.4.jar:4.6.4]
	at org.quartz.core.JobRunShell.run(JobRunShell.java:207) [quartz-2.2.0.jar:?]
	at org.quartz.simpl.SimpleThreadPool$WorkerThread.run(SimpleThreadPool.java:560) [quartz-2.2.0.jar:?]
