2016-08-30T20:19:38.662 +0000 [ 947673946][       1] INFO  - threddsServlet - Remote host: 152.1.31.163 - Request: "GET /thredds/ HTTP/1.1"
2016-08-30T20:19:38.714 +0000 [ 947673998][       1] INFO  - threddsServlet - Request Completed - 302 - -1 - 52
2016-08-30T20:19:38.719 +0000 [ 947674003][       2] INFO  - threddsServlet - Remote host: 152.1.31.163 - Request: "GET /thredds/catalog.html HTTP/1.1"
2016-08-30T20:19:38.748 +0000 [ 947674032][       2] INFO  - threddsServlet - Request Completed - 200 - 3720 - 29
2016-08-30T20:19:41.130 +0000 [ 947676414][       3] INFO  - threddsServlet - Remote host: 152.1.31.163 - Request: "GET /thredds/catalogs/useast_WRF_nf_catalog.html HTTP/1.1"
2016-08-30T20:19:41.134 +0000 [ 947676418][       3] INFO  - threddsServlet - Request Completed - 200 - 1821 - 4
2016-08-30T20:19:42.156 +0000 [ 947677440][       4] INFO  - threddsServlet - Remote host: 152.1.31.163 - Request: "GET /thredds/catalog/fmrc/uesast_wrf/catalog.html HTTP/1.1"
2016-08-30T20:19:42.664 +0000 [ 947677948][       4] ERROR - thredds.server.catalogservice.LocalCatalogServiceController - handleRequestInternal(): Problem handling request.
java.lang.NullPointerException
	at ucar.nc2.ft.fmrc.FmrcDataset.getNetcdfDataset2D(FmrcDataset.java:182) ~[cdm-4.6.4.jar:4.6.4]
	at ucar.nc2.ft.fmrc.Fmrc.getDataset2D(Fmrc.java:187) ~[cdm-4.6.4.jar:4.6.4]
	at thredds.catalog.InvDatasetFcFmrc.updateCollection(InvDatasetFcFmrc.java:114) ~[tdcommon-4.6.4.jar:4.6.4]
	at thredds.catalog.InvDatasetFeatureCollection.checkState(InvDatasetFeatureCollection.java:311) ~[tdcommon-4.6.4.jar:4.6.4]
	at thredds.catalog.InvDatasetFcFmrc.makeCatalog(InvDatasetFcFmrc.java:142) ~[tdcommon-4.6.4.jar:4.6.4]
	at thredds.servlet.DataRootHandler.makeDynamicCatalog(DataRootHandler.java:1435) ~[classes/:4.6.4]
	at thredds.servlet.DataRootHandler.getCatalog(DataRootHandler.java:1403) ~[classes/:4.6.4]
	at thredds.server.catalogservice.LocalCatalogServiceController.handleHtmlRequest(LocalCatalogServiceController.java:253) [classes/:4.6.4]
	at sun.reflect.NativeMethodAccessorImpl.invoke0(Native Method) ~[?:1.8.0_73]
	at sun.reflect.NativeMethodAccessorImpl.invoke(NativeMethodAccessorImpl.java:62) ~[?:1.8.0_73]
	at sun.reflect.DelegatingMethodAccessorImpl.invoke(DelegatingMethodAccessorImpl.java:43) ~[?:1.8.0_73]
	at java.lang.reflect.Method.invoke(Method.java:497) ~[?:1.8.0_73]
	at org.springframework.web.method.support.InvocableHandlerMethod.doInvoke(InvocableHandlerMethod.java:221) [spring-web-4.1.6.RELEASE.jar:4.1.6.RELEASE]
	at org.springframework.web.method.support.InvocableHandlerMethod.invokeForRequest(InvocableHandlerMethod.java:137) [spring-web-4.1.6.RELEASE.jar:4.1.6.RELEASE]
	at org.springframework.web.servlet.mvc.method.annotation.ServletInvocableHandlerMethod.invokeAndHandle(ServletInvocableHandlerMethod.java:110) [spring-webmvc-4.1.6.RELEASE.jar:4.1.6.RELEASE]
	at org.springframework.web.servlet.mvc.method.annotation.RequestMappingHandlerAdapter.invokeHandleMethod(RequestMappingHandlerAdapter.java:776) [spring-webmvc-4.1.6.RELEASE.jar:4.1.6.RELEASE]
	at org.springframework.web.servlet.mvc.method.annotation.RequestMappingHandlerAdapter.handleInternal(RequestMappingHandlerAdapter.java:705) [spring-webmvc-4.1.6.RELEASE.jar:4.1.6.RELEASE]
	at org.springframework.web.servlet.mvc.method.AbstractHandlerMethodAdapter.handle(AbstractHandlerMethodAdapter.java:85) [spring-webmvc-4.1.6.RELEASE.jar:4.1.6.RELEASE]
	at org.springframework.web.servlet.DispatcherServlet.doDispatch(DispatcherServlet.java:959) [spring-webmvc-4.1.6.RELEASE.jar:4.1.6.RELEASE]
	at org.springframework.web.servlet.DispatcherServlet.doService(DispatcherServlet.java:893) [spring-webmvc-4.1.6.RELEASE.jar:4.1.6.RELEASE]
	at org.springframework.web.servlet.FrameworkServlet.processRequest(FrameworkServlet.java:966) [spring-webmvc-4.1.6.RELEASE.jar:4.1.6.RELEASE]
	at org.springframework.web.servlet.FrameworkServlet.doGet(FrameworkServlet.java:857) [spring-webmvc-4.1.6.RELEASE.jar:4.1.6.RELEASE]
	at javax.servlet.http.HttpServlet.service(HttpServlet.java:622) [servlet-api.jar:?]
	at org.springframework.web.servlet.FrameworkServlet.service(FrameworkServlet.java:842) [spring-webmvc-4.1.6.RELEASE.jar:4.1.6.RELEASE]
	at javax.servlet.http.HttpServlet.service(HttpServlet.java:729) [servlet-api.jar:?]
	at org.apache.catalina.core.ApplicationFilterChain.internalDoFilter(ApplicationFilterChain.java:292) [catalina.jar:8.0.32]
	at org.apache.catalina.core.ApplicationFilterChain.doFilter(ApplicationFilterChain.java:207) [catalina.jar:8.0.32]
	at thredds.servlet.filter.RequestQueryFilter.doFilter(RequestQueryFilter.java:118) [classes/:4.6.4]
	at org.apache.catalina.core.ApplicationFilterChain.internalDoFilter(ApplicationFilterChain.java:240) [catalina.jar:8.0.32]
	at org.apache.catalina.core.ApplicationFilterChain.doFilter(ApplicationFilterChain.java:207) [catalina.jar:8.0.32]
	at org.apache.tomcat.websocket.server.WsFilter.doFilter(WsFilter.java:52) [tomcat-websocket.jar:8.0.32]
	at org.apache.catalina.core.ApplicationFilterChain.internalDoFilter(ApplicationFilterChain.java:240) [catalina.jar:8.0.32]
	at org.apache.catalina.core.ApplicationFilterChain.doFilter(ApplicationFilterChain.java:207) [catalina.jar:8.0.32]
	at thredds.servlet.filter.RequestCORSFilter.doFilterInternal(RequestCORSFilter.java:49) [classes/:4.6.4]
	at org.springframework.web.filter.OncePerRequestFilter.doFilter(OncePerRequestFilter.java:107) [spring-web-4.1.6.RELEASE.jar:4.1.6.RELEASE]
	at org.springframework.web.filter.DelegatingFilterProxy.invokeDelegate(DelegatingFilterProxy.java:344) [spring-web-4.1.6.RELEASE.jar:4.1.6.RELEASE]
	at org.springframework.web.filter.DelegatingFilterProxy.doFilter(DelegatingFilterProxy.java:261) [spring-web-4.1.6.RELEASE.jar:4.1.6.RELEASE]
	at org.apache.catalina.core.ApplicationFilterChain.internalDoFilter(ApplicationFilterChain.java:240) [catalina.jar:8.0.32]
	at org.apache.catalina.core.ApplicationFilterChain.doFilter(ApplicationFilterChain.java:207) [catalina.jar:8.0.32]
	at thredds.servlet.filter.RequestPathFilter.doFilter(RequestPathFilter.java:94) [classes/:4.6.4]
	at org.apache.catalina.core.ApplicationFilterChain.internalDoFilter(ApplicationFilterChain.java:240) [catalina.jar:8.0.32]
	at org.apache.catalina.core.ApplicationFilterChain.doFilter(ApplicationFilterChain.java:207) [catalina.jar:8.0.32]
	at thredds.server.RequestBracketingLogMessageFilter.doFilter(RequestBracketingLogMessageFilter.java:81) [classes/:4.6.4]
	at org.apache.catalina.core.ApplicationFilterChain.internalDoFilter(ApplicationFilterChain.java:240) [catalina.jar:8.0.32]
	at org.apache.catalina.core.ApplicationFilterChain.doFilter(ApplicationFilterChain.java:207) [catalina.jar:8.0.32]
	at org.apache.logging.log4j.web.Log4jServletFilter.doFilter(Log4jServletFilter.java:71) [log4j-web-2.2.jar:2.2]
	at org.apache.catalina.core.ApplicationFilterChain.internalDoFilter(ApplicationFilterChain.java:240) [catalina.jar:8.0.32]
	at org.apache.catalina.core.ApplicationFilterChain.doFilter(ApplicationFilterChain.java:207) [catalina.jar:8.0.32]
	at org.apache.catalina.core.StandardWrapperValve.invoke(StandardWrapperValve.java:212) [catalina.jar:8.0.32]
	at org.apache.catalina.core.StandardContextValve.invoke(StandardContextValve.java:106) [catalina.jar:8.0.32]
	at org.apache.catalina.authenticator.AuthenticatorBase.invoke(AuthenticatorBase.java:502) [catalina.jar:8.0.32]
	at org.apache.catalina.core.StandardHostValve.invoke(StandardHostValve.java:141) [catalina.jar:8.0.32]
	at org.apache.catalina.valves.ErrorReportValve.invoke(ErrorReportValve.java:79) [catalina.jar:8.0.32]
	at org.apache.catalina.valves.AbstractAccessLogValve.invoke(AbstractAccessLogValve.java:616) [catalina.jar:8.0.32]
	at org.apache.catalina.core.StandardEngineValve.invoke(StandardEngineValve.java:88) [catalina.jar:8.0.32]
	at org.apache.catalina.connector.CoyoteAdapter.service(CoyoteAdapter.java:522) [catalina.jar:8.0.32]
	at org.apache.coyote.http11.AbstractHttp11Processor.process(AbstractHttp11Processor.java:1095) [tomcat-coyote.jar:8.0.32]
	at org.apache.coyote.AbstractProtocol$AbstractConnectionHandler.process(AbstractProtocol.java:672) [tomcat-coyote.jar:8.0.32]
	at org.apache.tomcat.util.net.NioEndpoint$SocketProcessor.doRun(NioEndpoint.java:1500) [tomcat-coyote.jar:8.0.32]
	at org.apache.tomcat.util.net.NioEndpoint$SocketProcessor.run(NioEndpoint.java:1456) [tomcat-coyote.jar:8.0.32]
	at java.util.concurrent.ThreadPoolExecutor.runWorker(ThreadPoolExecutor.java:1142) [?:1.8.0_73]
	at java.util.concurrent.ThreadPoolExecutor$Worker.run(ThreadPoolExecutor.java:617) [?:1.8.0_73]
	at org.apache.tomcat.util.threads.TaskThread$WrappingRunnable.run(TaskThread.java:61) [tomcat-util.jar:8.0.32]
	at java.lang.Thread.run(Thread.java:745) [?:1.8.0_73]
2016-08-30T20:19:42.664 +0000 [ 947677948][       4] INFO  - threddsServlet - Request Completed - 500 - -1 - 508
