2016-08-31T01:27:23.272 +0000 [ 966138556][       5] INFO  - threddsServlet - Remote host: 107.15.83.138 - Request: "GET /thredds/ HTTP/1.1"
2016-08-31T01:27:23.275 +0000 [ 966138559][       5] INFO  - threddsServlet - Request Completed - 302 - -1 - 3
2016-08-31T01:27:23.352 +0000 [ 966138636][       6] INFO  - threddsServlet - Remote host: 107.15.83.138 - Request: "GET /thredds/catalog.html HTTP/1.1"
2016-08-31T01:27:23.357 +0000 [ 966138641][       6] INFO  - threddsServlet - Request Completed - 200 - 3720 - 6
2016-08-31T01:27:23.474 +0000 [ 966138758][       8] INFO  - threddsServlet - Remote host: 107.15.83.138 - Request: "GET /thredds/threddsIcon.gif HTTP/1.1"
2016-08-31T01:27:23.474 +0000 [ 966138758][       7] INFO  - threddsServlet - Remote host: 107.15.83.138 - Request: "GET /thredds/tdsCat.css HTTP/1.1"
2016-08-31T01:27:23.483 +0000 [ 966138767][       8] INFO  - threddsServlet - Request Completed - 200 - -1 - 9
2016-08-31T01:27:23.483 +0000 [ 966138767][       7] INFO  - threddsServlet - Request Completed - 200 - -1 - 9
2016-08-31T01:27:23.553 +0000 [ 966138837][       9] INFO  - threddsServlet - Remote host: 107.15.83.138 - Request: "GET /thredds/folder.gif HTTP/1.1"
2016-08-31T01:27:23.556 +0000 [ 966138840][       9] INFO  - threddsServlet - Request Completed - 200 - -1 - 3
2016-08-31T01:27:28.249 +0000 [ 966143533][      10] INFO  - threddsServlet - Remote host: 107.15.83.138 - Request: "GET /thredds/catalogs/useast_WRF_nf_catalog.html HTTP/1.1"
2016-08-31T01:27:28.252 +0000 [ 966143536][      10] INFO  - threddsServlet - Request Completed - 200 - 1821 - 3
2016-08-31T01:27:30.809 +0000 [ 966146093][      11] INFO  - threddsServlet - Remote host: 107.15.83.138 - Request: "GET /thredds/catalog/fmrc/uesast_wrf/catalog.html HTTP/1.1"
2016-08-31T01:27:31.281 +0000 [ 966146565][      11] ERROR - thredds.server.catalogservice.LocalCatalogServiceController - handleRequestInternal(): Problem handling request.
java.lang.NullPointerException
	at ucar.nc2.ft.fmrc.FmrcDataset.getNetcdfDataset2D(FmrcDataset.java:182) ~[cdm-4.6.4.jar:4.6.4]
	at ucar.nc2.ft.fmrc.Fmrc.getDataset2D(Fmrc.java:187) ~[cdm-4.6.4.jar:4.6.4]
	at thredds.catalog.InvDatasetFcFmrc.updateCollection(InvDatasetFcFmrc.java:114) ~[tdcommon-4.6.4.jar:4.6.4]
	at thredds.catalog.InvDatasetFeatureCollection.checkState(InvDatasetFeatureCollection.java:311) ~[tdcommon-4.6.4.jar:4.6.4]
	at thredds.catalog.InvDatasetFcFmrc.makeCatalog(InvDatasetFcFmrc.java:142) ~[tdcommon-4.6.4.jar:4.6.4]
	at thredds.servlet.DataRootHandler.makeDynamicCatalog(DataRootHandler.java:1435) ~[classes/:4.6.4]
	at thredds.servlet.DataRootHandler.getCatalog(DataRootHandler.java:1403) ~[classes/:4.6.4]
	at thredds.server.catalogservice.LocalCatalogServiceController.handleHtmlRequest(LocalCatalogServiceController.java:253) [classes/:4.6.4]
	at sun.reflect.NativeMethodAccessorImpl.invoke0(Native Method) ~[?:1.8.0_73]
	at sun.reflect.NativeMethodAccessorImpl.invoke(NativeMethodAccessorImpl.java:62) ~[?:1.8.0_73]
	at sun.reflect.DelegatingMethodAccessorImpl.invoke(DelegatingMethodAccessorImpl.java:43) ~[?:1.8.0_73]
	at java.lang.reflect.Method.invoke(Method.java:497) ~[?:1.8.0_73]
	at org.springframework.web.method.support.InvocableHandlerMethod.doInvoke(InvocableHandlerMethod.java:221) [spring-web-4.1.6.RELEASE.jar:4.1.6.RELEASE]
	at org.springframework.web.method.support.InvocableHandlerMethod.invokeForRequest(InvocableHandlerMethod.java:137) [spring-web-4.1.6.RELEASE.jar:4.1.6.RELEASE]
	at org.springframework.web.servlet.mvc.method.annotation.ServletInvocableHandlerMethod.invokeAndHandle(ServletInvocableHandlerMethod.java:110) [spring-webmvc-4.1.6.RELEASE.jar:4.1.6.RELEASE]
	at org.springframework.web.servlet.mvc.method.annotation.RequestMappingHandlerAdapter.invokeHandleMethod(RequestMappingHandlerAdapter.java:776) [spring-webmvc-4.1.6.RELEASE.jar:4.1.6.RELEASE]
	at org.springframework.web.servlet.mvc.method.annotation.RequestMappingHandlerAdapter.handleInternal(RequestMappingHandlerAdapter.java:705) [spring-webmvc-4.1.6.RELEASE.jar:4.1.6.RELEASE]
	at org.springframework.web.servlet.mvc.method.AbstractHandlerMethodAdapter.handle(AbstractHandlerMethodAdapter.java:85) [spring-webmvc-4.1.6.RELEASE.jar:4.1.6.RELEASE]
	at org.springframework.web.servlet.DispatcherServlet.doDispatch(DispatcherServlet.java:959) [spring-webmvc-4.1.6.RELEASE.jar:4.1.6.RELEASE]
	at org.springframework.web.servlet.DispatcherServlet.doService(DispatcherServlet.java:893) [spring-webmvc-4.1.6.RELEASE.jar:4.1.6.RELEASE]
	at org.springframework.web.servlet.FrameworkServlet.processRequest(FrameworkServlet.java:966) [spring-webmvc-4.1.6.RELEASE.jar:4.1.6.RELEASE]
	at org.springframework.web.servlet.FrameworkServlet.doGet(FrameworkServlet.java:857) [spring-webmvc-4.1.6.RELEASE.jar:4.1.6.RELEASE]
	at javax.servlet.http.HttpServlet.service(HttpServlet.java:622) [servlet-api.jar:?]
	at org.springframework.web.servlet.FrameworkServlet.service(FrameworkServlet.java:842) [spring-webmvc-4.1.6.RELEASE.jar:4.1.6.RELEASE]
	at javax.servlet.http.HttpServlet.service(HttpServlet.java:729) [servlet-api.jar:?]
	at org.apache.catalina.core.ApplicationFilterChain.internalDoFilter(ApplicationFilterChain.java:292) [catalina.jar:8.0.32]
	at org.apache.catalina.core.ApplicationFilterChain.doFilter(ApplicationFilterChain.java:207) [catalina.jar:8.0.32]
	at thredds.servlet.filter.RequestQueryFilter.doFilter(RequestQueryFilter.java:118) [classes/:4.6.4]
	at org.apache.catalina.core.ApplicationFilterChain.internalDoFilter(ApplicationFilterChain.java:240) [catalina.jar:8.0.32]
	at org.apache.catalina.core.ApplicationFilterChain.doFilter(ApplicationFilterChain.java:207) [catalina.jar:8.0.32]
	at org.apache.tomcat.websocket.server.WsFilter.doFilter(WsFilter.java:52) [tomcat-websocket.jar:8.0.32]
	at org.apache.catalina.core.ApplicationFilterChain.internalDoFilter(ApplicationFilterChain.java:240) [catalina.jar:8.0.32]
	at org.apache.catalina.core.ApplicationFilterChain.doFilter(ApplicationFilterChain.java:207) [catalina.jar:8.0.32]
	at thredds.servlet.filter.RequestCORSFilter.doFilterInternal(RequestCORSFilter.java:49) [classes/:4.6.4]
	at org.springframework.web.filter.OncePerRequestFilter.doFilter(OncePerRequestFilter.java:107) [spring-web-4.1.6.RELEASE.jar:4.1.6.RELEASE]
	at org.springframework.web.filter.DelegatingFilterProxy.invokeDelegate(DelegatingFilterProxy.java:344) [spring-web-4.1.6.RELEASE.jar:4.1.6.RELEASE]
	at org.springframework.web.filter.DelegatingFilterProxy.doFilter(DelegatingFilterProxy.java:261) [spring-web-4.1.6.RELEASE.jar:4.1.6.RELEASE]
	at org.apache.catalina.core.ApplicationFilterChain.internalDoFilter(ApplicationFilterChain.java:240) [catalina.jar:8.0.32]
	at org.apache.catalina.core.ApplicationFilterChain.doFilter(ApplicationFilterChain.java:207) [catalina.jar:8.0.32]
	at thredds.servlet.filter.RequestPathFilter.doFilter(RequestPathFilter.java:94) [classes/:4.6.4]
	at org.apache.catalina.core.ApplicationFilterChain.internalDoFilter(ApplicationFilterChain.java:240) [catalina.jar:8.0.32]
	at org.apache.catalina.core.ApplicationFilterChain.doFilter(ApplicationFilterChain.java:207) [catalina.jar:8.0.32]
	at thredds.server.RequestBracketingLogMessageFilter.doFilter(RequestBracketingLogMessageFilter.java:81) [classes/:4.6.4]
	at org.apache.catalina.core.ApplicationFilterChain.internalDoFilter(ApplicationFilterChain.java:240) [catalina.jar:8.0.32]
	at org.apache.catalina.core.ApplicationFilterChain.doFilter(ApplicationFilterChain.java:207) [catalina.jar:8.0.32]
	at org.apache.logging.log4j.web.Log4jServletFilter.doFilter(Log4jServletFilter.java:71) [log4j-web-2.2.jar:2.2]
	at org.apache.catalina.core.ApplicationFilterChain.internalDoFilter(ApplicationFilterChain.java:240) [catalina.jar:8.0.32]
	at org.apache.catalina.core.ApplicationFilterChain.doFilter(ApplicationFilterChain.java:207) [catalina.jar:8.0.32]
	at org.apache.catalina.core.StandardWrapperValve.invoke(StandardWrapperValve.java:212) [catalina.jar:8.0.32]
	at org.apache.catalina.core.StandardContextValve.invoke(StandardContextValve.java:106) [catalina.jar:8.0.32]
	at org.apache.catalina.authenticator.AuthenticatorBase.invoke(AuthenticatorBase.java:502) [catalina.jar:8.0.32]
	at org.apache.catalina.core.StandardHostValve.invoke(StandardHostValve.java:141) [catalina.jar:8.0.32]
	at org.apache.catalina.valves.ErrorReportValve.invoke(ErrorReportValve.java:79) [catalina.jar:8.0.32]
	at org.apache.catalina.valves.AbstractAccessLogValve.invoke(AbstractAccessLogValve.java:616) [catalina.jar:8.0.32]
	at org.apache.catalina.core.StandardEngineValve.invoke(StandardEngineValve.java:88) [catalina.jar:8.0.32]
	at org.apache.catalina.connector.CoyoteAdapter.service(CoyoteAdapter.java:522) [catalina.jar:8.0.32]
	at org.apache.coyote.http11.AbstractHttp11Processor.process(AbstractHttp11Processor.java:1095) [tomcat-coyote.jar:8.0.32]
	at org.apache.coyote.AbstractProtocol$AbstractConnectionHandler.process(AbstractProtocol.java:672) [tomcat-coyote.jar:8.0.32]
	at org.apache.tomcat.util.net.NioEndpoint$SocketProcessor.doRun(NioEndpoint.java:1500) [tomcat-coyote.jar:8.0.32]
	at org.apache.tomcat.util.net.NioEndpoint$SocketProcessor.run(NioEndpoint.java:1456) [tomcat-coyote.jar:8.0.32]
	at java.util.concurrent.ThreadPoolExecutor.runWorker(ThreadPoolExecutor.java:1142) [?:1.8.0_73]
	at java.util.concurrent.ThreadPoolExecutor$Worker.run(ThreadPoolExecutor.java:617) [?:1.8.0_73]
	at org.apache.tomcat.util.threads.TaskThread$WrappingRunnable.run(TaskThread.java:61) [tomcat-util.jar:8.0.32]
	at java.lang.Thread.run(Thread.java:745) [?:1.8.0_73]
2016-08-31T01:27:31.283 +0000 [ 966146567][      11] INFO  - threddsServlet - Request Completed - 500 - -1 - 475
2016-08-31T01:27:31.463 +0000 [ 966146747][      12] INFO  - threddsServlet - Remote host: 107.15.83.138 - Request: "GET /thredds/tds.css HTTP/1.1"
2016-08-31T01:27:31.466 +0000 [ 966146750][      12] INFO  - threddsServlet - Request Completed - 200 - -1 - 4
2016-08-31T01:28:14.305 +0000 [ 966189589][      13] INFO  - threddsServlet - Remote host: 107.15.83.138 - Request: "GET /thredds/catalog/fmrc/uesast_wrf/catalog.html HTTP/1.1"
2016-08-31T01:28:14.776 +0000 [ 966190060][      13] ERROR - thredds.server.catalogservice.LocalCatalogServiceController - handleRequestInternal(): Problem handling request.
java.lang.NullPointerException
	at ucar.nc2.ft.fmrc.FmrcDataset.getNetcdfDataset2D(FmrcDataset.java:182) ~[cdm-4.6.4.jar:4.6.4]
	at ucar.nc2.ft.fmrc.Fmrc.getDataset2D(Fmrc.java:187) ~[cdm-4.6.4.jar:4.6.4]
	at thredds.catalog.InvDatasetFcFmrc.updateCollection(InvDatasetFcFmrc.java:114) ~[tdcommon-4.6.4.jar:4.6.4]
	at thredds.catalog.InvDatasetFeatureCollection.checkState(InvDatasetFeatureCollection.java:311) ~[tdcommon-4.6.4.jar:4.6.4]
	at thredds.catalog.InvDatasetFcFmrc.makeCatalog(InvDatasetFcFmrc.java:142) ~[tdcommon-4.6.4.jar:4.6.4]
	at thredds.servlet.DataRootHandler.makeDynamicCatalog(DataRootHandler.java:1435) ~[classes/:4.6.4]
	at thredds.servlet.DataRootHandler.getCatalog(DataRootHandler.java:1403) ~[classes/:4.6.4]
	at thredds.server.catalogservice.LocalCatalogServiceController.handleHtmlRequest(LocalCatalogServiceController.java:253) [classes/:4.6.4]
	at sun.reflect.NativeMethodAccessorImpl.invoke0(Native Method) ~[?:1.8.0_73]
	at sun.reflect.NativeMethodAccessorImpl.invoke(NativeMethodAccessorImpl.java:62) ~[?:1.8.0_73]
	at sun.reflect.DelegatingMethodAccessorImpl.invoke(DelegatingMethodAccessorImpl.java:43) ~[?:1.8.0_73]
	at java.lang.reflect.Method.invoke(Method.java:497) ~[?:1.8.0_73]
	at org.springframework.web.method.support.InvocableHandlerMethod.doInvoke(InvocableHandlerMethod.java:221) [spring-web-4.1.6.RELEASE.jar:4.1.6.RELEASE]
	at org.springframework.web.method.support.InvocableHandlerMethod.invokeForRequest(InvocableHandlerMethod.java:137) [spring-web-4.1.6.RELEASE.jar:4.1.6.RELEASE]
	at org.springframework.web.servlet.mvc.method.annotation.ServletInvocableHandlerMethod.invokeAndHandle(ServletInvocableHandlerMethod.java:110) [spring-webmvc-4.1.6.RELEASE.jar:4.1.6.RELEASE]
	at org.springframework.web.servlet.mvc.method.annotation.RequestMappingHandlerAdapter.invokeHandleMethod(RequestMappingHandlerAdapter.java:776) [spring-webmvc-4.1.6.RELEASE.jar:4.1.6.RELEASE]
	at org.springframework.web.servlet.mvc.method.annotation.RequestMappingHandlerAdapter.handleInternal(RequestMappingHandlerAdapter.java:705) [spring-webmvc-4.1.6.RELEASE.jar:4.1.6.RELEASE]
	at org.springframework.web.servlet.mvc.method.AbstractHandlerMethodAdapter.handle(AbstractHandlerMethodAdapter.java:85) [spring-webmvc-4.1.6.RELEASE.jar:4.1.6.RELEASE]
	at org.springframework.web.servlet.DispatcherServlet.doDispatch(DispatcherServlet.java:959) [spring-webmvc-4.1.6.RELEASE.jar:4.1.6.RELEASE]
	at org.springframework.web.servlet.DispatcherServlet.doService(DispatcherServlet.java:893) [spring-webmvc-4.1.6.RELEASE.jar:4.1.6.RELEASE]
	at org.springframework.web.servlet.FrameworkServlet.processRequest(FrameworkServlet.java:966) [spring-webmvc-4.1.6.RELEASE.jar:4.1.6.RELEASE]
	at org.springframework.web.servlet.FrameworkServlet.doGet(FrameworkServlet.java:857) [spring-webmvc-4.1.6.RELEASE.jar:4.1.6.RELEASE]
	at javax.servlet.http.HttpServlet.service(HttpServlet.java:622) [servlet-api.jar:?]
	at org.springframework.web.servlet.FrameworkServlet.service(FrameworkServlet.java:842) [spring-webmvc-4.1.6.RELEASE.jar:4.1.6.RELEASE]
	at javax.servlet.http.HttpServlet.service(HttpServlet.java:729) [servlet-api.jar:?]
	at org.apache.catalina.core.ApplicationFilterChain.internalDoFilter(ApplicationFilterChain.java:292) [catalina.jar:8.0.32]
	at org.apache.catalina.core.ApplicationFilterChain.doFilter(ApplicationFilterChain.java:207) [catalina.jar:8.0.32]
	at thredds.servlet.filter.RequestQueryFilter.doFilter(RequestQueryFilter.java:118) [classes/:4.6.4]
	at org.apache.catalina.core.ApplicationFilterChain.internalDoFilter(ApplicationFilterChain.java:240) [catalina.jar:8.0.32]
	at org.apache.catalina.core.ApplicationFilterChain.doFilter(ApplicationFilterChain.java:207) [catalina.jar:8.0.32]
	at org.apache.tomcat.websocket.server.WsFilter.doFilter(WsFilter.java:52) [tomcat-websocket.jar:8.0.32]
	at org.apache.catalina.core.ApplicationFilterChain.internalDoFilter(ApplicationFilterChain.java:240) [catalina.jar:8.0.32]
	at org.apache.catalina.core.ApplicationFilterChain.doFilter(ApplicationFilterChain.java:207) [catalina.jar:8.0.32]
	at thredds.servlet.filter.RequestCORSFilter.doFilterInternal(RequestCORSFilter.java:49) [classes/:4.6.4]
	at org.springframework.web.filter.OncePerRequestFilter.doFilter(OncePerRequestFilter.java:107) [spring-web-4.1.6.RELEASE.jar:4.1.6.RELEASE]
	at org.springframework.web.filter.DelegatingFilterProxy.invokeDelegate(DelegatingFilterProxy.java:344) [spring-web-4.1.6.RELEASE.jar:4.1.6.RELEASE]
	at org.springframework.web.filter.DelegatingFilterProxy.doFilter(DelegatingFilterProxy.java:261) [spring-web-4.1.6.RELEASE.jar:4.1.6.RELEASE]
	at org.apache.catalina.core.ApplicationFilterChain.internalDoFilter(ApplicationFilterChain.java:240) [catalina.jar:8.0.32]
	at org.apache.catalina.core.ApplicationFilterChain.doFilter(ApplicationFilterChain.java:207) [catalina.jar:8.0.32]
	at thredds.servlet.filter.RequestPathFilter.doFilter(RequestPathFilter.java:94) [classes/:4.6.4]
	at org.apache.catalina.core.ApplicationFilterChain.internalDoFilter(ApplicationFilterChain.java:240) [catalina.jar:8.0.32]
	at org.apache.catalina.core.ApplicationFilterChain.doFilter(ApplicationFilterChain.java:207) [catalina.jar:8.0.32]
	at thredds.server.RequestBracketingLogMessageFilter.doFilter(RequestBracketingLogMessageFilter.java:81) [classes/:4.6.4]
	at org.apache.catalina.core.ApplicationFilterChain.internalDoFilter(ApplicationFilterChain.java:240) [catalina.jar:8.0.32]
	at org.apache.catalina.core.ApplicationFilterChain.doFilter(ApplicationFilterChain.java:207) [catalina.jar:8.0.32]
	at org.apache.logging.log4j.web.Log4jServletFilter.doFilter(Log4jServletFilter.java:71) [log4j-web-2.2.jar:2.2]
	at org.apache.catalina.core.ApplicationFilterChain.internalDoFilter(ApplicationFilterChain.java:240) [catalina.jar:8.0.32]
	at org.apache.catalina.core.ApplicationFilterChain.doFilter(ApplicationFilterChain.java:207) [catalina.jar:8.0.32]
	at org.apache.catalina.core.StandardWrapperValve.invoke(StandardWrapperValve.java:212) [catalina.jar:8.0.32]
	at org.apache.catalina.core.StandardContextValve.invoke(StandardContextValve.java:106) [catalina.jar:8.0.32]
	at org.apache.catalina.authenticator.AuthenticatorBase.invoke(AuthenticatorBase.java:502) [catalina.jar:8.0.32]
	at org.apache.catalina.core.StandardHostValve.invoke(StandardHostValve.java:141) [catalina.jar:8.0.32]
	at org.apache.catalina.valves.ErrorReportValve.invoke(ErrorReportValve.java:79) [catalina.jar:8.0.32]
	at org.apache.catalina.valves.AbstractAccessLogValve.invoke(AbstractAccessLogValve.java:616) [catalina.jar:8.0.32]
	at org.apache.catalina.core.StandardEngineValve.invoke(StandardEngineValve.java:88) [catalina.jar:8.0.32]
	at org.apache.catalina.connector.CoyoteAdapter.service(CoyoteAdapter.java:522) [catalina.jar:8.0.32]
	at org.apache.coyote.http11.AbstractHttp11Processor.process(AbstractHttp11Processor.java:1095) [tomcat-coyote.jar:8.0.32]
	at org.apache.coyote.AbstractProtocol$AbstractConnectionHandler.process(AbstractProtocol.java:672) [tomcat-coyote.jar:8.0.32]
	at org.apache.tomcat.util.net.NioEndpoint$SocketProcessor.doRun(NioEndpoint.java:1500) [tomcat-coyote.jar:8.0.32]
	at org.apache.tomcat.util.net.NioEndpoint$SocketProcessor.run(NioEndpoint.java:1456) [tomcat-coyote.jar:8.0.32]
	at java.util.concurrent.ThreadPoolExecutor.runWorker(ThreadPoolExecutor.java:1142) [?:1.8.0_73]
	at java.util.concurrent.ThreadPoolExecutor$Worker.run(ThreadPoolExecutor.java:617) [?:1.8.0_73]
	at org.apache.tomcat.util.threads.TaskThread$WrappingRunnable.run(TaskThread.java:61) [tomcat-util.jar:8.0.32]
	at java.lang.Thread.run(Thread.java:745) [?:1.8.0_73]
2016-08-31T01:28:14.777 +0000 [ 966190061][      13] INFO  - threddsServlet - Request Completed - 500 - -1 - 473
2016-08-31T01:28:18.482 +0000 [ 966193766][      14] INFO  - threddsServlet - Remote host: 107.15.83.138 - Request: "GET /thredds/catalog/fmrc/uesast_wrf/catalog.html HTTP/1.1"
2016-08-31T01:28:18.958 +0000 [ 966194242][      14] ERROR - thredds.server.catalogservice.LocalCatalogServiceController - handleRequestInternal(): Problem handling request.
java.lang.NullPointerException
	at ucar.nc2.ft.fmrc.FmrcDataset.getNetcdfDataset2D(FmrcDataset.java:182) ~[cdm-4.6.4.jar:4.6.4]
	at ucar.nc2.ft.fmrc.Fmrc.getDataset2D(Fmrc.java:187) ~[cdm-4.6.4.jar:4.6.4]
	at thredds.catalog.InvDatasetFcFmrc.updateCollection(InvDatasetFcFmrc.java:114) ~[tdcommon-4.6.4.jar:4.6.4]
	at thredds.catalog.InvDatasetFeatureCollection.checkState(InvDatasetFeatureCollection.java:311) ~[tdcommon-4.6.4.jar:4.6.4]
	at thredds.catalog.InvDatasetFcFmrc.makeCatalog(InvDatasetFcFmrc.java:142) ~[tdcommon-4.6.4.jar:4.6.4]
	at thredds.servlet.DataRootHandler.makeDynamicCatalog(DataRootHandler.java:1435) ~[classes/:4.6.4]
	at thredds.servlet.DataRootHandler.getCatalog(DataRootHandler.java:1403) ~[classes/:4.6.4]
	at thredds.server.catalogservice.LocalCatalogServiceController.handleHtmlRequest(LocalCatalogServiceController.java:253) [classes/:4.6.4]
	at sun.reflect.NativeMethodAccessorImpl.invoke0(Native Method) ~[?:1.8.0_73]
	at sun.reflect.NativeMethodAccessorImpl.invoke(NativeMethodAccessorImpl.java:62) ~[?:1.8.0_73]
	at sun.reflect.DelegatingMethodAccessorImpl.invoke(DelegatingMethodAccessorImpl.java:43) ~[?:1.8.0_73]
	at java.lang.reflect.Method.invoke(Method.java:497) ~[?:1.8.0_73]
	at org.springframework.web.method.support.InvocableHandlerMethod.doInvoke(InvocableHandlerMethod.java:221) [spring-web-4.1.6.RELEASE.jar:4.1.6.RELEASE]
	at org.springframework.web.method.support.InvocableHandlerMethod.invokeForRequest(InvocableHandlerMethod.java:137) [spring-web-4.1.6.RELEASE.jar:4.1.6.RELEASE]
	at org.springframework.web.servlet.mvc.method.annotation.ServletInvocableHandlerMethod.invokeAndHandle(ServletInvocableHandlerMethod.java:110) [spring-webmvc-4.1.6.RELEASE.jar:4.1.6.RELEASE]
	at org.springframework.web.servlet.mvc.method.annotation.RequestMappingHandlerAdapter.invokeHandleMethod(RequestMappingHandlerAdapter.java:776) [spring-webmvc-4.1.6.RELEASE.jar:4.1.6.RELEASE]
	at org.springframework.web.servlet.mvc.method.annotation.RequestMappingHandlerAdapter.handleInternal(RequestMappingHandlerAdapter.java:705) [spring-webmvc-4.1.6.RELEASE.jar:4.1.6.RELEASE]
	at org.springframework.web.servlet.mvc.method.AbstractHandlerMethodAdapter.handle(AbstractHandlerMethodAdapter.java:85) [spring-webmvc-4.1.6.RELEASE.jar:4.1.6.RELEASE]
	at org.springframework.web.servlet.DispatcherServlet.doDispatch(DispatcherServlet.java:959) [spring-webmvc-4.1.6.RELEASE.jar:4.1.6.RELEASE]
	at org.springframework.web.servlet.DispatcherServlet.doService(DispatcherServlet.java:893) [spring-webmvc-4.1.6.RELEASE.jar:4.1.6.RELEASE]
	at org.springframework.web.servlet.FrameworkServlet.processRequest(FrameworkServlet.java:966) [spring-webmvc-4.1.6.RELEASE.jar:4.1.6.RELEASE]
	at org.springframework.web.servlet.FrameworkServlet.doGet(FrameworkServlet.java:857) [spring-webmvc-4.1.6.RELEASE.jar:4.1.6.RELEASE]
	at javax.servlet.http.HttpServlet.service(HttpServlet.java:622) [servlet-api.jar:?]
	at org.springframework.web.servlet.FrameworkServlet.service(FrameworkServlet.java:842) [spring-webmvc-4.1.6.RELEASE.jar:4.1.6.RELEASE]
	at javax.servlet.http.HttpServlet.service(HttpServlet.java:729) [servlet-api.jar:?]
	at org.apache.catalina.core.ApplicationFilterChain.internalDoFilter(ApplicationFilterChain.java:292) [catalina.jar:8.0.32]
	at org.apache.catalina.core.ApplicationFilterChain.doFilter(ApplicationFilterChain.java:207) [catalina.jar:8.0.32]
	at thredds.servlet.filter.RequestQueryFilter.doFilter(RequestQueryFilter.java:118) [classes/:4.6.4]
	at org.apache.catalina.core.ApplicationFilterChain.internalDoFilter(ApplicationFilterChain.java:240) [catalina.jar:8.0.32]
	at org.apache.catalina.core.ApplicationFilterChain.doFilter(ApplicationFilterChain.java:207) [catalina.jar:8.0.32]
	at org.apache.tomcat.websocket.server.WsFilter.doFilter(WsFilter.java:52) [tomcat-websocket.jar:8.0.32]
	at org.apache.catalina.core.ApplicationFilterChain.internalDoFilter(ApplicationFilterChain.java:240) [catalina.jar:8.0.32]
	at org.apache.catalina.core.ApplicationFilterChain.doFilter(ApplicationFilterChain.java:207) [catalina.jar:8.0.32]
	at thredds.servlet.filter.RequestCORSFilter.doFilterInternal(RequestCORSFilter.java:49) [classes/:4.6.4]
	at org.springframework.web.filter.OncePerRequestFilter.doFilter(OncePerRequestFilter.java:107) [spring-web-4.1.6.RELEASE.jar:4.1.6.RELEASE]
	at org.springframework.web.filter.DelegatingFilterProxy.invokeDelegate(DelegatingFilterProxy.java:344) [spring-web-4.1.6.RELEASE.jar:4.1.6.RELEASE]
	at org.springframework.web.filter.DelegatingFilterProxy.doFilter(DelegatingFilterProxy.java:261) [spring-web-4.1.6.RELEASE.jar:4.1.6.RELEASE]
	at org.apache.catalina.core.ApplicationFilterChain.internalDoFilter(ApplicationFilterChain.java:240) [catalina.jar:8.0.32]
	at org.apache.catalina.core.ApplicationFilterChain.doFilter(ApplicationFilterChain.java:207) [catalina.jar:8.0.32]
	at thredds.servlet.filter.RequestPathFilter.doFilter(RequestPathFilter.java:94) [classes/:4.6.4]
	at org.apache.catalina.core.ApplicationFilterChain.internalDoFilter(ApplicationFilterChain.java:240) [catalina.jar:8.0.32]
	at org.apache.catalina.core.ApplicationFilterChain.doFilter(ApplicationFilterChain.java:207) [catalina.jar:8.0.32]
	at thredds.server.RequestBracketingLogMessageFilter.doFilter(RequestBracketingLogMessageFilter.java:81) [classes/:4.6.4]
	at org.apache.catalina.core.ApplicationFilterChain.internalDoFilter(ApplicationFilterChain.java:240) [catalina.jar:8.0.32]
	at org.apache.catalina.core.ApplicationFilterChain.doFilter(ApplicationFilterChain.java:207) [catalina.jar:8.0.32]
	at org.apache.logging.log4j.web.Log4jServletFilter.doFilter(Log4jServletFilter.java:71) [log4j-web-2.2.jar:2.2]
	at org.apache.catalina.core.ApplicationFilterChain.internalDoFilter(ApplicationFilterChain.java:240) [catalina.jar:8.0.32]
	at org.apache.catalina.core.ApplicationFilterChain.doFilter(ApplicationFilterChain.java:207) [catalina.jar:8.0.32]
	at org.apache.catalina.core.StandardWrapperValve.invoke(StandardWrapperValve.java:212) [catalina.jar:8.0.32]
	at org.apache.catalina.core.StandardContextValve.invoke(StandardContextValve.java:106) [catalina.jar:8.0.32]
	at org.apache.catalina.authenticator.AuthenticatorBase.invoke(AuthenticatorBase.java:502) [catalina.jar:8.0.32]
	at org.apache.catalina.core.StandardHostValve.invoke(StandardHostValve.java:141) [catalina.jar:8.0.32]
	at org.apache.catalina.valves.ErrorReportValve.invoke(ErrorReportValve.java:79) [catalina.jar:8.0.32]
	at org.apache.catalina.valves.AbstractAccessLogValve.invoke(AbstractAccessLogValve.java:616) [catalina.jar:8.0.32]
	at org.apache.catalina.core.StandardEngineValve.invoke(StandardEngineValve.java:88) [catalina.jar:8.0.32]
	at org.apache.catalina.connector.CoyoteAdapter.service(CoyoteAdapter.java:522) [catalina.jar:8.0.32]
	at org.apache.coyote.http11.AbstractHttp11Processor.process(AbstractHttp11Processor.java:1095) [tomcat-coyote.jar:8.0.32]
	at org.apache.coyote.AbstractProtocol$AbstractConnectionHandler.process(AbstractProtocol.java:672) [tomcat-coyote.jar:8.0.32]
	at org.apache.tomcat.util.net.NioEndpoint$SocketProcessor.doRun(NioEndpoint.java:1500) [tomcat-coyote.jar:8.0.32]
	at org.apache.tomcat.util.net.NioEndpoint$SocketProcessor.run(NioEndpoint.java:1456) [tomcat-coyote.jar:8.0.32]
	at java.util.concurrent.ThreadPoolExecutor.runWorker(ThreadPoolExecutor.java:1142) [?:1.8.0_73]
	at java.util.concurrent.ThreadPoolExecutor$Worker.run(ThreadPoolExecutor.java:617) [?:1.8.0_73]
	at org.apache.tomcat.util.threads.TaskThread$WrappingRunnable.run(TaskThread.java:61) [tomcat-util.jar:8.0.32]
	at java.lang.Thread.run(Thread.java:745) [?:1.8.0_73]
2016-08-31T01:28:18.959 +0000 [ 966194243][      14] INFO  - threddsServlet - Request Completed - 500 - -1 - 477
2016-08-31T01:32:41.886 +0000 [ 966457170][       1] INFO  - threddsServlet - Remote host: 107.15.83.138 - Request: "GET /thredds/ HTTP/1.1"
2016-08-31T01:32:41.933 +0000 [ 966457217][       1] INFO  - threddsServlet - Request Completed - 302 - -1 - 47
2016-08-31T01:32:42.001 +0000 [ 966457285][       2] INFO  - threddsServlet - Remote host: 107.15.83.138 - Request: "GET /thredds/catalog.html HTTP/1.1"
2016-08-31T01:32:42.032 +0000 [ 966457316][       2] INFO  - threddsServlet - Request Completed - 200 - 3720 - 31
2016-08-31T01:32:47.736 +0000 [ 966463020][       3] INFO  - threddsServlet - Remote host: 107.15.83.138 - Request: "GET /thredds/catalogs/useast_WRF_nf_catalog.html HTTP/1.1"
2016-08-31T01:32:47.741 +0000 [ 966463025][       3] INFO  - threddsServlet - Request Completed - 200 - 1821 - 5
2016-08-31T01:32:49.737 +0000 [ 966465021][       4] INFO  - threddsServlet - Remote host: 107.15.83.138 - Request: "GET /thredds/catalog/fmrc/uesast_wrf/catalog.html HTTP/1.1"
2016-08-31T01:33:13.218 +0000 [ 966488502][       4] ERROR - thredds.server.catalogservice.LocalCatalogServiceController - handleRequestInternal(): Problem handling request.
java.lang.NullPointerException
	at ucar.nc2.ft.fmrc.FmrcDataset.getNetcdfDataset2D(FmrcDataset.java:182) ~[cdm-4.6.4.jar:4.6.4]
	at ucar.nc2.ft.fmrc.Fmrc.getDataset2D(Fmrc.java:187) ~[cdm-4.6.4.jar:4.6.4]
	at thredds.catalog.InvDatasetFcFmrc.updateCollection(InvDatasetFcFmrc.java:114) ~[tdcommon-4.6.4.jar:4.6.4]
	at thredds.catalog.InvDatasetFeatureCollection.checkState(InvDatasetFeatureCollection.java:311) ~[tdcommon-4.6.4.jar:4.6.4]
	at thredds.catalog.InvDatasetFcFmrc.makeCatalog(InvDatasetFcFmrc.java:142) ~[tdcommon-4.6.4.jar:4.6.4]
	at thredds.servlet.DataRootHandler.makeDynamicCatalog(DataRootHandler.java:1435) ~[classes/:4.6.4]
	at thredds.servlet.DataRootHandler.getCatalog(DataRootHandler.java:1403) ~[classes/:4.6.4]
	at thredds.server.catalogservice.LocalCatalogServiceController.handleHtmlRequest(LocalCatalogServiceController.java:253) [classes/:4.6.4]
	at sun.reflect.NativeMethodAccessorImpl.invoke0(Native Method) ~[?:1.8.0_73]
	at sun.reflect.NativeMethodAccessorImpl.invoke(NativeMethodAccessorImpl.java:62) ~[?:1.8.0_73]
	at sun.reflect.DelegatingMethodAccessorImpl.invoke(DelegatingMethodAccessorImpl.java:43) ~[?:1.8.0_73]
	at java.lang.reflect.Method.invoke(Method.java:497) ~[?:1.8.0_73]
	at org.springframework.web.method.support.InvocableHandlerMethod.doInvoke(InvocableHandlerMethod.java:221) [spring-web-4.1.6.RELEASE.jar:4.1.6.RELEASE]
	at org.springframework.web.method.support.InvocableHandlerMethod.invokeForRequest(InvocableHandlerMethod.java:137) [spring-web-4.1.6.RELEASE.jar:4.1.6.RELEASE]
	at org.springframework.web.servlet.mvc.method.annotation.ServletInvocableHandlerMethod.invokeAndHandle(ServletInvocableHandlerMethod.java:110) [spring-webmvc-4.1.6.RELEASE.jar:4.1.6.RELEASE]
	at org.springframework.web.servlet.mvc.method.annotation.RequestMappingHandlerAdapter.invokeHandleMethod(RequestMappingHandlerAdapter.java:776) [spring-webmvc-4.1.6.RELEASE.jar:4.1.6.RELEASE]
	at org.springframework.web.servlet.mvc.method.annotation.RequestMappingHandlerAdapter.handleInternal(RequestMappingHandlerAdapter.java:705) [spring-webmvc-4.1.6.RELEASE.jar:4.1.6.RELEASE]
	at org.springframework.web.servlet.mvc.method.AbstractHandlerMethodAdapter.handle(AbstractHandlerMethodAdapter.java:85) [spring-webmvc-4.1.6.RELEASE.jar:4.1.6.RELEASE]
	at org.springframework.web.servlet.DispatcherServlet.doDispatch(DispatcherServlet.java:959) [spring-webmvc-4.1.6.RELEASE.jar:4.1.6.RELEASE]
	at org.springframework.web.servlet.DispatcherServlet.doService(DispatcherServlet.java:893) [spring-webmvc-4.1.6.RELEASE.jar:4.1.6.RELEASE]
	at org.springframework.web.servlet.FrameworkServlet.processRequest(FrameworkServlet.java:966) [spring-webmvc-4.1.6.RELEASE.jar:4.1.6.RELEASE]
	at org.springframework.web.servlet.FrameworkServlet.doGet(FrameworkServlet.java:857) [spring-webmvc-4.1.6.RELEASE.jar:4.1.6.RELEASE]
	at javax.servlet.http.HttpServlet.service(HttpServlet.java:622) [servlet-api.jar:?]
	at org.springframework.web.servlet.FrameworkServlet.service(FrameworkServlet.java:842) [spring-webmvc-4.1.6.RELEASE.jar:4.1.6.RELEASE]
	at javax.servlet.http.HttpServlet.service(HttpServlet.java:729) [servlet-api.jar:?]
	at org.apache.catalina.core.ApplicationFilterChain.internalDoFilter(ApplicationFilterChain.java:292) [catalina.jar:8.0.32]
	at org.apache.catalina.core.ApplicationFilterChain.doFilter(ApplicationFilterChain.java:207) [catalina.jar:8.0.32]
	at thredds.servlet.filter.RequestQueryFilter.doFilter(RequestQueryFilter.java:118) [classes/:4.6.4]
	at org.apache.catalina.core.ApplicationFilterChain.internalDoFilter(ApplicationFilterChain.java:240) [catalina.jar:8.0.32]
	at org.apache.catalina.core.ApplicationFilterChain.doFilter(ApplicationFilterChain.java:207) [catalina.jar:8.0.32]
	at org.apache.tomcat.websocket.server.WsFilter.doFilter(WsFilter.java:52) [tomcat-websocket.jar:8.0.32]
	at org.apache.catalina.core.ApplicationFilterChain.internalDoFilter(ApplicationFilterChain.java:240) [catalina.jar:8.0.32]
	at org.apache.catalina.core.ApplicationFilterChain.doFilter(ApplicationFilterChain.java:207) [catalina.jar:8.0.32]
	at thredds.servlet.filter.RequestCORSFilter.doFilterInternal(RequestCORSFilter.java:49) [classes/:4.6.4]
	at org.springframework.web.filter.OncePerRequestFilter.doFilter(OncePerRequestFilter.java:107) [spring-web-4.1.6.RELEASE.jar:4.1.6.RELEASE]
	at org.springframework.web.filter.DelegatingFilterProxy.invokeDelegate(DelegatingFilterProxy.java:344) [spring-web-4.1.6.RELEASE.jar:4.1.6.RELEASE]
	at org.springframework.web.filter.DelegatingFilterProxy.doFilter(DelegatingFilterProxy.java:261) [spring-web-4.1.6.RELEASE.jar:4.1.6.RELEASE]
	at org.apache.catalina.core.ApplicationFilterChain.internalDoFilter(ApplicationFilterChain.java:240) [catalina.jar:8.0.32]
	at org.apache.catalina.core.ApplicationFilterChain.doFilter(ApplicationFilterChain.java:207) [catalina.jar:8.0.32]
	at thredds.servlet.filter.RequestPathFilter.doFilter(RequestPathFilter.java:94) [classes/:4.6.4]
	at org.apache.catalina.core.ApplicationFilterChain.internalDoFilter(ApplicationFilterChain.java:240) [catalina.jar:8.0.32]
	at org.apache.catalina.core.ApplicationFilterChain.doFilter(ApplicationFilterChain.java:207) [catalina.jar:8.0.32]
	at thredds.server.RequestBracketingLogMessageFilter.doFilter(RequestBracketingLogMessageFilter.java:81) [classes/:4.6.4]
	at org.apache.catalina.core.ApplicationFilterChain.internalDoFilter(ApplicationFilterChain.java:240) [catalina.jar:8.0.32]
	at org.apache.catalina.core.ApplicationFilterChain.doFilter(ApplicationFilterChain.java:207) [catalina.jar:8.0.32]
	at org.apache.logging.log4j.web.Log4jServletFilter.doFilter(Log4jServletFilter.java:71) [log4j-web-2.2.jar:2.2]
	at org.apache.catalina.core.ApplicationFilterChain.internalDoFilter(ApplicationFilterChain.java:240) [catalina.jar:8.0.32]
	at org.apache.catalina.core.ApplicationFilterChain.doFilter(ApplicationFilterChain.java:207) [catalina.jar:8.0.32]
	at org.apache.catalina.core.StandardWrapperValve.invoke(StandardWrapperValve.java:212) [catalina.jar:8.0.32]
	at org.apache.catalina.core.StandardContextValve.invoke(StandardContextValve.java:106) [catalina.jar:8.0.32]
	at org.apache.catalina.authenticator.AuthenticatorBase.invoke(AuthenticatorBase.java:502) [catalina.jar:8.0.32]
	at org.apache.catalina.core.StandardHostValve.invoke(StandardHostValve.java:141) [catalina.jar:8.0.32]
	at org.apache.catalina.valves.ErrorReportValve.invoke(ErrorReportValve.java:79) [catalina.jar:8.0.32]
	at org.apache.catalina.valves.AbstractAccessLogValve.invoke(AbstractAccessLogValve.java:616) [catalina.jar:8.0.32]
	at org.apache.catalina.core.StandardEngineValve.invoke(StandardEngineValve.java:88) [catalina.jar:8.0.32]
	at org.apache.catalina.connector.CoyoteAdapter.service(CoyoteAdapter.java:522) [catalina.jar:8.0.32]
	at org.apache.coyote.http11.AbstractHttp11Processor.process(AbstractHttp11Processor.java:1095) [tomcat-coyote.jar:8.0.32]
	at org.apache.coyote.AbstractProtocol$AbstractConnectionHandler.process(AbstractProtocol.java:672) [tomcat-coyote.jar:8.0.32]
	at org.apache.tomcat.util.net.NioEndpoint$SocketProcessor.doRun(NioEndpoint.java:1500) [tomcat-coyote.jar:8.0.32]
	at org.apache.tomcat.util.net.NioEndpoint$SocketProcessor.run(NioEndpoint.java:1456) [tomcat-coyote.jar:8.0.32]
	at java.util.concurrent.ThreadPoolExecutor.runWorker(ThreadPoolExecutor.java:1142) [?:1.8.0_73]
	at java.util.concurrent.ThreadPoolExecutor$Worker.run(ThreadPoolExecutor.java:617) [?:1.8.0_73]
	at org.apache.tomcat.util.threads.TaskThread$WrappingRunnable.run(TaskThread.java:61) [tomcat-util.jar:8.0.32]
	at java.lang.Thread.run(Thread.java:745) [?:1.8.0_73]
2016-08-31T01:33:13.220 +0000 [ 966488504][       4] INFO  - threddsServlet - Request Completed - 500 - -1 - 23483
2016-08-31T01:33:41.780 +0000 [ 966517064][       5] INFO  - threddsServlet - Remote host: 107.15.83.138 - Request: "GET /thredds/catalogs/sabgom_ROMS_nf_catalog.html HTTP/1.1"
2016-08-31T01:33:41.785 +0000 [ 966517069][       5] INFO  - threddsServlet - Request Completed - 200 - 1826 - 5
2016-08-31T01:33:43.172 +0000 [ 966518456][       6] INFO  - threddsServlet - Remote host: 107.15.83.138 - Request: "GET /thredds/catalog/fmrc/sabgom_roms/catalog.html HTTP/1.1"
2016-08-31T01:33:43.177 +0000 [ 966518461][       6] INFO  - threddsServlet - Request Completed - 200 - 1797 - 5
2016-08-31T01:33:44.438 +0000 [ 966519722][       7] INFO  - threddsServlet - Remote host: 107.15.83.138 - Request: "GET /thredds/catalog/fmrc/sabgom_roms/catalog.html?dataset=fmrc/sabgom_roms/SABGOM_ROMS_Forecast_Model_Run_Collection_best.ncd HTTP/1.1"
2016-08-31T01:33:44.445 +0000 [ 966519729][       7] INFO  - threddsServlet - Request Completed - 200 - -1 - 8
2016-08-31T01:36:09.782 +0000 [ 966665066][       8] INFO  - threddsServlet - Remote host: 107.15.83.138 - Request: "GET /thredds/catalogs/useast_WRF_nf_catalog.html HTTP/1.1"
2016-08-31T01:36:09.786 +0000 [ 966665070][       8] INFO  - threddsServlet - Request Completed - 200 - 1821 - 5
2016-08-31T01:36:10.965 +0000 [ 966666249][       9] INFO  - threddsServlet - Remote host: 107.15.83.138 - Request: "GET /thredds/catalog/fmrc/uesast_wrf/catalog.html HTTP/1.1"
2016-08-31T01:36:11.476 +0000 [ 966666760][       9] ERROR - thredds.server.catalogservice.LocalCatalogServiceController - handleRequestInternal(): Problem handling request.
java.lang.NullPointerException
	at ucar.nc2.ft.fmrc.FmrcDataset.getNetcdfDataset2D(FmrcDataset.java:182) ~[cdm-4.6.4.jar:4.6.4]
	at ucar.nc2.ft.fmrc.Fmrc.getDataset2D(Fmrc.java:187) ~[cdm-4.6.4.jar:4.6.4]
	at thredds.catalog.InvDatasetFcFmrc.updateCollection(InvDatasetFcFmrc.java:114) ~[tdcommon-4.6.4.jar:4.6.4]
	at thredds.catalog.InvDatasetFeatureCollection.checkState(InvDatasetFeatureCollection.java:311) ~[tdcommon-4.6.4.jar:4.6.4]
	at thredds.catalog.InvDatasetFcFmrc.makeCatalog(InvDatasetFcFmrc.java:142) ~[tdcommon-4.6.4.jar:4.6.4]
	at thredds.servlet.DataRootHandler.makeDynamicCatalog(DataRootHandler.java:1435) ~[classes/:4.6.4]
	at thredds.servlet.DataRootHandler.getCatalog(DataRootHandler.java:1403) ~[classes/:4.6.4]
	at thredds.server.catalogservice.LocalCatalogServiceController.handleHtmlRequest(LocalCatalogServiceController.java:253) [classes/:4.6.4]
	at sun.reflect.NativeMethodAccessorImpl.invoke0(Native Method) ~[?:1.8.0_73]
	at sun.reflect.NativeMethodAccessorImpl.invoke(NativeMethodAccessorImpl.java:62) ~[?:1.8.0_73]
	at sun.reflect.DelegatingMethodAccessorImpl.invoke(DelegatingMethodAccessorImpl.java:43) ~[?:1.8.0_73]
	at java.lang.reflect.Method.invoke(Method.java:497) ~[?:1.8.0_73]
	at org.springframework.web.method.support.InvocableHandlerMethod.doInvoke(InvocableHandlerMethod.java:221) [spring-web-4.1.6.RELEASE.jar:4.1.6.RELEASE]
	at org.springframework.web.method.support.InvocableHandlerMethod.invokeForRequest(InvocableHandlerMethod.java:137) [spring-web-4.1.6.RELEASE.jar:4.1.6.RELEASE]
	at org.springframework.web.servlet.mvc.method.annotation.ServletInvocableHandlerMethod.invokeAndHandle(ServletInvocableHandlerMethod.java:110) [spring-webmvc-4.1.6.RELEASE.jar:4.1.6.RELEASE]
	at org.springframework.web.servlet.mvc.method.annotation.RequestMappingHandlerAdapter.invokeHandleMethod(RequestMappingHandlerAdapter.java:776) [spring-webmvc-4.1.6.RELEASE.jar:4.1.6.RELEASE]
	at org.springframework.web.servlet.mvc.method.annotation.RequestMappingHandlerAdapter.handleInternal(RequestMappingHandlerAdapter.java:705) [spring-webmvc-4.1.6.RELEASE.jar:4.1.6.RELEASE]
	at org.springframework.web.servlet.mvc.method.AbstractHandlerMethodAdapter.handle(AbstractHandlerMethodAdapter.java:85) [spring-webmvc-4.1.6.RELEASE.jar:4.1.6.RELEASE]
	at org.springframework.web.servlet.DispatcherServlet.doDispatch(DispatcherServlet.java:959) [spring-webmvc-4.1.6.RELEASE.jar:4.1.6.RELEASE]
	at org.springframework.web.servlet.DispatcherServlet.doService(DispatcherServlet.java:893) [spring-webmvc-4.1.6.RELEASE.jar:4.1.6.RELEASE]
	at org.springframework.web.servlet.FrameworkServlet.processRequest(FrameworkServlet.java:966) [spring-webmvc-4.1.6.RELEASE.jar:4.1.6.RELEASE]
	at org.springframework.web.servlet.FrameworkServlet.doGet(FrameworkServlet.java:857) [spring-webmvc-4.1.6.RELEASE.jar:4.1.6.RELEASE]
	at javax.servlet.http.HttpServlet.service(HttpServlet.java:622) [servlet-api.jar:?]
	at org.springframework.web.servlet.FrameworkServlet.service(FrameworkServlet.java:842) [spring-webmvc-4.1.6.RELEASE.jar:4.1.6.RELEASE]
	at javax.servlet.http.HttpServlet.service(HttpServlet.java:729) [servlet-api.jar:?]
	at org.apache.catalina.core.ApplicationFilterChain.internalDoFilter(ApplicationFilterChain.java:292) [catalina.jar:8.0.32]
	at org.apache.catalina.core.ApplicationFilterChain.doFilter(ApplicationFilterChain.java:207) [catalina.jar:8.0.32]
	at thredds.servlet.filter.RequestQueryFilter.doFilter(RequestQueryFilter.java:118) [classes/:4.6.4]
	at org.apache.catalina.core.ApplicationFilterChain.internalDoFilter(ApplicationFilterChain.java:240) [catalina.jar:8.0.32]
	at org.apache.catalina.core.ApplicationFilterChain.doFilter(ApplicationFilterChain.java:207) [catalina.jar:8.0.32]
	at org.apache.tomcat.websocket.server.WsFilter.doFilter(WsFilter.java:52) [tomcat-websocket.jar:8.0.32]
	at org.apache.catalina.core.ApplicationFilterChain.internalDoFilter(ApplicationFilterChain.java:240) [catalina.jar:8.0.32]
	at org.apache.catalina.core.ApplicationFilterChain.doFilter(ApplicationFilterChain.java:207) [catalina.jar:8.0.32]
	at thredds.servlet.filter.RequestCORSFilter.doFilterInternal(RequestCORSFilter.java:49) [classes/:4.6.4]
	at org.springframework.web.filter.OncePerRequestFilter.doFilter(OncePerRequestFilter.java:107) [spring-web-4.1.6.RELEASE.jar:4.1.6.RELEASE]
	at org.springframework.web.filter.DelegatingFilterProxy.invokeDelegate(DelegatingFilterProxy.java:344) [spring-web-4.1.6.RELEASE.jar:4.1.6.RELEASE]
	at org.springframework.web.filter.DelegatingFilterProxy.doFilter(DelegatingFilterProxy.java:261) [spring-web-4.1.6.RELEASE.jar:4.1.6.RELEASE]
	at org.apache.catalina.core.ApplicationFilterChain.internalDoFilter(ApplicationFilterChain.java:240) [catalina.jar:8.0.32]
	at org.apache.catalina.core.ApplicationFilterChain.doFilter(ApplicationFilterChain.java:207) [catalina.jar:8.0.32]
	at thredds.servlet.filter.RequestPathFilter.doFilter(RequestPathFilter.java:94) [classes/:4.6.4]
	at org.apache.catalina.core.ApplicationFilterChain.internalDoFilter(ApplicationFilterChain.java:240) [catalina.jar:8.0.32]
	at org.apache.catalina.core.ApplicationFilterChain.doFilter(ApplicationFilterChain.java:207) [catalina.jar:8.0.32]
	at thredds.server.RequestBracketingLogMessageFilter.doFilter(RequestBracketingLogMessageFilter.java:81) [classes/:4.6.4]
	at org.apache.catalina.core.ApplicationFilterChain.internalDoFilter(ApplicationFilterChain.java:240) [catalina.jar:8.0.32]
	at org.apache.catalina.core.ApplicationFilterChain.doFilter(ApplicationFilterChain.java:207) [catalina.jar:8.0.32]
	at org.apache.logging.log4j.web.Log4jServletFilter.doFilter(Log4jServletFilter.java:71) [log4j-web-2.2.jar:2.2]
	at org.apache.catalina.core.ApplicationFilterChain.internalDoFilter(ApplicationFilterChain.java:240) [catalina.jar:8.0.32]
	at org.apache.catalina.core.ApplicationFilterChain.doFilter(ApplicationFilterChain.java:207) [catalina.jar:8.0.32]
	at org.apache.catalina.core.StandardWrapperValve.invoke(StandardWrapperValve.java:212) [catalina.jar:8.0.32]
	at org.apache.catalina.core.StandardContextValve.invoke(StandardContextValve.java:106) [catalina.jar:8.0.32]
	at org.apache.catalina.authenticator.AuthenticatorBase.invoke(AuthenticatorBase.java:502) [catalina.jar:8.0.32]
	at org.apache.catalina.core.StandardHostValve.invoke(StandardHostValve.java:141) [catalina.jar:8.0.32]
	at org.apache.catalina.valves.ErrorReportValve.invoke(ErrorReportValve.java:79) [catalina.jar:8.0.32]
	at org.apache.catalina.valves.AbstractAccessLogValve.invoke(AbstractAccessLogValve.java:616) [catalina.jar:8.0.32]
	at org.apache.catalina.core.StandardEngineValve.invoke(StandardEngineValve.java:88) [catalina.jar:8.0.32]
	at org.apache.catalina.connector.CoyoteAdapter.service(CoyoteAdapter.java:522) [catalina.jar:8.0.32]
	at org.apache.coyote.http11.AbstractHttp11Processor.process(AbstractHttp11Processor.java:1095) [tomcat-coyote.jar:8.0.32]
	at org.apache.coyote.AbstractProtocol$AbstractConnectionHandler.process(AbstractProtocol.java:672) [tomcat-coyote.jar:8.0.32]
	at org.apache.tomcat.util.net.NioEndpoint$SocketProcessor.doRun(NioEndpoint.java:1500) [tomcat-coyote.jar:8.0.32]
	at org.apache.tomcat.util.net.NioEndpoint$SocketProcessor.run(NioEndpoint.java:1456) [tomcat-coyote.jar:8.0.32]
	at java.util.concurrent.ThreadPoolExecutor.runWorker(ThreadPoolExecutor.java:1142) [?:1.8.0_73]
	at java.util.concurrent.ThreadPoolExecutor$Worker.run(ThreadPoolExecutor.java:617) [?:1.8.0_73]
	at org.apache.tomcat.util.threads.TaskThread$WrappingRunnable.run(TaskThread.java:61) [tomcat-util.jar:8.0.32]
	at java.lang.Thread.run(Thread.java:745) [?:1.8.0_73]
2016-08-31T01:36:11.477 +0000 [ 966666761][       9] INFO  - threddsServlet - Request Completed - 500 - -1 - 512
2016-08-31T01:37:03.987 +0000 [ 966719271][       1] INFO  - threddsServlet - Remote host: 107.15.83.138 - Request: "GET /thredds/ HTTP/1.1"
2016-08-31T01:37:04.039 +0000 [ 966719323][       1] INFO  - threddsServlet - Request Completed - 302 - -1 - 52
2016-08-31T01:37:04.112 +0000 [ 966719396][       2] INFO  - threddsServlet - Remote host: 107.15.83.138 - Request: "GET /thredds/catalog.html HTTP/1.1"
2016-08-31T01:37:04.147 +0000 [ 966719431][       2] INFO  - threddsServlet - Request Completed - 200 - 3720 - 35
2016-08-31T01:37:55.876 +0000 [ 966771160][       3] INFO  - threddsServlet - Remote host: 107.15.83.138 - Request: "GET /thredds/catalogs/useast_WRF_nf_catalog.html HTTP/1.1"
2016-08-31T01:37:55.880 +0000 [ 966771164][       3] INFO  - threddsServlet - Request Completed - 200 - 1824 - 5
2016-08-31T01:37:58.611 +0000 [ 966773895][       4] INFO  - threddsServlet - Remote host: 107.15.83.138 - Request: "GET /thredds/catalog/fmrc/sabgom_roms/catalog.html HTTP/1.1"
2016-08-31T01:37:58.615 +0000 [ 966773899][       4] INFO  - threddsServlet - Request Completed - 200 - 1797 - 4
2016-08-31T01:39:09.714 +0000 [ 966844998][       5] INFO  - threddsServlet - Remote host: 107.15.83.138 - Request: "GET /thredds/catalogs/useast_WRF_nf_catalog.html HTTP/1.1"
2016-08-31T01:39:09.718 +0000 [ 966845002][       5] INFO  - threddsServlet - Request Completed - 200 - 1824 - 4
2016-08-31T01:39:09.859 +0000 [ 966845143][       6] INFO  - threddsServlet - Remote host: 107.15.83.138 - Request: "GET /thredds/tdsCat.css HTTP/1.1"
2016-08-31T01:39:09.863 +0000 [ 966845147][       6] INFO  - threddsServlet - Request Completed - 304 - -1 - 4
2016-08-31T01:39:09.929 +0000 [ 966845213][       7] INFO  - threddsServlet - Remote host: 107.15.83.138 - Request: "GET /thredds/threddsIcon.gif HTTP/1.1"
2016-08-31T01:39:09.929 +0000 [ 966845213][       8] INFO  - threddsServlet - Remote host: 107.15.83.138 - Request: "GET /thredds/folder.gif HTTP/1.1"
2016-08-31T01:39:09.932 +0000 [ 966845216][       8] INFO  - threddsServlet - Request Completed - 304 - -1 - 3
2016-08-31T01:39:09.932 +0000 [ 966845216][       7] INFO  - threddsServlet - Request Completed - 304 - -1 - 4
2016-08-31T01:39:20.787 +0000 [ 966856071][       1] INFO  - threddsServlet - Remote host: 107.15.83.138 - Request: "GET /thredds/ HTTP/1.1"
2016-08-31T01:39:20.833 +0000 [ 966856117][       1] INFO  - threddsServlet - Request Completed - 302 - -1 - 47
2016-08-31T01:39:20.903 +0000 [ 966856187][       2] INFO  - threddsServlet - Remote host: 107.15.83.138 - Request: "GET /thredds/catalog.html HTTP/1.1"
2016-08-31T01:39:20.932 +0000 [ 966856216][       2] INFO  - threddsServlet - Request Completed - 200 - 3720 - 29
2016-08-31T01:39:23.532 +0000 [ 966858816][       3] INFO  - threddsServlet - Remote host: 107.15.83.138 - Request: "GET /thredds/catalogs/useast_WRF_nf_catalog.html HTTP/1.1"
2016-08-31T01:39:23.537 +0000 [ 966858821][       3] INFO  - threddsServlet - Request Completed - 200 - 1822 - 5
2016-08-31T01:39:24.849 +0000 [ 966860133][       4] INFO  - threddsServlet - Remote host: 107.15.83.138 - Request: "GET /thredds/catalog/fmrc/sabgom_roms/catalog.html HTTP/1.1"
2016-08-31T01:39:24.855 +0000 [ 966860139][       4] INFO  - threddsServlet - Request Completed - 200 - 1797 - 6
2016-08-31T01:40:06.439 +0000 [ 966901723][       1] INFO  - threddsServlet - Remote host: 107.15.83.138 - Request: "GET /thredds/ HTTP/1.1"
2016-08-31T01:40:06.509 +0000 [ 966901793][       1] INFO  - threddsServlet - Request Completed - 302 - -1 - 70
2016-08-31T01:40:06.584 +0000 [ 966901868][       2] INFO  - threddsServlet - Remote host: 107.15.83.138 - Request: "GET /thredds/catalog.html HTTP/1.1"
2016-08-31T01:40:06.609 +0000 [ 966901893][       2] INFO  - threddsServlet - Request Completed - 200 - 3720 - 25
2016-08-31T01:40:08.985 +0000 [ 966904269][       3] INFO  - threddsServlet - Remote host: 107.15.83.138 - Request: "GET /thredds/catalogs/useast_WRF_nf_catalog.html HTTP/1.1"
2016-08-31T01:40:08.989 +0000 [ 966904273][       3] INFO  - threddsServlet - Request Completed - 200 - 1821 - 5
2016-08-31T01:40:10.045 +0000 [ 966905329][       4] INFO  - threddsServlet - Remote host: 107.15.83.138 - Request: "GET /thredds/catalog/fmrc/useast_wrf/catalog.html HTTP/1.1"
2016-08-31T01:46:42.212 +0000 [ 967297496][       4] INFO  - threddsServlet - Request Completed - 200 - 1792 - 392167
